<?xml version="1.0" encoding="UTF-8"?>
<coverage generated="1716635547759" clover="3.2.0">
  <project timestamp="1716635547759" name="All files">
    <metrics statements="1031" coveredstatements="940" conditionals="691" coveredconditionals="503" methods="233" coveredmethods="216" elements="1955" coveredelements="1659" complexity="0" loc="1031" ncloc="1031" packages="7" files="8" classes="8"/>
    <package name="dataset">
      <metrics statements="118" coveredstatements="112" conditionals="91" coveredconditionals="62" methods="34" coveredmethods="31"/>
      <file name="index.js" path="C:\Users\praty\OneDrive\Desktop\projects\toynn\dataset\index.js">
        <metrics statements="118" coveredstatements="112" conditionals="91" coveredconditionals="62" methods="34" coveredmethods="31"/>
        <line num="2" count="9" type="cond" truecount="3" falsecount="0"/>
        <line num="3" count="9" type="cond" truecount="1" falsecount="1"/>
        <line num="4" count="6" type="cond" truecount="2" falsecount="0"/>
        <line num="5" count="9" type="stmt"/>
        <line num="6" count="0" type="stmt"/>
        <line num="7" count="13" type="cond" truecount="2" falsecount="0"/>
        <line num="8" count="6" type="cond" truecount="1" falsecount="1"/>
        <line num="11" count="9" type="cond" truecount="3" falsecount="0"/>
        <line num="12" count="116" type="cond" truecount="1" falsecount="1"/>
        <line num="13" count="116" type="cond" truecount="2" falsecount="2"/>
        <line num="14" count="116" type="cond" truecount="2" falsecount="4"/>
        <line num="15" count="116" type="cond" truecount="2" falsecount="2"/>
        <line num="17" count="9" type="cond" truecount="3" falsecount="0"/>
        <line num="18" count="811" type="cond" truecount="2" falsecount="2"/>
        <line num="19" count="811" type="cond" truecount="2" falsecount="4"/>
        <line num="20" count="811" type="cond" truecount="3" falsecount="3"/>
        <line num="22" count="9" type="cond" truecount="3" falsecount="0"/>
        <line num="23" count="1" type="cond" truecount="1" falsecount="1"/>
        <line num="24" count="1" type="stmt"/>
        <line num="25" count="1" type="cond" truecount="2" falsecount="2"/>
        <line num="26" count="5" type="cond" truecount="2" falsecount="0"/>
        <line num="27" count="5" type="stmt"/>
        <line num="29" count="9" type="cond" truecount="3" falsecount="0"/>
        <line num="30" count="36" type="cond" truecount="4" falsecount="0"/>
        <line num="33" count="9" type="stmt"/>
        <line num="34" count="9" type="stmt"/>
        <line num="35" count="9" type="stmt"/>
        <line num="36" count="9" type="stmt"/>
        <line num="37" count="9" type="stmt"/>
        <line num="38" count="9" type="stmt"/>
        <line num="39" count="9" type="stmt"/>
        <line num="42" count="30" type="stmt"/>
        <line num="43" count="30" type="stmt"/>
        <line num="44" count="30" type="stmt"/>
        <line num="45" count="30" type="stmt"/>
        <line num="48" count="209" type="stmt"/>
        <line num="51" count="224" type="stmt"/>
        <line num="52" count="224" type="stmt"/>
        <line num="55" count="5" type="stmt"/>
        <line num="56" count="5" type="stmt"/>
        <line num="57" count="17" type="stmt"/>
        <line num="61" count="5" type="stmt"/>
        <line num="64" count="200" type="stmt"/>
        <line num="67" count="28" type="stmt"/>
        <line num="68" count="28" type="stmt"/>
        <line num="69" count="88" type="stmt"/>
        <line num="71" count="28" type="stmt"/>
        <line num="74" count="6" type="cond" truecount="1" falsecount="0"/>
        <line num="79" count="6" type="cond" truecount="2" falsecount="0"/>
        <line num="80" count="1" type="stmt"/>
        <line num="83" count="5" type="stmt"/>
        <line num="84" count="5" type="stmt"/>
        <line num="86" count="9" type="stmt"/>
        <line num="87" count="9" type="stmt"/>
        <line num="88" count="9" type="stmt"/>
        <line num="89" count="27" type="stmt"/>
        <line num="90" count="27" type="cond" truecount="2" falsecount="0"/>
        <line num="91" count="24" type="stmt"/>
        <line num="92" count="3" type="stmt"/>
        <line num="94" count="9" type="stmt"/>
        <line num="97" count="0" type="stmt"/>
        <line num="102" count="5" type="stmt"/>
        <line num="103" count="5" type="stmt"/>
        <line num="104" count="3" type="stmt"/>
        <line num="107" count="2" type="stmt"/>
        <line num="109" count="5" type="cond" truecount="2" falsecount="0"/>
        <line num="111" count="3" type="stmt"/>
        <line num="112" count="3" type="cond" truecount="1" falsecount="1"/>
        <line num="113" count="0" type="stmt"/>
        <line num="114" count="0" type="stmt"/>
        <line num="118" count="3" type="stmt"/>
        <line num="119" count="3" type="stmt"/>
        <line num="120" count="3" type="cond" truecount="2" falsecount="0"/>
        <line num="121" count="2" type="stmt"/>
        <line num="122" count="2" type="cond" truecount="1" falsecount="1"/>
        <line num="123" count="0" type="stmt"/>
        <line num="125" count="2" type="stmt"/>
        <line num="127" count="2" type="stmt"/>
        <line num="128" count="2" type="stmt"/>
        <line num="130" count="8" type="stmt"/>
        <line num="135" count="1" type="stmt"/>
        <line num="139" count="5" type="cond" truecount="2" falsecount="0"/>
        <line num="141" count="3" type="stmt"/>
        <line num="145" count="1" type="stmt"/>
        <line num="148" count="1" type="stmt"/>
        <line num="149" count="1" type="stmt"/>
        <line num="150" count="1" type="stmt"/>
        <line num="151" count="4" type="stmt"/>
        <line num="152" count="4" type="stmt"/>
        <line num="153" count="4" type="stmt"/>
        <line num="154" count="4" type="cond" truecount="2" falsecount="0"/>
        <line num="155" count="1" type="stmt"/>
        <line num="157" count="3" type="stmt"/>
        <line num="160" count="0" type="stmt"/>
        <line num="162" count="1" type="stmt"/>
        <line num="163" count="1" type="cond" truecount="2" falsecount="3"/>
        <line num="165" count="1" type="cond" truecount="1" falsecount="1"/>
        <line num="168" count="3" type="stmt"/>
        <line num="172" count="9" type="stmt"/>
        <line num="173" count="9" type="stmt"/>
        <line num="176" count="28" type="stmt"/>
        <line num="177" count="28" type="stmt"/>
        <line num="178" count="28" type="stmt"/>
        <line num="179" count="28" type="stmt"/>
        <line num="182" count="110" type="stmt"/>
        <line num="185" count="112" type="stmt"/>
        <line num="188" count="1" type="stmt"/>
        <line num="189" count="1" type="stmt"/>
        <line num="190" count="3" type="stmt"/>
        <line num="194" count="1" type="stmt"/>
        <line num="197" count="163" type="stmt"/>
        <line num="200" count="42" type="stmt"/>
        <line num="201" count="42" type="stmt"/>
        <line num="202" count="102" type="stmt"/>
        <line num="204" count="42" type="stmt"/>
        <line num="207" count="9" type="stmt"/>
        <line num="208" count="9" type="stmt"/>
        <line num="209" count="9" type="stmt"/>
      </file>
    </package>
    <package name="errors">
      <metrics statements="48" coveredstatements="46" conditionals="51" coveredconditionals="30" methods="15" coveredmethods="15"/>
      <file name="index.js" path="C:\Users\praty\OneDrive\Desktop\projects\toynn\errors\index.js">
        <metrics statements="48" coveredstatements="46" conditionals="51" coveredconditionals="30" methods="15" coveredmethods="15"/>
        <line num="2" count="8" type="cond" truecount="3" falsecount="0"/>
        <line num="3" count="38" type="cond" truecount="1" falsecount="1"/>
        <line num="4" count="38" type="cond" truecount="2" falsecount="2"/>
        <line num="5" count="38" type="cond" truecount="2" falsecount="4"/>
        <line num="6" count="38" type="cond" truecount="2" falsecount="2"/>
        <line num="8" count="8" type="cond" truecount="3" falsecount="0"/>
        <line num="9" count="74" type="cond" truecount="2" falsecount="2"/>
        <line num="10" count="74" type="cond" truecount="2" falsecount="4"/>
        <line num="11" count="74" type="cond" truecount="3" falsecount="3"/>
        <line num="14" count="8" type="stmt"/>
        <line num="15" count="8" type="stmt"/>
        <line num="18" count="19" type="stmt"/>
        <line num="19" count="19" type="stmt"/>
        <line num="20" count="19" type="stmt"/>
        <line num="21" count="19" type="stmt"/>
        <line num="22" count="19" type="cond" truecount="1" falsecount="1"/>
        <line num="23" count="0" type="stmt"/>
        <line num="29" count="19" type="stmt"/>
        <line num="30" count="19" type="stmt"/>
        <line num="38" count="20" type="stmt"/>
        <line num="39" count="19" type="cond" truecount="1" falsecount="1"/>
        <line num="40" count="0" type="stmt"/>
        <line num="42" count="19" type="stmt"/>
        <line num="43" count="19" type="stmt"/>
        <line num="55" count="20" type="stmt"/>
        <line num="57" count="20" type="stmt"/>
        <line num="58" count="54" type="stmt"/>
        <line num="59" count="54" type="cond" truecount="2" falsecount="0"/>
        <line num="60" count="50" type="stmt"/>
        <line num="62" count="54" type="cond" truecount="1" falsecount="1"/>
        <line num="63" count="54" type="stmt"/>
        <line num="66" count="20" type="stmt"/>
        <line num="67" count="20" type="cond" truecount="2" falsecount="0"/>
        <line num="68" count="19" type="cond" truecount="2" falsecount="0"/>
        <line num="69" count="1" type="stmt"/>
        <line num="71" count="18" type="stmt"/>
        <line num="73" count="19" type="stmt"/>
        <line num="80" count="8" type="stmt"/>
        <line num="81" count="8" type="stmt"/>
        <line num="83" count="18" type="stmt"/>
        <line num="86" count="37" type="stmt"/>
        <line num="89" count="41" type="stmt"/>
        <line num="92" count="1" type="stmt"/>
        <line num="95" count="14" type="stmt"/>
        <line num="98" count="1" type="stmt"/>
        <line num="101" count="2" type="stmt"/>
        <line num="104" count="1" type="stmt"/>
        <line num="106" count="8" type="stmt"/>
      </file>
    </package>
    <package name="functions">
      <metrics statements="66" coveredstatements="65" conditionals="52" coveredconditionals="31" methods="50" coveredmethods="50"/>
      <file name="index.js" path="C:\Users\praty\OneDrive\Desktop\projects\toynn\functions\index.js">
        <metrics statements="66" coveredstatements="65" conditionals="52" coveredconditionals="31" methods="50" coveredmethods="50"/>
        <line num="2" count="7" type="cond" truecount="3" falsecount="0"/>
        <line num="3" count="10" type="cond" truecount="1" falsecount="1"/>
        <line num="4" count="10" type="cond" truecount="2" falsecount="2"/>
        <line num="5" count="10" type="cond" truecount="2" falsecount="4"/>
        <line num="6" count="10" type="cond" truecount="2" falsecount="2"/>
        <line num="8" count="7" type="cond" truecount="3" falsecount="0"/>
        <line num="9" count="103" type="cond" truecount="2" falsecount="2"/>
        <line num="10" count="103" type="cond" truecount="2" falsecount="4"/>
        <line num="11" count="103" type="cond" truecount="3" falsecount="3"/>
        <line num="13" count="7" type="cond" truecount="3" falsecount="0"/>
        <line num="14" count="7" type="cond" truecount="3" falsecount="1"/>
        <line num="17" count="7" type="stmt"/>
        <line num="18" count="7" type="stmt"/>
        <line num="19" count="7" type="stmt"/>
        <line num="27" count="1" type="stmt"/>
        <line num="34" count="1" type="stmt"/>
        <line num="41" count="1" type="stmt"/>
        <line num="48" count="1" type="stmt"/>
        <line num="55" count="1" type="stmt"/>
        <line num="62" count="7" type="stmt"/>
        <line num="65" count="3" type="stmt"/>
        <line num="68" count="3" type="stmt"/>
        <line num="72" count="2" type="stmt"/>
        <line num="75" count="13" type="stmt"/>
        <line num="76" count="3" type="stmt"/>
        <line num="79" count="3" type="stmt"/>
        <line num="84" count="2" type="stmt"/>
        <line num="87" count="2" type="stmt"/>
        <line num="90" count="10" type="cond" truecount="1" falsecount="1"/>
        <line num="93" count="10" type="stmt"/>
        <line num="94" count="2" type="stmt"/>
        <line num="97" count="2" type="stmt"/>
        <line num="102" count="2" type="stmt"/>
        <line num="105" count="2" type="stmt"/>
        <line num="108" count="10" type="cond" truecount="2" falsecount="0"/>
        <line num="111" count="10" type="stmt"/>
        <line num="112" count="2" type="stmt"/>
        <line num="115" count="2" type="stmt"/>
        <line num="120" count="2" type="stmt"/>
        <line num="123" count="2" type="stmt"/>
        <line num="132" count="2" type="stmt"/>
        <line num="135" count="2" type="stmt"/>
        <line num="136" count="10" type="stmt"/>
        <line num="137" count="2" type="cond" truecount="1" falsecount="1"/>
        <line num="138" count="0" type="stmt"/>
        <line num="146" count="10" type="stmt"/>
        <line num="147" count="2" type="stmt"/>
        <line num="150" count="2" type="stmt"/>
        <line num="155" count="2" type="stmt"/>
        <line num="158" count="2" type="stmt"/>
        <line num="162" count="2" type="stmt"/>
        <line num="165" count="10" type="stmt"/>
        <line num="166" count="2" type="stmt"/>
        <line num="169" count="2" type="stmt"/>
        <line num="174" count="10" type="stmt"/>
        <line num="175" count="10" type="stmt"/>
        <line num="176" count="10" type="stmt"/>
        <line num="179" count="5" type="stmt"/>
        <line num="182" count="5" type="stmt"/>
        <line num="185" count="20" type="stmt"/>
        <line num="188" count="74" type="stmt"/>
        <line num="189" count="29" type="stmt"/>
        <line num="192" count="9" type="stmt"/>
        <line num="195" count="7" type="stmt"/>
        <line num="196" count="7" type="stmt"/>
        <line num="210" count="7" type="stmt"/>
      </file>
    </package>
    <package name="narray">
      <metrics statements="349" coveredstatements="308" conditionals="219" coveredconditionals="174" methods="70" coveredmethods="61"/>
      <file name="index.js" path="C:\Users\praty\OneDrive\Desktop\projects\toynn\narray\index.js">
        <metrics statements="349" coveredstatements="308" conditionals="219" coveredconditionals="174" methods="70" coveredmethods="61"/>
        <line num="2" count="33" type="cond" truecount="3" falsecount="0"/>
        <line num="3" count="6417" type="cond" truecount="1" falsecount="1"/>
        <line num="4" count="6417" type="cond" truecount="2" falsecount="2"/>
        <line num="5" count="6417" type="cond" truecount="2" falsecount="4"/>
        <line num="6" count="6417" type="cond" truecount="2" falsecount="2"/>
        <line num="8" count="33" type="cond" truecount="3" falsecount="0"/>
        <line num="9" count="19948" type="cond" truecount="2" falsecount="2"/>
        <line num="10" count="19948" type="cond" truecount="2" falsecount="4"/>
        <line num="11" count="19948" type="cond" truecount="4" falsecount="2"/>
        <line num="14" count="33" type="stmt"/>
        <line num="15" count="33" type="stmt"/>
        <line num="16" count="33" type="stmt"/>
        <line num="23" count="822" type="stmt"/>
        <line num="24" count="822" type="stmt"/>
        <line num="25" count="822" type="stmt"/>
        <line num="26" count="822" type="stmt"/>
        <line num="27" count="822" type="stmt"/>
        <line num="28" count="822" type="stmt"/>
        <line num="29" count="822" type="cond" truecount="2" falsecount="0"/>
        <line num="30" count="510" type="stmt"/>
        <line num="31" count="510" type="stmt"/>
        <line num="32" count="510" type="stmt"/>
        <line num="33" count="510" type="stmt"/>
        <line num="34" count="510" type="stmt"/>
        <line num="36" count="510" type="stmt"/>
        <line num="37" count="510" type="cond" truecount="2" falsecount="0"/>
        <line num="38" count="1" type="stmt"/>
        <line num="46" count="312" type="cond" truecount="1" falsecount="1"/>
        <line num="47" count="312" type="stmt"/>
        <line num="48" count="312" type="stmt"/>
        <line num="49" count="312" type="stmt"/>
        <line num="50" count="312" type="stmt"/>
        <line num="53" count="0" type="stmt"/>
        <line num="68" count="1587" type="stmt"/>
        <line num="69" count="1587" type="stmt"/>
        <line num="70" count="2552" type="stmt"/>
        <line num="72" count="1587" type="stmt"/>
        <line num="75" count="2060" type="stmt"/>
        <line num="78" count="3532" type="stmt"/>
        <line num="81" count="2148" type="cond" truecount="2" falsecount="0"/>
        <line num="82" count="590" type="stmt"/>
        <line num="84" count="2148" type="stmt"/>
        <line num="87" count="744" type="stmt"/>
        <line num="90" count="515" type="cond" truecount="1" falsecount="1"/>
        <line num="91" count="0" type="stmt"/>
        <line num="96" count="515" type="cond" truecount="1" falsecount="1"/>
        <line num="97" count="0" type="stmt"/>
        <line num="102" count="515" type="stmt"/>
        <line num="108" count="495" type="stmt"/>
        <line num="111" count="65" type="stmt"/>
        <line num="112" count="9" type="stmt"/>
        <line num="115" count="770" type="stmt"/>
        <line num="116" count="197" type="stmt"/>
        <line num="119" count="10" type="stmt"/>
        <line num="122" count="4" type="stmt"/>
        <line num="123" count="4" type="stmt"/>
        <line num="124" count="36" type="cond" truecount="2" falsecount="0"/>
        <line num="125" count="15" type="stmt"/>
        <line num="126" count="15" type="stmt"/>
        <line num="129" count="4" type="stmt"/>
        <line num="132" count="12" type="cond" truecount="3" falsecount="1"/>
        <line num="133" count="0" type="stmt"/>
        <line num="138" count="12" type="cond" truecount="2" falsecount="0"/>
        <line num="139" count="39" type="stmt"/>
        <line num="141" count="7" type="stmt"/>
        <line num="142" count="7" type="stmt"/>
        <line num="143" count="7" type="stmt"/>
        <line num="144" count="120" type="stmt"/>
        <line num="145" count="120" type="stmt"/>
        <line num="146" count="120" type="cond" truecount="2" falsecount="0"/>
        <line num="147" count="45" type="stmt"/>
        <line num="148" count="45" type="stmt"/>
        <line num="149" count="45" type="cond" truecount="2" falsecount="0"/>
        <line num="150" count="10" type="stmt"/>
        <line num="152" count="35" type="cond" truecount="4" falsecount="0"/>
        <line num="153" count="16" type="cond" truecount="2" falsecount="0"/>
        <line num="154" count="6" type="stmt"/>
        <line num="157" count="10" type="stmt"/>
        <line num="161" count="19" type="stmt"/>
        <line num="163" count="45" type="stmt"/>
        <line num="167" count="7" type="cond" truecount="2" falsecount="0"/>
        <line num="168" count="4" type="stmt"/>
        <line num="171" count="3" type="stmt"/>
        <line num="173" count="7" type="stmt"/>
        <line num="176" count="5" type="cond" truecount="2" falsecount="0"/>
        <line num="177" count="1" type="stmt"/>
        <line num="182" count="4" type="cond" truecount="2" falsecount="0"/>
        <line num="183" count="3" type="stmt"/>
        <line num="184" count="3" type="stmt"/>
        <line num="185" count="3" type="stmt"/>
        <line num="186" count="111" type="cond" truecount="2" falsecount="0"/>
        <line num="187" count="15" type="stmt"/>
        <line num="190" count="96" type="stmt"/>
        <line num="192" count="111" type="cond" truecount="2" falsecount="0"/>
        <line num="193" count="18" type="stmt"/>
        <line num="196" count="3" type="stmt"/>
        <line num="198" count="1" type="cond" truecount="1" falsecount="1"/>
        <line num="199" count="1" type="cond" truecount="1" falsecount="1"/>
        <line num="200" count="1" type="stmt"/>
        <line num="201" count="1" type="stmt"/>
        <line num="202" count="1" type="stmt"/>
        <line num="203" count="1" type="stmt"/>
        <line num="205" count="1" type="stmt"/>
        <line num="209" count="44" type="stmt"/>
        <line num="210" count="44" type="cond" truecount="2" falsecount="0"/>
        <line num="211" count="3" type="stmt"/>
        <line num="212" count="16" type="stmt"/>
        <line num="214" count="41" type="cond" truecount="1" falsecount="1"/>
        <line num="215" count="0" type="stmt"/>
        <line num="216" count="0" type="stmt"/>
        <line num="218" count="41" type="cond" truecount="1" falsecount="1"/>
        <line num="219" count="0" type="stmt"/>
        <line num="220" count="0" type="stmt"/>
        <line num="221" count="0" type="stmt"/>
        <line num="224" count="41" type="cond" truecount="1" falsecount="1"/>
        <line num="225" count="0" type="stmt"/>
        <line num="231" count="41" type="cond" truecount="2" falsecount="0"/>
        <line num="232" count="1" type="stmt"/>
        <line num="237" count="40" type="stmt"/>
        <line num="238" count="113" type="stmt"/>
        <line num="240" count="43" type="stmt"/>
        <line num="241" count="43" type="stmt"/>
        <line num="244" count="31" type="stmt"/>
        <line num="245" count="31" type="cond" truecount="2" falsecount="0"/>
        <line num="246" count="5" type="stmt"/>
        <line num="247" count="30" type="stmt"/>
        <line num="249" count="26" type="cond" truecount="2" falsecount="0"/>
        <line num="250" count="2" type="stmt"/>
        <line num="251" count="50" type="stmt"/>
        <line num="253" count="24" type="cond" truecount="1" falsecount="1"/>
        <line num="254" count="0" type="stmt"/>
        <line num="255" count="0" type="stmt"/>
        <line num="256" count="0" type="stmt"/>
        <line num="259" count="24" type="cond" truecount="1" falsecount="1"/>
        <line num="260" count="0" type="stmt"/>
        <line num="265" count="24" type="cond" truecount="2" falsecount="0"/>
        <line num="266" count="1" type="stmt"/>
        <line num="271" count="23" type="stmt"/>
        <line num="272" count="72" type="stmt"/>
        <line num="274" count="30" type="stmt"/>
        <line num="275" count="30" type="stmt"/>
        <line num="278" count="7" type="stmt"/>
        <line num="279" count="7" type="cond" truecount="2" falsecount="0"/>
        <line num="280" count="10" type="stmt"/>
        <line num="282" count="6" type="cond" truecount="1" falsecount="1"/>
        <line num="283" count="0" type="stmt"/>
        <line num="284" count="0" type="stmt"/>
        <line num="286" count="6" type="cond" truecount="1" falsecount="1"/>
        <line num="287" count="0" type="stmt"/>
        <line num="288" count="0" type="stmt"/>
        <line num="289" count="0" type="stmt"/>
        <line num="292" count="6" type="cond" truecount="1" falsecount="1"/>
        <line num="293" count="0" type="stmt"/>
        <line num="298" count="6" type="cond" truecount="2" falsecount="0"/>
        <line num="299" count="1" type="stmt"/>
        <line num="304" count="5" type="stmt"/>
        <line num="305" count="28" type="stmt"/>
        <line num="307" count="5" type="stmt"/>
        <line num="308" count="5" type="stmt"/>
        <line num="309" count="5" type="stmt"/>
        <line num="312" count="36" type="stmt"/>
        <line num="313" count="36" type="cond" truecount="2" falsecount="0"/>
        <line num="314" count="27" type="stmt"/>
        <line num="315" count="96" type="stmt"/>
        <line num="317" count="9" type="cond" truecount="3" falsecount="1"/>
        <line num="318" count="0" type="stmt"/>
        <line num="319" count="0" type="stmt"/>
        <line num="321" count="9" type="cond" truecount="1" falsecount="1"/>
        <line num="322" count="0" type="stmt"/>
        <line num="323" count="0" type="stmt"/>
        <line num="324" count="0" type="stmt"/>
        <line num="327" count="9" type="cond" truecount="1" falsecount="1"/>
        <line num="328" count="0" type="stmt"/>
        <line num="333" count="9" type="cond" truecount="2" falsecount="0"/>
        <line num="334" count="1" type="stmt"/>
        <line num="339" count="8" type="cond" truecount="2" falsecount="0"/>
        <line num="340" count="1" type="stmt"/>
        <line num="345" count="7" type="stmt"/>
        <line num="346" count="44" type="stmt"/>
        <line num="348" count="34" type="stmt"/>
        <line num="349" count="34" type="stmt"/>
        <line num="350" count="34" type="stmt"/>
        <line num="353" count="9" type="stmt"/>
        <line num="354" count="9" type="cond" truecount="2" falsecount="0"/>
        <line num="355" count="26" type="stmt"/>
        <line num="357" count="4" type="cond" truecount="1" falsecount="1"/>
        <line num="358" count="0" type="stmt"/>
        <line num="359" count="0" type="stmt"/>
        <line num="361" count="4" type="cond" truecount="1" falsecount="1"/>
        <line num="362" count="0" type="stmt"/>
        <line num="363" count="0" type="stmt"/>
        <line num="364" count="0" type="stmt"/>
        <line num="367" count="4" type="cond" truecount="1" falsecount="1"/>
        <line num="368" count="0" type="stmt"/>
        <line num="373" count="4" type="cond" truecount="2" falsecount="0"/>
        <line num="374" count="1" type="stmt"/>
        <line num="379" count="3" type="stmt"/>
        <line num="380" count="22" type="stmt"/>
        <line num="382" count="8" type="stmt"/>
        <line num="383" count="8" type="stmt"/>
        <line num="384" count="8" type="stmt"/>
        <line num="387" count="43" type="cond" truecount="1" falsecount="1"/>
        <line num="388" count="0" type="stmt"/>
        <line num="393" count="43" type="cond" truecount="4" falsecount="0"/>
        <line num="394" count="3" type="stmt"/>
        <line num="396" count="40" type="cond" truecount="4" falsecount="0"/>
        <line num="397" count="1" type="cond" truecount="1" falsecount="1"/>
        <line num="398" count="0" type="stmt"/>
        <line num="403" count="1" type="stmt"/>
        <line num="405" count="39" type="stmt"/>
        <line num="406" count="39" type="cond" truecount="1" falsecount="1"/>
        <line num="407" count="0" type="stmt"/>
        <line num="412" count="39" type="cond" truecount="2" falsecount="0"/>
        <line num="413" count="36" type="cond" truecount="2" falsecount="0"/>
        <line num="414" count="1" type="stmt"/>
        <line num="420" count="38" type="cond" truecount="4" falsecount="0"/>
        <line num="421" count="3" type="cond" truecount="2" falsecount="0"/>
        <line num="422" count="1" type="stmt"/>
        <line num="428" count="37" type="stmt"/>
        <line num="433" count="76" type="stmt"/>
        <line num="434" count="37" type="cond" truecount="5" falsecount="1"/>
        <line num="436" count="5" type="stmt"/>
        <line num="437" count="5" type="stmt"/>
        <line num="438" count="5" type="stmt"/>
        <line num="440" count="37" type="cond" truecount="3" falsecount="1"/>
        <line num="441" count="0" type="stmt"/>
        <line num="442" count="0" type="stmt"/>
        <line num="444" count="37" type="stmt"/>
        <line num="445" count="37" type="stmt"/>
        <line num="446" count="414" type="stmt"/>
        <line num="447" count="414" type="stmt"/>
        <line num="448" count="414" type="stmt"/>
        <line num="449" count="414" type="cond" truecount="4" falsecount="0"/>
        <line num="450" count="68" type="cond" truecount="2" falsecount="0"/>
        <line num="451" count="56" type="stmt"/>
        <line num="454" count="12" type="stmt"/>
        <line num="457" count="414" type="cond" truecount="2" falsecount="0"/>
        <line num="458" count="56" type="stmt"/>
        <line num="459" count="56" type="stmt"/>
        <line num="460" count="56" type="stmt"/>
        <line num="461" count="56" type="stmt"/>
        <line num="463" count="414" type="cond" truecount="2" falsecount="0"/>
        <line num="464" count="187" type="stmt"/>
        <line num="465" count="187" type="stmt"/>
        <line num="466" count="187" type="stmt"/>
        <line num="467" count="187" type="stmt"/>
        <line num="468" count="187" type="stmt"/>
        <line num="471" count="37" type="stmt"/>
        <line num="479" count="13" type="stmt"/>
        <line num="480" count="13" type="stmt"/>
        <line num="481" count="13" type="stmt"/>
        <line num="482" count="13" type="stmt"/>
        <line num="490" count="945" type="stmt"/>
        <line num="491" count="945" type="stmt"/>
        <line num="492" count="504" type="stmt"/>
        <line num="493" count="504" type="cond" truecount="2" falsecount="0"/>
        <line num="494" count="17" type="stmt"/>
        <line num="495" count="17" type="stmt"/>
        <line num="496" count="40" type="cond" truecount="2" falsecount="0"/>
        <line num="498" count="487" type="cond" truecount="2" falsecount="0"/>
        <line num="499" count="1" type="stmt"/>
        <line num="501" count="503" type="cond" truecount="2" falsecount="0"/>
        <line num="502" count="1" type="stmt"/>
        <line num="507" count="502" type="stmt"/>
        <line num="508" count="502" type="stmt"/>
        <line num="509" count="502" type="stmt"/>
        <line num="510" count="502" type="stmt"/>
        <line num="516" count="10" type="stmt"/>
        <line num="527" count="101" type="stmt"/>
        <line num="528" count="101" type="cond" truecount="2" falsecount="0"/>
        <line num="529" count="96" type="stmt"/>
        <line num="530" count="410" type="stmt"/>
        <line num="534" count="5" type="stmt"/>
        <line num="536" count="100" type="stmt"/>
        <line num="539" count="96" type="stmt"/>
        <line num="547" count="1" type="stmt"/>
        <line num="550" count="6" type="cond" truecount="2" falsecount="0"/>
        <line num="551" count="1" type="stmt"/>
        <line num="552" count="1" type="stmt"/>
        <line num="553" count="3" type="stmt"/>
        <line num="555" count="1" type="stmt"/>
        <line num="556" count="1" type="stmt"/>
        <line num="557" count="1" type="stmt"/>
        <line num="558" count="1" type="stmt"/>
        <line num="559" count="3" type="stmt"/>
        <line num="561" count="1" type="stmt"/>
        <line num="563" count="5" type="stmt"/>
        <line num="566" count="1" type="stmt"/>
        <line num="573" count="33" type="stmt"/>
        <line num="574" count="33" type="stmt"/>
        <line num="575" count="33" type="stmt"/>
        <line num="576" count="470" type="stmt"/>
        <line num="578" count="33" type="stmt"/>
        <line num="587" count="6" type="cond" truecount="2" falsecount="0"/>
        <line num="588" count="4" type="stmt"/>
        <line num="589" count="4" type="stmt"/>
        <line num="591" count="6" type="cond" truecount="1" falsecount="1"/>
        <line num="592" count="0" type="stmt"/>
        <line num="593" count="0" type="stmt"/>
        <line num="594" count="0" type="stmt"/>
        <line num="596" count="6" type="stmt"/>
        <line num="597" count="6" type="stmt"/>
        <line num="598" count="63" type="stmt"/>
        <line num="600" count="6" type="stmt"/>
        <line num="606" count="374" type="stmt"/>
        <line num="607" count="374" type="stmt"/>
        <line num="608" count="374" type="stmt"/>
        <line num="609" count="374" type="stmt"/>
        <line num="612" count="2" type="stmt"/>
        <line num="615" count="33" type="stmt"/>
        <line num="616" count="33" type="stmt"/>
        <line num="617" count="1047" type="stmt"/>
        <line num="618" count="1047" type="cond" truecount="2" falsecount="0"/>
        <line num="619" count="537" type="stmt"/>
        <line num="620" count="537" type="stmt"/>
        <line num="621" count="537" type="stmt"/>
        <line num="624" count="510" type="stmt"/>
        <line num="627" count="1012" type="stmt"/>
        <line num="628" count="1012" type="stmt"/>
        <line num="629" count="1478" type="cond" truecount="2" falsecount="0"/>
        <line num="630" count="1012" type="stmt"/>
        <line num="633" count="466" type="stmt"/>
        <line num="634" count="466" type="stmt"/>
        <line num="637" count="1012" type="stmt"/>
        <line num="639" count="854" type="cond" truecount="2" falsecount="0"/>
        <line num="640" count="853" type="cond" truecount="2" falsecount="0"/>
        <line num="641" count="696" type="stmt"/>
        <line num="642" count="696" type="stmt"/>
        <line num="643" count="1329" type="cond" truecount="2" falsecount="0"/>
        <line num="644" count="3" type="stmt"/>
        <line num="646" count="1329" type="stmt"/>
        <line num="648" count="696" type="stmt"/>
        <line num="651" count="157" type="stmt"/>
        <line num="652" count="157" type="cond" truecount="2" falsecount="0"/>
        <line num="653" count="124" type="stmt"/>
        <line num="655" count="157" type="stmt"/>
        <line num="656" count="439" type="stmt"/>
        <line num="658" count="157" type="stmt"/>
        <line num="662" count="1" type="stmt"/>
        <line num="668" count="610" type="stmt"/>
        <line num="670" count="610" type="cond" truecount="2" falsecount="0"/>
        <line num="671" count="569" type="stmt"/>
        <line num="674" count="41" type="stmt"/>
        <line num="675" count="100" type="cond" truecount="1" falsecount="1"/>
        <line num="676" count="0" type="stmt"/>
        <line num="679" count="100" type="stmt"/>
        <line num="681" count="100" type="stmt"/>
        <line num="683" count="41" type="stmt"/>
        <line num="686" count="33" type="stmt"/>
      </file>
    </package>
    <package name="nn">
      <metrics statements="202" coveredstatements="177" conditionals="168" coveredconditionals="112" methods="35" coveredmethods="30"/>
      <file name="index.js" path="C:\Users\praty\OneDrive\Desktop\projects\toynn\nn\index.js">
        <metrics statements="202" coveredstatements="177" conditionals="168" coveredconditionals="112" methods="35" coveredmethods="30"/>
        <line num="2" count="5" type="cond" truecount="4" falsecount="1"/>
        <line num="3" count="0" type="cond" truecount="0" falsecount="2"/>
        <line num="4" count="0" type="stmt"/>
        <line num="5" count="0" type="cond" truecount="0" falsecount="8"/>
        <line num="6" count="0" type="stmt"/>
        <line num="8" count="0" type="stmt"/>
        <line num="10" count="0" type="cond" truecount="0" falsecount="2"/>
        <line num="11" count="0" type="stmt"/>
        <line num="13" count="5" type="cond" truecount="4" falsecount="1"/>
        <line num="14" count="0" type="stmt"/>
        <line num="16" count="0" type="stmt"/>
        <line num="18" count="5" type="cond" truecount="3" falsecount="0"/>
        <line num="19" count="5" type="cond" truecount="3" falsecount="1"/>
        <line num="20" count="0" type="stmt"/>
        <line num="21" count="0" type="cond" truecount="0" falsecount="6"/>
        <line num="22" count="0" type="stmt"/>
        <line num="23" count="0" type="stmt"/>
        <line num="25" count="5" type="cond" truecount="3" falsecount="0"/>
        <line num="26" count="90" type="cond" truecount="1" falsecount="1"/>
        <line num="27" count="90" type="cond" truecount="2" falsecount="2"/>
        <line num="28" count="90" type="cond" truecount="2" falsecount="4"/>
        <line num="29" count="90" type="cond" truecount="2" falsecount="2"/>
        <line num="31" count="5" type="cond" truecount="3" falsecount="0"/>
        <line num="32" count="244" type="cond" truecount="2" falsecount="2"/>
        <line num="33" count="244" type="cond" truecount="2" falsecount="4"/>
        <line num="34" count="244" type="cond" truecount="4" falsecount="2"/>
        <line num="36" count="5" type="cond" truecount="3" falsecount="0"/>
        <line num="37" count="20" type="cond" truecount="4" falsecount="0"/>
        <line num="40" count="5" type="stmt"/>
        <line num="41" count="5" type="stmt"/>
        <line num="42" count="5" type="stmt"/>
        <line num="43" count="5" type="stmt"/>
        <line num="44" count="5" type="stmt"/>
        <line num="45" count="5" type="stmt"/>
        <line num="46" count="5" type="stmt"/>
        <line num="47" count="5" type="stmt"/>
        <line num="48" count="5" type="stmt"/>
        <line num="49" count="5" type="stmt"/>
        <line num="60" count="2" type="stmt"/>
        <line num="61" count="2" type="stmt"/>
        <line num="62" count="2" type="stmt"/>
        <line num="63" count="2" type="stmt"/>
        <line num="64" count="2" type="stmt"/>
        <line num="67" count="2" type="stmt"/>
        <line num="70" count="3" type="stmt"/>
        <line num="79" count="4" type="cond" truecount="2" falsecount="0"/>
        <line num="80" count="3" type="stmt"/>
        <line num="81" count="3" type="cond" truecount="2" falsecount="0"/>
        <line num="82" count="2" type="cond" truecount="3" falsecount="1"/>
        <line num="83" count="2" type="cond" truecount="2" falsecount="0"/>
        <line num="84" count="1" type="stmt"/>
        <line num="90" count="2" type="stmt"/>
        <line num="93" count="1" type="stmt"/>
        <line num="100" count="5" type="cond" truecount="2" falsecount="2"/>
        <line num="101" count="0" type="stmt"/>
        <line num="103" count="5" type="cond" truecount="1" falsecount="1"/>
        <line num="104" count="0" type="stmt"/>
        <line num="110" count="5" type="stmt"/>
        <line num="111" count="9" type="cond" truecount="2" falsecount="0"/>
        <line num="112" count="5" type="stmt"/>
        <line num="115" count="4" type="stmt"/>
        <line num="118" count="4" type="stmt"/>
        <line num="121" count="3" type="stmt"/>
        <line num="122" count="3" type="stmt"/>
        <line num="123" count="3" type="stmt"/>
        <line num="125" count="3" type="stmt"/>
        <line num="126" count="3" type="stmt"/>
        <line num="127" count="3" type="stmt"/>
        <line num="128" count="3" type="stmt"/>
        <line num="129" count="3" type="cond" truecount="2" falsecount="0"/>
        <line num="130" count="2" type="stmt"/>
        <line num="132" count="3" type="cond" truecount="2" falsecount="0"/>
        <line num="133" count="2" type="stmt"/>
        <line num="135" count="3" type="cond" truecount="4" falsecount="0"/>
        <line num="136" count="1" type="stmt"/>
        <line num="138" count="3" type="cond" truecount="4" falsecount="0"/>
        <line num="139" count="1" type="stmt"/>
        <line num="141" count="3" type="cond" truecount="1" falsecount="1"/>
        <line num="142" count="0" type="stmt"/>
        <line num="144" count="3" type="cond" truecount="1" falsecount="1"/>
        <line num="145" count="0" type="stmt"/>
        <line num="147" count="3" type="stmt"/>
        <line num="148" count="3" type="stmt"/>
        <line num="149" count="3" type="stmt"/>
        <line num="155" count="3" type="stmt"/>
        <line num="156" count="3" type="stmt"/>
        <line num="157" count="3" type="cond" truecount="2" falsecount="0"/>
        <line num="158" count="2" type="stmt"/>
        <line num="161" count="3" type="stmt"/>
        <line num="162" count="3" type="stmt"/>
        <line num="165" count="1" type="stmt"/>
        <line num="166" count="1" type="stmt"/>
        <line num="167" count="2" type="stmt"/>
        <line num="169" count="1" type="stmt"/>
        <line num="170" count="1" type="stmt"/>
        <line num="173" count="2" type="stmt"/>
        <line num="175" count="2" type="stmt"/>
        <line num="176" count="2" type="stmt"/>
        <line num="177" count="2" type="stmt"/>
        <line num="178" count="4" type="cond" truecount="2" falsecount="0"/>
        <line num="179" count="2" type="stmt"/>
        <line num="180" count="2" type="stmt"/>
        <line num="183" count="2" type="stmt"/>
        <line num="184" count="2" type="stmt"/>
        <line num="186" count="4" type="stmt"/>
        <line num="187" count="4" type="stmt"/>
        <line num="189" count="2" type="cond" truecount="2" falsecount="0"/>
        <line num="190" count="1" type="stmt"/>
        <line num="191" count="1" type="stmt"/>
        <line num="192" count="14" type="cond" truecount="2" falsecount="0"/>
        <line num="195" count="2" type="stmt"/>
        <line num="198" count="2" type="stmt"/>
        <line num="199" count="2" type="stmt"/>
        <line num="205" count="2" type="stmt"/>
        <line num="206" count="4" type="stmt"/>
        <line num="207" count="4" type="stmt"/>
        <line num="208" count="4" type="stmt"/>
        <line num="209" count="4" type="stmt"/>
        <line num="211" count="2" type="cond" truecount="4" falsecount="0"/>
        <line num="212" count="1" type="stmt"/>
        <line num="217" count="1" type="stmt"/>
        <line num="220" count="3" type="stmt"/>
        <line num="221" count="3" type="stmt"/>
        <line num="222" count="2" type="stmt"/>
        <line num="223" count="4" type="stmt"/>
        <line num="229" count="4" type="stmt"/>
        <line num="230" count="4" type="stmt"/>
        <line num="231" count="4" type="stmt"/>
        <line num="232" count="4" type="stmt"/>
        <line num="234" count="4" type="stmt"/>
        <line num="235" count="4" type="cond" truecount="2" falsecount="0"/>
        <line num="236" count="1" type="stmt"/>
        <line num="238" count="3" type="cond" truecount="2" falsecount="0"/>
        <line num="239" count="2" type="stmt"/>
        <line num="243" count="2" type="stmt"/>
        <line num="244" count="2" type="stmt"/>
        <line num="247" count="2" type="stmt"/>
        <line num="248" count="2" type="stmt"/>
        <line num="251" count="1" type="stmt"/>
        <line num="256" count="2" type="stmt"/>
        <line num="262" count="5" type="stmt"/>
        <line num="263" count="5" type="stmt"/>
        <line num="272" count="18" type="stmt"/>
        <line num="273" count="18" type="stmt"/>
        <line num="274" count="18" type="stmt"/>
        <line num="275" count="18" type="stmt"/>
        <line num="276" count="18" type="stmt"/>
        <line num="277" count="18" type="stmt"/>
        <line num="278" count="18" type="stmt"/>
        <line num="279" count="18" type="stmt"/>
        <line num="280" count="18" type="stmt"/>
        <line num="281" count="18" type="stmt"/>
        <line num="282" count="18" type="stmt"/>
        <line num="283" count="18" type="stmt"/>
        <line num="286" count="41" type="stmt"/>
        <line num="289" count="40" type="stmt"/>
        <line num="292" count="19" type="cond" truecount="1" falsecount="1"/>
        <line num="293" count="0" type="stmt"/>
        <line num="298" count="19" type="cond" truecount="2" falsecount="0"/>
        <line num="299" count="1" type="stmt"/>
        <line num="304" count="18" type="cond" truecount="1" falsecount="1"/>
        <line num="305" count="0" type="stmt"/>
        <line num="310" count="18" type="cond" truecount="2" falsecount="0"/>
        <line num="311" count="1" type="stmt"/>
        <line num="316" count="17" type="stmt"/>
        <line num="319" count="19" type="cond" truecount="1" falsecount="1"/>
        <line num="320" count="0" type="stmt"/>
        <line num="325" count="19" type="cond" truecount="2" falsecount="0"/>
        <line num="326" count="1" type="stmt"/>
        <line num="331" count="18" type="cond" truecount="1" falsecount="1"/>
        <line num="332" count="0" type="stmt"/>
        <line num="337" count="18" type="cond" truecount="2" falsecount="0"/>
        <line num="338" count="1" type="stmt"/>
        <line num="343" count="17" type="stmt"/>
        <line num="346" count="31" type="cond" truecount="4" falsecount="0"/>
        <line num="347" count="3" type="stmt"/>
        <line num="349" count="28" type="cond" truecount="1" falsecount="1"/>
        <line num="350" count="0" type="cond" truecount="0" falsecount="2"/>
        <line num="354" count="31" type="cond" truecount="2" falsecount="0"/>
        <line num="355" count="2" type="stmt"/>
        <line num="360" count="29" type="stmt"/>
        <line num="361" count="28" type="stmt"/>
        <line num="362" count="28" type="cond" truecount="1" falsecount="1"/>
        <line num="363" count="28" type="stmt"/>
        <line num="366" count="0" type="stmt"/>
        <line num="371" count="28" type="cond" truecount="1" falsecount="1"/>
        <line num="372" count="0" type="stmt"/>
        <line num="380" count="28" type="stmt"/>
        <line num="381" count="28" type="stmt"/>
        <line num="384" count="22" type="stmt"/>
        <line num="387" count="12" type="cond" truecount="1" falsecount="1"/>
        <line num="388" count="0" type="stmt"/>
        <line num="393" count="12" type="stmt"/>
        <line num="396" count="4" type="stmt"/>
        <line num="399" count="23" type="stmt"/>
        <line num="402" count="5" type="stmt"/>
        <line num="403" count="5" type="stmt"/>
        <line num="404" count="36" type="stmt"/>
        <line num="405" count="36" type="stmt"/>
        <line num="406" count="374" type="stmt"/>
        <line num="408" count="36" type="stmt"/>
        <line num="410" count="5" type="stmt"/>
      </file>
    </package>
    <package name="optimizers">
      <metrics statements="92" coveredstatements="82" conditionals="44" coveredconditionals="34" methods="15" coveredmethods="15"/>
      <file name="index.js" path="C:\Users\praty\OneDrive\Desktop\projects\toynn\optimizers\index.js">
        <metrics statements="92" coveredstatements="82" conditionals="44" coveredconditionals="34" methods="15" coveredmethods="15"/>
        <line num="2" count="6" type="cond" truecount="3" falsecount="0"/>
        <line num="3" count="12" type="cond" truecount="3" falsecount="1"/>
        <line num="5" count="6" type="stmt"/>
        <line num="6" count="6" type="stmt"/>
        <line num="7" count="6" type="stmt"/>
        <line num="8" count="6" type="stmt"/>
        <line num="9" count="6" type="stmt"/>
        <line num="12" count="19" type="stmt"/>
        <line num="15" count="6" type="stmt"/>
        <line num="18" count="1" type="stmt"/>
        <line num="24" count="1" type="stmt"/>
        <line num="31" count="6" type="stmt"/>
        <line num="41" count="18" type="stmt"/>
        <line num="42" count="18" type="stmt"/>
        <line num="43" count="18" type="stmt"/>
        <line num="44" count="18" type="stmt"/>
        <line num="45" count="18" type="cond" truecount="4" falsecount="0"/>
        <line num="46" count="10" type="stmt"/>
        <line num="48" count="8" type="stmt"/>
        <line num="51" count="4" type="stmt"/>
        <line num="52" count="4" type="stmt"/>
        <line num="53" count="4" type="cond" truecount="1" falsecount="1"/>
        <line num="55" count="4" type="stmt"/>
        <line num="58" count="4" type="stmt"/>
        <line num="61" count="4" type="stmt"/>
        <line num="64" count="4" type="stmt"/>
        <line num="66" count="4" type="stmt"/>
        <line num="69" count="5" type="stmt"/>
        <line num="70" count="5" type="stmt"/>
        <line num="71" count="5" type="stmt"/>
        <line num="72" count="5" type="cond" truecount="1" falsecount="1"/>
        <line num="73" count="5" type="stmt"/>
        <line num="76" count="0" type="stmt"/>
        <line num="78" count="5" type="stmt"/>
        <line num="80" count="5" type="stmt"/>
        <line num="81" count="5" type="stmt"/>
        <line num="82" count="5" type="stmt"/>
        <line num="83" count="5" type="cond" truecount="3" falsecount="1"/>
        <line num="84" count="5" type="stmt"/>
        <line num="85" count="5" type="stmt"/>
        <line num="86" count="5" type="stmt"/>
        <line num="90" count="5" type="stmt"/>
        <line num="91" count="0" type="stmt"/>
        <line num="92" count="0" type="stmt"/>
        <line num="93" count="0" type="stmt"/>
        <line num="94" count="0" type="cond" truecount="0" falsecount="2"/>
        <line num="95" count="0" type="stmt"/>
        <line num="98" count="0" type="stmt"/>
        <line num="100" count="0" type="stmt"/>
        <line num="102" count="5" type="cond" truecount="1" falsecount="1"/>
        <line num="103" count="0" type="stmt"/>
        <line num="105" count="5" type="cond" truecount="1" falsecount="1"/>
        <line num="106" count="5" type="stmt"/>
        <line num="108" count="5" type="stmt"/>
        <line num="109" count="5" type="stmt"/>
        <line num="117" count="5" type="stmt"/>
        <line num="123" count="5" type="stmt"/>
        <line num="124" count="5" type="stmt"/>
        <line num="125" count="5" type="stmt"/>
        <line num="129" count="15" type="stmt"/>
        <line num="147" count="6" type="stmt"/>
        <line num="150" count="8" type="cond" truecount="2" falsecount="0"/>
        <line num="151" count="2" type="stmt"/>
        <line num="157" count="6" type="stmt"/>
        <line num="158" count="6" type="stmt"/>
        <line num="159" count="6" type="cond" truecount="1" falsecount="1"/>
        <line num="160" count="0" type="stmt"/>
        <line num="162" count="6" type="cond" truecount="4" falsecount="0"/>
        <line num="163" count="3" type="stmt"/>
        <line num="165" count="6" type="cond" truecount="2" falsecount="0"/>
        <line num="166" count="3" type="stmt"/>
        <line num="167" count="3" type="stmt"/>
        <line num="168" count="9" type="stmt"/>
        <line num="171" count="6" type="cond" truecount="4" falsecount="0"/>
        <line num="172" count="3" type="stmt"/>
        <line num="174" count="6" type="cond" truecount="2" falsecount="0"/>
        <line num="175" count="3" type="stmt"/>
        <line num="176" count="3" type="stmt"/>
        <line num="177" count="9" type="stmt"/>
        <line num="180" count="6" type="stmt"/>
        <line num="183" count="10" type="stmt"/>
        <line num="189" count="6" type="stmt"/>
        <line num="192" count="1" type="stmt"/>
        <line num="193" count="1" type="stmt"/>
        <line num="194" count="1" type="cond" truecount="1" falsecount="1"/>
        <line num="196" count="1" type="stmt"/>
        <line num="199" count="1" type="stmt"/>
        <line num="204" count="1" type="stmt"/>
        <line num="207" count="1" type="stmt"/>
        <line num="211" count="1" type="stmt"/>
        <line num="214" count="2" type="stmt"/>
        <line num="223" count="6" type="stmt"/>
      </file>
    </package>
    <package name="utils">
      <metrics statements="156" coveredstatements="150" conditionals="66" coveredconditionals="60" methods="14" coveredmethods="14"/>
      <file name="cache.js" path="C:\Users\praty\OneDrive\Desktop\projects\toynn\utils\cache.js">
        <metrics statements="71" coveredstatements="70" conditionals="25" coveredconditionals="23" methods="10" coveredmethods="10"/>
        <line num="2" count="9" type="cond" truecount="3" falsecount="0"/>
        <line num="3" count="27" type="cond" truecount="3" falsecount="1"/>
        <line num="5" count="9" type="stmt"/>
        <line num="6" count="9" type="stmt"/>
        <line num="7" count="9" type="stmt"/>
        <line num="8" count="9" type="stmt"/>
        <line num="9" count="9" type="stmt"/>
        <line num="10" count="9" type="stmt"/>
        <line num="11" count="9" type="stmt"/>
        <line num="12" count="9" type="stmt"/>
        <line num="13" count="9" type="stmt"/>
        <line num="16" count="3" type="stmt"/>
        <line num="17" count="3" type="stmt"/>
        <line num="19" count="3" type="cond" truecount="2" falsecount="0"/>
        <line num="20" count="1" type="stmt"/>
        <line num="21" count="1" type="stmt"/>
        <line num="25" count="2" type="cond" truecount="2" falsecount="0"/>
        <line num="27" count="1" type="stmt"/>
        <line num="31" count="1" type="stmt"/>
        <line num="34" count="3" type="stmt"/>
        <line num="38" count="1" type="stmt"/>
        <line num="39" count="1" type="stmt"/>
        <line num="42" count="6" type="cond" truecount="1" falsecount="1"/>
        <line num="43" count="0" type="stmt"/>
        <line num="45" count="6" type="stmt"/>
        <line num="46" count="6" type="stmt"/>
        <line num="47" count="6" type="cond" truecount="2" falsecount="0"/>
        <line num="48" count="3" type="stmt"/>
        <line num="50" count="3" type="stmt"/>
        <line num="54" count="1" type="stmt"/>
        <line num="55" count="1" type="stmt"/>
        <line num="56" count="1" type="stmt"/>
        <line num="57" count="2" type="cond" truecount="2" falsecount="0"/>
        <line num="58" count="1" type="stmt"/>
        <line num="61" count="1" type="stmt"/>
        <line num="64" count="2" type="stmt"/>
        <line num="65" count="2" type="stmt"/>
        <line num="66" count="2" type="stmt"/>
        <line num="67" count="2" type="stmt"/>
        <line num="68" count="2" type="stmt"/>
        <line num="72" count="3" type="stmt"/>
        <line num="73" count="3" type="stmt"/>
        <line num="74" count="3" type="stmt"/>
        <line num="75" count="3" type="cond" truecount="2" falsecount="0"/>
        <line num="77" count="2" type="stmt"/>
        <line num="79" count="2" type="cond" truecount="2" falsecount="0"/>
        <line num="80" count="1" type="stmt"/>
        <line num="81" count="1" type="stmt"/>
        <line num="84" count="1" type="stmt"/>
        <line num="85" count="1" type="stmt"/>
        <line num="86" count="1" type="stmt"/>
        <line num="87" count="1" type="stmt"/>
        <line num="92" count="1" type="stmt"/>
        <line num="93" count="1" type="stmt"/>
        <line num="94" count="1" type="stmt"/>
        <line num="95" count="1" type="stmt"/>
        <line num="96" count="1" type="stmt"/>
        <line num="100" count="1" type="stmt"/>
        <line num="102" count="1" type="stmt"/>
        <line num="106" count="2" type="stmt"/>
        <line num="108" count="2" type="stmt"/>
        <line num="109" count="2" type="stmt"/>
        <line num="110" count="2" type="stmt"/>
        <line num="112" count="2" type="cond" truecount="2" falsecount="0"/>
        <line num="113" count="1" type="stmt"/>
        <line num="114" count="1" type="stmt"/>
        <line num="116" count="1" type="stmt"/>
        <line num="119" count="2" type="stmt"/>
        <line num="120" count="2" type="cond" truecount="2" falsecount="0"/>
        <line num="121" count="1" type="stmt"/>
        <line num="128" count="9" type="stmt"/>
      </file>
      <file name="index.js" path="C:\Users\praty\OneDrive\Desktop\projects\toynn\utils\index.js">
        <metrics statements="85" coveredstatements="80" conditionals="41" coveredconditionals="37" methods="4" coveredmethods="4"/>
        <line num="2" count="7" type="stmt"/>
        <line num="3" count="7" type="stmt"/>
        <line num="4" count="7" type="stmt"/>
        <line num="10" count="11" type="cond" truecount="4" falsecount="0"/>
        <line num="11" count="2" type="stmt"/>
        <line num="12" count="2" type="stmt"/>
        <line num="13" count="6" type="stmt"/>
        <line num="15" count="2" type="stmt"/>
        <line num="16" count="2" type="stmt"/>
        <line num="17" count="6" type="stmt"/>
        <line num="18" count="6" type="stmt"/>
        <line num="19" count="6" type="stmt"/>
        <line num="20" count="6" type="stmt"/>
        <line num="22" count="2" type="stmt"/>
        <line num="24" count="9" type="cond" truecount="2" falsecount="0"/>
        <line num="25" count="8" type="stmt"/>
        <line num="26" count="8" type="stmt"/>
        <line num="27" count="25" type="stmt"/>
        <line num="29" count="8" type="stmt"/>
        <line num="30" count="8" type="stmt"/>
        <line num="31" count="25" type="stmt"/>
        <line num="32" count="25" type="stmt"/>
        <line num="33" count="25" type="stmt"/>
        <line num="34" count="25" type="stmt"/>
        <line num="38" count="1" type="stmt"/>
        <line num="39" count="1" type="stmt"/>
        <line num="40" count="1" type="stmt"/>
        <line num="41" count="5" type="stmt"/>
        <line num="42" count="5" type="stmt"/>
        <line num="43" count="5" type="stmt"/>
        <line num="44" count="5" type="stmt"/>
        <line num="47" count="11" type="stmt"/>
        <line num="50" count="4" type="stmt"/>
        <line num="51" count="4" type="stmt"/>
        <line num="52" count="40" type="cond" truecount="2" falsecount="0"/>
        <line num="53" count="3" type="stmt"/>
        <line num="56" count="37" type="stmt"/>
        <line num="59" count="4" type="stmt"/>
        <line num="62" count="6" type="cond" truecount="2" falsecount="0"/>
        <line num="63" count="2" type="stmt"/>
        <line num="65" count="4" type="stmt"/>
        <line num="66" count="4" type="stmt"/>
        <line num="67" count="8" type="cond" truecount="2" falsecount="0"/>
        <line num="68" count="4" type="stmt"/>
        <line num="70" count="8" type="cond" truecount="4" falsecount="0"/>
        <line num="71" count="4" type="stmt"/>
        <line num="72" count="4" type="stmt"/>
        <line num="73" count="8" type="stmt"/>
        <line num="75" count="4" type="stmt"/>
        <line num="77" count="8" type="stmt"/>
        <line num="79" count="4" type="cond" truecount="2" falsecount="0"/>
        <line num="80" count="1" type="cond" truecount="1" falsecount="1"/>
        <line num="81" count="1" type="stmt"/>
        <line num="83" count="1" type="cond" truecount="3" falsecount="1"/>
        <line num="84" count="0" type="stmt"/>
        <line num="85" count="0" type="stmt"/>
        <line num="86" count="0" type="cond" truecount="0" falsecount="2"/>
        <line num="87" count="0" type="stmt"/>
        <line num="90" count="0" type="stmt"/>
        <line num="92" count="1" type="stmt"/>
        <line num="94" count="4" type="stmt"/>
        <line num="97" count="5" type="cond" truecount="2" falsecount="0"/>
        <line num="98" count="1" type="stmt"/>
        <line num="100" count="4" type="cond" truecount="4" falsecount="0"/>
        <line num="101" count="1" type="stmt"/>
        <line num="103" count="3" type="cond" truecount="2" falsecount="0"/>
        <line num="104" count="1" type="stmt"/>
        <line num="106" count="3" type="stmt"/>
        <line num="108" count="3" type="stmt"/>
        <line num="109" count="3" type="cond" truecount="2" falsecount="0"/>
        <line num="110" count="2" type="stmt"/>
        <line num="111" count="2" type="stmt"/>
        <line num="112" count="10" type="cond" truecount="2" falsecount="0"/>
        <line num="113" count="8" type="stmt"/>
        <line num="116" count="2" type="stmt"/>
        <line num="121" count="1" type="stmt"/>
        <line num="122" count="5" type="cond" truecount="2" falsecount="0"/>
        <line num="123" count="4" type="stmt"/>
        <line num="126" count="1" type="stmt"/>
        <line num="130" count="3" type="stmt"/>
        <line num="131" count="3" type="stmt"/>
        <line num="132" count="3" type="stmt"/>
        <line num="133" count="3" type="stmt"/>
        <line num="134" count="3" type="stmt"/>
        <line num="137" count="7" type="stmt"/>
      </file>
    </package>
  </project>
</coverage>
