<?xml version="1.0" encoding="UTF-8"?>
<coverage generated="1692177820407" clover="3.2.0">
  <project timestamp="1692177820407" name="All files">
    <metrics statements="732" coveredstatements="666" conditionals="475" coveredconditionals="347" methods="182" coveredmethods="169" elements="1389" coveredelements="1182" complexity="0" loc="732" ncloc="732" packages="5" files="6" classes="6"/>
    <package name="dataset">
      <metrics statements="115" coveredstatements="109" conditionals="89" coveredconditionals="61" methods="33" coveredmethods="30"/>
      <file name="index.js" path="C:\Users\Pratyush\Desktop\playground\mnist\nn\dataset\index.js">
        <metrics statements="115" coveredstatements="109" conditionals="89" coveredconditionals="61" methods="33" coveredmethods="30"/>
        <line num="2" count="3" type="cond" truecount="3" falsecount="0"/>
        <line num="3" count="9" type="cond" truecount="1" falsecount="1"/>
        <line num="4" count="6" type="cond" truecount="2" falsecount="0"/>
        <line num="5" count="9" type="stmt"/>
        <line num="6" count="0" type="stmt"/>
        <line num="7" count="13" type="cond" truecount="2" falsecount="0"/>
        <line num="8" count="6" type="cond" truecount="2" falsecount="0"/>
        <line num="11" count="3" type="cond" truecount="3" falsecount="0"/>
        <line num="12" count="76" type="cond" truecount="1" falsecount="1"/>
        <line num="13" count="76" type="cond" truecount="2" falsecount="2"/>
        <line num="14" count="76" type="cond" truecount="2" falsecount="4"/>
        <line num="15" count="76" type="cond" truecount="2" falsecount="2"/>
        <line num="17" count="3" type="cond" truecount="3" falsecount="0"/>
        <line num="18" count="630" type="cond" truecount="2" falsecount="2"/>
        <line num="19" count="630" type="cond" truecount="2" falsecount="4"/>
        <line num="20" count="630" type="cond" truecount="3" falsecount="3"/>
        <line num="22" count="3" type="cond" truecount="3" falsecount="0"/>
        <line num="23" count="1" type="cond" truecount="1" falsecount="1"/>
        <line num="24" count="1" type="stmt"/>
        <line num="25" count="1" type="cond" truecount="2" falsecount="2"/>
        <line num="26" count="5" type="cond" truecount="2" falsecount="0"/>
        <line num="27" count="5" type="stmt"/>
        <line num="29" count="3" type="cond" truecount="3" falsecount="0"/>
        <line num="30" count="12" type="cond" truecount="4" falsecount="0"/>
        <line num="33" count="3" type="stmt"/>
        <line num="34" count="3" type="stmt"/>
        <line num="35" count="3" type="stmt"/>
        <line num="36" count="3" type="stmt"/>
        <line num="37" count="3" type="stmt"/>
        <line num="38" count="3" type="stmt"/>
        <line num="39" count="3" type="stmt"/>
        <line num="42" count="16" type="stmt"/>
        <line num="43" count="16" type="stmt"/>
        <line num="44" count="16" type="stmt"/>
        <line num="45" count="16" type="stmt"/>
        <line num="48" count="159" type="stmt"/>
        <line num="51" count="174" type="stmt"/>
        <line num="52" count="174" type="stmt"/>
        <line num="55" count="5" type="stmt"/>
        <line num="56" count="5" type="stmt"/>
        <line num="57" count="17" type="stmt"/>
        <line num="61" count="5" type="stmt"/>
        <line num="64" count="153" type="stmt"/>
        <line num="67" count="16" type="stmt"/>
        <line num="68" count="16" type="stmt"/>
        <line num="69" count="64" type="stmt"/>
        <line num="71" count="16" type="stmt"/>
        <line num="78" count="6" type="stmt"/>
        <line num="79" count="6" type="cond" truecount="2" falsecount="0"/>
        <line num="80" count="1" type="stmt"/>
        <line num="83" count="5" type="stmt"/>
        <line num="84" count="5" type="stmt"/>
        <line num="86" count="9" type="stmt"/>
        <line num="87" count="9" type="stmt"/>
        <line num="88" count="9" type="stmt"/>
        <line num="89" count="9" type="stmt"/>
        <line num="90" count="9" type="stmt"/>
        <line num="93" count="0" type="stmt"/>
        <line num="98" count="5" type="stmt"/>
        <line num="99" count="5" type="stmt"/>
        <line num="100" count="3" type="stmt"/>
        <line num="103" count="2" type="stmt"/>
        <line num="105" count="5" type="cond" truecount="2" falsecount="0"/>
        <line num="107" count="3" type="stmt"/>
        <line num="108" count="3" type="cond" truecount="1" falsecount="1"/>
        <line num="109" count="0" type="stmt"/>
        <line num="110" count="0" type="stmt"/>
        <line num="114" count="3" type="stmt"/>
        <line num="115" count="3" type="stmt"/>
        <line num="116" count="3" type="cond" truecount="2" falsecount="0"/>
        <line num="117" count="2" type="stmt"/>
        <line num="118" count="2" type="cond" truecount="1" falsecount="1"/>
        <line num="119" count="0" type="stmt"/>
        <line num="121" count="2" type="stmt"/>
        <line num="123" count="2" type="stmt"/>
        <line num="124" count="2" type="stmt"/>
        <line num="126" count="8" type="stmt"/>
        <line num="131" count="1" type="stmt"/>
        <line num="135" count="5" type="cond" truecount="2" falsecount="0"/>
        <line num="137" count="3" type="stmt"/>
        <line num="141" count="1" type="stmt"/>
        <line num="144" count="1" type="stmt"/>
        <line num="145" count="1" type="stmt"/>
        <line num="146" count="1" type="stmt"/>
        <line num="147" count="4" type="stmt"/>
        <line num="148" count="4" type="stmt"/>
        <line num="149" count="4" type="stmt"/>
        <line num="150" count="4" type="cond" truecount="2" falsecount="0"/>
        <line num="151" count="1" type="stmt"/>
        <line num="153" count="3" type="stmt"/>
        <line num="156" count="0" type="stmt"/>
        <line num="158" count="1" type="stmt"/>
        <line num="159" count="1" type="cond" truecount="2" falsecount="3"/>
        <line num="161" count="1" type="cond" truecount="1" falsecount="1"/>
        <line num="164" count="3" type="stmt"/>
        <line num="168" count="3" type="stmt"/>
        <line num="169" count="3" type="stmt"/>
        <line num="172" count="22" type="stmt"/>
        <line num="173" count="22" type="stmt"/>
        <line num="174" count="22" type="stmt"/>
        <line num="175" count="22" type="stmt"/>
        <line num="178" count="86" type="stmt"/>
        <line num="181" count="88" type="stmt"/>
        <line num="184" count="1" type="stmt"/>
        <line num="185" count="1" type="stmt"/>
        <line num="186" count="3" type="stmt"/>
        <line num="190" count="1" type="stmt"/>
        <line num="193" count="127" type="stmt"/>
        <line num="196" count="30" type="stmt"/>
        <line num="197" count="30" type="stmt"/>
        <line num="198" count="78" type="stmt"/>
        <line num="200" count="30" type="stmt"/>
        <line num="203" count="3" type="stmt"/>
        <line num="204" count="3" type="stmt"/>
        <line num="205" count="3" type="stmt"/>
      </file>
    </package>
    <package name="errors">
      <metrics statements="48" coveredstatements="46" conditionals="51" coveredconditionals="30" methods="15" coveredmethods="15"/>
      <file name="index.js" path="C:\Users\Pratyush\Desktop\playground\mnist\nn\errors\index.js">
        <metrics statements="48" coveredstatements="46" conditionals="51" coveredconditionals="30" methods="15" coveredmethods="15"/>
        <line num="2" count="3" type="cond" truecount="3" falsecount="0"/>
        <line num="3" count="12" type="cond" truecount="1" falsecount="1"/>
        <line num="4" count="12" type="cond" truecount="2" falsecount="2"/>
        <line num="5" count="12" type="cond" truecount="2" falsecount="4"/>
        <line num="6" count="12" type="cond" truecount="2" falsecount="2"/>
        <line num="8" count="3" type="cond" truecount="3" falsecount="0"/>
        <line num="9" count="35" type="cond" truecount="2" falsecount="2"/>
        <line num="10" count="35" type="cond" truecount="2" falsecount="4"/>
        <line num="11" count="35" type="cond" truecount="3" falsecount="3"/>
        <line num="14" count="3" type="stmt"/>
        <line num="15" count="3" type="stmt"/>
        <line num="18" count="6" type="stmt"/>
        <line num="19" count="6" type="stmt"/>
        <line num="20" count="6" type="stmt"/>
        <line num="21" count="6" type="stmt"/>
        <line num="22" count="6" type="cond" truecount="1" falsecount="1"/>
        <line num="23" count="0" type="stmt"/>
        <line num="29" count="6" type="stmt"/>
        <line num="30" count="6" type="stmt"/>
        <line num="37" count="7" type="stmt"/>
        <line num="38" count="6" type="cond" truecount="1" falsecount="1"/>
        <line num="39" count="0" type="stmt"/>
        <line num="41" count="6" type="stmt"/>
        <line num="42" count="6" type="stmt"/>
        <line num="53" count="7" type="stmt"/>
        <line num="55" count="7" type="stmt"/>
        <line num="56" count="28" type="stmt"/>
        <line num="57" count="28" type="cond" truecount="2" falsecount="0"/>
        <line num="58" count="24" type="stmt"/>
        <line num="60" count="28" type="cond" truecount="1" falsecount="1"/>
        <line num="61" count="28" type="stmt"/>
        <line num="64" count="7" type="stmt"/>
        <line num="65" count="7" type="cond" truecount="2" falsecount="0"/>
        <line num="66" count="6" type="cond" truecount="2" falsecount="0"/>
        <line num="67" count="1" type="stmt"/>
        <line num="69" count="5" type="stmt"/>
        <line num="71" count="6" type="stmt"/>
        <line num="78" count="3" type="stmt"/>
        <line num="79" count="3" type="stmt"/>
        <line num="81" count="3" type="stmt"/>
        <line num="84" count="24" type="stmt"/>
        <line num="87" count="15" type="stmt"/>
        <line num="90" count="1" type="stmt"/>
        <line num="93" count="2" type="stmt"/>
        <line num="96" count="1" type="stmt"/>
        <line num="99" count="1" type="stmt"/>
        <line num="102" count="1" type="stmt"/>
        <line num="104" count="3" type="stmt"/>
      </file>
    </package>
    <package name="functions">
      <metrics statements="66" coveredstatements="65" conditionals="52" coveredconditionals="31" methods="50" coveredmethods="50"/>
      <file name="index.js" path="C:\Users\Pratyush\Desktop\playground\mnist\nn\functions\index.js">
        <metrics statements="66" coveredstatements="65" conditionals="52" coveredconditionals="31" methods="50" coveredmethods="50"/>
        <line num="2" count="2" type="cond" truecount="3" falsecount="0"/>
        <line num="3" count="3" type="cond" truecount="1" falsecount="1"/>
        <line num="4" count="3" type="cond" truecount="2" falsecount="2"/>
        <line num="5" count="3" type="cond" truecount="2" falsecount="4"/>
        <line num="6" count="3" type="cond" truecount="2" falsecount="2"/>
        <line num="8" count="2" type="cond" truecount="3" falsecount="0"/>
        <line num="9" count="22" type="cond" truecount="2" falsecount="2"/>
        <line num="10" count="22" type="cond" truecount="2" falsecount="4"/>
        <line num="11" count="22" type="cond" truecount="3" falsecount="3"/>
        <line num="13" count="2" type="cond" truecount="3" falsecount="0"/>
        <line num="14" count="2" type="cond" truecount="3" falsecount="1"/>
        <line num="17" count="2" type="stmt"/>
        <line num="18" count="2" type="stmt"/>
        <line num="19" count="2" type="stmt"/>
        <line num="27" count="1" type="stmt"/>
        <line num="34" count="1" type="stmt"/>
        <line num="41" count="1" type="stmt"/>
        <line num="48" count="1" type="stmt"/>
        <line num="55" count="1" type="stmt"/>
        <line num="62" count="2" type="stmt"/>
        <line num="65" count="2" type="stmt"/>
        <line num="68" count="2" type="stmt"/>
        <line num="72" count="2" type="stmt"/>
        <line num="75" count="10" type="stmt"/>
        <line num="76" count="2" type="stmt"/>
        <line num="79" count="2" type="stmt"/>
        <line num="84" count="2" type="stmt"/>
        <line num="87" count="2" type="stmt"/>
        <line num="90" count="10" type="cond" truecount="1" falsecount="1"/>
        <line num="93" count="10" type="stmt"/>
        <line num="94" count="2" type="stmt"/>
        <line num="97" count="2" type="stmt"/>
        <line num="102" count="2" type="stmt"/>
        <line num="105" count="2" type="stmt"/>
        <line num="108" count="10" type="cond" truecount="2" falsecount="0"/>
        <line num="111" count="10" type="stmt"/>
        <line num="112" count="2" type="stmt"/>
        <line num="115" count="2" type="stmt"/>
        <line num="120" count="2" type="stmt"/>
        <line num="123" count="2" type="stmt"/>
        <line num="132" count="2" type="stmt"/>
        <line num="135" count="2" type="stmt"/>
        <line num="136" count="10" type="stmt"/>
        <line num="137" count="2" type="cond" truecount="1" falsecount="1"/>
        <line num="138" count="0" type="stmt"/>
        <line num="146" count="10" type="stmt"/>
        <line num="147" count="2" type="stmt"/>
        <line num="150" count="2" type="stmt"/>
        <line num="155" count="2" type="stmt"/>
        <line num="158" count="2" type="stmt"/>
        <line num="162" count="2" type="stmt"/>
        <line num="165" count="10" type="stmt"/>
        <line num="166" count="2" type="stmt"/>
        <line num="169" count="2" type="stmt"/>
        <line num="174" count="3" type="stmt"/>
        <line num="175" count="3" type="stmt"/>
        <line num="176" count="3" type="stmt"/>
        <line num="179" count="2" type="stmt"/>
        <line num="182" count="2" type="stmt"/>
        <line num="185" count="10" type="stmt"/>
        <line num="188" count="10" type="stmt"/>
        <line num="189" count="2" type="stmt"/>
        <line num="192" count="2" type="stmt"/>
        <line num="195" count="2" type="stmt"/>
        <line num="196" count="2" type="stmt"/>
        <line num="210" count="2" type="stmt"/>
      </file>
    </package>
    <package name="narray">
      <metrics statements="347" coveredstatements="296" conditionals="217" coveredconditionals="165" methods="70" coveredmethods="60"/>
      <file name="index.js" path="C:\Users\Pratyush\Desktop\playground\mnist\nn\narray\index.js">
        <metrics statements="347" coveredstatements="296" conditionals="217" coveredconditionals="165" methods="70" coveredmethods="60"/>
        <line num="2" count="27" type="cond" truecount="3" falsecount="0"/>
        <line num="3" count="2802" type="cond" truecount="1" falsecount="1"/>
        <line num="4" count="2802" type="cond" truecount="2" falsecount="2"/>
        <line num="5" count="2802" type="cond" truecount="2" falsecount="4"/>
        <line num="6" count="2802" type="cond" truecount="2" falsecount="2"/>
        <line num="8" count="27" type="cond" truecount="3" falsecount="0"/>
        <line num="9" count="12257" type="cond" truecount="2" falsecount="2"/>
        <line num="10" count="12257" type="cond" truecount="2" falsecount="4"/>
        <line num="11" count="12257" type="cond" truecount="4" falsecount="2"/>
        <line num="14" count="27" type="stmt"/>
        <line num="15" count="27" type="stmt"/>
        <line num="16" count="27" type="stmt"/>
        <line num="23" count="420" type="stmt"/>
        <line num="24" count="420" type="stmt"/>
        <line num="25" count="420" type="stmt"/>
        <line num="26" count="420" type="stmt"/>
        <line num="27" count="420" type="stmt"/>
        <line num="28" count="420" type="stmt"/>
        <line num="29" count="420" type="cond" truecount="2" falsecount="0"/>
        <line num="30" count="228" type="stmt"/>
        <line num="31" count="228" type="stmt"/>
        <line num="32" count="228" type="stmt"/>
        <line num="33" count="228" type="stmt"/>
        <line num="34" count="228" type="stmt"/>
        <line num="36" count="228" type="stmt"/>
        <line num="37" count="228" type="cond" truecount="2" falsecount="0"/>
        <line num="38" count="1" type="stmt"/>
        <line num="46" count="192" type="cond" truecount="1" falsecount="1"/>
        <line num="47" count="192" type="stmt"/>
        <line num="48" count="192" type="stmt"/>
        <line num="49" count="192" type="stmt"/>
        <line num="50" count="192" type="stmt"/>
        <line num="53" count="0" type="stmt"/>
        <line num="68" count="508" type="stmt"/>
        <line num="69" count="508" type="stmt"/>
        <line num="70" count="673" type="stmt"/>
        <line num="72" count="508" type="stmt"/>
        <line num="75" count="1260" type="stmt"/>
        <line num="78" count="3346" type="stmt"/>
        <line num="81" count="1111" type="cond" truecount="2" falsecount="0"/>
        <line num="82" count="253" type="stmt"/>
        <line num="84" count="1111" type="stmt"/>
        <line num="87" count="318" type="stmt"/>
        <line num="90" count="143" type="cond" truecount="1" falsecount="1"/>
        <line num="91" count="0" type="stmt"/>
        <line num="96" count="143" type="cond" truecount="1" falsecount="1"/>
        <line num="97" count="0" type="stmt"/>
        <line num="102" count="143" type="stmt"/>
        <line num="108" count="248" type="stmt"/>
        <line num="111" count="65" type="stmt"/>
        <line num="112" count="9" type="stmt"/>
        <line num="115" count="404" type="stmt"/>
        <line num="116" count="62" type="stmt"/>
        <line num="119" count="10" type="stmt"/>
        <line num="122" count="4" type="stmt"/>
        <line num="123" count="4" type="stmt"/>
        <line num="124" count="36" type="cond" truecount="2" falsecount="0"/>
        <line num="125" count="15" type="stmt"/>
        <line num="126" count="15" type="stmt"/>
        <line num="129" count="4" type="stmt"/>
        <line num="132" count="12" type="cond" truecount="3" falsecount="1"/>
        <line num="133" count="0" type="stmt"/>
        <line num="138" count="12" type="cond" truecount="2" falsecount="0"/>
        <line num="139" count="39" type="stmt"/>
        <line num="141" count="7" type="stmt"/>
        <line num="142" count="7" type="stmt"/>
        <line num="143" count="7" type="stmt"/>
        <line num="144" count="120" type="stmt"/>
        <line num="145" count="120" type="stmt"/>
        <line num="146" count="120" type="cond" truecount="2" falsecount="0"/>
        <line num="147" count="45" type="stmt"/>
        <line num="148" count="45" type="stmt"/>
        <line num="149" count="45" type="cond" truecount="2" falsecount="0"/>
        <line num="150" count="10" type="stmt"/>
        <line num="152" count="35" type="cond" truecount="4" falsecount="0"/>
        <line num="153" count="16" type="cond" truecount="2" falsecount="0"/>
        <line num="154" count="6" type="stmt"/>
        <line num="157" count="10" type="stmt"/>
        <line num="161" count="19" type="stmt"/>
        <line num="163" count="45" type="stmt"/>
        <line num="167" count="7" type="cond" truecount="2" falsecount="0"/>
        <line num="168" count="4" type="stmt"/>
        <line num="171" count="3" type="stmt"/>
        <line num="173" count="7" type="stmt"/>
        <line num="176" count="5" type="cond" truecount="2" falsecount="0"/>
        <line num="177" count="1" type="stmt"/>
        <line num="182" count="4" type="cond" truecount="2" falsecount="0"/>
        <line num="183" count="3" type="stmt"/>
        <line num="184" count="3" type="stmt"/>
        <line num="185" count="3" type="stmt"/>
        <line num="186" count="111" type="cond" truecount="2" falsecount="0"/>
        <line num="187" count="15" type="stmt"/>
        <line num="190" count="96" type="stmt"/>
        <line num="192" count="111" type="cond" truecount="2" falsecount="0"/>
        <line num="193" count="18" type="stmt"/>
        <line num="196" count="3" type="stmt"/>
        <line num="198" count="1" type="cond" truecount="1" falsecount="1"/>
        <line num="199" count="1" type="cond" truecount="1" falsecount="1"/>
        <line num="200" count="1" type="stmt"/>
        <line num="201" count="1" type="stmt"/>
        <line num="202" count="1" type="stmt"/>
        <line num="203" count="1" type="stmt"/>
        <line num="205" count="1" type="stmt"/>
        <line num="209" count="4" type="stmt"/>
        <line num="210" count="4" type="cond" truecount="2" falsecount="0"/>
        <line num="211" count="1" type="stmt"/>
        <line num="212" count="10" type="stmt"/>
        <line num="214" count="3" type="cond" truecount="1" falsecount="1"/>
        <line num="215" count="0" type="stmt"/>
        <line num="216" count="0" type="stmt"/>
        <line num="218" count="3" type="cond" truecount="1" falsecount="1"/>
        <line num="219" count="0" type="stmt"/>
        <line num="220" count="0" type="stmt"/>
        <line num="221" count="0" type="stmt"/>
        <line num="224" count="3" type="cond" truecount="1" falsecount="1"/>
        <line num="225" count="0" type="stmt"/>
        <line num="231" count="3" type="cond" truecount="2" falsecount="0"/>
        <line num="232" count="1" type="stmt"/>
        <line num="237" count="2" type="stmt"/>
        <line num="238" count="16" type="stmt"/>
        <line num="240" count="3" type="stmt"/>
        <line num="241" count="3" type="stmt"/>
        <line num="244" count="11" type="stmt"/>
        <line num="245" count="11" type="cond" truecount="2" falsecount="0"/>
        <line num="246" count="5" type="stmt"/>
        <line num="247" count="30" type="stmt"/>
        <line num="249" count="6" type="cond" truecount="2" falsecount="0"/>
        <line num="250" count="2" type="stmt"/>
        <line num="251" count="50" type="stmt"/>
        <line num="253" count="4" type="cond" truecount="1" falsecount="1"/>
        <line num="254" count="0" type="stmt"/>
        <line num="255" count="0" type="stmt"/>
        <line num="256" count="0" type="stmt"/>
        <line num="259" count="4" type="cond" truecount="1" falsecount="1"/>
        <line num="260" count="0" type="stmt"/>
        <line num="265" count="4" type="cond" truecount="2" falsecount="0"/>
        <line num="266" count="1" type="stmt"/>
        <line num="271" count="3" type="stmt"/>
        <line num="272" count="22" type="stmt"/>
        <line num="274" count="10" type="stmt"/>
        <line num="275" count="10" type="stmt"/>
        <line num="278" count="5" type="stmt"/>
        <line num="279" count="5" type="cond" truecount="2" falsecount="0"/>
        <line num="280" count="10" type="stmt"/>
        <line num="282" count="4" type="cond" truecount="1" falsecount="1"/>
        <line num="283" count="0" type="stmt"/>
        <line num="284" count="0" type="stmt"/>
        <line num="286" count="4" type="cond" truecount="1" falsecount="1"/>
        <line num="287" count="0" type="stmt"/>
        <line num="288" count="0" type="stmt"/>
        <line num="289" count="0" type="stmt"/>
        <line num="292" count="4" type="cond" truecount="1" falsecount="1"/>
        <line num="293" count="0" type="stmt"/>
        <line num="298" count="4" type="cond" truecount="2" falsecount="0"/>
        <line num="299" count="1" type="stmt"/>
        <line num="304" count="3" type="stmt"/>
        <line num="305" count="22" type="stmt"/>
        <line num="307" count="3" type="stmt"/>
        <line num="308" count="3" type="stmt"/>
        <line num="309" count="3" type="stmt"/>
        <line num="312" count="13" type="stmt"/>
        <line num="313" count="13" type="cond" truecount="2" falsecount="0"/>
        <line num="314" count="5" type="stmt"/>
        <line num="315" count="30" type="stmt"/>
        <line num="317" count="8" type="cond" truecount="3" falsecount="1"/>
        <line num="318" count="0" type="stmt"/>
        <line num="319" count="0" type="stmt"/>
        <line num="321" count="8" type="cond" truecount="1" falsecount="1"/>
        <line num="322" count="0" type="stmt"/>
        <line num="323" count="0" type="stmt"/>
        <line num="324" count="0" type="stmt"/>
        <line num="327" count="8" type="cond" truecount="1" falsecount="1"/>
        <line num="328" count="0" type="stmt"/>
        <line num="333" count="8" type="cond" truecount="2" falsecount="0"/>
        <line num="334" count="1" type="stmt"/>
        <line num="339" count="7" type="cond" truecount="1" falsecount="1"/>
        <line num="340" count="0" type="stmt"/>
        <line num="345" count="7" type="stmt"/>
        <line num="346" count="44" type="stmt"/>
        <line num="348" count="12" type="stmt"/>
        <line num="349" count="12" type="stmt"/>
        <line num="350" count="12" type="stmt"/>
        <line num="353" count="7" type="stmt"/>
        <line num="354" count="7" type="cond" truecount="2" falsecount="0"/>
        <line num="355" count="20" type="stmt"/>
        <line num="357" count="4" type="cond" truecount="1" falsecount="1"/>
        <line num="358" count="0" type="stmt"/>
        <line num="359" count="0" type="stmt"/>
        <line num="361" count="4" type="cond" truecount="1" falsecount="1"/>
        <line num="362" count="0" type="stmt"/>
        <line num="363" count="0" type="stmt"/>
        <line num="364" count="0" type="stmt"/>
        <line num="367" count="4" type="cond" truecount="1" falsecount="1"/>
        <line num="368" count="0" type="stmt"/>
        <line num="373" count="4" type="cond" truecount="2" falsecount="0"/>
        <line num="374" count="1" type="stmt"/>
        <line num="379" count="3" type="stmt"/>
        <line num="380" count="22" type="stmt"/>
        <line num="382" count="6" type="stmt"/>
        <line num="383" count="6" type="stmt"/>
        <line num="384" count="6" type="stmt"/>
        <line num="387" count="9" type="cond" truecount="1" falsecount="1"/>
        <line num="388" count="0" type="stmt"/>
        <line num="393" count="9" type="cond" truecount="4" falsecount="0"/>
        <line num="394" count="3" type="stmt"/>
        <line num="396" count="6" type="cond" truecount="3" falsecount="1"/>
        <line num="397" count="0" type="cond" truecount="0" falsecount="2"/>
        <line num="398" count="0" type="stmt"/>
        <line num="403" count="0" type="stmt"/>
        <line num="405" count="6" type="stmt"/>
        <line num="406" count="6" type="cond" truecount="1" falsecount="1"/>
        <line num="407" count="0" type="stmt"/>
        <line num="412" count="6" type="cond" truecount="2" falsecount="0"/>
        <line num="413" count="3" type="cond" truecount="2" falsecount="0"/>
        <line num="414" count="1" type="stmt"/>
        <line num="420" count="5" type="cond" truecount="4" falsecount="0"/>
        <line num="421" count="3" type="cond" truecount="2" falsecount="0"/>
        <line num="422" count="1" type="stmt"/>
        <line num="428" count="4" type="stmt"/>
        <line num="433" count="10" type="stmt"/>
        <line num="434" count="4" type="cond" truecount="3" falsecount="3"/>
        <line num="436" count="0" type="stmt"/>
        <line num="437" count="0" type="stmt"/>
        <line num="438" count="0" type="stmt"/>
        <line num="440" count="4" type="cond" truecount="3" falsecount="1"/>
        <line num="441" count="0" type="stmt"/>
        <line num="442" count="0" type="stmt"/>
        <line num="444" count="4" type="stmt"/>
        <line num="445" count="4" type="stmt"/>
        <line num="446" count="240" type="stmt"/>
        <line num="447" count="240" type="stmt"/>
        <line num="448" count="240" type="stmt"/>
        <line num="449" count="240" type="cond" truecount="4" falsecount="0"/>
        <line num="450" count="30" type="cond" truecount="2" falsecount="0"/>
        <line num="451" count="18" type="stmt"/>
        <line num="454" count="12" type="stmt"/>
        <line num="457" count="240" type="cond" truecount="2" falsecount="0"/>
        <line num="458" count="18" type="stmt"/>
        <line num="459" count="18" type="stmt"/>
        <line num="460" count="18" type="stmt"/>
        <line num="461" count="18" type="stmt"/>
        <line num="463" count="240" type="cond" truecount="2" falsecount="0"/>
        <line num="464" count="100" type="stmt"/>
        <line num="465" count="100" type="stmt"/>
        <line num="466" count="100" type="stmt"/>
        <line num="467" count="100" type="stmt"/>
        <line num="468" count="100" type="stmt"/>
        <line num="471" count="4" type="stmt"/>
        <line num="479" count="8" type="stmt"/>
        <line num="480" count="8" type="stmt"/>
        <line num="481" count="8" type="stmt"/>
        <line num="482" count="8" type="stmt"/>
        <line num="490" count="209" type="stmt"/>
        <line num="491" count="209" type="stmt"/>
        <line num="492" count="137" type="stmt"/>
        <line num="493" count="137" type="cond" truecount="2" falsecount="0"/>
        <line num="494" count="11" type="stmt"/>
        <line num="495" count="11" type="stmt"/>
        <line num="496" count="28" type="cond" truecount="2" falsecount="0"/>
        <line num="498" count="126" type="cond" truecount="2" falsecount="0"/>
        <line num="499" count="1" type="stmt"/>
        <line num="501" count="136" type="cond" truecount="2" falsecount="0"/>
        <line num="502" count="1" type="stmt"/>
        <line num="507" count="135" type="stmt"/>
        <line num="508" count="135" type="stmt"/>
        <line num="509" count="135" type="stmt"/>
        <line num="510" count="135" type="stmt"/>
        <line num="516" count="5" type="stmt"/>
        <line num="527" count="96" type="stmt"/>
        <line num="528" count="96" type="cond" truecount="2" falsecount="0"/>
        <line num="529" count="92" type="stmt"/>
        <line num="530" count="406" type="stmt"/>
        <line num="534" count="4" type="stmt"/>
        <line num="536" count="95" type="stmt"/>
        <line num="539" count="92" type="stmt"/>
        <line num="547" count="1" type="stmt"/>
        <line num="550" count="2" type="cond" truecount="2" falsecount="0"/>
        <line num="551" count="1" type="stmt"/>
        <line num="552" count="1" type="stmt"/>
        <line num="553" count="3" type="stmt"/>
        <line num="555" count="1" type="stmt"/>
        <line num="556" count="1" type="stmt"/>
        <line num="557" count="1" type="stmt"/>
        <line num="558" count="1" type="stmt"/>
        <line num="559" count="3" type="stmt"/>
        <line num="561" count="1" type="stmt"/>
        <line num="563" count="1" type="stmt"/>
        <line num="566" count="1" type="stmt"/>
        <line num="573" count="3" type="stmt"/>
        <line num="574" count="3" type="stmt"/>
        <line num="575" count="3" type="stmt"/>
        <line num="576" count="160" type="stmt"/>
        <line num="578" count="3" type="stmt"/>
        <line num="587" count="6" type="cond" truecount="2" falsecount="0"/>
        <line num="588" count="4" type="stmt"/>
        <line num="589" count="4" type="stmt"/>
        <line num="591" count="6" type="cond" truecount="1" falsecount="1"/>
        <line num="592" count="0" type="stmt"/>
        <line num="593" count="0" type="stmt"/>
        <line num="594" count="0" type="stmt"/>
        <line num="596" count="6" type="stmt"/>
        <line num="597" count="6" type="stmt"/>
        <line num="598" count="63" type="stmt"/>
        <line num="600" count="6" type="stmt"/>
        <line num="606" count="0" type="stmt"/>
        <line num="607" count="0" type="stmt"/>
        <line num="608" count="0" type="stmt"/>
        <line num="609" count="0" type="stmt"/>
        <line num="612" count="2" type="stmt"/>
        <line num="615" count="27" type="stmt"/>
        <line num="616" count="27" type="stmt"/>
        <line num="621" count="480" type="stmt"/>
        <line num="622" count="480" type="cond" truecount="2" falsecount="0"/>
        <line num="623" count="252" type="stmt"/>
        <line num="624" count="252" type="stmt"/>
        <line num="625" count="252" type="stmt"/>
        <line num="628" count="228" type="stmt"/>
        <line num="635" count="363" type="stmt"/>
        <line num="636" count="363" type="stmt"/>
        <line num="637" count="457" type="cond" truecount="2" falsecount="0"/>
        <line num="638" count="363" type="stmt"/>
        <line num="641" count="94" type="stmt"/>
        <line num="642" count="94" type="stmt"/>
        <line num="645" count="363" type="stmt"/>
        <line num="652" count="838" type="cond" truecount="2" falsecount="0"/>
        <line num="653" count="837" type="cond" truecount="2" falsecount="0"/>
        <line num="654" count="684" type="stmt"/>
        <line num="655" count="684" type="stmt"/>
        <line num="656" count="1304" type="stmt"/>
        <line num="658" count="684" type="stmt"/>
        <line num="661" count="153" type="stmt"/>
        <line num="662" count="153" type="cond" truecount="2" falsecount="0"/>
        <line num="663" count="120" type="stmt"/>
        <line num="665" count="153" type="stmt"/>
        <line num="666" count="428" type="stmt"/>
        <line num="668" count="153" type="stmt"/>
        <line num="672" count="1" type="stmt"/>
        <line num="682" count="325" type="stmt"/>
        <line num="684" count="325" type="cond" truecount="2" falsecount="0"/>
        <line num="685" count="287" type="stmt"/>
        <line num="688" count="38" type="stmt"/>
        <line num="689" count="97" type="cond" truecount="1" falsecount="1"/>
        <line num="690" count="0" type="stmt"/>
        <line num="693" count="97" type="stmt"/>
        <line num="695" count="97" type="stmt"/>
        <line num="697" count="38" type="stmt"/>
        <line num="700" count="27" type="stmt"/>
      </file>
    </package>
    <package name="utils">
      <metrics statements="156" coveredstatements="150" conditionals="66" coveredconditionals="60" methods="14" coveredmethods="14"/>
      <file name="cache.js" path="C:\Users\Pratyush\Desktop\playground\mnist\nn\utils\cache.js">
        <metrics statements="71" coveredstatements="70" conditionals="25" coveredconditionals="23" methods="10" coveredmethods="10"/>
        <line num="2" count="3" type="cond" truecount="3" falsecount="0"/>
        <line num="3" count="9" type="cond" truecount="3" falsecount="1"/>
        <line num="5" count="3" type="stmt"/>
        <line num="6" count="3" type="stmt"/>
        <line num="7" count="3" type="stmt"/>
        <line num="8" count="3" type="stmt"/>
        <line num="9" count="3" type="stmt"/>
        <line num="10" count="3" type="stmt"/>
        <line num="11" count="3" type="stmt"/>
        <line num="12" count="3" type="stmt"/>
        <line num="13" count="3" type="stmt"/>
        <line num="16" count="3" type="stmt"/>
        <line num="17" count="3" type="stmt"/>
        <line num="19" count="3" type="cond" truecount="2" falsecount="0"/>
        <line num="20" count="1" type="stmt"/>
        <line num="21" count="1" type="stmt"/>
        <line num="25" count="2" type="cond" truecount="2" falsecount="0"/>
        <line num="27" count="1" type="stmt"/>
        <line num="31" count="1" type="stmt"/>
        <line num="34" count="3" type="stmt"/>
        <line num="38" count="1" type="stmt"/>
        <line num="39" count="1" type="stmt"/>
        <line num="42" count="6" type="cond" truecount="1" falsecount="1"/>
        <line num="43" count="0" type="stmt"/>
        <line num="45" count="6" type="stmt"/>
        <line num="46" count="6" type="stmt"/>
        <line num="47" count="6" type="cond" truecount="2" falsecount="0"/>
        <line num="48" count="3" type="stmt"/>
        <line num="50" count="3" type="stmt"/>
        <line num="54" count="1" type="stmt"/>
        <line num="55" count="1" type="stmt"/>
        <line num="56" count="1" type="stmt"/>
        <line num="57" count="2" type="cond" truecount="2" falsecount="0"/>
        <line num="58" count="1" type="stmt"/>
        <line num="61" count="1" type="stmt"/>
        <line num="64" count="2" type="stmt"/>
        <line num="65" count="2" type="stmt"/>
        <line num="66" count="2" type="stmt"/>
        <line num="67" count="2" type="stmt"/>
        <line num="68" count="2" type="stmt"/>
        <line num="72" count="3" type="stmt"/>
        <line num="73" count="3" type="stmt"/>
        <line num="74" count="3" type="stmt"/>
        <line num="75" count="3" type="cond" truecount="2" falsecount="0"/>
        <line num="77" count="2" type="stmt"/>
        <line num="79" count="2" type="cond" truecount="2" falsecount="0"/>
        <line num="80" count="1" type="stmt"/>
        <line num="81" count="1" type="stmt"/>
        <line num="84" count="1" type="stmt"/>
        <line num="85" count="1" type="stmt"/>
        <line num="86" count="1" type="stmt"/>
        <line num="87" count="1" type="stmt"/>
        <line num="92" count="1" type="stmt"/>
        <line num="93" count="1" type="stmt"/>
        <line num="94" count="1" type="stmt"/>
        <line num="95" count="1" type="stmt"/>
        <line num="96" count="1" type="stmt"/>
        <line num="100" count="1" type="stmt"/>
        <line num="102" count="1" type="stmt"/>
        <line num="106" count="2" type="stmt"/>
        <line num="108" count="2" type="stmt"/>
        <line num="109" count="2" type="stmt"/>
        <line num="110" count="2" type="stmt"/>
        <line num="112" count="2" type="cond" truecount="2" falsecount="0"/>
        <line num="113" count="1" type="stmt"/>
        <line num="114" count="1" type="stmt"/>
        <line num="116" count="1" type="stmt"/>
        <line num="119" count="2" type="stmt"/>
        <line num="120" count="2" type="cond" truecount="2" falsecount="0"/>
        <line num="121" count="1" type="stmt"/>
        <line num="128" count="3" type="stmt"/>
      </file>
      <file name="index.js" path="C:\Users\Pratyush\Desktop\playground\mnist\nn\utils\index.js">
        <metrics statements="85" coveredstatements="80" conditionals="41" coveredconditionals="37" methods="4" coveredmethods="4"/>
        <line num="2" count="1" type="stmt"/>
        <line num="3" count="1" type="stmt"/>
        <line num="4" count="1" type="stmt"/>
        <line num="10" count="5" type="cond" truecount="4" falsecount="0"/>
        <line num="11" count="2" type="stmt"/>
        <line num="12" count="2" type="stmt"/>
        <line num="13" count="6" type="stmt"/>
        <line num="15" count="2" type="stmt"/>
        <line num="16" count="2" type="stmt"/>
        <line num="17" count="6" type="stmt"/>
        <line num="18" count="6" type="stmt"/>
        <line num="19" count="6" type="stmt"/>
        <line num="20" count="6" type="stmt"/>
        <line num="22" count="2" type="stmt"/>
        <line num="24" count="3" type="cond" truecount="2" falsecount="0"/>
        <line num="25" count="2" type="stmt"/>
        <line num="26" count="2" type="stmt"/>
        <line num="27" count="10" type="stmt"/>
        <line num="29" count="2" type="stmt"/>
        <line num="30" count="2" type="stmt"/>
        <line num="31" count="10" type="stmt"/>
        <line num="32" count="10" type="stmt"/>
        <line num="33" count="10" type="stmt"/>
        <line num="34" count="10" type="stmt"/>
        <line num="38" count="1" type="stmt"/>
        <line num="39" count="1" type="stmt"/>
        <line num="40" count="1" type="stmt"/>
        <line num="41" count="5" type="stmt"/>
        <line num="42" count="5" type="stmt"/>
        <line num="43" count="5" type="stmt"/>
        <line num="44" count="5" type="stmt"/>
        <line num="47" count="5" type="stmt"/>
        <line num="50" count="4" type="stmt"/>
        <line num="51" count="4" type="stmt"/>
        <line num="52" count="40" type="cond" truecount="2" falsecount="0"/>
        <line num="53" count="3" type="stmt"/>
        <line num="56" count="37" type="stmt"/>
        <line num="59" count="4" type="stmt"/>
        <line num="62" count="6" type="cond" truecount="2" falsecount="0"/>
        <line num="63" count="2" type="stmt"/>
        <line num="65" count="4" type="stmt"/>
        <line num="66" count="4" type="stmt"/>
        <line num="67" count="8" type="cond" truecount="2" falsecount="0"/>
        <line num="68" count="4" type="stmt"/>
        <line num="70" count="8" type="cond" truecount="4" falsecount="0"/>
        <line num="71" count="4" type="stmt"/>
        <line num="72" count="4" type="stmt"/>
        <line num="73" count="8" type="stmt"/>
        <line num="75" count="4" type="stmt"/>
        <line num="77" count="8" type="stmt"/>
        <line num="79" count="4" type="cond" truecount="2" falsecount="0"/>
        <line num="80" count="1" type="cond" truecount="1" falsecount="1"/>
        <line num="81" count="1" type="stmt"/>
        <line num="83" count="1" type="cond" truecount="3" falsecount="1"/>
        <line num="84" count="0" type="stmt"/>
        <line num="85" count="0" type="stmt"/>
        <line num="86" count="0" type="cond" truecount="0" falsecount="2"/>
        <line num="87" count="0" type="stmt"/>
        <line num="90" count="0" type="stmt"/>
        <line num="92" count="1" type="stmt"/>
        <line num="94" count="4" type="stmt"/>
        <line num="97" count="5" type="cond" truecount="2" falsecount="0"/>
        <line num="98" count="1" type="stmt"/>
        <line num="100" count="4" type="cond" truecount="4" falsecount="0"/>
        <line num="101" count="1" type="stmt"/>
        <line num="103" count="3" type="cond" truecount="2" falsecount="0"/>
        <line num="104" count="1" type="stmt"/>
        <line num="106" count="3" type="stmt"/>
        <line num="108" count="3" type="stmt"/>
        <line num="109" count="3" type="cond" truecount="2" falsecount="0"/>
        <line num="110" count="2" type="stmt"/>
        <line num="111" count="2" type="stmt"/>
        <line num="112" count="10" type="cond" truecount="2" falsecount="0"/>
        <line num="113" count="8" type="stmt"/>
        <line num="116" count="2" type="stmt"/>
        <line num="121" count="1" type="stmt"/>
        <line num="122" count="5" type="cond" truecount="2" falsecount="0"/>
        <line num="123" count="4" type="stmt"/>
        <line num="126" count="1" type="stmt"/>
        <line num="130" count="3" type="stmt"/>
        <line num="131" count="3" type="stmt"/>
        <line num="132" count="3" type="stmt"/>
        <line num="133" count="3" type="stmt"/>
        <line num="134" count="3" type="stmt"/>
        <line num="137" count="1" type="stmt"/>
      </file>
    </package>
  </project>
</coverage>
