{"C:\\Users\\Pratyush\\Desktop\\playground\\mnist\\nn\\errors\\index.js": {"path":"C:\\Users\\Pratyush\\Desktop\\playground\\mnist\\nn\\errors\\index.js","statementMap":{"0":{"start":{"line":2,"column":29},"end":{"line":7,"column":1}},"1":{"start":{"line":3,"column":4},"end":{"line":3,"column":76}},"2":{"start":{"line":3,"column":22},"end":{"line":3,"column":76}},"3":{"start":{"line":4,"column":4},"end":{"line":4,"column":97}},"4":{"start":{"line":4,"column":28},"end":{"line":4,"column":97}},"5":{"start":{"line":5,"column":4},"end":{"line":5,"column":182}},"6":{"start":{"line":5,"column":87},"end":{"line":5,"column":182}},"7":{"start":{"line":6,"column":4},"end":{"line":6,"column":110}},"8":{"start":{"line":8,"column":29},"end":{"line":12,"column":1}},"9":{"start":{"line":9,"column":4},"end":{"line":9,"column":97}},"10":{"start":{"line":9,"column":28},"end":{"line":9,"column":97}},"11":{"start":{"line":10,"column":4},"end":{"line":10,"column":183}},"12":{"start":{"line":10,"column":87},"end":{"line":10,"column":183}},"13":{"start":{"line":11,"column":4},"end":{"line":11,"column":98}},"14":{"start":{"line":14,"column":0},"end":{"line":14,"column":62}},"15":{"start":{"line":15,"column":0},"end":{"line":15,"column":27}},"16":{"start":{"line":18,"column":8},"end":{"line":18,"column":46}},"17":{"start":{"line":19,"column":8},"end":{"line":19,"column":46}},"18":{"start":{"line":20,"column":8},"end":{"line":20,"column":32}},"19":{"start":{"line":21,"column":8},"end":{"line":21,"column":33}},"20":{"start":{"line":22,"column":8},"end":{"line":28,"column":9}},"21":{"start":{"line":23,"column":12},"end":{"line":27,"column":54}},"22":{"start":{"line":29,"column":8},"end":{"line":29,"column":67}},"23":{"start":{"line":30,"column":8},"end":{"line":30,"column":67}},"24":{"start":{"line":37,"column":8},"end":{"line":37,"column":40}},"25":{"start":{"line":38,"column":8},"end":{"line":40,"column":9}},"26":{"start":{"line":39,"column":12},"end":{"line":39,"column":65}},"27":{"start":{"line":41,"column":8},"end":{"line":41,"column":55}},"28":{"start":{"line":42,"column":8},"end":{"line":46,"column":10}},"29":{"start":{"line":53,"column":8},"end":{"line":53,"column":25}},"30":{"start":{"line":55,"column":8},"end":{"line":63,"column":11}},"31":{"start":{"line":56,"column":12},"end":{"line":56,"column":78}},"32":{"start":{"line":57,"column":12},"end":{"line":59,"column":13}},"33":{"start":{"line":58,"column":16},"end":{"line":58,"column":34}},"34":{"start":{"line":60,"column":12},"end":{"line":62,"column":13}},"35":{"start":{"line":61,"column":16},"end":{"line":61,"column":39}},"36":{"start":{"line":64,"column":8},"end":{"line":64,"column":39}},"37":{"start":{"line":65,"column":8},"end":{"line":70,"column":9}},"38":{"start":{"line":66,"column":12},"end":{"line":68,"column":13}},"39":{"start":{"line":67,"column":16},"end":{"line":67,"column":69}},"40":{"start":{"line":69,"column":12},"end":{"line":69,"column":59}},"41":{"start":{"line":71,"column":8},"end":{"line":75,"column":10}},"42":{"start":{"line":78,"column":0},"end":{"line":78,"column":30}},"43":{"start":{"line":79,"column":0},"end":{"line":79,"column":67}},"44":{"start":{"line":81,"column":4},"end":{"line":81,"column":29}},"45":{"start":{"line":84,"column":4},"end":{"line":84,"column":37}},"46":{"start":{"line":84,"column":30},"end":{"line":84,"column":35}},"47":{"start":{"line":87,"column":4},"end":{"line":87,"column":17}},"48":{"start":{"line":90,"column":4},"end":{"line":90,"column":65}},"49":{"start":{"line":93,"column":4},"end":{"line":93,"column":63}},"50":{"start":{"line":96,"column":4},"end":{"line":96,"column":46}},"51":{"start":{"line":99,"column":4},"end":{"line":99,"column":62}},"52":{"start":{"line":102,"column":4},"end":{"line":102,"column":45}},"53":{"start":{"line":104,"column":0},"end":{"line":114,"column":2}}},"fnMap":{"0":{"name":"(anonymous_0)","decl":{"start":{"line":2,"column":70},"end":{"line":2,"column":71}},"loc":{"start":{"line":2,"column":113},"end":{"line":7,"column":1}},"line":2},"1":{"name":"(anonymous_1)","decl":{"start":{"line":8,"column":70},"end":{"line":8,"column":71}},"loc":{"start":{"line":8,"column":106},"end":{"line":12,"column":1}},"line":8},"2":{"name":"(anonymous_2)","decl":{"start":{"line":17,"column":4},"end":{"line":17,"column":5}},"loc":{"start":{"line":17,"column":30},"end":{"line":31,"column":5}},"line":17},"3":{"name":"(anonymous_3)","decl":{"start":{"line":32,"column":4},"end":{"line":32,"column":5}},"loc":{"start":{"line":32,"column":16},"end":{"line":47,"column":5}},"line":32},"4":{"name":"(anonymous_4)","decl":{"start":{"line":48,"column":4},"end":{"line":48,"column":5}},"loc":{"start":{"line":48,"column":26},"end":{"line":76,"column":5}},"line":48},"5":{"name":"(anonymous_5)","decl":{"start":{"line":55,"column":68},"end":{"line":55,"column":69}},"loc":{"start":{"line":55,"column":78},"end":{"line":63,"column":9}},"line":55},"6":{"name":"mean","decl":{"start":{"line":80,"column":9},"end":{"line":80,"column":13}},"loc":{"start":{"line":80,"column":17},"end":{"line":82,"column":1}},"line":80},"7":{"name":"sum","decl":{"start":{"line":83,"column":9},"end":{"line":83,"column":12}},"loc":{"start":{"line":83,"column":16},"end":{"line":85,"column":1}},"line":83},"8":{"name":"(anonymous_8)","decl":{"start":{"line":84,"column":20},"end":{"line":84,"column":21}},"loc":{"start":{"line":84,"column":30},"end":{"line":84,"column":35}},"line":84},"9":{"name":"square","decl":{"start":{"line":86,"column":9},"end":{"line":86,"column":15}},"loc":{"start":{"line":86,"column":19},"end":{"line":88,"column":1}},"line":86},"10":{"name":"MAE","decl":{"start":{"line":89,"column":9},"end":{"line":89,"column":12}},"loc":{"start":{"line":89,"column":27},"end":{"line":91,"column":1}},"line":89},"11":{"name":"MSE","decl":{"start":{"line":92,"column":9},"end":{"line":92,"column":12}},"loc":{"start":{"line":92,"column":27},"end":{"line":94,"column":1}},"line":92},"12":{"name":"RMSE","decl":{"start":{"line":95,"column":9},"end":{"line":95,"column":13}},"loc":{"start":{"line":95,"column":28},"end":{"line":97,"column":1}},"line":95},"13":{"name":"RSS","decl":{"start":{"line":98,"column":9},"end":{"line":98,"column":12}},"loc":{"start":{"line":98,"column":27},"end":{"line":100,"column":1}},"line":98},"14":{"name":"error","decl":{"start":{"line":101,"column":9},"end":{"line":101,"column":14}},"loc":{"start":{"line":101,"column":29},"end":{"line":103,"column":1}},"line":101}},"branchMap":{"0":{"loc":{"start":{"line":2,"column":29},"end":{"line":7,"column":1}},"type":"binary-expr","locations":[{"start":{"line":2,"column":30},"end":{"line":2,"column":34}},{"start":{"line":2,"column":38},"end":{"line":2,"column":65}},{"start":{"line":2,"column":70},"end":{"line":7,"column":1}}],"line":2},"1":{"loc":{"start":{"line":3,"column":4},"end":{"line":3,"column":76}},"type":"if","locations":[{"start":{"line":3,"column":4},"end":{"line":3,"column":76}},{"start":{},"end":{}}],"line":3},"2":{"loc":{"start":{"line":4,"column":4},"end":{"line":4,"column":97}},"type":"if","locations":[{"start":{"line":4,"column":4},"end":{"line":4,"column":97}},{"start":{},"end":{}}],"line":4},"3":{"loc":{"start":{"line":4,"column":8},"end":{"line":4,"column":26}},"type":"binary-expr","locations":[{"start":{"line":4,"column":8},"end":{"line":4,"column":20}},{"start":{"line":4,"column":24},"end":{"line":4,"column":26}}],"line":4},"4":{"loc":{"start":{"line":5,"column":4},"end":{"line":5,"column":182}},"type":"if","locations":[{"start":{"line":5,"column":4},"end":{"line":5,"column":182}},{"start":{},"end":{}}],"line":5},"5":{"loc":{"start":{"line":5,"column":8},"end":{"line":5,"column":85}},"type":"cond-expr","locations":[{"start":{"line":5,"column":38},"end":{"line":5,"column":62}},{"start":{"line":5,"column":65},"end":{"line":5,"column":85}}],"line":5},"6":{"loc":{"start":{"line":5,"column":38},"end":{"line":5,"column":62}},"type":"binary-expr","locations":[{"start":{"line":5,"column":38},"end":{"line":5,"column":56}},{"start":{"line":5,"column":60},"end":{"line":5,"column":62}}],"line":5},"7":{"loc":{"start":{"line":6,"column":12},"end":{"line":6,"column":101}},"type":"cond-expr","locations":[{"start":{"line":6,"column":27},"end":{"line":6,"column":50}},{"start":{"line":6,"column":53},"end":{"line":6,"column":101}}],"line":6},"8":{"loc":{"start":{"line":6,"column":53},"end":{"line":6,"column":101}},"type":"cond-expr","locations":[{"start":{"line":6,"column":57},"end":{"line":6,"column":72}},{"start":{"line":6,"column":75},"end":{"line":6,"column":101}}],"line":6},"9":{"loc":{"start":{"line":8,"column":29},"end":{"line":12,"column":1}},"type":"binary-expr","locations":[{"start":{"line":8,"column":30},"end":{"line":8,"column":34}},{"start":{"line":8,"column":38},"end":{"line":8,"column":65}},{"start":{"line":8,"column":70},"end":{"line":12,"column":1}}],"line":8},"10":{"loc":{"start":{"line":9,"column":4},"end":{"line":9,"column":97}},"type":"if","locations":[{"start":{"line":9,"column":4},"end":{"line":9,"column":97}},{"start":{},"end":{}}],"line":9},"11":{"loc":{"start":{"line":9,"column":8},"end":{"line":9,"column":26}},"type":"binary-expr","locations":[{"start":{"line":9,"column":8},"end":{"line":9,"column":20}},{"start":{"line":9,"column":24},"end":{"line":9,"column":26}}],"line":9},"12":{"loc":{"start":{"line":10,"column":4},"end":{"line":10,"column":183}},"type":"if","locations":[{"start":{"line":10,"column":4},"end":{"line":10,"column":183}},{"start":{},"end":{}}],"line":10},"13":{"loc":{"start":{"line":10,"column":8},"end":{"line":10,"column":85}},"type":"cond-expr","locations":[{"start":{"line":10,"column":38},"end":{"line":10,"column":62}},{"start":{"line":10,"column":65},"end":{"line":10,"column":85}}],"line":10},"14":{"loc":{"start":{"line":10,"column":38},"end":{"line":10,"column":62}},"type":"binary-expr","locations":[{"start":{"line":10,"column":38},"end":{"line":10,"column":56}},{"start":{"line":10,"column":60},"end":{"line":10,"column":62}}],"line":10},"15":{"loc":{"start":{"line":11,"column":11},"end":{"line":11,"column":97}},"type":"cond-expr","locations":[{"start":{"line":11,"column":26},"end":{"line":11,"column":27}},{"start":{"line":11,"column":30},"end":{"line":11,"column":97}}],"line":11},"16":{"loc":{"start":{"line":11,"column":30},"end":{"line":11,"column":97}},"type":"cond-expr","locations":[{"start":{"line":11,"column":45},"end":{"line":11,"column":61}},{"start":{"line":11,"column":64},"end":{"line":11,"column":97}}],"line":11},"17":{"loc":{"start":{"line":11,"column":64},"end":{"line":11,"column":97}},"type":"cond-expr","locations":[{"start":{"line":11,"column":68},"end":{"line":11,"column":75}},{"start":{"line":11,"column":78},"end":{"line":11,"column":97}}],"line":11},"18":{"loc":{"start":{"line":22,"column":8},"end":{"line":28,"column":9}},"type":"if","locations":[{"start":{"line":22,"column":8},"end":{"line":28,"column":9}},{"start":{},"end":{}}],"line":22},"19":{"loc":{"start":{"line":38,"column":8},"end":{"line":40,"column":9}},"type":"if","locations":[{"start":{"line":38,"column":8},"end":{"line":40,"column":9}},{"start":{},"end":{}}],"line":38},"20":{"loc":{"start":{"line":48,"column":8},"end":{"line":48,"column":24}},"type":"default-arg","locations":[{"start":{"line":48,"column":15},"end":{"line":48,"column":24}}],"line":48},"21":{"loc":{"start":{"line":57,"column":12},"end":{"line":59,"column":13}},"type":"if","locations":[{"start":{"line":57,"column":12},"end":{"line":59,"column":13}},{"start":{},"end":{}}],"line":57},"22":{"loc":{"start":{"line":60,"column":12},"end":{"line":62,"column":13}},"type":"if","locations":[{"start":{"line":60,"column":12},"end":{"line":62,"column":13}},{"start":{},"end":{}}],"line":60},"23":{"loc":{"start":{"line":65,"column":8},"end":{"line":70,"column":9}},"type":"if","locations":[{"start":{"line":65,"column":8},"end":{"line":70,"column":9}},{"start":{},"end":{}}],"line":65},"24":{"loc":{"start":{"line":66,"column":12},"end":{"line":68,"column":13}},"type":"if","locations":[{"start":{"line":66,"column":12},"end":{"line":68,"column":13}},{"start":{},"end":{}}],"line":66}},"s":{"0":3,"1":12,"2":0,"3":12,"4":0,"5":12,"6":0,"7":12,"8":3,"9":35,"10":0,"11":35,"12":0,"13":35,"14":3,"15":3,"16":6,"17":6,"18":6,"19":6,"20":6,"21":0,"22":6,"23":6,"24":7,"25":6,"26":0,"27":6,"28":6,"29":7,"30":7,"31":28,"32":28,"33":24,"34":28,"35":28,"36":7,"37":7,"38":6,"39":1,"40":5,"41":6,"42":3,"43":3,"44":3,"45":8,"46":24,"47":15,"48":1,"49":2,"50":1,"51":1,"52":1,"53":3},"f":{"0":12,"1":35,"2":6,"3":7,"4":7,"5":28,"6":3,"7":8,"8":24,"9":15,"10":1,"11":2,"12":1,"13":1,"14":1},"b":{"0":[3,3,3],"1":[0,12],"2":[0,12],"3":[12,0],"4":[0,12],"5":[0,12],"6":[0,0],"7":[0,12],"8":[0,12],"9":[3,3,3],"10":[0,35],"11":[35,0],"12":[0,35],"13":[0,35],"14":[0,0],"15":[0,35],"16":[0,35],"17":[0,35],"18":[0,6],"19":[0,6],"20":[1],"21":[24,4],"22":[28,0],"23":[6,1],"24":[1,5]},"inputSourceMap":null,"_coverageSchema":"1a1c01bbd47fc00a2c39e90264f33305004495a9","hash":"6d9fa332d72142fdb3d1d7a357b78a492d2df5e7"}
,"C:\\Users\\Pratyush\\Desktop\\playground\\mnist\\nn\\functions\\index.js": {"path":"C:\\Users\\Pratyush\\Desktop\\playground\\mnist\\nn\\functions\\index.js","statementMap":{"0":{"start":{"line":2,"column":29},"end":{"line":7,"column":1}},"1":{"start":{"line":3,"column":4},"end":{"line":3,"column":76}},"2":{"start":{"line":3,"column":22},"end":{"line":3,"column":76}},"3":{"start":{"line":4,"column":4},"end":{"line":4,"column":97}},"4":{"start":{"line":4,"column":28},"end":{"line":4,"column":97}},"5":{"start":{"line":5,"column":4},"end":{"line":5,"column":182}},"6":{"start":{"line":5,"column":87},"end":{"line":5,"column":182}},"7":{"start":{"line":6,"column":4},"end":{"line":6,"column":110}},"8":{"start":{"line":8,"column":29},"end":{"line":12,"column":1}},"9":{"start":{"line":9,"column":4},"end":{"line":9,"column":97}},"10":{"start":{"line":9,"column":28},"end":{"line":9,"column":97}},"11":{"start":{"line":10,"column":4},"end":{"line":10,"column":183}},"12":{"start":{"line":10,"column":87},"end":{"line":10,"column":183}},"13":{"start":{"line":11,"column":4},"end":{"line":11,"column":98}},"14":{"start":{"line":13,"column":22},"end":{"line":15,"column":1}},"15":{"start":{"line":14,"column":4},"end":{"line":14,"column":62}},"16":{"start":{"line":17,"column":0},"end":{"line":17,"column":62}},"17":{"start":{"line":18,"column":0},"end":{"line":18,"column":36}},"18":{"start":{"line":19,"column":17},"end":{"line":19,"column":54}},"19":{"start":{"line":27,"column":8},"end":{"line":31,"column":193}},"20":{"start":{"line":34,"column":8},"end":{"line":38,"column":193}},"21":{"start":{"line":41,"column":8},"end":{"line":45,"column":193}},"22":{"start":{"line":48,"column":8},"end":{"line":52,"column":193}},"23":{"start":{"line":55,"column":8},"end":{"line":59,"column":193}},"24":{"start":{"line":62,"column":0},"end":{"line":62,"column":48}},"25":{"start":{"line":65,"column":8},"end":{"line":65,"column":28}},"26":{"start":{"line":68,"column":8},"end":{"line":68,"column":43}},"27":{"start":{"line":72,"column":8},"end":{"line":72,"column":39}},"28":{"start":{"line":75,"column":21},"end":{"line":75,"column":65}},"29":{"start":{"line":75,"column":34},"end":{"line":75,"column":64}},"30":{"start":{"line":76,"column":8},"end":{"line":76,"column":44}},"31":{"start":{"line":79,"column":8},"end":{"line":79,"column":25}},"32":{"start":{"line":84,"column":8},"end":{"line":84,"column":33}},"33":{"start":{"line":87,"column":8},"end":{"line":87,"column":33}},"34":{"start":{"line":90,"column":8},"end":{"line":90,"column":46}},"35":{"start":{"line":90,"column":29},"end":{"line":90,"column":43}},"36":{"start":{"line":93,"column":21},"end":{"line":93,"column":49}},"37":{"start":{"line":93,"column":34},"end":{"line":93,"column":48}},"38":{"start":{"line":94,"column":8},"end":{"line":94,"column":44}},"39":{"start":{"line":97,"column":8},"end":{"line":97,"column":22}},"40":{"start":{"line":102,"column":8},"end":{"line":102,"column":37}},"41":{"start":{"line":105,"column":8},"end":{"line":105,"column":36}},"42":{"start":{"line":108,"column":8},"end":{"line":108,"column":49}},"43":{"start":{"line":108,"column":29},"end":{"line":108,"column":46}},"44":{"start":{"line":111,"column":21},"end":{"line":111,"column":56}},"45":{"start":{"line":111,"column":34},"end":{"line":111,"column":55}},"46":{"start":{"line":112,"column":8},"end":{"line":112,"column":44}},"47":{"start":{"line":115,"column":8},"end":{"line":115,"column":27}},"48":{"start":{"line":120,"column":8},"end":{"line":120,"column":37}},"49":{"start":{"line":123,"column":8},"end":{"line":126,"column":34}},"50":{"start":{"line":132,"column":8},"end":{"line":132,"column":47}},"51":{"start":{"line":135,"column":24},"end":{"line":135,"column":30}},"52":{"start":{"line":136,"column":21},"end":{"line":136,"column":79}},"53":{"start":{"line":136,"column":34},"end":{"line":136,"column":54}},"54":{"start":{"line":136,"column":73},"end":{"line":136,"column":78}},"55":{"start":{"line":137,"column":8},"end":{"line":145,"column":9}},"56":{"start":{"line":138,"column":12},"end":{"line":144,"column":76}},"57":{"start":{"line":146,"column":21},"end":{"line":146,"column":64}},"58":{"start":{"line":146,"column":34},"end":{"line":146,"column":63}},"59":{"start":{"line":147,"column":8},"end":{"line":147,"column":44}},"60":{"start":{"line":150,"column":8},"end":{"line":150,"column":25}},"61":{"start":{"line":155,"column":8},"end":{"line":155,"column":37}},"62":{"start":{"line":158,"column":8},"end":{"line":158,"column":31}},"63":{"start":{"line":162,"column":8},"end":{"line":162,"column":39}},"64":{"start":{"line":165,"column":21},"end":{"line":165,"column":73}},"65":{"start":{"line":165,"column":34},"end":{"line":165,"column":72}},"66":{"start":{"line":166,"column":8},"end":{"line":166,"column":44}},"67":{"start":{"line":169,"column":8},"end":{"line":169,"column":22}},"68":{"start":{"line":174,"column":8},"end":{"line":174,"column":16}},"69":{"start":{"line":175,"column":8},"end":{"line":175,"column":39}},"70":{"start":{"line":176,"column":8},"end":{"line":176,"column":56}},"71":{"start":{"line":179,"column":8},"end":{"line":179,"column":21}},"72":{"start":{"line":182,"column":8},"end":{"line":182,"column":19}},"73":{"start":{"line":185,"column":8},"end":{"line":185,"column":73}},"74":{"start":{"line":185,"column":27},"end":{"line":185,"column":71}},"75":{"start":{"line":188,"column":21},"end":{"line":188,"column":83}},"76":{"start":{"line":188,"column":34},"end":{"line":188,"column":82}},"77":{"start":{"line":189,"column":8},"end":{"line":189,"column":44}},"78":{"start":{"line":192,"column":8},"end":{"line":192,"column":73}},"79":{"start":{"line":195,"column":0},"end":{"line":195,"column":26}},"80":{"start":{"line":196,"column":18},"end":{"line":209,"column":1}},"81":{"start":{"line":210,"column":0},"end":{"line":210,"column":86}}},"fnMap":{"0":{"name":"(anonymous_0)","decl":{"start":{"line":2,"column":70},"end":{"line":2,"column":71}},"loc":{"start":{"line":2,"column":113},"end":{"line":7,"column":1}},"line":2},"1":{"name":"(anonymous_1)","decl":{"start":{"line":8,"column":70},"end":{"line":8,"column":71}},"loc":{"start":{"line":8,"column":106},"end":{"line":12,"column":1}},"line":8},"2":{"name":"(anonymous_2)","decl":{"start":{"line":13,"column":56},"end":{"line":13,"column":57}},"loc":{"start":{"line":13,"column":71},"end":{"line":15,"column":1}},"line":13},"3":{"name":"(anonymous_3)","decl":{"start":{"line":26,"column":4},"end":{"line":26,"column":5}},"loc":{"start":{"line":26,"column":18},"end":{"line":32,"column":5}},"line":26},"4":{"name":"(anonymous_4)","decl":{"start":{"line":33,"column":4},"end":{"line":33,"column":5}},"loc":{"start":{"line":33,"column":19},"end":{"line":39,"column":5}},"line":33},"5":{"name":"(anonymous_5)","decl":{"start":{"line":40,"column":4},"end":{"line":40,"column":5}},"loc":{"start":{"line":40,"column":20},"end":{"line":46,"column":5}},"line":40},"6":{"name":"(anonymous_6)","decl":{"start":{"line":47,"column":4},"end":{"line":47,"column":5}},"loc":{"start":{"line":47,"column":17},"end":{"line":53,"column":5}},"line":47},"7":{"name":"(anonymous_7)","decl":{"start":{"line":54,"column":4},"end":{"line":54,"column":5}},"loc":{"start":{"line":54,"column":15},"end":{"line":60,"column":5}},"line":54},"8":{"name":"(anonymous_8)","decl":{"start":{"line":64,"column":4},"end":{"line":64,"column":5}},"loc":{"start":{"line":64,"column":18},"end":{"line":66,"column":5}},"line":64},"9":{"name":"(anonymous_9)","decl":{"start":{"line":67,"column":4},"end":{"line":67,"column":5}},"loc":{"start":{"line":67,"column":19},"end":{"line":69,"column":5}},"line":67},"10":{"name":"(anonymous_10)","decl":{"start":{"line":70,"column":4},"end":{"line":70,"column":5}},"loc":{"start":{"line":70,"column":20},"end":{"line":73,"column":5}},"line":70},"11":{"name":"(anonymous_11)","decl":{"start":{"line":74,"column":4},"end":{"line":74,"column":5}},"loc":{"start":{"line":74,"column":17},"end":{"line":77,"column":5}},"line":74},"12":{"name":"(anonymous_12)","decl":{"start":{"line":75,"column":27},"end":{"line":75,"column":28}},"loc":{"start":{"line":75,"column":34},"end":{"line":75,"column":64}},"line":75},"13":{"name":"(anonymous_13)","decl":{"start":{"line":78,"column":4},"end":{"line":78,"column":5}},"loc":{"start":{"line":78,"column":15},"end":{"line":80,"column":5}},"line":78},"14":{"name":"(anonymous_14)","decl":{"start":{"line":83,"column":4},"end":{"line":83,"column":5}},"loc":{"start":{"line":83,"column":18},"end":{"line":85,"column":5}},"line":83},"15":{"name":"(anonymous_15)","decl":{"start":{"line":86,"column":4},"end":{"line":86,"column":5}},"loc":{"start":{"line":86,"column":19},"end":{"line":88,"column":5}},"line":86},"16":{"name":"(anonymous_16)","decl":{"start":{"line":89,"column":4},"end":{"line":89,"column":5}},"loc":{"start":{"line":89,"column":20},"end":{"line":91,"column":5}},"line":89},"17":{"name":"(anonymous_17)","decl":{"start":{"line":90,"column":21},"end":{"line":90,"column":22}},"loc":{"start":{"line":90,"column":29},"end":{"line":90,"column":43}},"line":90},"18":{"name":"(anonymous_18)","decl":{"start":{"line":92,"column":4},"end":{"line":92,"column":5}},"loc":{"start":{"line":92,"column":17},"end":{"line":95,"column":5}},"line":92},"19":{"name":"(anonymous_19)","decl":{"start":{"line":93,"column":27},"end":{"line":93,"column":28}},"loc":{"start":{"line":93,"column":34},"end":{"line":93,"column":48}},"line":93},"20":{"name":"(anonymous_20)","decl":{"start":{"line":96,"column":4},"end":{"line":96,"column":5}},"loc":{"start":{"line":96,"column":15},"end":{"line":98,"column":5}},"line":96},"21":{"name":"(anonymous_21)","decl":{"start":{"line":101,"column":4},"end":{"line":101,"column":5}},"loc":{"start":{"line":101,"column":18},"end":{"line":103,"column":5}},"line":101},"22":{"name":"(anonymous_22)","decl":{"start":{"line":104,"column":4},"end":{"line":104,"column":5}},"loc":{"start":{"line":104,"column":19},"end":{"line":106,"column":5}},"line":104},"23":{"name":"(anonymous_23)","decl":{"start":{"line":107,"column":4},"end":{"line":107,"column":5}},"loc":{"start":{"line":107,"column":20},"end":{"line":109,"column":5}},"line":107},"24":{"name":"(anonymous_24)","decl":{"start":{"line":108,"column":21},"end":{"line":108,"column":22}},"loc":{"start":{"line":108,"column":29},"end":{"line":108,"column":46}},"line":108},"25":{"name":"(anonymous_25)","decl":{"start":{"line":110,"column":4},"end":{"line":110,"column":5}},"loc":{"start":{"line":110,"column":17},"end":{"line":113,"column":5}},"line":110},"26":{"name":"(anonymous_26)","decl":{"start":{"line":111,"column":27},"end":{"line":111,"column":28}},"loc":{"start":{"line":111,"column":34},"end":{"line":111,"column":55}},"line":111},"27":{"name":"(anonymous_27)","decl":{"start":{"line":114,"column":4},"end":{"line":114,"column":5}},"loc":{"start":{"line":114,"column":15},"end":{"line":116,"column":5}},"line":114},"28":{"name":"(anonymous_28)","decl":{"start":{"line":119,"column":4},"end":{"line":119,"column":5}},"loc":{"start":{"line":119,"column":18},"end":{"line":121,"column":5}},"line":119},"29":{"name":"(anonymous_29)","decl":{"start":{"line":122,"column":4},"end":{"line":122,"column":5}},"loc":{"start":{"line":122,"column":19},"end":{"line":127,"column":5}},"line":122},"30":{"name":"(anonymous_30)","decl":{"start":{"line":128,"column":4},"end":{"line":128,"column":5}},"loc":{"start":{"line":128,"column":20},"end":{"line":133,"column":5}},"line":128},"31":{"name":"(anonymous_31)","decl":{"start":{"line":134,"column":4},"end":{"line":134,"column":5}},"loc":{"start":{"line":134,"column":17},"end":{"line":148,"column":5}},"line":134},"32":{"name":"(anonymous_32)","decl":{"start":{"line":136,"column":27},"end":{"line":136,"column":28}},"loc":{"start":{"line":136,"column":34},"end":{"line":136,"column":54}},"line":136},"33":{"name":"(anonymous_33)","decl":{"start":{"line":136,"column":63},"end":{"line":136,"column":64}},"loc":{"start":{"line":136,"column":73},"end":{"line":136,"column":78}},"line":136},"34":{"name":"(anonymous_34)","decl":{"start":{"line":146,"column":27},"end":{"line":146,"column":28}},"loc":{"start":{"line":146,"column":34},"end":{"line":146,"column":63}},"line":146},"35":{"name":"(anonymous_35)","decl":{"start":{"line":149,"column":4},"end":{"line":149,"column":5}},"loc":{"start":{"line":149,"column":15},"end":{"line":151,"column":5}},"line":149},"36":{"name":"(anonymous_36)","decl":{"start":{"line":154,"column":4},"end":{"line":154,"column":5}},"loc":{"start":{"line":154,"column":18},"end":{"line":156,"column":5}},"line":154},"37":{"name":"(anonymous_37)","decl":{"start":{"line":157,"column":4},"end":{"line":157,"column":5}},"loc":{"start":{"line":157,"column":19},"end":{"line":159,"column":5}},"line":157},"38":{"name":"(anonymous_38)","decl":{"start":{"line":160,"column":4},"end":{"line":160,"column":5}},"loc":{"start":{"line":160,"column":20},"end":{"line":163,"column":5}},"line":160},"39":{"name":"(anonymous_39)","decl":{"start":{"line":164,"column":4},"end":{"line":164,"column":5}},"loc":{"start":{"line":164,"column":17},"end":{"line":167,"column":5}},"line":164},"40":{"name":"(anonymous_40)","decl":{"start":{"line":165,"column":27},"end":{"line":165,"column":28}},"loc":{"start":{"line":165,"column":34},"end":{"line":165,"column":72}},"line":165},"41":{"name":"(anonymous_41)","decl":{"start":{"line":168,"column":4},"end":{"line":168,"column":5}},"loc":{"start":{"line":168,"column":15},"end":{"line":170,"column":5}},"line":168},"42":{"name":"(anonymous_42)","decl":{"start":{"line":173,"column":4},"end":{"line":173,"column":5}},"loc":{"start":{"line":173,"column":23},"end":{"line":177,"column":5}},"line":173},"43":{"name":"(anonymous_43)","decl":{"start":{"line":178,"column":4},"end":{"line":178,"column":5}},"loc":{"start":{"line":178,"column":18},"end":{"line":180,"column":5}},"line":178},"44":{"name":"(anonymous_44)","decl":{"start":{"line":181,"column":4},"end":{"line":181,"column":5}},"loc":{"start":{"line":181,"column":19},"end":{"line":183,"column":5}},"line":181},"45":{"name":"(anonymous_45)","decl":{"start":{"line":184,"column":4},"end":{"line":184,"column":5}},"loc":{"start":{"line":184,"column":20},"end":{"line":186,"column":5}},"line":184},"46":{"name":"(anonymous_46)","decl":{"start":{"line":185,"column":21},"end":{"line":185,"column":22}},"loc":{"start":{"line":185,"column":27},"end":{"line":185,"column":71}},"line":185},"47":{"name":"(anonymous_47)","decl":{"start":{"line":187,"column":4},"end":{"line":187,"column":5}},"loc":{"start":{"line":187,"column":17},"end":{"line":190,"column":5}},"line":187},"48":{"name":"(anonymous_48)","decl":{"start":{"line":188,"column":27},"end":{"line":188,"column":28}},"loc":{"start":{"line":188,"column":34},"end":{"line":188,"column":82}},"line":188},"49":{"name":"(anonymous_49)","decl":{"start":{"line":191,"column":4},"end":{"line":191,"column":5}},"loc":{"start":{"line":191,"column":15},"end":{"line":193,"column":5}},"line":191}},"branchMap":{"0":{"loc":{"start":{"line":2,"column":29},"end":{"line":7,"column":1}},"type":"binary-expr","locations":[{"start":{"line":2,"column":30},"end":{"line":2,"column":34}},{"start":{"line":2,"column":38},"end":{"line":2,"column":65}},{"start":{"line":2,"column":70},"end":{"line":7,"column":1}}],"line":2},"1":{"loc":{"start":{"line":3,"column":4},"end":{"line":3,"column":76}},"type":"if","locations":[{"start":{"line":3,"column":4},"end":{"line":3,"column":76}},{"start":{},"end":{}}],"line":3},"2":{"loc":{"start":{"line":4,"column":4},"end":{"line":4,"column":97}},"type":"if","locations":[{"start":{"line":4,"column":4},"end":{"line":4,"column":97}},{"start":{},"end":{}}],"line":4},"3":{"loc":{"start":{"line":4,"column":8},"end":{"line":4,"column":26}},"type":"binary-expr","locations":[{"start":{"line":4,"column":8},"end":{"line":4,"column":20}},{"start":{"line":4,"column":24},"end":{"line":4,"column":26}}],"line":4},"4":{"loc":{"start":{"line":5,"column":4},"end":{"line":5,"column":182}},"type":"if","locations":[{"start":{"line":5,"column":4},"end":{"line":5,"column":182}},{"start":{},"end":{}}],"line":5},"5":{"loc":{"start":{"line":5,"column":8},"end":{"line":5,"column":85}},"type":"cond-expr","locations":[{"start":{"line":5,"column":38},"end":{"line":5,"column":62}},{"start":{"line":5,"column":65},"end":{"line":5,"column":85}}],"line":5},"6":{"loc":{"start":{"line":5,"column":38},"end":{"line":5,"column":62}},"type":"binary-expr","locations":[{"start":{"line":5,"column":38},"end":{"line":5,"column":56}},{"start":{"line":5,"column":60},"end":{"line":5,"column":62}}],"line":5},"7":{"loc":{"start":{"line":6,"column":12},"end":{"line":6,"column":101}},"type":"cond-expr","locations":[{"start":{"line":6,"column":27},"end":{"line":6,"column":50}},{"start":{"line":6,"column":53},"end":{"line":6,"column":101}}],"line":6},"8":{"loc":{"start":{"line":6,"column":53},"end":{"line":6,"column":101}},"type":"cond-expr","locations":[{"start":{"line":6,"column":57},"end":{"line":6,"column":72}},{"start":{"line":6,"column":75},"end":{"line":6,"column":101}}],"line":6},"9":{"loc":{"start":{"line":8,"column":29},"end":{"line":12,"column":1}},"type":"binary-expr","locations":[{"start":{"line":8,"column":30},"end":{"line":8,"column":34}},{"start":{"line":8,"column":38},"end":{"line":8,"column":65}},{"start":{"line":8,"column":70},"end":{"line":12,"column":1}}],"line":8},"10":{"loc":{"start":{"line":9,"column":4},"end":{"line":9,"column":97}},"type":"if","locations":[{"start":{"line":9,"column":4},"end":{"line":9,"column":97}},{"start":{},"end":{}}],"line":9},"11":{"loc":{"start":{"line":9,"column":8},"end":{"line":9,"column":26}},"type":"binary-expr","locations":[{"start":{"line":9,"column":8},"end":{"line":9,"column":20}},{"start":{"line":9,"column":24},"end":{"line":9,"column":26}}],"line":9},"12":{"loc":{"start":{"line":10,"column":4},"end":{"line":10,"column":183}},"type":"if","locations":[{"start":{"line":10,"column":4},"end":{"line":10,"column":183}},{"start":{},"end":{}}],"line":10},"13":{"loc":{"start":{"line":10,"column":8},"end":{"line":10,"column":85}},"type":"cond-expr","locations":[{"start":{"line":10,"column":38},"end":{"line":10,"column":62}},{"start":{"line":10,"column":65},"end":{"line":10,"column":85}}],"line":10},"14":{"loc":{"start":{"line":10,"column":38},"end":{"line":10,"column":62}},"type":"binary-expr","locations":[{"start":{"line":10,"column":38},"end":{"line":10,"column":56}},{"start":{"line":10,"column":60},"end":{"line":10,"column":62}}],"line":10},"15":{"loc":{"start":{"line":11,"column":11},"end":{"line":11,"column":97}},"type":"cond-expr","locations":[{"start":{"line":11,"column":26},"end":{"line":11,"column":27}},{"start":{"line":11,"column":30},"end":{"line":11,"column":97}}],"line":11},"16":{"loc":{"start":{"line":11,"column":30},"end":{"line":11,"column":97}},"type":"cond-expr","locations":[{"start":{"line":11,"column":45},"end":{"line":11,"column":61}},{"start":{"line":11,"column":64},"end":{"line":11,"column":97}}],"line":11},"17":{"loc":{"start":{"line":11,"column":64},"end":{"line":11,"column":97}},"type":"cond-expr","locations":[{"start":{"line":11,"column":68},"end":{"line":11,"column":75}},{"start":{"line":11,"column":78},"end":{"line":11,"column":97}}],"line":11},"18":{"loc":{"start":{"line":13,"column":22},"end":{"line":15,"column":1}},"type":"binary-expr","locations":[{"start":{"line":13,"column":23},"end":{"line":13,"column":27}},{"start":{"line":13,"column":31},"end":{"line":13,"column":51}},{"start":{"line":13,"column":56},"end":{"line":15,"column":1}}],"line":13},"19":{"loc":{"start":{"line":14,"column":11},"end":{"line":14,"column":61}},"type":"cond-expr","locations":[{"start":{"line":14,"column":37},"end":{"line":14,"column":40}},{"start":{"line":14,"column":43},"end":{"line":14,"column":61}}],"line":14},"20":{"loc":{"start":{"line":14,"column":12},"end":{"line":14,"column":33}},"type":"binary-expr","locations":[{"start":{"line":14,"column":12},"end":{"line":14,"column":15}},{"start":{"line":14,"column":19},"end":{"line":14,"column":33}}],"line":14},"21":{"loc":{"start":{"line":90,"column":29},"end":{"line":90,"column":43}},"type":"cond-expr","locations":[{"start":{"line":90,"column":38},"end":{"line":90,"column":39}},{"start":{"line":90,"column":42},"end":{"line":90,"column":43}}],"line":90},"22":{"loc":{"start":{"line":108,"column":29},"end":{"line":108,"column":46}},"type":"cond-expr","locations":[{"start":{"line":108,"column":38},"end":{"line":108,"column":39}},{"start":{"line":108,"column":42},"end":{"line":108,"column":46}}],"line":108},"23":{"loc":{"start":{"line":137,"column":8},"end":{"line":145,"column":9}},"type":"if","locations":[{"start":{"line":137,"column":8},"end":{"line":145,"column":9}},{"start":{},"end":{}}],"line":137},"24":{"loc":{"start":{"line":173,"column":16},"end":{"line":173,"column":21}},"type":"default-arg","locations":[{"start":{"line":173,"column":20},"end":{"line":173,"column":21}}],"line":173}},"s":{"0":2,"1":3,"2":0,"3":3,"4":0,"5":3,"6":0,"7":3,"8":2,"9":22,"10":0,"11":22,"12":0,"13":22,"14":2,"15":2,"16":2,"17":2,"18":2,"19":1,"20":1,"21":1,"22":1,"23":1,"24":2,"25":2,"26":2,"27":2,"28":2,"29":10,"30":2,"31":2,"32":2,"33":2,"34":2,"35":10,"36":2,"37":10,"38":2,"39":2,"40":2,"41":2,"42":2,"43":10,"44":2,"45":10,"46":2,"47":2,"48":2,"49":2,"50":2,"51":2,"52":2,"53":10,"54":8,"55":2,"56":0,"57":2,"58":10,"59":2,"60":2,"61":2,"62":2,"63":2,"64":2,"65":10,"66":2,"67":2,"68":3,"69":3,"70":3,"71":2,"72":2,"73":2,"74":10,"75":2,"76":10,"77":2,"78":2,"79":2,"80":2,"81":2},"f":{"0":3,"1":22,"2":2,"3":1,"4":1,"5":1,"6":1,"7":1,"8":2,"9":2,"10":2,"11":2,"12":10,"13":2,"14":2,"15":2,"16":2,"17":10,"18":2,"19":10,"20":2,"21":2,"22":2,"23":2,"24":10,"25":2,"26":10,"27":2,"28":2,"29":2,"30":2,"31":2,"32":10,"33":8,"34":10,"35":2,"36":2,"37":2,"38":2,"39":2,"40":10,"41":2,"42":3,"43":2,"44":2,"45":2,"46":10,"47":2,"48":10,"49":2},"b":{"0":[2,2,2],"1":[0,3],"2":[0,3],"3":[3,0],"4":[0,3],"5":[0,3],"6":[0,0],"7":[0,3],"8":[0,3],"9":[2,2,2],"10":[0,22],"11":[22,0],"12":[0,22],"13":[0,22],"14":[0,0],"15":[0,22],"16":[0,22],"17":[0,22],"18":[2,2,2],"19":[2,0],"20":[2,2],"21":[10,0],"22":[8,2],"23":[0,2],"24":[2]},"inputSourceMap":null,"_coverageSchema":"1a1c01bbd47fc00a2c39e90264f33305004495a9","hash":"5a6337bf5d768470b86a99d8ccedc4034d8aa61e"}
,"C:\\Users\\Pratyush\\Desktop\\playground\\mnist\\nn\\narray\\index.js": {"path":"C:\\Users\\Pratyush\\Desktop\\playground\\mnist\\nn\\narray\\index.js","statementMap":{"0":{"start":{"line":2,"column":29},"end":{"line":7,"column":1}},"1":{"start":{"line":3,"column":4},"end":{"line":3,"column":76}},"2":{"start":{"line":3,"column":22},"end":{"line":3,"column":76}},"3":{"start":{"line":4,"column":4},"end":{"line":4,"column":97}},"4":{"start":{"line":4,"column":28},"end":{"line":4,"column":97}},"5":{"start":{"line":5,"column":4},"end":{"line":5,"column":182}},"6":{"start":{"line":5,"column":87},"end":{"line":5,"column":182}},"7":{"start":{"line":6,"column":4},"end":{"line":6,"column":110}},"8":{"start":{"line":8,"column":29},"end":{"line":12,"column":1}},"9":{"start":{"line":9,"column":4},"end":{"line":9,"column":97}},"10":{"start":{"line":9,"column":28},"end":{"line":9,"column":97}},"11":{"start":{"line":10,"column":4},"end":{"line":10,"column":183}},"12":{"start":{"line":10,"column":87},"end":{"line":10,"column":183}},"13":{"start":{"line":11,"column":4},"end":{"line":11,"column":98}},"14":{"start":{"line":14,"column":0},"end":{"line":14,"column":62}},"15":{"start":{"line":15,"column":0},"end":{"line":15,"column":24}},"16":{"start":{"line":16,"column":0},"end":{"line":16,"column":37}},"17":{"start":{"line":23,"column":8},"end":{"line":23,"column":36}},"18":{"start":{"line":24,"column":8},"end":{"line":24,"column":34}},"19":{"start":{"line":25,"column":8},"end":{"line":25,"column":51}},"20":{"start":{"line":26,"column":8},"end":{"line":26,"column":44}},"21":{"start":{"line":27,"column":8},"end":{"line":27,"column":53}},"22":{"start":{"line":28,"column":8},"end":{"line":28,"column":42}},"23":{"start":{"line":29,"column":8},"end":{"line":61,"column":9}},"24":{"start":{"line":30,"column":12},"end":{"line":30,"column":64}},"25":{"start":{"line":31,"column":12},"end":{"line":31,"column":119}},"26":{"start":{"line":32,"column":12},"end":{"line":32,"column":204}},"27":{"start":{"line":33,"column":12},"end":{"line":33,"column":221}},"28":{"start":{"line":34,"column":12},"end":{"line":34,"column":125}},"29":{"start":{"line":36,"column":12},"end":{"line":36,"column":189}},"30":{"start":{"line":37,"column":12},"end":{"line":44,"column":13}},"31":{"start":{"line":38,"column":16},"end":{"line":43,"column":13}},"32":{"start":{"line":46,"column":13},"end":{"line":61,"column":9}},"33":{"start":{"line":47,"column":12},"end":{"line":47,"column":74}},"34":{"start":{"line":48,"column":12},"end":{"line":48,"column":80}},"35":{"start":{"line":49,"column":12},"end":{"line":49,"column":84}},"36":{"start":{"line":50,"column":12},"end":{"line":50,"column":70}},"37":{"start":{"line":53,"column":12},"end":{"line":60,"column":9}},"38":{"start":{"line":68,"column":24},"end":{"line":68,"column":25}},"39":{"start":{"line":69,"column":8},"end":{"line":71,"column":9}},"40":{"start":{"line":69,"column":21},"end":{"line":69,"column":22}},"41":{"start":{"line":70,"column":12},"end":{"line":70,"column":34}},"42":{"start":{"line":72,"column":8},"end":{"line":72,"column":25}},"43":{"start":{"line":75,"column":8},"end":{"line":75,"column":72}},"44":{"start":{"line":78,"column":8},"end":{"line":78,"column":74}},"45":{"start":{"line":81,"column":8},"end":{"line":83,"column":9}},"46":{"start":{"line":82,"column":12},"end":{"line":82,"column":117}},"47":{"start":{"line":84,"column":8},"end":{"line":84,"column":65}},"48":{"start":{"line":87,"column":8},"end":{"line":87,"column":63}},"49":{"start":{"line":90,"column":8},"end":{"line":101,"column":9}},"50":{"start":{"line":91,"column":12},"end":{"line":94,"column":57}},"51":{"start":{"line":96,"column":13},"end":{"line":101,"column":9}},"52":{"start":{"line":97,"column":12},"end":{"line":100,"column":70}},"53":{"start":{"line":102,"column":8},"end":{"line":102,"column":79}},"54":{"start":{"line":108,"column":8},"end":{"line":108,"column":62}},"55":{"start":{"line":111,"column":16},"end":{"line":111,"column":91}},"56":{"start":{"line":111,"column":80},"end":{"line":111,"column":90}},"57":{"start":{"line":112,"column":8},"end":{"line":112,"column":17}},"58":{"start":{"line":115,"column":16},"end":{"line":115,"column":88}},"59":{"start":{"line":115,"column":77},"end":{"line":115,"column":87}},"60":{"start":{"line":116,"column":8},"end":{"line":116,"column":52}},"61":{"start":{"line":119,"column":8},"end":{"line":119,"column":85}},"62":{"start":{"line":119,"column":73},"end":{"line":119,"column":83}},"63":{"start":{"line":122,"column":23},"end":{"line":122,"column":24}},"64":{"start":{"line":122,"column":36},"end":{"line":122,"column":85}},"65":{"start":{"line":123,"column":8},"end":{"line":128,"column":9}},"66":{"start":{"line":123,"column":21},"end":{"line":123,"column":22}},"67":{"start":{"line":124,"column":12},"end":{"line":127,"column":13}},"68":{"start":{"line":125,"column":16},"end":{"line":125,"column":29}},"69":{"start":{"line":126,"column":16},"end":{"line":126,"column":76}},"70":{"start":{"line":129,"column":8},"end":{"line":129,"column":53}},"71":{"start":{"line":132,"column":8},"end":{"line":137,"column":9}},"72":{"start":{"line":133,"column":12},"end":{"line":136,"column":70}},"73":{"start":{"line":138,"column":8},"end":{"line":140,"column":9}},"74":{"start":{"line":139,"column":12},"end":{"line":139,"column":62}},"75":{"start":{"line":139,"column":53},"end":{"line":139,"column":58}},"76":{"start":{"line":141,"column":20},"end":{"line":141,"column":38}},"77":{"start":{"line":141,"column":51},"end":{"line":141,"column":67}},"78":{"start":{"line":141,"column":84},"end":{"line":141,"column":106}},"79":{"start":{"line":142,"column":20},"end":{"line":142,"column":22}},"80":{"start":{"line":142,"column":31},"end":{"line":142,"column":32}},"81":{"start":{"line":142,"column":38},"end":{"line":142,"column":39}},"82":{"start":{"line":142,"column":45},"end":{"line":142,"column":46}},"83":{"start":{"line":143,"column":8},"end":{"line":165,"column":9}},"84":{"start":{"line":143,"column":21},"end":{"line":143,"column":22}},"85":{"start":{"line":144,"column":12},"end":{"line":144,"column":70}},"86":{"start":{"line":145,"column":12},"end":{"line":145,"column":21}},"87":{"start":{"line":146,"column":12},"end":{"line":164,"column":13}},"88":{"start":{"line":147,"column":16},"end":{"line":147,"column":33}},"89":{"start":{"line":148,"column":16},"end":{"line":148,"column":25}},"90":{"start":{"line":149,"column":16},"end":{"line":162,"column":17}},"91":{"start":{"line":150,"column":20},"end":{"line":150,"column":24}},"92":{"start":{"line":152,"column":21},"end":{"line":162,"column":17}},"93":{"start":{"line":153,"column":20},"end":{"line":158,"column":21}},"94":{"start":{"line":154,"column":24},"end":{"line":154,"column":45}},"95":{"start":{"line":157,"column":24},"end":{"line":157,"column":28}},"96":{"start":{"line":161,"column":20},"end":{"line":161,"column":34}},"97":{"start":{"line":163,"column":16},"end":{"line":163,"column":22}},"98":{"start":{"line":167,"column":8},"end":{"line":172,"column":9}},"99":{"start":{"line":168,"column":12},"end":{"line":168,"column":85}},"100":{"start":{"line":171,"column":12},"end":{"line":171,"column":47}},"101":{"start":{"line":173,"column":8},"end":{"line":173,"column":54}},"102":{"start":{"line":176,"column":8},"end":{"line":181,"column":9}},"103":{"start":{"line":177,"column":12},"end":{"line":180,"column":70}},"104":{"start":{"line":182,"column":8},"end":{"line":206,"column":9}},"105":{"start":{"line":183,"column":24},"end":{"line":183,"column":26}},"106":{"start":{"line":183,"column":32},"end":{"line":183,"column":33}},"107":{"start":{"line":183,"column":39},"end":{"line":183,"column":40}},"108":{"start":{"line":184,"column":12},"end":{"line":184,"column":73}},"109":{"start":{"line":185,"column":12},"end":{"line":195,"column":13}},"110":{"start":{"line":185,"column":25},"end":{"line":185,"column":26}},"111":{"start":{"line":186,"column":16},"end":{"line":191,"column":17}},"112":{"start":{"line":187,"column":20},"end":{"line":187,"column":82}},"113":{"start":{"line":190,"column":20},"end":{"line":190,"column":34}},"114":{"start":{"line":192,"column":16},"end":{"line":194,"column":17}},"115":{"start":{"line":193,"column":20},"end":{"line":193,"column":24}},"116":{"start":{"line":196,"column":12},"end":{"line":196,"column":71}},"117":{"start":{"line":198,"column":13},"end":{"line":206,"column":9}},"118":{"start":{"line":199,"column":26},"end":{"line":199,"column":87}},"119":{"start":{"line":200,"column":24},"end":{"line":200,"column":26}},"120":{"start":{"line":201,"column":12},"end":{"line":201,"column":73}},"121":{"start":{"line":202,"column":12},"end":{"line":204,"column":13}},"122":{"start":{"line":202,"column":25},"end":{"line":202,"column":26}},"123":{"start":{"line":203,"column":16},"end":{"line":203,"column":97}},"124":{"start":{"line":205,"column":12},"end":{"line":205,"column":37}},"125":{"start":{"line":209,"column":20},"end":{"line":209,"column":22}},"126":{"start":{"line":210,"column":8},"end":{"line":239,"column":9}},"127":{"start":{"line":211,"column":23},"end":{"line":211,"column":24}},"128":{"start":{"line":212,"column":12},"end":{"line":212,"column":46}},"129":{"start":{"line":212,"column":36},"end":{"line":212,"column":44}},"130":{"start":{"line":214,"column":13},"end":{"line":239,"column":9}},"131":{"start":{"line":215,"column":23},"end":{"line":215,"column":37}},"132":{"start":{"line":216,"column":12},"end":{"line":216,"column":46}},"133":{"start":{"line":216,"column":36},"end":{"line":216,"column":44}},"134":{"start":{"line":218,"column":13},"end":{"line":239,"column":9}},"135":{"start":{"line":219,"column":23},"end":{"line":219,"column":72}},"136":{"start":{"line":220,"column":12},"end":{"line":220,"column":43}},"137":{"start":{"line":220,"column":33},"end":{"line":220,"column":41}},"138":{"start":{"line":221,"column":12},"end":{"line":221,"column":45}},"139":{"start":{"line":224,"column":12},"end":{"line":230,"column":13}},"140":{"start":{"line":225,"column":16},"end":{"line":229,"column":11}},"141":{"start":{"line":231,"column":12},"end":{"line":236,"column":13}},"142":{"start":{"line":232,"column":16},"end":{"line":235,"column":44}},"143":{"start":{"line":237,"column":12},"end":{"line":237,"column":28}},"144":{"start":{"line":238,"column":12},"end":{"line":238,"column":49}},"145":{"start":{"line":238,"column":39},"end":{"line":238,"column":47}},"146":{"start":{"line":240,"column":8},"end":{"line":240,"column":83}},"147":{"start":{"line":241,"column":8},"end":{"line":241,"column":21}},"148":{"start":{"line":244,"column":20},"end":{"line":244,"column":22}},"149":{"start":{"line":245,"column":8},"end":{"line":273,"column":9}},"150":{"start":{"line":246,"column":23},"end":{"line":246,"column":24}},"151":{"start":{"line":247,"column":12},"end":{"line":247,"column":46}},"152":{"start":{"line":247,"column":36},"end":{"line":247,"column":44}},"153":{"start":{"line":249,"column":13},"end":{"line":273,"column":9}},"154":{"start":{"line":250,"column":23},"end":{"line":250,"column":37}},"155":{"start":{"line":251,"column":12},"end":{"line":251,"column":46}},"156":{"start":{"line":251,"column":36},"end":{"line":251,"column":44}},"157":{"start":{"line":253,"column":13},"end":{"line":273,"column":9}},"158":{"start":{"line":254,"column":23},"end":{"line":254,"column":72}},"159":{"start":{"line":255,"column":12},"end":{"line":255,"column":43}},"160":{"start":{"line":255,"column":33},"end":{"line":255,"column":41}},"161":{"start":{"line":256,"column":12},"end":{"line":256,"column":45}},"162":{"start":{"line":259,"column":12},"end":{"line":264,"column":13}},"163":{"start":{"line":260,"column":16},"end":{"line":263,"column":56}},"164":{"start":{"line":265,"column":12},"end":{"line":270,"column":13}},"165":{"start":{"line":266,"column":16},"end":{"line":269,"column":44}},"166":{"start":{"line":271,"column":12},"end":{"line":271,"column":28}},"167":{"start":{"line":272,"column":12},"end":{"line":272,"column":49}},"168":{"start":{"line":272,"column":39},"end":{"line":272,"column":47}},"169":{"start":{"line":274,"column":8},"end":{"line":274,"column":83}},"170":{"start":{"line":275,"column":8},"end":{"line":275,"column":21}},"171":{"start":{"line":278,"column":20},"end":{"line":278,"column":22}},"172":{"start":{"line":279,"column":8},"end":{"line":306,"column":9}},"173":{"start":{"line":280,"column":12},"end":{"line":280,"column":42}},"174":{"start":{"line":280,"column":35},"end":{"line":280,"column":40}},"175":{"start":{"line":282,"column":13},"end":{"line":306,"column":9}},"176":{"start":{"line":283,"column":23},"end":{"line":283,"column":37}},"177":{"start":{"line":284,"column":12},"end":{"line":284,"column":46}},"178":{"start":{"line":284,"column":36},"end":{"line":284,"column":44}},"179":{"start":{"line":286,"column":13},"end":{"line":306,"column":9}},"180":{"start":{"line":287,"column":23},"end":{"line":287,"column":72}},"181":{"start":{"line":288,"column":12},"end":{"line":288,"column":43}},"182":{"start":{"line":288,"column":33},"end":{"line":288,"column":41}},"183":{"start":{"line":289,"column":12},"end":{"line":289,"column":45}},"184":{"start":{"line":292,"column":12},"end":{"line":297,"column":13}},"185":{"start":{"line":293,"column":16},"end":{"line":296,"column":54}},"186":{"start":{"line":298,"column":12},"end":{"line":303,"column":13}},"187":{"start":{"line":299,"column":16},"end":{"line":302,"column":44}},"188":{"start":{"line":304,"column":12},"end":{"line":304,"column":28}},"189":{"start":{"line":305,"column":12},"end":{"line":305,"column":49}},"190":{"start":{"line":305,"column":39},"end":{"line":305,"column":47}},"191":{"start":{"line":307,"column":8},"end":{"line":307,"column":34}},"192":{"start":{"line":308,"column":8},"end":{"line":308,"column":83}},"193":{"start":{"line":309,"column":8},"end":{"line":309,"column":21}},"194":{"start":{"line":312,"column":20},"end":{"line":312,"column":22}},"195":{"start":{"line":313,"column":8},"end":{"line":347,"column":9}},"196":{"start":{"line":314,"column":12},"end":{"line":314,"column":21}},"197":{"start":{"line":315,"column":12},"end":{"line":315,"column":46}},"198":{"start":{"line":315,"column":36},"end":{"line":315,"column":44}},"199":{"start":{"line":317,"column":13},"end":{"line":347,"column":9}},"200":{"start":{"line":318,"column":12},"end":{"line":318,"column":34}},"201":{"start":{"line":319,"column":12},"end":{"line":319,"column":46}},"202":{"start":{"line":319,"column":36},"end":{"line":319,"column":44}},"203":{"start":{"line":321,"column":13},"end":{"line":347,"column":9}},"204":{"start":{"line":322,"column":12},"end":{"line":322,"column":69}},"205":{"start":{"line":323,"column":12},"end":{"line":323,"column":43}},"206":{"start":{"line":323,"column":33},"end":{"line":323,"column":41}},"207":{"start":{"line":324,"column":12},"end":{"line":324,"column":45}},"208":{"start":{"line":327,"column":12},"end":{"line":332,"column":13}},"209":{"start":{"line":328,"column":16},"end":{"line":331,"column":56}},"210":{"start":{"line":333,"column":12},"end":{"line":338,"column":13}},"211":{"start":{"line":334,"column":16},"end":{"line":337,"column":155}},"212":{"start":{"line":339,"column":12},"end":{"line":344,"column":13}},"213":{"start":{"line":340,"column":16},"end":{"line":343,"column":44}},"214":{"start":{"line":345,"column":12},"end":{"line":345,"column":28}},"215":{"start":{"line":346,"column":12},"end":{"line":346,"column":49}},"216":{"start":{"line":346,"column":39},"end":{"line":346,"column":47}},"217":{"start":{"line":348,"column":8},"end":{"line":348,"column":34}},"218":{"start":{"line":349,"column":8},"end":{"line":349,"column":83}},"219":{"start":{"line":350,"column":8},"end":{"line":350,"column":21}},"220":{"start":{"line":353,"column":20},"end":{"line":353,"column":22}},"221":{"start":{"line":354,"column":8},"end":{"line":381,"column":9}},"222":{"start":{"line":355,"column":12},"end":{"line":355,"column":52}},"223":{"start":{"line":355,"column":36},"end":{"line":355,"column":50}},"224":{"start":{"line":357,"column":13},"end":{"line":381,"column":9}},"225":{"start":{"line":358,"column":23},"end":{"line":358,"column":37}},"226":{"start":{"line":359,"column":12},"end":{"line":359,"column":55}},"227":{"start":{"line":359,"column":36},"end":{"line":359,"column":53}},"228":{"start":{"line":361,"column":13},"end":{"line":381,"column":9}},"229":{"start":{"line":362,"column":23},"end":{"line":362,"column":72}},"230":{"start":{"line":363,"column":12},"end":{"line":363,"column":52}},"231":{"start":{"line":363,"column":33},"end":{"line":363,"column":50}},"232":{"start":{"line":364,"column":12},"end":{"line":364,"column":45}},"233":{"start":{"line":367,"column":12},"end":{"line":372,"column":13}},"234":{"start":{"line":368,"column":16},"end":{"line":371,"column":54}},"235":{"start":{"line":373,"column":12},"end":{"line":378,"column":13}},"236":{"start":{"line":374,"column":16},"end":{"line":377,"column":44}},"237":{"start":{"line":379,"column":12},"end":{"line":379,"column":28}},"238":{"start":{"line":380,"column":12},"end":{"line":380,"column":58}},"239":{"start":{"line":380,"column":39},"end":{"line":380,"column":56}},"240":{"start":{"line":382,"column":8},"end":{"line":382,"column":34}},"241":{"start":{"line":383,"column":8},"end":{"line":383,"column":83}},"242":{"start":{"line":384,"column":8},"end":{"line":384,"column":21}},"243":{"start":{"line":387,"column":8},"end":{"line":392,"column":9}},"244":{"start":{"line":388,"column":12},"end":{"line":391,"column":52}},"245":{"start":{"line":393,"column":8},"end":{"line":395,"column":9}},"246":{"start":{"line":394,"column":12},"end":{"line":394,"column":37}},"247":{"start":{"line":396,"column":8},"end":{"line":404,"column":9}},"248":{"start":{"line":397,"column":12},"end":{"line":402,"column":13}},"249":{"start":{"line":398,"column":16},"end":{"line":401,"column":153}},"250":{"start":{"line":403,"column":12},"end":{"line":403,"column":31}},"251":{"start":{"line":405,"column":23},"end":{"line":405,"column":33}},"252":{"start":{"line":405,"column":44},"end":{"line":405,"column":51}},"253":{"start":{"line":406,"column":8},"end":{"line":411,"column":9}},"254":{"start":{"line":407,"column":12},"end":{"line":410,"column":60}},"255":{"start":{"line":412,"column":8},"end":{"line":419,"column":9}},"256":{"start":{"line":413,"column":12},"end":{"line":418,"column":13}},"257":{"start":{"line":414,"column":16},"end":{"line":417,"column":71}},"258":{"start":{"line":420,"column":8},"end":{"line":427,"column":9}},"259":{"start":{"line":421,"column":12},"end":{"line":426,"column":13}},"260":{"start":{"line":422,"column":16},"end":{"line":425,"column":99}},"261":{"start":{"line":428,"column":25},"end":{"line":432,"column":9}},"262":{"start":{"line":433,"column":20},"end":{"line":433,"column":22}},"263":{"start":{"line":433,"column":31},"end":{"line":433,"column":32}},"264":{"start":{"line":433,"column":38},"end":{"line":433,"column":39}},"265":{"start":{"line":433,"column":45},"end":{"line":433,"column":46}},"266":{"start":{"line":433,"column":52},"end":{"line":433,"column":53}},"267":{"start":{"line":433,"column":59},"end":{"line":433,"column":60}},"268":{"start":{"line":433,"column":66},"end":{"line":433,"column":67}},"269":{"start":{"line":433,"column":73},"end":{"line":433,"column":74}},"270":{"start":{"line":433,"column":83},"end":{"line":433,"column":94}},"271":{"start":{"line":433,"column":105},"end":{"line":433,"column":113}},"272":{"start":{"line":433,"column":128},"end":{"line":433,"column":157}},"273":{"start":{"line":433,"column":149},"end":{"line":433,"column":156}},"274":{"start":{"line":433,"column":172},"end":{"line":433,"column":201}},"275":{"start":{"line":433,"column":193},"end":{"line":433,"column":200}},"276":{"start":{"line":433,"column":214},"end":{"line":433,"column":283}},"277":{"start":{"line":434,"column":8},"end":{"line":439,"column":9}},"278":{"start":{"line":436,"column":12},"end":{"line":436,"column":32}},"279":{"start":{"line":437,"column":12},"end":{"line":437,"column":32}},"280":{"start":{"line":438,"column":12},"end":{"line":438,"column":57}},"281":{"start":{"line":440,"column":8},"end":{"line":443,"column":9}},"282":{"start":{"line":441,"column":12},"end":{"line":441,"column":32}},"283":{"start":{"line":442,"column":12},"end":{"line":442,"column":32}},"284":{"start":{"line":444,"column":27},"end":{"line":444,"column":60}},"285":{"start":{"line":444,"column":75},"end":{"line":444,"column":108}},"286":{"start":{"line":444,"column":119},"end":{"line":444,"column":152}},"287":{"start":{"line":444,"column":165},"end":{"line":444,"column":184}},"288":{"start":{"line":445,"column":8},"end":{"line":470,"column":9}},"289":{"start":{"line":445,"column":21},"end":{"line":445,"column":22}},"290":{"start":{"line":446,"column":12},"end":{"line":446,"column":84}},"291":{"start":{"line":447,"column":12},"end":{"line":447,"column":16}},"292":{"start":{"line":448,"column":12},"end":{"line":448,"column":28}},"293":{"start":{"line":449,"column":12},"end":{"line":456,"column":13}},"294":{"start":{"line":450,"column":16},"end":{"line":455,"column":17}},"295":{"start":{"line":451,"column":20},"end":{"line":451,"column":33}},"296":{"start":{"line":454,"column":20},"end":{"line":454,"column":34}},"297":{"start":{"line":457,"column":12},"end":{"line":462,"column":13}},"298":{"start":{"line":458,"column":16},"end":{"line":458,"column":20}},"299":{"start":{"line":459,"column":16},"end":{"line":459,"column":35}},"300":{"start":{"line":460,"column":16},"end":{"line":460,"column":22}},"301":{"start":{"line":461,"column":16},"end":{"line":461,"column":22}},"302":{"start":{"line":463,"column":12},"end":{"line":469,"column":13}},"303":{"start":{"line":464,"column":16},"end":{"line":464,"column":20}},"304":{"start":{"line":465,"column":16},"end":{"line":465,"column":35}},"305":{"start":{"line":466,"column":16},"end":{"line":466,"column":22}},"306":{"start":{"line":467,"column":16},"end":{"line":467,"column":33}},"307":{"start":{"line":468,"column":16},"end":{"line":468,"column":25}},"308":{"start":{"line":471,"column":8},"end":{"line":471,"column":54}},"309":{"start":{"line":479,"column":22},"end":{"line":479,"column":80}},"310":{"start":{"line":480,"column":8},"end":{"line":480,"column":59}},"311":{"start":{"line":481,"column":8},"end":{"line":481,"column":59}},"312":{"start":{"line":482,"column":8},"end":{"line":482,"column":21}},"313":{"start":{"line":490,"column":34},"end":{"line":490,"column":70}},"314":{"start":{"line":490,"column":54},"end":{"line":490,"column":62}},"315":{"start":{"line":491,"column":26},"end":{"line":491,"column":55}},"316":{"start":{"line":491,"column":46},"end":{"line":491,"column":54}},"317":{"start":{"line":492,"column":23},"end":{"line":492,"column":57}},"318":{"start":{"line":493,"column":8},"end":{"line":500,"column":9}},"319":{"start":{"line":494,"column":31},"end":{"line":494,"column":32}},"320":{"start":{"line":495,"column":12},"end":{"line":495,"column":48}},"321":{"start":{"line":496,"column":12},"end":{"line":496,"column":68}},"322":{"start":{"line":496,"column":38},"end":{"line":496,"column":65}},"323":{"start":{"line":498,"column":13},"end":{"line":500,"column":9}},"324":{"start":{"line":499,"column":12},"end":{"line":499,"column":91}},"325":{"start":{"line":501,"column":8},"end":{"line":506,"column":9}},"326":{"start":{"line":502,"column":12},"end":{"line":505,"column":156}},"327":{"start":{"line":507,"column":8},"end":{"line":507,"column":72}},"328":{"start":{"line":508,"column":8},"end":{"line":508,"column":121}},"329":{"start":{"line":509,"column":8},"end":{"line":509,"column":70}},"330":{"start":{"line":510,"column":8},"end":{"line":510,"column":20}},"331":{"start":{"line":516,"column":8},"end":{"line":516,"column":32}},"332":{"start":{"line":527,"column":20},"end":{"line":527,"column":22}},"333":{"start":{"line":528,"column":8},"end":{"line":535,"column":9}},"334":{"start":{"line":529,"column":12},"end":{"line":531,"column":13}},"335":{"start":{"line":529,"column":25},"end":{"line":529,"column":26}},"336":{"start":{"line":530,"column":16},"end":{"line":530,"column":108}},"337":{"start":{"line":534,"column":12},"end":{"line":534,"column":106}},"338":{"start":{"line":536,"column":8},"end":{"line":536,"column":21}},"339":{"start":{"line":539,"column":8},"end":{"line":539,"column":26}},"340":{"start":{"line":547,"column":8},"end":{"line":547,"column":50}},"341":{"start":{"line":550,"column":8},"end":{"line":562,"column":9}},"342":{"start":{"line":551,"column":27},"end":{"line":551,"column":29}},"343":{"start":{"line":552,"column":12},"end":{"line":554,"column":13}},"344":{"start":{"line":552,"column":25},"end":{"line":552,"column":26}},"345":{"start":{"line":553,"column":16},"end":{"line":553,"column":32}},"346":{"start":{"line":555,"column":12},"end":{"line":555,"column":74}},"347":{"start":{"line":556,"column":12},"end":{"line":556,"column":30}},"348":{"start":{"line":557,"column":12},"end":{"line":557,"column":88}},"349":{"start":{"line":558,"column":12},"end":{"line":560,"column":13}},"350":{"start":{"line":558,"column":25},"end":{"line":558,"column":26}},"351":{"start":{"line":559,"column":16},"end":{"line":559,"column":32}},"352":{"start":{"line":561,"column":12},"end":{"line":561,"column":28}},"353":{"start":{"line":563,"column":8},"end":{"line":563,"column":41}},"354":{"start":{"line":566,"column":8},"end":{"line":566,"column":25}},"355":{"start":{"line":573,"column":21},"end":{"line":573,"column":23}},"356":{"start":{"line":574,"column":22},"end":{"line":574,"column":52}},"357":{"start":{"line":575,"column":8},"end":{"line":577,"column":9}},"358":{"start":{"line":575,"column":21},"end":{"line":575,"column":22}},"359":{"start":{"line":576,"column":12},"end":{"line":576,"column":25}},"360":{"start":{"line":578,"column":8},"end":{"line":578,"column":50}},"361":{"start":{"line":587,"column":8},"end":{"line":590,"column":9}},"362":{"start":{"line":588,"column":12},"end":{"line":588,"column":24}},"363":{"start":{"line":589,"column":12},"end":{"line":589,"column":22}},"364":{"start":{"line":591,"column":8},"end":{"line":595,"column":9}},"365":{"start":{"line":592,"column":25},"end":{"line":592,"column":28}},"366":{"start":{"line":593,"column":12},"end":{"line":593,"column":24}},"367":{"start":{"line":594,"column":12},"end":{"line":594,"column":25}},"368":{"start":{"line":596,"column":23},"end":{"line":596,"column":25}},"369":{"start":{"line":597,"column":8},"end":{"line":599,"column":9}},"370":{"start":{"line":597,"column":21},"end":{"line":597,"column":26}},"371":{"start":{"line":598,"column":12},"end":{"line":598,"column":27}},"372":{"start":{"line":600,"column":8},"end":{"line":600,"column":34}},"373":{"start":{"line":606,"column":19},"end":{"line":606,"column":32}},"374":{"start":{"line":607,"column":19},"end":{"line":607,"column":32}},"375":{"start":{"line":608,"column":18},"end":{"line":608,"column":79}},"376":{"start":{"line":609,"column":8},"end":{"line":609,"column":32}},"377":{"start":{"line":612,"column":8},"end":{"line":612,"column":45}},"378":{"start":{"line":615,"column":0},"end":{"line":615,"column":24}},"379":{"start":{"line":616,"column":0},"end":{"line":699,"column":2}},"380":{"start":{"line":621,"column":15},"end":{"line":621,"column":17}},"381":{"start":{"line":622,"column":4},"end":{"line":629,"column":5}},"382":{"start":{"line":623,"column":8},"end":{"line":623,"column":28}},"383":{"start":{"line":624,"column":8},"end":{"line":624,"column":121}},"384":{"start":{"line":625,"column":8},"end":{"line":625,"column":20}},"385":{"start":{"line":628,"column":8},"end":{"line":628,"column":20}},"386":{"start":{"line":635,"column":16},"end":{"line":635,"column":18}},"387":{"start":{"line":636,"column":4},"end":{"line":644,"column":5}},"388":{"start":{"line":636,"column":17},"end":{"line":636,"column":18}},"389":{"start":{"line":637,"column":8},"end":{"line":643,"column":9}},"390":{"start":{"line":638,"column":12},"end":{"line":638,"column":26}},"391":{"start":{"line":641,"column":12},"end":{"line":641,"column":34}},"392":{"start":{"line":642,"column":12},"end":{"line":642,"column":53}},"393":{"start":{"line":642,"column":45},"end":{"line":642,"column":50}},"394":{"start":{"line":645,"column":4},"end":{"line":645,"column":17}},"395":{"start":{"line":652,"column":4},"end":{"line":676,"column":5}},"396":{"start":{"line":653,"column":8},"end":{"line":669,"column":9}},"397":{"start":{"line":654,"column":29},"end":{"line":654,"column":30}},"398":{"start":{"line":655,"column":12},"end":{"line":657,"column":15}},"399":{"start":{"line":656,"column":16},"end":{"line":656,"column":50}},"400":{"start":{"line":658,"column":12},"end":{"line":658,"column":78}},"401":{"start":{"line":661,"column":24},"end":{"line":661,"column":26}},"402":{"start":{"line":661,"column":40},"end":{"line":661,"column":63}},"403":{"start":{"line":662,"column":12},"end":{"line":664,"column":13}},"404":{"start":{"line":663,"column":16},"end":{"line":663,"column":52}},"405":{"start":{"line":665,"column":12},"end":{"line":667,"column":13}},"406":{"start":{"line":665,"column":25},"end":{"line":665,"column":26}},"407":{"start":{"line":666,"column":16},"end":{"line":666,"column":116}},"408":{"start":{"line":668,"column":12},"end":{"line":668,"column":25}},"409":{"start":{"line":672,"column":8},"end":{"line":675,"column":165}},"410":{"start":{"line":682,"column":16},"end":{"line":682,"column":18}},"411":{"start":{"line":684,"column":4},"end":{"line":698,"column":5}},"412":{"start":{"line":685,"column":8},"end":{"line":685,"column":17}},"413":{"start":{"line":688,"column":8},"end":{"line":696,"column":11}},"414":{"start":{"line":689,"column":12},"end":{"line":694,"column":13}},"415":{"start":{"line":690,"column":16},"end":{"line":690,"column":35}},"416":{"start":{"line":693,"column":16},"end":{"line":693,"column":107}},"417":{"start":{"line":695,"column":12},"end":{"line":695,"column":40}},"418":{"start":{"line":697,"column":8},"end":{"line":697,"column":21}},"419":{"start":{"line":700,"column":0},"end":{"line":700,"column":25}}},"fnMap":{"0":{"name":"(anonymous_0)","decl":{"start":{"line":2,"column":70},"end":{"line":2,"column":71}},"loc":{"start":{"line":2,"column":113},"end":{"line":7,"column":1}},"line":2},"1":{"name":"(anonymous_1)","decl":{"start":{"line":8,"column":70},"end":{"line":8,"column":71}},"loc":{"start":{"line":8,"column":106},"end":{"line":12,"column":1}},"line":8},"2":{"name":"(anonymous_2)","decl":{"start":{"line":18,"column":4},"end":{"line":18,"column":5}},"loc":{"start":{"line":18,"column":21},"end":{"line":62,"column":5}},"line":18},"3":{"name":"(anonymous_3)","decl":{"start":{"line":63,"column":4},"end":{"line":63,"column":5}},"loc":{"start":{"line":63,"column":35},"end":{"line":73,"column":5}},"line":63},"4":{"name":"(anonymous_4)","decl":{"start":{"line":74,"column":4},"end":{"line":74,"column":5}},"loc":{"start":{"line":74,"column":16},"end":{"line":76,"column":5}},"line":74},"5":{"name":"(anonymous_5)","decl":{"start":{"line":77,"column":4},"end":{"line":77,"column":5}},"loc":{"start":{"line":77,"column":18},"end":{"line":79,"column":5}},"line":77},"6":{"name":"(anonymous_6)","decl":{"start":{"line":80,"column":4},"end":{"line":80,"column":5}},"loc":{"start":{"line":80,"column":17},"end":{"line":85,"column":5}},"line":80},"7":{"name":"(anonymous_7)","decl":{"start":{"line":86,"column":4},"end":{"line":86,"column":5}},"loc":{"start":{"line":86,"column":15},"end":{"line":88,"column":5}},"line":86},"8":{"name":"(anonymous_8)","decl":{"start":{"line":89,"column":4},"end":{"line":89,"column":5}},"loc":{"start":{"line":89,"column":28},"end":{"line":103,"column":5}},"line":89},"9":{"name":"(anonymous_9)","decl":{"start":{"line":104,"column":4},"end":{"line":104,"column":5}},"loc":{"start":{"line":104,"column":14},"end":{"line":109,"column":5}},"line":104},"10":{"name":"(anonymous_10)","decl":{"start":{"line":110,"column":4},"end":{"line":110,"column":5}},"loc":{"start":{"line":110,"column":17},"end":{"line":113,"column":5}},"line":110},"11":{"name":"(anonymous_11)","decl":{"start":{"line":111,"column":70},"end":{"line":111,"column":71}},"loc":{"start":{"line":111,"column":80},"end":{"line":111,"column":90}},"line":111},"12":{"name":"(anonymous_12)","decl":{"start":{"line":114,"column":4},"end":{"line":114,"column":5}},"loc":{"start":{"line":114,"column":14},"end":{"line":117,"column":5}},"line":114},"13":{"name":"(anonymous_13)","decl":{"start":{"line":115,"column":67},"end":{"line":115,"column":68}},"loc":{"start":{"line":115,"column":77},"end":{"line":115,"column":87}},"line":115},"14":{"name":"(anonymous_14)","decl":{"start":{"line":118,"column":4},"end":{"line":118,"column":5}},"loc":{"start":{"line":118,"column":18},"end":{"line":120,"column":5}},"line":118},"15":{"name":"(anonymous_15)","decl":{"start":{"line":119,"column":63},"end":{"line":119,"column":64}},"loc":{"start":{"line":119,"column":73},"end":{"line":119,"column":83}},"line":119},"16":{"name":"(anonymous_16)","decl":{"start":{"line":121,"column":4},"end":{"line":121,"column":5}},"loc":{"start":{"line":121,"column":10},"end":{"line":130,"column":5}},"line":121},"17":{"name":"(anonymous_17)","decl":{"start":{"line":131,"column":4},"end":{"line":131,"column":5}},"loc":{"start":{"line":131,"column":26},"end":{"line":174,"column":5}},"line":131},"18":{"name":"(anonymous_18)","decl":{"start":{"line":139,"column":43},"end":{"line":139,"column":44}},"loc":{"start":{"line":139,"column":53},"end":{"line":139,"column":58}},"line":139},"19":{"name":"(anonymous_19)","decl":{"start":{"line":175,"column":4},"end":{"line":175,"column":5}},"loc":{"start":{"line":175,"column":11},"end":{"line":207,"column":5}},"line":175},"20":{"name":"(anonymous_20)","decl":{"start":{"line":208,"column":4},"end":{"line":208,"column":5}},"loc":{"start":{"line":208,"column":11},"end":{"line":242,"column":5}},"line":208},"21":{"name":"(anonymous_21)","decl":{"start":{"line":212,"column":29},"end":{"line":212,"column":30}},"loc":{"start":{"line":212,"column":36},"end":{"line":212,"column":44}},"line":212},"22":{"name":"(anonymous_22)","decl":{"start":{"line":216,"column":29},"end":{"line":216,"column":30}},"loc":{"start":{"line":216,"column":36},"end":{"line":216,"column":44}},"line":216},"23":{"name":"(anonymous_23)","decl":{"start":{"line":220,"column":26},"end":{"line":220,"column":27}},"loc":{"start":{"line":220,"column":33},"end":{"line":220,"column":41}},"line":220},"24":{"name":"(anonymous_24)","decl":{"start":{"line":238,"column":29},"end":{"line":238,"column":30}},"loc":{"start":{"line":238,"column":39},"end":{"line":238,"column":47}},"line":238},"25":{"name":"(anonymous_25)","decl":{"start":{"line":243,"column":4},"end":{"line":243,"column":5}},"loc":{"start":{"line":243,"column":11},"end":{"line":276,"column":5}},"line":243},"26":{"name":"(anonymous_26)","decl":{"start":{"line":247,"column":29},"end":{"line":247,"column":30}},"loc":{"start":{"line":247,"column":36},"end":{"line":247,"column":44}},"line":247},"27":{"name":"(anonymous_27)","decl":{"start":{"line":251,"column":29},"end":{"line":251,"column":30}},"loc":{"start":{"line":251,"column":36},"end":{"line":251,"column":44}},"line":251},"28":{"name":"(anonymous_28)","decl":{"start":{"line":255,"column":26},"end":{"line":255,"column":27}},"loc":{"start":{"line":255,"column":33},"end":{"line":255,"column":41}},"line":255},"29":{"name":"(anonymous_29)","decl":{"start":{"line":272,"column":29},"end":{"line":272,"column":30}},"loc":{"start":{"line":272,"column":39},"end":{"line":272,"column":47}},"line":272},"30":{"name":"(anonymous_30)","decl":{"start":{"line":277,"column":4},"end":{"line":277,"column":5}},"loc":{"start":{"line":277,"column":11},"end":{"line":310,"column":5}},"line":277},"31":{"name":"(anonymous_31)","decl":{"start":{"line":280,"column":28},"end":{"line":280,"column":29}},"loc":{"start":{"line":280,"column":35},"end":{"line":280,"column":40}},"line":280},"32":{"name":"(anonymous_32)","decl":{"start":{"line":284,"column":29},"end":{"line":284,"column":30}},"loc":{"start":{"line":284,"column":36},"end":{"line":284,"column":44}},"line":284},"33":{"name":"(anonymous_33)","decl":{"start":{"line":288,"column":26},"end":{"line":288,"column":27}},"loc":{"start":{"line":288,"column":33},"end":{"line":288,"column":41}},"line":288},"34":{"name":"(anonymous_34)","decl":{"start":{"line":305,"column":29},"end":{"line":305,"column":30}},"loc":{"start":{"line":305,"column":39},"end":{"line":305,"column":47}},"line":305},"35":{"name":"(anonymous_35)","decl":{"start":{"line":311,"column":4},"end":{"line":311,"column":5}},"loc":{"start":{"line":311,"column":11},"end":{"line":351,"column":5}},"line":311},"36":{"name":"(anonymous_36)","decl":{"start":{"line":315,"column":29},"end":{"line":315,"column":30}},"loc":{"start":{"line":315,"column":36},"end":{"line":315,"column":44}},"line":315},"37":{"name":"(anonymous_37)","decl":{"start":{"line":319,"column":29},"end":{"line":319,"column":30}},"loc":{"start":{"line":319,"column":36},"end":{"line":319,"column":44}},"line":319},"38":{"name":"(anonymous_38)","decl":{"start":{"line":323,"column":26},"end":{"line":323,"column":27}},"loc":{"start":{"line":323,"column":33},"end":{"line":323,"column":41}},"line":323},"39":{"name":"(anonymous_39)","decl":{"start":{"line":346,"column":29},"end":{"line":346,"column":30}},"loc":{"start":{"line":346,"column":39},"end":{"line":346,"column":47}},"line":346},"40":{"name":"(anonymous_40)","decl":{"start":{"line":352,"column":4},"end":{"line":352,"column":5}},"loc":{"start":{"line":352,"column":11},"end":{"line":385,"column":5}},"line":352},"41":{"name":"(anonymous_41)","decl":{"start":{"line":355,"column":29},"end":{"line":355,"column":30}},"loc":{"start":{"line":355,"column":36},"end":{"line":355,"column":50}},"line":355},"42":{"name":"(anonymous_42)","decl":{"start":{"line":359,"column":29},"end":{"line":359,"column":30}},"loc":{"start":{"line":359,"column":36},"end":{"line":359,"column":53}},"line":359},"43":{"name":"(anonymous_43)","decl":{"start":{"line":363,"column":26},"end":{"line":363,"column":27}},"loc":{"start":{"line":363,"column":33},"end":{"line":363,"column":50}},"line":363},"44":{"name":"(anonymous_44)","decl":{"start":{"line":380,"column":29},"end":{"line":380,"column":30}},"loc":{"start":{"line":380,"column":39},"end":{"line":380,"column":56}},"line":380},"45":{"name":"(anonymous_45)","decl":{"start":{"line":386,"column":4},"end":{"line":386,"column":5}},"loc":{"start":{"line":386,"column":11},"end":{"line":472,"column":5}},"line":386},"46":{"name":"(anonymous_46)","decl":{"start":{"line":433,"column":142},"end":{"line":433,"column":143}},"loc":{"start":{"line":433,"column":149},"end":{"line":433,"column":156}},"line":433},"47":{"name":"(anonymous_47)","decl":{"start":{"line":433,"column":186},"end":{"line":433,"column":187}},"loc":{"start":{"line":433,"column":193},"end":{"line":433,"column":200}},"line":433},"48":{"name":"(anonymous_48)","decl":{"start":{"line":473,"column":4},"end":{"line":473,"column":5}},"loc":{"start":{"line":473,"column":16},"end":{"line":483,"column":5}},"line":473},"49":{"name":"(anonymous_49)","decl":{"start":{"line":484,"column":4},"end":{"line":484,"column":5}},"loc":{"start":{"line":484,"column":22},"end":{"line":511,"column":5}},"line":484},"50":{"name":"(anonymous_50)","decl":{"start":{"line":490,"column":47},"end":{"line":490,"column":48}},"loc":{"start":{"line":490,"column":54},"end":{"line":490,"column":62}},"line":490},"51":{"name":"(anonymous_51)","decl":{"start":{"line":491,"column":39},"end":{"line":491,"column":40}},"loc":{"start":{"line":491,"column":46},"end":{"line":491,"column":54}},"line":491},"52":{"name":"(anonymous_52)","decl":{"start":{"line":496,"column":30},"end":{"line":496,"column":31}},"loc":{"start":{"line":496,"column":38},"end":{"line":496,"column":65}},"line":496},"53":{"name":"(anonymous_53)","decl":{"start":{"line":512,"column":4},"end":{"line":512,"column":5}},"loc":{"start":{"line":512,"column":12},"end":{"line":517,"column":5}},"line":512},"54":{"name":"(anonymous_54)","decl":{"start":{"line":518,"column":4},"end":{"line":518,"column":5}},"loc":{"start":{"line":518,"column":17},"end":{"line":537,"column":5}},"line":518},"55":{"name":"(anonymous_55)","decl":{"start":{"line":538,"column":4},"end":{"line":538,"column":5}},"loc":{"start":{"line":538,"column":15},"end":{"line":540,"column":5}},"line":538},"56":{"name":"(anonymous_56)","decl":{"start":{"line":541,"column":4},"end":{"line":541,"column":5}},"loc":{"start":{"line":541,"column":14},"end":{"line":548,"column":5}},"line":541},"57":{"name":"(anonymous_57)","decl":{"start":{"line":549,"column":4},"end":{"line":549,"column":5}},"loc":{"start":{"line":549,"column":15},"end":{"line":564,"column":5}},"line":549},"58":{"name":"(anonymous_58)","decl":{"start":{"line":565,"column":4},"end":{"line":565,"column":5}},"loc":{"start":{"line":565,"column":14},"end":{"line":567,"column":5}},"line":565},"59":{"name":"(anonymous_59)","decl":{"start":{"line":568,"column":4},"end":{"line":568,"column":5}},"loc":{"start":{"line":568,"column":27},"end":{"line":579,"column":5}},"line":568},"60":{"name":"(anonymous_60)","decl":{"start":{"line":580,"column":4},"end":{"line":580,"column":5}},"loc":{"start":{"line":580,"column":56},"end":{"line":601,"column":5}},"line":580},"61":{"name":"(anonymous_61)","decl":{"start":{"line":602,"column":4},"end":{"line":602,"column":5}},"loc":{"start":{"line":602,"column":38},"end":{"line":610,"column":5}},"line":602},"62":{"name":"(anonymous_62)","decl":{"start":{"line":611,"column":4},"end":{"line":611,"column":5}},"loc":{"start":{"line":611,"column":32},"end":{"line":613,"column":5}},"line":611},"63":{"name":"_NArray_computeShape","decl":{"start":{"line":616,"column":238},"end":{"line":616,"column":258}},"loc":{"start":{"line":616,"column":262},"end":{"line":630,"column":1}},"line":616},"64":{"name":"_NArray_computeStrides","decl":{"start":{"line":630,"column":37},"end":{"line":630,"column":59}},"loc":{"start":{"line":630,"column":70},"end":{"line":646,"column":1}},"line":630},"65":{"name":"(anonymous_65)","decl":{"start":{"line":642,"column":35},"end":{"line":642,"column":36}},"loc":{"start":{"line":642,"column":45},"end":{"line":642,"column":50}},"line":642},"66":{"name":"_NArray_get","decl":{"start":{"line":646,"column":26},"end":{"line":646,"column":37}},"loc":{"start":{"line":646,"column":47},"end":{"line":677,"column":1}},"line":646},"67":{"name":"(anonymous_67)","decl":{"start":{"line":655,"column":25},"end":{"line":655,"column":26}},"loc":{"start":{"line":655,"column":35},"end":{"line":657,"column":13}},"line":655},"68":{"name":"_NArray_flatten","decl":{"start":{"line":677,"column":30},"end":{"line":677,"column":45}},"loc":{"start":{"line":677,"column":98},"end":{"line":699,"column":1}},"line":677},"69":{"name":"(anonymous_69)","decl":{"start":{"line":688,"column":18},"end":{"line":688,"column":19}},"loc":{"start":{"line":688,"column":25},"end":{"line":696,"column":9}},"line":688}},"branchMap":{"0":{"loc":{"start":{"line":2,"column":29},"end":{"line":7,"column":1}},"type":"binary-expr","locations":[{"start":{"line":2,"column":30},"end":{"line":2,"column":34}},{"start":{"line":2,"column":38},"end":{"line":2,"column":65}},{"start":{"line":2,"column":70},"end":{"line":7,"column":1}}],"line":2},"1":{"loc":{"start":{"line":3,"column":4},"end":{"line":3,"column":76}},"type":"if","locations":[{"start":{"line":3,"column":4},"end":{"line":3,"column":76}},{"start":{},"end":{}}],"line":3},"2":{"loc":{"start":{"line":4,"column":4},"end":{"line":4,"column":97}},"type":"if","locations":[{"start":{"line":4,"column":4},"end":{"line":4,"column":97}},{"start":{},"end":{}}],"line":4},"3":{"loc":{"start":{"line":4,"column":8},"end":{"line":4,"column":26}},"type":"binary-expr","locations":[{"start":{"line":4,"column":8},"end":{"line":4,"column":20}},{"start":{"line":4,"column":24},"end":{"line":4,"column":26}}],"line":4},"4":{"loc":{"start":{"line":5,"column":4},"end":{"line":5,"column":182}},"type":"if","locations":[{"start":{"line":5,"column":4},"end":{"line":5,"column":182}},{"start":{},"end":{}}],"line":5},"5":{"loc":{"start":{"line":5,"column":8},"end":{"line":5,"column":85}},"type":"cond-expr","locations":[{"start":{"line":5,"column":38},"end":{"line":5,"column":62}},{"start":{"line":5,"column":65},"end":{"line":5,"column":85}}],"line":5},"6":{"loc":{"start":{"line":5,"column":38},"end":{"line":5,"column":62}},"type":"binary-expr","locations":[{"start":{"line":5,"column":38},"end":{"line":5,"column":56}},{"start":{"line":5,"column":60},"end":{"line":5,"column":62}}],"line":5},"7":{"loc":{"start":{"line":6,"column":12},"end":{"line":6,"column":101}},"type":"cond-expr","loc
[...]
ine":231,"column":12},"end":{"line":236,"column":13}},{"start":{},"end":{}}],"line":231},"46":{"loc":{"start":{"line":245,"column":8},"end":{"line":273,"column":9}},"type":"if","locations":[{"start":{"line":245,"column":8},"end":{"line":273,"column":9}},{"start":{"line":249,"column":13},"end":{"line":273,"column":9}}],"line":245},"47":{"loc":{"start":{"line":249,"column":13},"end":{"line":273,"column":9}},"type":"if","locations":[{"start":{"line":249,"column":13},"end":{"line":273,"column":9}},{"start":{"line":253,"column":13},"end":{"line":273,"column":9}}],"line":249},"48":{"loc":{"start":{"line":253,"column":13},"end":{"line":273,"column":9}},"type":"if","locations":[{"start":{"line":253,"column":13},"end":{"line":273,"column":9}},{"start":{"line":258,"column":13},"end":{"line":273,"column":9}}],"line":253},"49":{"loc":{"start":{"line":259,"column":12},"end":{"line":264,"column":13}},"type":"if","locations":[{"start":{"line":259,"column":12},"end":{"line":264,"column":13}},{"start":{},"end":{}}],"line":259},"50":{"loc":{"start":{"line":265,"column":12},"end":{"line":270,"column":13}},"type":"if","locations":[{"start":{"line":265,"column":12},"end":{"line":270,"column":13}},{"start":{},"end":{}}],"line":265},"51":{"loc":{"start":{"line":279,"column":8},"end":{"line":306,"column":9}},"type":"if","locations":[{"start":{"line":279,"column":8},"end":{"line":306,"column":9}},{"start":{"line":282,"column":13},"end":{"line":306,"column":9}}],"line":279},"52":{"loc":{"start":{"line":282,"column":13},"end":{"line":306,"column":9}},"type":"if","locations":[{"start":{"line":282,"column":13},"end":{"line":306,"column":9}},{"start":{"line":286,"column":13},"end":{"line":306,"column":9}}],"line":282},"53":{"loc":{"start":{"line":286,"column":13},"end":{"line":306,"column":9}},"type":"if","locations":[{"start":{"line":286,"column":13},"end":{"line":306,"column":9}},{"start":{"line":291,"column":13},"end":{"line":306,"column":9}}],"line":286},"54":{"loc":{"start":{"line":292,"column":12},"end":{"line":297,"column":13}},"type":"if","locations":[{"start":{"line":292,"column":12},"end":{"line":297,"column":13}},{"start":{},"end":{}}],"line":292},"55":{"loc":{"start":{"line":298,"column":12},"end":{"line":303,"column":13}},"type":"if","locations":[{"start":{"line":298,"column":12},"end":{"line":303,"column":13}},{"start":{},"end":{}}],"line":298},"56":{"loc":{"start":{"line":313,"column":8},"end":{"line":347,"column":9}},"type":"if","locations":[{"start":{"line":313,"column":8},"end":{"line":347,"column":9}},{"start":{"line":317,"column":13},"end":{"line":347,"column":9}}],"line":313},"57":{"loc":{"start":{"line":317,"column":13},"end":{"line":347,"column":9}},"type":"if","locations":[{"start":{"line":317,"column":13},"end":{"line":347,"column":9}},{"start":{"line":321,"column":13},"end":{"line":347,"column":9}}],"line":317},"58":{"loc":{"start":{"line":317,"column":17},"end":{"line":317,"column":54}},"type":"binary-expr","locations":[{"start":{"line":317,"column":17},"end":{"line":317,"column":36}},{"start":{"line":317,"column":40},"end":{"line":317,"column":54}}],"line":317},"59":{"loc":{"start":{"line":321,"column":13},"end":{"line":347,"column":9}},"type":"if","locations":[{"start":{"line":321,"column":13},"end":{"line":347,"column":9}},{"start":{"line":326,"column":13},"end":{"line":347,"column":9}}],"line":321},"60":{"loc":{"start":{"line":327,"column":12},"end":{"line":332,"column":13}},"type":"if","locations":[{"start":{"line":327,"column":12},"end":{"line":332,"column":13}},{"start":{},"end":{}}],"line":327},"61":{"loc":{"start":{"line":333,"column":12},"end":{"line":338,"column":13}},"type":"if","locations":[{"start":{"line":333,"column":12},"end":{"line":338,"column":13}},{"start":{},"end":{}}],"line":333},"62":{"loc":{"start":{"line":339,"column":12},"end":{"line":344,"column":13}},"type":"if","locations":[{"start":{"line":339,"column":12},"end":{"line":344,"column":13}},{"start":{},"end":{}}],"line":339},"63":{"loc":{"start":{"line":354,"column":8},"end":{"line":381,"column":9}},"type":"if","locations":[{"start":{"line":354,"column":8},"end":{"line":381,"column":9}},{"start":{"line":357,"column":13},"end":{"line":381,"column":9}}],"line":354},"64":{"loc":{"start":{"line":357,"column":13},"end":{"line":381,"column":9}},"type":"if","locations":[{"start":{"line":357,"column":13},"end":{"line":381,"column":9}},{"start":{"line":361,"column":13},"end":{"line":381,"column":9}}],"line":357},"65":{"loc":{"start":{"line":361,"column":13},"end":{"line":381,"column":9}},"type":"if","locations":[{"start":{"line":361,"column":13},"end":{"line":381,"column":9}},{"start":{"line":366,"column":13},"end":{"line":381,"column":9}}],"line":361},"66":{"loc":{"start":{"line":367,"column":12},"end":{"line":372,"column":13}},"type":"if","locations":[{"start":{"line":367,"column":12},"end":{"line":372,"column":13}},{"start":{},"end":{}}],"line":367},"67":{"loc":{"start":{"line":373,"column":12},"end":{"line":378,"column":13}},"type":"if","locations":[{"start":{"line":373,"column":12},"end":{"line":378,"column":13}},{"start":{},"end":{}}],"line":373},"68":{"loc":{"start":{"line":387,"column":8},"end":{"line":392,"column":9}},"type":"if","locations":[{"start":{"line":387,"column":8},"end":{"line":392,"column":9}},{"start":{},"end":{}}],"line":387},"69":{"loc":{"start":{"line":393,"column":8},"end":{"line":395,"column":9}},"type":"if","locations":[{"start":{"line":393,"column":8},"end":{"line":395,"column":9}},{"start":{},"end":{}}],"line":393},"70":{"loc":{"start":{"line":393,"column":12},"end":{"line":393,"column":43}},"type":"binary-expr","locations":[{"start":{"line":393,"column":12},"end":{"line":393,"column":27}},{"start":{"line":393,"column":31},"end":{"line":393,"column":43}}],"line":393},"71":{"loc":{"start":{"line":396,"column":8},"end":{"line":404,"column":9}},"type":"if","locations":[{"start":{"line":396,"column":8},"end":{"line":404,"column":9}},{"start":{},"end":{}}],"line":396},"72":{"loc":{"start":{"line":396,"column":12},"end":{"line":396,"column":43}},"type":"binary-expr","locations":[{"start":{"line":396,"column":12},"end":{"line":396,"column":24}},{"start":{"line":396,"column":28},"end":{"line":396,"column":43}}],"line":396},"73":{"loc":{"start":{"line":397,"column":12},"end":{"line":402,"column":13}},"type":"if","locations":[{"start":{"line":397,"column":12},"end":{"line":402,"column":13}},{"start":{},"end":{}}],"line":397},"74":{"loc":{"start":{"line":406,"column":8},"end":{"line":411,"column":9}},"type":"if","locations":[{"start":{"line":406,"column":8},"end":{"line":411,"column":9}},{"start":{},"end":{}}],"line":406},"75":{"loc":{"start":{"line":412,"column":8},"end":{"line":419,"column":9}},"type":"if","locations":[{"start":{"line":412,"column":8},"end":{"line":419,"column":9}},{"start":{},"end":{}}],"line":412},"76":{"loc":{"start":{"line":413,"column":12},"end":{"line":418,"column":13}},"type":"if","locations":[{"start":{"line":413,"column":12},"end":{"line":418,"column":13}},{"start":{},"end":{}}],"line":413},"77":{"loc":{"start":{"line":420,"column":8},"end":{"line":427,"column":9}},"type":"if","locations":[{"start":{"line":420,"column":8},"end":{"line":427,"column":9}},{"start":{},"end":{}}],"line":420},"78":{"loc":{"start":{"line":420,"column":12},"end":{"line":420,"column":39}},"type":"binary-expr","locations":[{"start":{"line":420,"column":12},"end":{"line":420,"column":25}},{"start":{"line":420,"column":29},"end":{"line":420,"column":39}}],"line":420},"79":{"loc":{"start":{"line":421,"column":12},"end":{"line":426,"column":13}},"type":"if","locations":[{"start":{"line":421,"column":12},"end":{"line":426,"column":13}},{"start":{},"end":{}}],"line":421},"80":{"loc":{"start":{"line":434,"column":8},"end":{"line":439,"column":9}},"type":"if","locations":[{"start":{"line":434,"column":8},"end":{"line":439,"column":9}},{"start":{},"end":{}}],"line":434},"81":{"loc":{"start":{"line":434,"column":12},"end":{"line":435,"column":72}},"type":"binary-expr","locations":[{"start":{"line":434,"column":13},"end":{"line":434,"column":44}},{"start":{"line":434,"column":48},"end":{"line":434,"column":71}},{"start":{"line":435,"column":13},"end":{"line":435,"column":44}},{"start":{"line":435,"column":48},"end":{"line":435,"column":71}}],"line":434},"82":{"loc":{"start":{"line":440,"column":8},"end":{"line":443,"column":9}},"type":"if","locations":[{"start":{"line":440,"column":8},"end":{"line":443,"column":9}},{"start":{},"end":{}}],"line":440},"83":{"loc":{"start":{"line":440,"column":12},"end":{"line":440,"column":47}},"type":"binary-expr","locations":[{"start":{"line":440,"column":12},"end":{"line":440,"column":29}},{"start":{"line":440,"column":33},"end":{"line":440,"column":47}}],"line":440},"84":{"loc":{"start":{"line":449,"column":12},"end":{"line":456,"column":13}},"type":"if","locations":[{"start":{"line":449,"column":12},"end":{"line":456,"column":13}},{"start":{},"end":{}}],"line":449},"85":{"loc":{"start":{"line":449,"column":16},"end":{"line":449,"column":72}},"type":"binary-expr","locations":[{"start":{"line":449,"column":16},"end":{"line":449,"column":42}},{"start":{"line":449,"column":46},"end":{"line":449,"column":72}}],"line":449},"86":{"loc":{"start":{"line":450,"column":16},"end":{"line":455,"column":17}},"type":"if","locations":[{"start":{"line":450,"column":16},"end":{"line":455,"column":17}},{"start":{"line":453,"column":21},"end":{"line":455,"column":17}}],"line":450},"87":{"loc":{"start":{"line":457,"column":12},"end":{"line":462,"column":13}},"type":"if","locations":[{"start":{"line":457,"column":12},"end":{"line":462,"column":13}},{"start":{},"end":{}}],"line":457},"88":{"loc":{"start":{"line":463,"column":12},"end":{"line":469,"column":13}},"type":"if","locations":[{"start":{"line":463,"column":12},"end":{"line":469,"column":13}},{"start":{},"end":{}}],"line":463},"89":{"loc":{"start":{"line":493,"column":8},"end":{"line":500,"column":9}},"type":"if","locations":[{"start":{"line":493,"column":8},"end":{"line":500,"column":9}},{"start":{"line":498,"column":13},"end":{"line":500,"column":9}}],"line":493},"90":{"loc":{"start":{"line":496,"column":38},"end":{"line":496,"column":65}},"type":"cond-expr","locations":[{"start":{"line":496,"column":49},"end":{"line":496,"column":61}},{"start":{"line":496,"column":64},"end":{"line":496,"column":65}}],"line":496},"91":{"loc":{"start":{"line":498,"column":13},"end":{"line":500,"column":9}},"type":"if","locations":[{"start":{"line":498,"column":13},"end":{"line":500,"column":9}},{"start":{},"end":{}}],"line":498},"92":{"loc":{"start":{"line":501,"column":8},"end":{"line":506,"column":9}},"type":"if","locations":[{"start":{"line":501,"column":8},"end":{"line":506,"column":9}},{"start":{},"end":{}}],"line":501},"93":{"loc":{"start":{"line":528,"column":8},"end":{"line":535,"column":9}},"type":"if","locations":[{"start":{"line":528,"column":8},"end":{"line":535,"column":9}},{"start":{"line":533,"column":13},"end":{"line":535,"column":9}}],"line":528},"94":{"loc":{"start":{"line":550,"column":8},"end":{"line":562,"column":9}},"type":"if","locations":[{"start":{"line":550,"column":8},"end":{"line":562,"column":9}},{"start":{},"end":{}}],"line":550},"95":{"loc":{"start":{"line":580,"column":18},"end":{"line":580,"column":27}},"type":"default-arg","locations":[{"start":{"line":580,"column":26},"end":{"line":580,"column":27}}],"line":580},"96":{"loc":{"start":{"line":580,"column":29},"end":{"line":580,"column":44}},"type":"default-arg","locations":[{"start":{"line":580,"column":35},"end":{"line":580,"column":44}}],"line":580},"97":{"loc":{"start":{"line":580,"column":46},"end":{"line":580,"column":54}},"type":"default-arg","locations":[{"start":{"line":580,"column":53},"end":{"line":580,"column":54}}],"line":580},"98":{"loc":{"start":{"line":587,"column":8},"end":{"line":590,"column":9}},"type":"if","locations":[{"start":{"line":587,"column":8},"end":{"line":590,"column":9}},{"start":{},"end":{}}],"line":587},"99":{"loc":{"start":{"line":591,"column":8},"end":{"line":595,"column":9}},"type":"if","locations":[{"start":{"line":591,"column":8},"end":{"line":595,"column":9}},{"start":{},"end":{}}],"line":591},"100":{"loc":{"start":{"line":602,"column":17},"end":{"line":602,"column":25}},"type":"default-arg","locations":[{"start":{"line":602,"column":24},"end":{"line":602,"column":25}}],"line":602},"101":{"loc":{"start":{"line":602,"column":27},"end":{"line":602,"column":36}},"type":"default-arg","locations":[{"start":{"line":602,"column":35},"end":{"line":602,"column":36}}],"line":602},"102":{"loc":{"start":{"line":622,"column":4},"end":{"line":629,"column":5}},"type":"if","locations":[{"start":{"line":622,"column":4},"end":{"line":629,"column":5}},{"start":{"line":627,"column":9},"end":{"line":629,"column":5}}],"line":622},"103":{"loc":{"start":{"line":637,"column":8},"end":{"line":643,"column":9}},"type":"if","locations":[{"start":{"line":637,"column":8},"end":{"line":643,"column":9}},{"start":{"line":640,"column":13},"end":{"line":643,"column":9}}],"line":637},"104":{"loc":{"start":{"line":652,"column":4},"end":{"line":676,"column":5}},"type":"if","locations":[{"start":{"line":652,"column":4},"end":{"line":676,"column":5}},{"start":{"line":671,"column":9},"end":{"line":676,"column":5}}],"line":652},"105":{"loc":{"start":{"line":653,"column":8},"end":{"line":669,"column":9}},"type":"if","locations":[{"start":{"line":653,"column":8},"end":{"line":669,"column":9}},{"start":{"line":660,"column":13},"end":{"line":669,"column":9}}],"line":653},"106":{"loc":{"start":{"line":662,"column":12},"end":{"line":664,"column":13}},"type":"if","locations":[{"start":{"line":662,"column":12},"end":{"line":664,"column":13}},{"start":{},"end":{}}],"line":662},"107":{"loc":{"start":{"line":677,"column":46},"end":{"line":677,"column":96}},"type":"default-arg","locations":[{"start":{"line":677,"column":50},"end":{"line":677,"column":96}}],"line":677},"108":{"loc":{"start":{"line":684,"column":4},"end":{"line":698,"column":5}},"type":"if","locations":[{"start":{"line":684,"column":4},"end":{"line":698,"column":5}},{"start":{"line":687,"column":9},"end":{"line":698,"column":5}}],"line":684},"109":{"loc":{"start":{"line":689,"column":12},"end":{"line":694,"column":13}},"type":"if","locations":[{"start":{"line":689,"column":12},"end":{"line":694,"column":13}},{"start":{"line":692,"column":17},"end":{"line":694,"column":13}}],"line":689}},"s":{"0":24,"1":1690,"2":0,"3":1690,"4":0,"5":1690,"6":0,"7":1690,"8":24,"9":10132,"10":0,"11":10132,"12":0,"13":10132,"14":24,"15":24,"16":24,"17":196,"18":196,"19":196,"20":196,"21":196,"22":196,"23":196,"24":162,"25":162,"26":162,"27":162,"28":162,"29":162,"30":162,"31":1,"32":34,"33":34,"34":34,"35":34,"36":34,"37":0,"38":430,"39":430,"40":430,"41":595,"42":430,"43":973,"44":2912,"45":1039,"46":187,"47":1039,"48":160,"49":137,"50":0,"51":137,"52":0,"53":137,"54":68,"55":9,"56":65,"57":9,"58":56,"59":386,"60":56,"61":1,"62":10,"63":4,"64":4,"65":4,"66":4,"67":36,"68":15,"69":15,"70":4,"71":12,"72":0,"73":12,"74":5,"75":39,"76":7,"77":7,"78":7,"79":7,"80":7,"81":7,"82":7,"83":7,"84":7,"85":120,"86":120,"87":120,"88":45,"89":45,"90":45,"91":10,"92":35,"93":16,"94":6,"95":10,"96":19,"97":45,"98":7,"99":4,"100":3,"101":7,"102":5,"103":1,"104":4,"105":3,"106":3,"107":3,"108":3,"109":3,"110":3,"111":111,"112":15,"113":96,"114":111,"115":18,"116":3,"117":1,"118":1,"119":1,"120":1,"121":1,"122":1,"123":1,"124":1,"125":4,"126":4,"127":1,"128":1,"129":10,"130":3,"131":0,"132":0,"133":0,"134":3,"135":0,"136":0,"137":0,"138":0,"139":3,"140":0,"141":3,"142":1,"143":2,"144":2,"145":16,"146":3,"147":3,"148":11,"149":11,"150":5,"151":5,"152":30,"153":6,"154":2,"155":2,"156":50,"157":4,"158":0,"159":0,"160":0,"161":0,"162":4,"163":0,"164":4,"165":1,"166":3,"167":3,"168":22,"169":10,"170":10,"171":5,"172":5,"173":1,"174":10,"175":4,"176":0,"177":0,"178":0,"179":4,"180":0,"181":0,"182":0,"183":0,"184":4,"185":0,"186":4,"187":1,"188":3,"189":3,"190":22,"191":3,"192":3,"193":3,"194":13,"195":13,"196":5,"197":5,"198":30,"199":8,"200":0,"201":0,"202":0,"203":8,"204":0,"205":0,"206":0,"207":0,"208":8,"209":0,"210":8,"211":1,"212":7,"213":0,"214":7,"215":7,"216":44,"217":12,"218":12,"219":12,"220":7,"221":7,"222":3,"223":20,"224":4,"225":0,"226":0,"227":0,"228":4,"229":0,"230":0,"231":0,"232":0,"233":4,"234":0,"235":4,"236":1,"237":3,"238":3,"239":22,"240":6,"241":6,"242":6,"243":9,"244":0,"245":9,"246":3,"247":6,"248":0,"249":0,"250":0,"251":6,"252":6,"253":6,"254":0,"255":6,"256":3,"257":1,"258":5,"259":3,"260":1,"261":4,"262":4,"263":4,"264":4,"265":4,"266":4,"267":4,"268":4,"269":4,"270":4,"271":4,"272":4,"273":10,"274":4,"275":10,"276":4,"277":4,"278":0,"279":0,"280":0,"281":4,"282":0,"283":0,"284":4,"285":4,"286":4,"287":4,"288":4,"289":4,"290":240,"291":240,"292":240,"293":240,"294":30,"295":18,"296":12,"297":240,"298":18,"299":18,"300":18,"301":18,"302":240,"303":100,"304":100,"305":100,"306":100,"307":100,"308":4,"309":8,"310":8,"311":8,"312":8,"313":131,"314":203,"315":131,"316":203,"317":131,"318":131,"319":11,"320":11,"321":11,"322":28,"323":120,"324":1,"325":130,"326":1,"327":129,"328":129,"329":129,"330":129,"331":5,"332":71,"333":71,"334":67,"335":67,"336":314,"337":4,"338":70,"339":67,"340":1,"341":2,"342":1,"343":1,"344":1,"345":3,"346":1,"347":1,"348":1,"349":1,"350":1,"351":3,"352":1,"353":1,"354":1,"355":3,"356":3,"357":3,"358":3,"359":160,"360":3,"361":5,"362":3,"363":3,"364":5,"365":0,"366":0,"367":0,"368":5,"369":5,"370":5,"371":43,"372":5,"373":0,"374":0,"375":0,"376":0,"377":2,"378":24,"379":24,"380":348,"381":348,"382":186,"383":186,"384":186,"385":162,"386":291,"387":291,"388":291,"389":385,"390":291,"391":94,"392":94,"393":29,"394":291,"395":746,"396":745,"397":592,"398":592,"399":1212,"400":592,"401":153,"402":153,"403":153,"404":120,"405":153,"406":153,"407":428,"408":153,"409":1,"410":259,"411":259,"412":221,"413":38,"414":97,"415":0,"416":97,"417":97,"418":38,"419":24},"f":{"0":1690,"1":10132,"2":196,"3":430,"4":973,"5":2912,"6":1039,"7":160,"8":137,"9":68,"10":9,"11":65,"12":56,"13":386,"14":1,"15":10,"16":4,"17":12,"18":39,"19":5,"20":4,"21":10,"22":0,"23":0,"24":16,"25":11,"26":30,"27":50,"28":0,"29":22,"30":5,"31":10,"32":0,"33":0,"34":22,"35":13,"36":30,"37":0,"38":0,"39":44,"40":7,"41":20,"42":0,"43":0,"44":22,"45":9,"46":10,"47":10,"48":8,"49":131,"50":203,"51":203,"52":28,"53":5,"54":71,"55":67,"56":1,"57":2,"58":1,"59":3,"60":5,"61":0,"62":2,"63":348,"64":291,"65":29,"66":746,"67":1212,"68":259,"69":97},"b":{"0":[24,24,24],"1":[0,1690],"2":[0,1690],"3":[1690,0],"4":[0,1690],"5":[0,1690],"6":[0,0],"7":[0,1690],"8":[0,1690],"9":[24,24,24],"10":[0,10132],"11":[10132,0],"12":[0,10132],"13":[0,10132],"14":[0,0],"15":[1644,8488],"16":[0,8488],"17":[0,8488],"18":[162,34],"19":[1,161],"20":[34,0],"21":[187,852],"22":[0,137],"23":[0,137],"24":[15,21],"25":[5],"26":[0,12],"27":[12,12],"28":[5,7],"29":[45,75],"30":[10,35],"31":[16,19],"32":[35,35],"33":[6,10],"34":[4,3],"35":[1,4],"36":[3,1],"37":[15,96],"38":[18,93],"39":[1,0],"40":[0,1],"41":[1,3],"42":[0,3],"43":[0,3],"44":[0,3],"45":[1,2],"46":[5,6],"47":[2,4],"48":[0,4],"49":[0,4],"50":[1,3],"51":[1,4],"52":[0,4],"53":[0,4],"54":[0,4],"55":[1,3],"56":[5,8],"57":[0,8],"58":[8,8],"59":[0,8],"60":[0,8],"61":[1,7],"62":[0,7],"63":[3,4],"64":[0,4],"65":[0,4],"66":[0,4],"67":[1,3],"68":[0,9],"69":[3,6],"70":[9,3],"71":[0,6],"72":[6,6],"73":[0,0],"74":[0,6],"75":[3,3],"76":[1,2],"77":[3,2],"78":[5,2],"79":[1,2],"80":[0,4],"81":[4,0,4,0],"82":[0,4],"83":[4,4],"84":[30,210],"85":[240,80],"86":[18,12],"87":[18,222],"88":[100,140],"89":[11,120],"90":[11,17],"91":[1,119],"92":[1,129],"93":[67,4],"94":[1,1],"95":[1],"96":[3],"97":[4],"98":[3,2],"99":[0,5],"100":[0],"101":[0],"102":[186,162],"103":[291,94],"104":[745,1],"105":[592,153],"106":[120,33],"107":[0],"108":[221,38],"109":[0,97]},"inputSourceMap":null,"_coverageSchema":"1a1c01bbd47fc00a2c39e90264f33305004495a9","hash":"20a1d9f6f4eaaff958a09c3114b715d1081eeb4f"}
}
