{"C:\\Users\\Pratyush\\Desktop\\playground\\mnist\\nn\\dataset\\index.js": {"path":"C:\\Users\\Pratyush\\Desktop\\playground\\mnist\\nn\\dataset\\index.js","statementMap":{"0":{"start":{"line":2,"column":16},"end":{"line":10,"column":1}},"1":{"start":{"line":3,"column":28},"end":{"line":3,"column":110}},"2":{"start":{"line":3,"column":91},"end":{"line":3,"column":106}},"3":{"start":{"line":4,"column":4},"end":{"line":9,"column":7}},"4":{"start":{"line":5,"column":36},"end":{"line":5,"column":97}},"5":{"start":{"line":5,"column":42},"end":{"line":5,"column":70}},"6":{"start":{"line":5,"column":85},"end":{"line":5,"column":95}},"7":{"start":{"line":6,"column":35},"end":{"line":6,"column":100}},"8":{"start":{"line":6,"column":41},"end":{"line":6,"column":73}},"9":{"start":{"line":6,"column":88},"end":{"line":6,"column":98}},"10":{"start":{"line":7,"column":32},"end":{"line":7,"column":116}},"11":{"start":{"line":8,"column":8},"end":{"line":8,"column":78}},"12":{"start":{"line":11,"column":29},"end":{"line":16,"column":1}},"13":{"start":{"line":12,"column":4},"end":{"line":12,"column":76}},"14":{"start":{"line":12,"column":22},"end":{"line":12,"column":76}},"15":{"start":{"line":13,"column":4},"end":{"line":13,"column":97}},"16":{"start":{"line":13,"column":28},"end":{"line":13,"column":97}},"17":{"start":{"line":14,"column":4},"end":{"line":14,"column":182}},"18":{"start":{"line":14,"column":87},"end":{"line":14,"column":182}},"19":{"start":{"line":15,"column":4},"end":{"line":15,"column":110}},"20":{"start":{"line":17,"column":29},"end":{"line":21,"column":1}},"21":{"start":{"line":18,"column":4},"end":{"line":18,"column":97}},"22":{"start":{"line":18,"column":28},"end":{"line":18,"column":97}},"23":{"start":{"line":19,"column":4},"end":{"line":19,"column":183}},"24":{"start":{"line":19,"column":87},"end":{"line":19,"column":183}},"25":{"start":{"line":20,"column":4},"end":{"line":20,"column":98}},"26":{"start":{"line":22,"column":20},"end":{"line":28,"column":1}},"27":{"start":{"line":23,"column":4},"end":{"line":23,"column":91}},"28":{"start":{"line":23,"column":31},"end":{"line":23,"column":91}},"29":{"start":{"line":24,"column":12},"end":{"line":24,"column":35}},"30":{"start":{"line":25,"column":4},"end":{"line":25,"column":213}},"31":{"start":{"line":25,"column":194},"end":{"line":25,"column":206}},"32":{"start":{"line":26,"column":23},"end":{"line":26,"column":162}},"33":{"start":{"line":26,"column":53},"end":{"line":26,"column":159}},"34":{"start":{"line":26,"column":101},"end":{"line":26,"column":155}},"35":{"start":{"line":27,"column":45},"end":{"line":27,"column":126}},"36":{"start":{"line":27,"column":83},"end":{"line":27,"column":114}},"37":{"start":{"line":29,"column":22},"end":{"line":31,"column":1}},"38":{"start":{"line":30,"column":4},"end":{"line":30,"column":62}},"39":{"start":{"line":33,"column":0},"end":{"line":33,"column":62}},"40":{"start":{"line":34,"column":0},"end":{"line":34,"column":48}},"41":{"start":{"line":35,"column":13},"end":{"line":35,"column":43}},"42":{"start":{"line":36,"column":19},"end":{"line":36,"column":55}},"43":{"start":{"line":37,"column":14},"end":{"line":37,"column":28}},"44":{"start":{"line":38,"column":17},"end":{"line":38,"column":54}},"45":{"start":{"line":39,"column":16},"end":{"line":39,"column":58}},"46":{"start":{"line":42,"column":8},"end":{"line":42,"column":42}},"47":{"start":{"line":43,"column":8},"end":{"line":43,"column":40}},"48":{"start":{"line":44,"column":8},"end":{"line":44,"column":64}},"49":{"start":{"line":45,"column":8},"end":{"line":45,"column":73}},"50":{"start":{"line":48,"column":8},"end":{"line":48,"column":23}},"51":{"start":{"line":51,"column":19},"end":{"line":51,"column":77}},"52":{"start":{"line":52,"column":8},"end":{"line":52,"column":54}},"53":{"start":{"line":55,"column":20},"end":{"line":55,"column":22}},"54":{"start":{"line":56,"column":8},"end":{"line":60,"column":9}},"55":{"start":{"line":56,"column":21},"end":{"line":56,"column":22}},"56":{"start":{"line":57,"column":12},"end":{"line":59,"column":39}},"57":{"start":{"line":61,"column":8},"end":{"line":61,"column":34}},"58":{"start":{"line":64,"column":8},"end":{"line":64,"column":66}},"59":{"start":{"line":67,"column":20},"end":{"line":67,"column":22}},"60":{"start":{"line":68,"column":8},"end":{"line":70,"column":9}},"61":{"start":{"line":68,"column":21},"end":{"line":68,"column":22}},"62":{"start":{"line":69,"column":12},"end":{"line":69,"column":36}},"63":{"start":{"line":71,"column":8},"end":{"line":71,"column":21}},"64":{"start":{"line":78,"column":8},"end":{"line":169,"column":11}},"65":{"start":{"line":79,"column":12},"end":{"line":81,"column":13}},"66":{"start":{"line":80,"column":16},"end":{"line":80,"column":40}},"67":{"start":{"line":83,"column":24},"end":{"line":83,"column":26}},"68":{"start":{"line":84,"column":24},"end":{"line":84,"column":29}},"69":{"start":{"line":86,"column":16},"end":{"line":98,"column":17}},"70":{"start":{"line":87,"column":37},"end":{"line":87,"column":66}},"71":{"start":{"line":88,"column":42},"end":{"line":93,"column":22}},"72":{"start":{"line":89,"column":37},"end":{"line":89,"column":50}},"73":{"start":{"line":90,"column":24},"end":{"line":91,"column":40}},"74":{"start":{"line":91,"column":28},"end":{"line":91,"column":40}},"75":{"start":{"line":92,"column":24},"end":{"line":92,"column":33}},"76":{"start":{"line":94,"column":20},"end":{"line":94,"column":65}},"77":{"start":{"line":97,"column":20},"end":{"line":97,"column":79}},"78":{"start":{"line":102,"column":12},"end":{"line":108,"column":13}},"79":{"start":{"line":103,"column":16},"end":{"line":103,"column":41}},"80":{"start":{"line":104,"column":16},"end":{"line":104,"column":29}},"81":{"start":{"line":107,"column":16},"end":{"line":107,"column":30}},"82":{"start":{"line":109,"column":12},"end":{"line":138,"column":13}},"83":{"start":{"line":111,"column":27},"end":{"line":111,"column":52}},"84":{"start":{"line":112,"column":16},"end":{"line":137,"column":17}},"85":{"start":{"line":113,"column":20},"end":{"line":113,"column":31}},"86":{"start":{"line":114,"column":20},"end":{"line":114,"column":34}},"87":{"start":{"line":118,"column":47},"end":{"line":118,"column":64}},"88":{"start":{"line":119,"column":40},"end":{"line":119,"column":65}},"89":{"start":{"line":120,"column":20},"end":{"line":136,"column":21}},"90":{"start":{"line":121,"column":24},"end":{"line":121,"column":48}},"91":{"start":{"line":122,"column":24},"end":{"line":124,"column":25}},"92":{"start":{"line":123,"column":28},"end":{"line":123,"column":79}},"93":{"start":{"line":125,"column":24},"end":{"line":125,"column":49}},"94":{"start":{"line":127,"column":24},"end":{"line":127,"column":56}},"95":{"start":{"line":128,"column":24},"end":{"line":132,"column":44}},"96":{"start":{"line":130,"column":43},"end":{"line":130,"column":44}},"97":{"start":{"line":135,"column":24},"end":{"line":135,"column":38}},"98":{"start":{"line":139,"column":12},"end":{"line":167,"column":13}},"99":{"start":{"line":141,"column":35},"end":{"line":144,"column":18}},"100":{"start":{"line":145,"column":29},"end":{"line":147,"column":18}},"101":{"start":{"line":148,"column":29},"end":{"line":148,"column":30}},"102":{"start":{"line":149,"column":16},"end":{"line":166,"column":17}},"103":{"start":{"line":150,"column":20},"end":{"line":158,"column":21}},"104":{"start":{"line":150,"column":34},"end":{"line":150,"column":38}},"105":{"start":{"line":150,"column":49},"end":{"line":150,"column":68}},"106":{"start":{"line":151,"column":24},"end":{"line":151,"column":44}},"107":{"start":{"line":152,"column":24},"end":{"line":152,"column":35}},"108":{"start":{"line":153,"column":37},"end":{"line":153,"column":39}},"109":{"start":{"line":154,"column":24},"end":{"line":156,"column":25}},"110":{"start":{"line":155,"column":28},"end":{"line":155,"column":37}},"111":{"start":{"line":157,"column":24},"end":{"line":157,"column":52}},"112":{"start":{"line":160,"column":32},"end":{"line":160,"column":55}},"113":{"start":{"line":162,"column":20},"end":{"line":165,"column":57}},"114":{"start":{"line":163,"column":24},"end":{"line":163,"column":86}},"115":{"start":{"line":163,"column":64},"end":{"line":163,"column":86}},"116":{"start":{"line":165,"column":30},"end":{"line":165,"column":55}},"117":{"start":{"line":165,"column":39},"end":{"line":165,"column":55}},"118":{"start":{"line":168,"column":12},"end":{"line":168,"column":38}},"119":{"start":{"line":172,"column":0},"end":{"line":172,"column":26}},"120":{"start":{"line":173,"column":0},"end":{"line":173,"column":63}},"121":{"start":{"line":176,"column":8},"end":{"line":176,"column":52}},"122":{"start":{"line":177,"column":8},"end":{"line":177,"column":48}},"123":{"start":{"line":178,"column":8},"end":{"line":178,"column":74}},"124":{"start":{"line":179,"column":8},"end":{"line":179,"column":82}},"125":{"start":{"line":182,"column":8},"end":{"line":182,"column":23}},"126":{"start":{"line":185,"column":8},"end":{"line":185,"column":157}},"127":{"start":{"line":188,"column":20},"end":{"line":188,"column":22}},"128":{"start":{"line":189,"column":8},"end":{"line":193,"column":9}},"129":{"start":{"line":189,"column":21},"end":{"line":189,"column":22}},"130":{"start":{"line":190,"column":12},"end":{"line":192,"column":39}},"131":{"start":{"line":194,"column":8},"end":{"line":194,"column":34}},"132":{"start":{"line":197,"column":8},"end":{"line":197,"column":83}},"133":{"start":{"line":200,"column":20},"end":{"line":200,"column":22}},"134":{"start":{"line":201,"column":8},"end":{"line":203,"column":9}},"135":{"start":{"line":201,"column":21},"end":{"line":201,"column":22}},"136":{"start":{"line":202,"column":12},"end":{"line":202,"column":36}},"137":{"start":{"line":204,"column":8},"end":{"line":204,"column":21}},"138":{"start":{"line":207,"column":0},"end":{"line":207,"column":36}},"139":{"start":{"line":208,"column":0},"end":{"line":208,"column":81}},"140":{"start":{"line":209,"column":0},"end":{"line":212,"column":2}}},"fnMap":{"0":{"name":"(anonymous_0)","decl":{"start":{"line":2,"column":44},"end":{"line":2,"column":45}},"loc":{"start":{"line":2,"column":89},"end":{"line":10,"column":1}},"line":2},"1":{"name":"adopt","decl":{"start":{"line":3,"column":13},"end":{"line":3,"column":18}},"loc":{"start":{"line":3,"column":26},"end":{"line":3,"column":112}},"line":3},"2":{"name":"(anonymous_2)","decl":{"start":{"line":3,"column":70},"end":{"line":3,"column":71}},"loc":{"start":{"line":3,"column":89},"end":{"line":3,"column":108}},"line":3},"3":{"name":"(anonymous_3)","decl":{"start":{"line":4,"column":36},"end":{"line":4,"column":37}},"loc":{"start":{"line":4,"column":63},"end":{"line":9,"column":5}},"line":4},"4":{"name":"fulfilled","decl":{"start":{"line":5,"column":17},"end":{"line":5,"column":26}},"loc":{"start":{"line":5,"column":34},"end":{"line":5,"column":99}},"line":5},"5":{"name":"rejected","decl":{"start":{"line":6,"column":17},"end":{"line":6,"column":25}},"loc":{"start":{"line":6,"column":33},"end":{"line":6,"column":102}},"line":6},"6":{"name":"step","decl":{"start":{"line":7,"column":17},"end":{"line":7,"column":21}},"loc":{"start":{"line":7,"column":30},"end":{"line":7,"column":118}},"line":7},"7":{"name":"(anonymous_7)","decl":{"start":{"line":11,"column":70},"end":{"line":11,"column":71}},"loc":{"start":{"line":11,"column":113},"end":{"line":16,"column":1}},"line":11},"8":{"name":"(anonymous_8)","decl":{"start":{"line":17,"column":70},"end":{"line":17,"column":71}},"loc":{"start":{"line":17,"column":106},"end":{"line":21,"column":1}},"line":17},"9":{"name":"(anonymous_9)","decl":{"start":{"line":22,"column":52},"end":{"line":22,"column":53}},"loc":{"start":{"line":22,"column":65},"end":{"line":28,"column":1}},"line":22},"10":{"name":"(anonymous_10)","decl":{"start":{"line":25,"column":180},"end":{"line":25,"column":181}},"loc":{"start":{"line":25,"column":192},"end":{"line":25,"column":208}},"line":25},"11":{"name":"verb","decl":{"start":{"line":26,"column":13},"end":{"line":26,"column":17}},"loc":{"start":{"line":26,"column":21},"end":{"line":26,"column":164}},"line":26},"12":{"name":"(anonymous_12)","decl":{"start":{"line":26,"column":38},"end":{"line":26,"column":39}},"loc":{"start":{"line":26,"column":51},"end":{"line":26,"column":161}},"line":26},"13":{"name":"(anonymous_13)","decl":{"start":{"line":26,"column":72},"end":{"line":26,"column":73}},"loc":{"start":{"line":26,"column":99},"end":{"line":26,"column":157}},"line":26},"14":{"name":"settle","decl":{"start":{"line":27,"column":13},"end":{"line":27,"column":19}},"loc":{"start":{"line":27,"column":43},"end":{"line":27,"column":128}},"line":27},"15":{"name":"(anonymous_15)","decl":{"start":{"line":27,"column":69},"end":{"line":27,"column":70}},"loc":{"start":{"line":27,"column":81},"end":{"line":27,"column":116}},"line":27},"16":{"name":"(anonymous_16)","decl":{"start":{"line":29,"column":56},"end":{"line":29,"column":57}},"loc":{"start":{"line":29,"column":71},"end":{"line":31,"column":1}},"line":29},"17":{"name":"(anonymous_17)","decl":{"start":{"line":41,"column":4},"end":{"line":41,"column":5}},"loc":{"start":{"line":41,"column":23},"end":{"line":46,"column":5}},"line":41},"18":{"name":"(anonymous_18)","decl":{"start":{"line":47,"column":4},"end":{"line":47,"column":5}},"loc":{"start":{"line":47,"column":19},"end":{"line":49,"column":5}},"line":47},"19":{"name":"(anonymous_19)","decl":{"start":{"line":50,"column":4},"end":{"line":50,"column":5}},"loc":{"start":{"line":50,"column":15},"end":{"line":53,"column":5}},"line":50},"20":{"name":"(anonymous_20)","decl":{"start":{"line":54,"column":4},"end":{"line":54,"column":5}},"loc":{"start":{"line":54,"column":24},"end":{"line":62,"column":5}},"line":54},"21":{"name":"(anonymous_21)","decl":{"start":{"line":63,"column":4},"end":{"line":63,"column":5}},"loc":{"start":{"line":63,"column":17},"end":{"line":65,"column":5}},"line":63},"22":{"name":"(anonymous_22)","decl":{"start":{"line":66,"column":4},"end":{"line":66,"column":5}},"loc":{"start":{"line":66,"column":14},"end":{"line":72,"column":5}},"line":66},"23":{"name":"(anonymous_23)","decl":{"start":{"line":73,"column":4},"end":{"line":73,"column":5}},"loc":{"start":{"line":76,"column":7},"end":{"line":170,"column":5}},"line":76},"24":{"name":"(anonymous_24)","decl":{"start":{"line":78,"column":47},"end":{"line":78,"column":48}},"loc":{"start":{"line":78,"column":60},"end":{"line":169,"column":9}},"line":78},"25":{"name":"parseLine","decl":{"start":{"line":85,"column":21},"end":{"line":85,"column":30}},"loc":{"start":{"line":85,"column":37},"end":{"line":99,"column":13}},"line":85},"26":{"name":"(anonymous_26)","decl":{"start":{"line":88,"column":57},"end":{"line":88,"column":58}},"loc":{"start":{"line":88,"column":64},"end":{"line":93,"column":21}},"line":88},"27":{"name":"(anonymous_27)","decl":{"start":{"line":130,"column":36},"end":{"line":130,"column":37}},"loc":{"start":{"line":130,"column":43},"end":{"line":130,"column":44}},"line":130},"28":{"name":"(anonymous_28)","decl":{"start":{"line":175,"column":4},"end":{"line":175,"column":5}},"loc":{"start":{"line":175,"column":38},"end":{"line":180,"column":5}},"line":175},"29":{"name":"(anonymous_29)","decl":{"start":{"line":181,"column":4},"end":{"line":181,"column":5}},"loc":{"start":{"line":181,"column":19},"end":{"line":183,"column":5}},"line":181},"30":{"name":"(anonymous_30)","decl":{"start":{"line":184,"column":4},"end":{"line":184,"column":5}},"loc":{"start":{"line":184,"column":15},"end":{"line":186,"column":5}},"line":184},"31":{"name":"(anonymous_31)","decl":{"start":{"line":187,"column":4},"end":{"line":187,"column":5}},"loc":{"start":{"line":187,"column":24},"end":{"line":195,"column":5}},"line":187},"32":{"name":"(anonymous_32)","decl":{"start":{"line":196,"column":4},"end":{"line":196,"column":5}},"loc":{"start":{"line":196,"column":17},"end":{"line":198,"column":5}},"line":196},"33":{"name":"(anonymous_33)","decl":{"start":{"line":199,"column":4},"end":{"line":199,"column":5}},"loc":{"start":{"line":199,"column":14},"end":{"line":205,"column":5}},"line":199}},"branchMap":{"0":{"loc":{"start":{"line":2,"column":16},"end":{"line":10,"column":1}},"type":"binary-expr","locations":[{"start":{"line":2,"column":17},"end":{"line":2,"column":21}},{"start":{"line":2,"column":25},"end":{"line":2,"column":39}},{"start":{"line":2,"column":44},"end":{"line":10,"column":1}}],"line":2},"1":{"loc":{"start":{"line":3,"column":35},"end":{"line":3,"column":109}},"type":"cond-expr","locations":[{"start":{"line":3,"column":56},"end":{"line":3,"column":61}},{"start":{"line":3,"column":64},"end":{"line":3,"column":109}}],"line":3},"2":{"loc":{"start":{"line":4,"column":16},"end":{"line":4,"column":34}},"type":"binary-expr","locations":[{"start":{"line":4,"column":16},"end":{"line":4,"column":17}},{"start":{"line":4,"column":22},"end":{"line":4,"column":33}}],"line":4},"3":{"loc":{"start":{"line":7,"column":32},"end":{"line":7,"column":115}},"type":"cond-expr","locations":[{"start":{"line":7,"column":46},"end":{"line":7,"column":67}},{"start":{"line":7,"column":70},"end":{"line":7,"column":115}}],"line":7},"4":{"loc":{"start":{"line":8,"column":51},"end":{"line":8,"column":67}},"type":"binary-expr","locations":[{"start":{"line":8,"column":51},"end":{"line":8,"column":61}},{"start":{"line":8,"column":65},"end":{"line":8,"column":67}}],"line":8},"5":{"loc":{"start":{"line":11,"column":29},"end":{"line":16,"column":1}},"type":"binary-expr","locations":[{"start":{"line":11,"column":30},"end":{"line":11,"column":34}},{"start":{"line":11,"column":38},"end":{"line":11,"column":65}},{"start":{"line":11,"column":70},"end":{"line":16,"column":1}}],"line":11},"6":{"loc":{"start":{"line":12,"column":4},"end":{"line":12,"column":76}},"type":"if","locations":[{"start":{"line":12,"column":4},"end":{"line":12,"column":76}},{"start":{},"end":{}}],"line":12},"7":{"loc":{"start":{"line":13,"column":4},"end":{"line":13,"column":97}},"type":"if","locations":[{"start":{"line":13,"column":4},"end":{"line":13,"column":97}},{"start":{},"end":{}}],"line":13},"8":{"loc":{"start":{"line":13,"column":8},"end":{"line":13,"column":26}},"type":"binary-expr","locations":[{"start":{"line":13,"column":8},"end":{"line":13,"column":20}},{"start":{"line":13,"column":24},"end":{"line":13,"column":26}}],"line":13},"9":{"loc":{"start":{"line":14,"column":4},"end":{"line":14,"column":182}},"type":"if","locations":[{"start":{"line":14,"column":4},"end":{"line":14,"column":182}},{"start":{},"end":{}}],"line":14},"10":{"loc":{"start":{"line":14,"column":8},"end":{"line":14,"column":85}},"type":"cond-expr","locations":[{"start":{"line":14,"column":38},"end":{"line":14,"column":62}},{"start":{"line":14,"column":65},"end":{"line":14,"column":85}}],"line":14},"11":{"loc":{"start":{"line":14,"column":38},"end":{"line":14,"column":62}},"type":"binary-expr","locations":[{"start":{"line":14,"column":38},"end":{"line":14,"column":56}},{"start":{"line":14,"column":60},"end":{"line":14,"column":62}}],"line":14},"12":{"loc":{"start":{"line":15,"column":12},"end":{"line":15,"column":101}},"type":"cond-expr","locations":[{"start":{"line":15,"column":27},"end":{"line":15,"column":50}},{"start":{"line":15,"column":53},"end":{"line":15,"column":101}}],"line":15},"13":{"loc":{"start":{"line":15,"column":53},"end":{"line":15,"column":101}},"type":"cond-expr","locations":[{"start":{"line":15,"column":57},"end":{"line":15,"column":72}},{"start":{"line":15,"column":75},"end":{"line":15,"column":101}}],"line":15},"14":{"loc":{"start":{"line":17,"column":29},"end":{"line":21,"column":1}},"type":"binary-expr","locations":[{"start":{"line":17,"column":30},"end":{"line":17,"column":34}},{"start":{"line":17,"column":38},"end":{"line":17,"column":65}},{"start":{"line":17,"column":70},"end":{"line":21,"column":1}}],"line":17},"15":{"loc":{"start":{"line":18,"column":4},"end":{"line":18,"column":97}},"type":"if","locations":[{"start":{"line":18,"column":4},"end":{"line":18,"column":97}},{"start":{},"end":{}}],"line":18},"16":{"loc":{"start":{"line":18,"column":8},"end":{"line":18,"column":26}},"type":"binary-expr","locations":[{"start":{"line":18,"column":8},"end":{"line":18,"column":20}},{"start":{"line":18,"column":24},"end":{"line":18,"column":26}}],"line":18},"17":{"loc":{"start":{"line":19,"column":4},"end":{"line":19,"column":183}},"type":"if","locations":[{"start":{"line":19,"column":4},"end":{"line":19,"column":183}},{"start":{},"end":{}}],"line":19},"18":{"loc":{"start":{"line":19,"column":8},"end":{"line":19,"column":85}},"type":"cond-expr","locations":[{"start":{"line":19,"column":38},"end":{"line":19,"column":62}},{"start":{"line":19,"column":65},"end":{"line":19,"column":85}}],"line":19},"19":{"loc":{"start":{"line":19,"column":38},"end":{"line":19,"column":62}},"type":"binary-expr","locations":[{"start":{"line":19,"column":38},"end":{"line":19,"column":56}},{"start":{"line":19,"column":60},"end":{"line":19,"column":62}}],"line":19},"20":{"loc":{"start":{"line":20,"column":11},"end":{"line":20,"column":97}},"type":"cond-expr","locations":[{"start":{"line":20,"column":26},"end":{"line":20,"column":27}},{"start":{"line":20,"column":30},"end":{"line":20,"column":97}}],"line":20},"21":{"loc":{"start":{"line":20,"column":30},"end":{"line":20,"column":97}},"type":"cond-expr","locations":[{"start":{"line":20,"column":45},"end":{"line":20,"column":61}},{"start":{"line":20,"column":64},"end":{"line":20,"column":97}}],"line":20},"22":{"loc":{"start":{"line":20,"column":64},"end":{"line":20,"column":97}},"type":"cond-expr","locations":[{"start":{"line":20,"column":68},"end":{"line":20,"column":75}},{"start":{"line":20,"column":78},"end":{"line":20,"column":97}}],"line":20},"23":{"loc":{"start":{"line":22,"column":20},"end":{"line":28,"column":1}},"type":"binary-expr","locations":[{"start":{"line":22,"column":21},"end":{"line":22,"column":25}},{"start":{"line":22,"column":29},"end":{"line":22,"column":47}},{"start":{"line":22,"column":52},"end":{"line":28,"column":1}}],"line":22},"24":{"loc":{"start":{"line":23,"column":4},"end":{"line":23,"column":91}},"type":"if","locations":[{"start":{"line":23,"column":4},"end":{"line":23,"column":91}},{"start":{},"end":{}}],"line":23},"25":{"loc":{"start":{"line":25,"column":11},"end":{"line":25,"column":212}},"type":"cond-expr","locations":[{"start":{"line":25,"column":15},"end":{"line":25,"column":24}},{"start":{"line":25,"column":28},"end":{"line":25,"column":211}}],"line":25},"26":{"loc":{"start":{"line":25,"column":32},"end":{"line":25,"column":99}},"type":"cond-expr","locations":[{"start":{"line":25,"column":65},"end":{"line":25,"column":76}},{"start":{"line":25,"column":79},"end":{"line":25,"column":99}}],"line":25},"27":{"loc":{"start":{"line":26,"column":30},"end":{"line":26,"column":161}},"type":"binary-expr","locations":[{"start":{"line":26,"column":30},"end":{"line":26,"column":34}},{"start":{"line":26,"column":38},"end":{"line":26,"column":161}}],"line":26},"28":{"loc":{"start":{"line":29,"column":22},"end":{"line":31,"column":1}},"type":"binary-expr","locations":[{"start":{"line":29,"column":23},"end":{"line":29,"column":27}},{"start":{"line":29,"column":31},"end":{"line":29,"column":51}},{"start":{"line":29,"column":56},"end":{"line":31,"column":1}}],"line":29},"29":{"loc":{"start":{"line":30,"column":11},"end":{"line":30,"column":61}},"type":"cond-expr","locations":[{"start":{"line":30,"column":37},"end":{"line":30,"column":40}},{"start":{"line":30,"column":43},"end":{"line":30,"column":61}}],"line":30},"30":{"loc":{"start":{"line":30,"column":12},"end":{"line":30,"column":33}},"type":"binary-expr","locations":[{"start":{"line":30,"column":12},"end":{"line":30,"column":15}},{"start":{"line":30,"column":19},"end":{"line":30,"column":33}}],"line":30},"31":{"loc":{"start":{"line":73,"column":21},"end":{"line":76,"column":5}},"type":"default-arg","locations":[{"start":{"line":73,"column":31},"end":{"line":76,"column":5}}],"line":73},"32":{"loc":{"start":{"line":79,"column":12},"end":{"line":81,"column":13}},"type":"if","locations":[{"start":{"line":79,"column":12},"end":{"line":81,"column":13}},{"start":{},"end":{}}],"line":79},"33":{"loc":{"start":{"line":90,"column":24},"end":{"line":91,"column":40}},"type":"if","locations":[{"start":{"line":90,"column":24},"end":{"line":91,"column":40}},{"start":{},"end":{}}],"line":90},"34":{"loc":{"start":{"line":109,"column":12},"end":{"line":138,"column":13}},"type":"if","locations":[{"start":{"line":109,"column":12},"end":{"line":138,"column":13}},{"start":{},"end":{}}],"line":109},"35":{"loc":{"start":{"line":112,"column":16},"end":{"line":137,"column":17}},"type":"if","locations":[{"start":{"line":112,"column":16},"end":{"line":137,"column":17}},{"start":{"line":116,"column":21},"end":{"line":137,"column":17}}],"line":112},"36":{"loc":{"start":{"line":120,"column":20},"end":{"line":136,"column":21}},"type":"if","locations":[{"start":{"line":120,"column":20},"end":{"line":136,"column":21}},{"start":{"line":134,"column":25},"end":{"line":136,"column":21}}],"line":120},"37":{"loc":{"start":{"line":122,"column":24},"end":{"line":124,"column":25}},"type":"if","locations":[{"start":{"line":122,"column":24},"end":{"line":124,"column":25}},{"start":{},"end":{}}],"line":122},"38":{"loc":{"start":{"line":139,"column":12},"end":{"line":167,"column":13}},"type":"if","locations":[{"start":{"line":139,"column":12},"end":{"line":167,"column":13}},{"start":{},"end":{}}],"line":139},"39":{"loc":{"start":{"line":154,"column":24},"end":{"line":156,"column":25}},"type":"if","locations":[{"start":{"line":154,"column":24},"end":{"line":156,"column":25}},{"start":{},"end":{}}],"line":154},"40":{"loc":{"start":{"line":163,"column":24},"end":{"line":163,"column":86}},"type":"if","locations":[{"start":{"line":163,"column":24},"end":{"line":163,"column":86}},{"start":{},"end":{}}],"line":163},"41":{"loc":{"start":{"line":163,"column":28},"end":{"line":163,"column":62}},"type":"binary-expr","locations":[{"start":{"line":163,"column":28},"end":{"line":163,"column":31}},{"start":{"line":163,"column":35},"end":{"line":163,"column":38}},{"start":{"line":163,"column":43},"end":{"line":163,"column":61}}],"line":163},"42":{"loc":{"start":{"line":165,"column":30},"end":{"line":165,"column":55}},"type":"if","locations":[{"start":{"line":165,"column":30},"end":{"line":165,"column":55}},{"start":{},"end":{}}],"line":165}},"s":{"0":9,"1":9,"2":0,"3":6,"4":9,"5":9,"6":0,"7":0,"8":0,"9":0,"10":13,"11":6,"12":9,"13":116,"14":0,"15":116,"16":0,"17":116,"18":0,"19":116,"20":9,"21":811,"22":0,"23":811,"24":0,"25":811,"26":9,"27":1,"28":0,"29":1,"30":1,"31":0,"32":3,"33":5,"34":5,"35":5,"36":5,"37":9,"38":36,"39":9,"40":9,"41":9,"42":9,"43":9,"44":9,"45":9,"46":30,"47":30,"48":30,"49":30,"50":209,"51":224,"52":224,"53":5,"54":5,"55":5,"56":17,"57":5,"58":200,"59":28,"60":28,"61":28,"62":88,"63":28,"64":6,"65":6,"66":1,"67":5,"68":5,"69":9,"70":9,"71":9,"72":27,"73":27,"74":24,"75":3,"76":9,"77":0,"78":5,"79":5,"80":3,"81":2,"82":5,"83":3,"84":3,"85":0,"86":0,"87":3,"88":3,"89":3,"90":2,"91":2,"92":0,"93":2,"94":2,"95":2,"96":8,"97":1,"98":5,"99":3,"100":1,"101":1,"102":1,"103":1,"104":1,"105":1,"106":4,"107":4,"108":4,"109":4,"110":1,"111":3,"112":0,"113":1,"114":1,"115":0,"116":1,"117":0,"118":3,"119":9,"120":9,"121":28,"122":28,"123":28,"124":28,"125":110,"126":112,"127":1,"128":1,"129":1,"130":3,"131":1,"132":163,"133":42,"134":42,"135":42,"136":102,"137":42,"138":9,"139":9,"140":9},"f":{"0":6,"1":9,"2":0,"3":6,"4":9,"5":0,"6":13,"7":116,"8":811,"9":1,"10":0,"11":3,"12":5,"13":5,"14":5,"15":5,"16":36,"17":30,"18":209,"19":224,"20":5,"21":200,"22":28,"23":6,"24":6,"25":9,"26":27,"27":8,"28":28,"29":110,"30":112,"31":1,"32":163,"33":42},"b":{"0":[9,9,9],"1":[9,0],"2":[6,6],"3":[4,9],"4":[6,6],"5":[9,9,9],"6":[0,116],"7":[0,116],"8":[116,0],"9":[0,116],"10":[0,116],"11":[0,0],"12":[0,116],"13":[0,116],"14":[9,9,9],"15":[0,811],"16":[811,0],"17":[0,811],"18":[0,811],"19":[0,0],"20":[0,811],"21":[0,811],"22":[0,811],"23":[9,9,9],"24":[0,1],"25":[0,1],"26":[0,1],"27":[3,1],"28":[9,9,9],"29":[17,19],"30":[36,36],"31":[4],"32":[1,5],"33":[24,3],"34":[3,2],"35":[0,3],"36":[2,1],"37":[0,2],"38":[3,2],"39":[1,3],"40":[0,1],"41":[1,0,0],"42":[0,1]},"inputSourceMap":null,"_coverageSchema":"1a1c01bbd47fc00a2c39e90264f33305004495a9","hash":"da8ccf2b537050881b9e774d034da68fa91af075"}
,"C:\\Users\\Pratyush\\Desktop\\playground\\mnist\\nn\\errors\\index.js": {"path":"C:\\Users\\Pratyush\\Desktop\\playground\\mnist\\nn\\errors\\index.js","statementMap":{"0":{"start":{"line":2,"column":29},"end":{"line":7,"column":1}},"1":{"start":{"line":3,"column":4},"end":{"line":3,"column":76}},"2":{"start":{"line":3,"column":22},"end":{"line":3,"column":76}},"3":{"start":{"line":4,"column":4},"end":{"line":4,"column":97}},"4":{"start":{"line":4,"column":28},"end":{"line":4,"column":97}},"5":{"start":{"line":5,"column":4},"end":{"line":5,"column":182}},"6":{"start":{"line":5,"column":87},"end":{"line":5,"column":182}},"7":{"start":{"line":6,"column":4},"end":{"line":6,"column":110}},"8":{"start":{"line":8,"column":29},"end":{"line":12,"column":1}},"9":{"start":{"line":9,"column":4},"end":{"line":9,"column":97}},"10":{"start":{"line":9,"column":28},"end":{"line":9,"column":97}},"11":{"start":{"line":10,"column":4},"end":{"line":10,"column":183}},"12":{"start":{"line":10,"column":87},"end":{"line":10,"column":183}},"13":{"start":{"line":11,"column":4},"end":{"line":11,"column":98}},"14":{"start":{"line":14,"column":0},"end":{"line":14,"column":62}},"15":{"start":{"line":15,"column":0},"end":{"line":15,"column":27}},"16":{"start":{"line":18,"column":8},"end":{"line":18,"column":46}},"17":{"start":{"line":19,"column":8},"end":{"line":19,"column":46}},"18":{"start":{"line":20,"column":8},"end":{"line":20,"column":32}},"19":{"start":{"line":21,"column":8},"end":{"line":21,"column":33}},"20":{"start":{"line":22,"column":8},"end":{"line":28,"column":9}},"21":{"start":{"line":23,"column":12},"end":{"line":27,"column":54}},"22":{"start":{"line":29,"column":8},"end":{"line":29,"column":67}},"23":{"start":{"line":30,"column":8},"end":{"line":30,"column":67}},"24":{"start":{"line":37,"column":8},"end":{"line":37,"column":40}},"25":{"start":{"line":38,"column":8},"end":{"line":40,"column":9}},"26":{"start":{"line":39,"column":12},"end":{"line":39,"column":65}},"27":{"start":{"line":41,"column":8},"end":{"line":41,"column":55}},"28":{"start":{"line":42,"column":8},"end":{"line":46,"column":10}},"29":{"start":{"line":53,"column":8},"end":{"line":53,"column":25}},"30":{"start":{"line":55,"column":8},"end":{"line":63,"column":11}},"31":{"start":{"line":56,"column":12},"end":{"line":56,"column":78}},"32":{"start":{"line":57,"column":12},"end":{"line":59,"column":13}},"33":{"start":{"line":58,"column":16},"end":{"line":58,"column":34}},"34":{"start":{"line":60,"column":12},"end":{"line":62,"column":13}},"35":{"start":{"line":61,"column":16},"end":{"line":61,"column":39}},"36":{"start":{"line":64,"column":8},"end":{"line":64,"column":39}},"37":{"start":{"line":65,"column":8},"end":{"line":70,"column":9}},"38":{"start":{"line":66,"column":12},"end":{"line":68,"column":13}},"39":{"start":{"line":67,"column":16},"end":{"line":67,"column":69}},"40":{"start":{"line":69,"column":12},"end":{"line":69,"column":59}},"41":{"start":{"line":71,"column":8},"end":{"line":75,"column":10}},"42":{"start":{"line":78,"column":0},"end":{"line":78,"column":30}},"43":{"start":{"line":79,"column":0},"end":{"line":79,"column":67}},"44":{"start":{"line":81,"column":4},"end":{"line":81,"column":29}},"45":{"start":{"line":84,"column":4},"end":{"line":84,"column":37}},"46":{"start":{"line":84,"column":30},"end":{"line":84,"column":35}},"47":{"start":{"line":87,"column":4},"end":{"line":87,"column":17}},"48":{"start":{"line":90,"column":4},"end":{"line":90,"column":65}},"49":{"start":{"line":93,"column":4},"end":{"line":93,"column":63}},"50":{"start":{"line":96,"column":4},"end":{"line":96,"column":46}},"51":{"start":{"line":99,"column":4},"end":{"line":99,"column":62}},"52":{"start":{"line":102,"column":4},"end":{"line":102,"column":45}},"53":{"start":{"line":104,"column":0},"end":{"line":114,"column":2}}},"fnMap":{"0":{"name":"(anonymous_0)","decl":{"start":{"line":2,"column":70},"end":{"line":2,"column":71}},"loc":{"start":{"line":2,"column":113},"end":{"line":7,"column":1}},"line":2},"1":{"name":"(anonymous_1)","decl":{"start":{"line":8,"column":70},"end":{"line":8,"column":71}},"loc":{"start":{"line":8,"column":106},"end":{"line":12,"column":1}},"line":8},"2":{"name":"(anonymous_2)","decl":{"start":{"line":17,"column":4},"end":{"line":17,"column":5}},"loc":{"start":{"line":17,"column":30},"end":{"line":31,"column":5}},"line":17},"3":{"name":"(anonymous_3)","decl":{"start":{"line":32,"column":4},"end":{"line":32,"column":5}},"loc":{"start":{"line":32,"column":16},"end":{"line":47,"column":5}},"line":32},"4":{"name":"(anonymous_4)","decl":{"start":{"line":48,"column":4},"end":{"line":48,"column":5}},"loc":{"start":{"line":48,"column":26},"end":{"line":76,"column":5}},"line":48},"5":{"name":"(anonymous_5)","decl":{"start":{"line":55,"column":68},"end":{"line":55,"column":69}},"loc":{"start":{"line":55,"column":78},"end":{"line":63,"column":9}},"line":55},"6":{"name":"mean","decl":{"start":{"line":80,"column":9},"end":{"line":80,"column":13}},"loc":{"start":{"line":80,"column":17},"end":{"line":82,"column":1}},"line":80},"7":{"name":"sum","decl":{"start":{"line":83,"column":9},"end":{"line":83,"column":12}},"loc":{"start":{"line":83,"column":16},"end":{"line":85,"column":1}},"line":83},"8":{"name":"(anonymous_8)","decl":{"start":{"line":84,"column":20},"end":{"line":84,"column":21}},"loc":{"start":{"line":84,"column":30},"end":{"line":84,"column":35}},"line":84},"9":{"name":"square","decl":{"start":{"line":86,"column":9},"end":{"line":86,"column":15}},"loc":{"start":{"line":86,"column":19},"end":{"line":88,"column":1}},"line":86},"10":{"name":"MAE","decl":{"start":{"line":89,"column":9},"end":{"line":89,"column":12}},"loc":{"start":{"line":89,"column":27},"end":{"line":91,"column":1}},"line":89},"11":{"name":"MSE","decl":{"start":{"line":92,"column":9},"end":{"line":92,"column":12}},"loc":{"start":{"line":92,"column":27},"end":{"line":94,"column":1}},"line":92},"12":{"name":"RMSE","decl":{"start":{"line":95,"column":9},"end":{"line":95,"column":13}},"loc":{"start":{"line":95,"column":28},"end":{"line":97,"column":1}},"line":95},"13":{"name":"RSS","decl":{"start":{"line":98,"column":9},"end":{"line":98,"column":12}},"loc":{"start":{"line":98,"column":27},"end":{"line":100,"column":1}},"line":98},"14":{"name":"error","decl":{"start":{"line":101,"column":9},"end":{"line":101,"column":14}},"loc":{"start":{"line":101,"column":29},"end":{"line":103,"column":1}},"line":101}},"branchMap":{"0":{"loc":{"start":{"line":2,"column":29},"end":{"line":7,"column":1}},"type":"binary-expr","locations":[{"start":{"line":2,"column":30},"end":{"line":2,"column":34}},{"start":{"line":2,"column":38},"end":{"line":2,"column":65}},{"start":{"line":2,"column":70},"end":{"line":7,"column":1}}],"line":2},"1":{"loc":{"start":{"line":3,"column":4},"end":{"line":3,"column":76}},"type":"if","locations":[{"start":{"line":3,"column":4},"end":{"line":3,"column":76}},{"start":{},"end":{}}],"line":3},"2":{"loc":{"start":{"line":4,"column":4},"end":{"line":4,"column":97}},"type":"if","locations":[{"start":{"line":4,"column":4},"end":{"line":4,"column":97}},{"start":{},"end":{}}],"line":4},"3":{"loc":{"start":{"line":4,"column":8},"end":{"line":4,"column":26}},"type":"binary-expr","locations":[{"start":{"line":4,"column":8},"end":{"line":4,"column":20}},{"start":{"line":4,"column":24},"end":{"line":4,"column":26}}],"line":4},"4":{"loc":{"start":{"line":5,"column":4},"end":{"line":5,"column":182}},"type":"if","locations":[{"start":{"line":5,"column":4},"end":{"line":5,"column":182}},{"start":{},"end":{}}],"line":5},"5":{"loc":{"start":{"line":5,"column":8},"end":{"line":5,"column":85}},"type":"cond-expr","locations":[{"start":{"line":5,"column":38},"end":{"line":5,"column":62}},{"start":{"line":5,"column":65},"end":{"line":5,"column":85}}],"line":5},"6":{"loc":{"start":{"line":5,"column":38},"end":{"line":5,"column":62}},"type":"binary-expr","locations":[{"start":{"line":5,"column":38},"end":{"line":5,"column":56}},{"start":{"line":5,"column":60},"end":{"line":5,"column":62}}],"line":5},"7":{"loc":{"start":{"line":6,"column":12},"end":{"line":6,"column":101}},"type":"cond-expr","locations":[{"start":{"line":6,"column":27},"end":{"line":6,"column":50}},{"start":{"line":6,"column":53},"end":{"line":6,"column":101}}],"line":6},"8":{"loc":{"start":{"line":6,"column":53},"end":{"line":6,"column":101}},"type":"cond-expr","locations":[{"start":{"line":6,"column":57},"end":{"line":6,"column":72}},{"start":{"line":6,"column":75},"end":{"line":6,"column":101}}],"line":6},"9":{"loc":{"start":{"line":8,"column":29},"end":{"line":12,"column":1}},"type":"binary-expr","locations":[{"start":{"line":8,"column":30},"end":{"line":8,"column":34}},{"start":{"line":8,"column":38},"end":{"line":8,"column":65}},{"start":{"line":8,"column":70},"end":{"line":12,"column":1}}],"line":8},"10":{"loc":{"start":{"line":9,"column":4},"end":{"line":9,"column":97}},"type":"if","locations":[{"start":{"line":9,"column":4},"end":{"line":9,"column":97}},{"start":{},"end":{}}],"line":9},"11":{"loc":{"start":{"line":9,"column":8},"end":{"line":9,"column":26}},"type":"binary-expr","locations":[{"start":{"line":9,"column":8},"end":{"line":9,"column":20}},{"start":{"line":9,"column":24},"end":{"line":9,"column":26}}],"line":9},"12":{"loc":{"start":{"line":10,"column":4},"end":{"line":10,"column":183}},"type":"if","locations":[{"start":{"line":10,"column":4},"end":{"line":10,"column":183}},{"start":{},"end":{}}],"line":10},"13":{"loc":{"start":{"line":10,"column":8},"end":{"line":10,"column":85}},"type":"cond-expr","locations":[{"start":{"line":10,"column":38},"end":{"line":10,"column":62}},{"start":{"line":10,"column":65},"end":{"line":10,"column":85}}],"line":10},"14":{"loc":{"start":{"line":10,"column":38},"end":{"line":10,"column":62}},"type":"binary-expr","locations":[{"start":{"line":10,"column":38},"end":{"line":10,"column":56}},{"start":{"line":10,"column":60},"end":{"line":10,"column":62}}],"line":10},"15":{"loc":{"start":{"line":11,"column":11},"end":{"line":11,"column":97}},"type":"cond-expr","locations":[{"start":{"line":11,"column":26},"end":{"line":11,"column":27}},{"start":{"line":11,"column":30},"end":{"line":11,"column":97}}],"line":11},"16":{"loc":{"start":{"line":11,"column":30},"end":{"line":11,"column":97}},"type":"cond-expr","locations":[{"start":{"line":11,"column":45},"end":{"line":11,"column":61}},{"start":{"line":11,"column":64},"end":{"line":11,"column":97}}],"line":11},"17":{"loc":{"start":{"line":11,"column":64},"end":{"line":11,"column":97}},"type":"cond-expr","locations":[{"start":{"line":11,"column":68},"end":{"line":11,"column":75}},{"start":{"line":11,"column":78},"end":{"line":11,"column":97}}],"line":11},"18":{"loc":{"start":{"line":22,"column":8},"end":{"line":28,"column":9}},"type":"if","locations":[{"start":{"line":22,"column":8},"end":{"line":28,"column":9}},{"start":{},"end":{}}],"line":22},"19":{"loc":{"start":{"line":38,"column":8},"end":{"line":40,"column":9}},"type":"if","locations":[{"start":{"line":38,"column":8},"end":{"line":40,"column":9}},{"start":{},"end":{}}],"line":38},"20":{"loc":{"start":{"line":48,"column":8},"end":{"line":48,"column":24}},"type":"default-arg","locations":[{"start":{"line":48,"column":15},"end":{"line":48,"column":24}}],"line":48},"21":{"loc":{"start":{"line":57,"column":12},"end":{"line":59,"column":13}},"type":"if","locations":[{"start":{"line":57,"column":12},"end":{"line":59,"column":13}},{"start":{},"end":{}}],"line":57},"22":{"loc":{"start":{"line":60,"column":12},"end":{"line":62,"column":13}},"type":"if","locations":[{"start":{"line":60,"column":12},"end":{"line":62,"column":13}},{"start":{},"end":{}}],"line":60},"23":{"loc":{"start":{"line":65,"column":8},"end":{"line":70,"column":9}},"type":"if","locations":[{"start":{"line":65,"column":8},"end":{"line":70,"column":9}},{"start":{},"end":{}}],"line":65},"24":{"loc":{"start":{"line":66,"column":12},"end":{"line":68,"column":13}},"type":"if","locations":[{"start":{"line":66,"column":12},"end":{"line":68,"column":13}},{"start":{},"end":{}}],"line":66}},"s":{"0":8,"1":38,"2":0,"3":38,"4":0,"5":38,"6":0,"7":38,"8":8,"9":74,"10":0,"11":74,"12":0,"13":74,"14":8,"15":8,"16":19,"17":19,"18":19,"19":19,"20":19,"21":0,"22":19,"23":19,"24":20,"25":19,"26":0,"27":19,"28":19,"29":20,"30":20,"31":54,"32":54,"33":50,"34":54,"35":54,"36":20,"37":20,"38":19,"39":1,"40":18,"41":19,"42":8,"43":8,"44":18,"45":24,"46":37,"47":41,"48":1,"49":14,"50":1,"51":2,"52":1,"53":8},"f":{"0":38,"1":74,"2":19,"3":20,"4":20,"5":54,"6":18,"7":24,"8":37,"9":41,"10":1,"11":14,"12":1,"13":2,"14":1},"b":{"0":[8,8,8],"1":[0,38],"2":[0,38],"3":[38,0],"4":[0,38],"5":[0,38],"6":[0,0],"7":[0,38],"8":[0,38],"9":[8,8,8],"10":[0,74],"11":[74,0],"12":[0,74],"13":[0,74],"14":[0,0],"15":[0,74],"16":[0,74],"17":[0,74],"18":[0,19],"19":[0,19],"20":[1],"21":[50,4],"22":[54,0],"23":[19,1],"24":[1,18]},"inputSourceMap":null,"_coverageSchema":"1a1c01bbd47fc00a2c39e90264f33305004495a9","hash":"6d9fa332d72142fdb3d1d7a357b78a492d2df5e7"}
,"C:\\Users\\Pratyush\\Desktop\\playground\\mnist\\nn\\functions\\index.js": {"path":"C:\\Users\\Pratyush\\Desktop\\playground\\mnist\\nn\\functions\\index.js","statementMap":{"0":{"start":{"line":2,"column":29},"end":{"line":7,"column":1}},"1":{"start":{"line":3,"column":4},"end":{"line":3,"column":76}},"2":{"start":{"line":3,"column":22},"end":{"line":3,"column":76}},"3":{"start":{"line":4,"column":4},"end":{"line":4,"column":97}},"4":{"start":{"line":4,"column":28},"end":{"line":4,"column":97}},"5":{"start":{"line":5,"column":4},"end":{"line":5,"column":182}},"6":{"start":{"line":5,"column":87},"end":{"line":5,"column":182}},"7":{"start":{"line":6,"column":4},"end":{"line":6,"column":110}},"8":{"start":{"line":8,"column":29},"end":{"line":12,"column":1}},"9":{"start":{"line":9,"column":4},"end":{"line":9,"column":97}},"10":{"start":{"line":9,"column":28},"end":{"line":9,"column":97}},"11":{"start":{"line":10,"column":4},"end":{"line":10,"column":183}},"12":{"start":{"line":10,"column":87},"end":{"line":10,"column":183}},"13":{"start":{"line":11,"column":4},"end":{"line":11,"column":98}},"14":{"start":{"line":13,"column":22},"end":{"line":15,"column":1}},"15":{"start":{"line":14,"column":4},"end":{"line":14,"column":62}},"16":{"start":{"line":17,"column":0},"end":{"line":17,"column":62}},"17":{"start":{"line":18,"column":0},"end":{"line":18,"column":36}},"18":{"start":{"line":19,"column":17},"end":{"line":19,"column":54}},"19":{"start":{"line":27,"column":8},"end":{"line":31,"column":193}},"20":{"start":{"line":34,"column":8},"end":{"line":38,"column":193}},"21":{"start":{"line":41,"column":8},"end":{"line":45,"column":193}},"22":{"start":{"line":48,"column":8},"end":{"line":52,"column":193}},"23":{"start":{"line":55,"column":8},"end":{"line":59,"column":193}},"24":{"start":{"line":62,"column":0},"end":{"line":62,"column":48}},"25":{"start":{"line":65,"column":8},"end":{"line":65,"column":28}},"26":{"start":{"line":68,"column":8},"end":{"line":68,"column":43}},"27":{"start":{"line":72,"column":8},"end":{"line":72,"column":39}},"28":{"start":{"line":75,"column":21},"end":{"line":75,"column":65}},"29":{"start":{"line":75,"column":34},"end":{"line":75,"column":64}},"30":{"start":{"line":76,"column":8},"end":{"line":76,"column":44}},"31":{"start":{"line":79,"column":8},"end":{"line":79,"column":25}},"32":{"start":{"line":84,"column":8},"end":{"line":84,"column":33}},"33":{"start":{"line":87,"column":8},"end":{"line":87,"column":33}},"34":{"start":{"line":90,"column":8},"end":{"line":90,"column":46}},"35":{"start":{"line":90,"column":29},"end":{"line":90,"column":43}},"36":{"start":{"line":93,"column":21},"end":{"line":93,"column":49}},"37":{"start":{"line":93,"column":34},"end":{"line":93,"column":48}},"38":{"start":{"line":94,"column":8},"end":{"line":94,"column":44}},"39":{"start":{"line":97,"column":8},"end":{"line":97,"column":22}},"40":{"start":{"line":102,"column":8},"end":{"line":102,"column":37}},"41":{"start":{"line":105,"column":8},"end":{"line":105,"column":36}},"42":{"start":{"line":108,"column":8},"end":{"line":108,"column":49}},"43":{"start":{"line":108,"column":29},"end":{"line":108,"column":46}},"44":{"start":{"line":111,"column":21},"end":{"line":111,"column":56}},"45":{"start":{"line":111,"column":34},"end":{"line":111,"column":55}},"46":{"start":{"line":112,"column":8},"end":{"line":112,"column":44}},"47":{"start":{"line":115,"column":8},"end":{"line":115,"column":27}},"48":{"start":{"line":120,"column":8},"end":{"line":120,"column":37}},"49":{"start":{"line":123,"column":8},"end":{"line":126,"column":34}},"50":{"start":{"line":132,"column":8},"end":{"line":132,"column":47}},"51":{"start":{"line":135,"column":24},"end":{"line":135,"column":30}},"52":{"start":{"line":136,"column":21},"end":{"line":136,"column":79}},"53":{"start":{"line":136,"column":34},"end":{"line":136,"column":54}},"54":{"start":{"line":136,"column":73},"end":{"line":136,"column":78}},"55":{"start":{"line":137,"column":8},"end":{"line":145,"column":9}},"56":{"start":{"line":138,"column":12},"end":{"line":144,"column":76}},"57":{"start":{"line":146,"column":21},"end":{"line":146,"column":64}},"58":{"start":{"line":146,"column":34},"end":{"line":146,"column":63}},"59":{"start":{"line":147,"column":8},"end":{"line":147,"column":44}},"60":{"start":{"line":150,"column":8},"end":{"line":150,"column":25}},"61":{"start":{"line":155,"column":8},"end":{"line":155,"column":37}},"62":{"start":{"line":158,"column":8},"end":{"line":158,"column":31}},"63":{"start":{"line":162,"column":8},"end":{"line":162,"column":39}},"64":{"start":{"line":165,"column":21},"end":{"line":165,"column":73}},"65":{"start":{"line":165,"column":34},"end":{"line":165,"column":72}},"66":{"start":{"line":166,"column":8},"end":{"line":166,"column":44}},"67":{"start":{"line":169,"column":8},"end":{"line":169,"column":22}},"68":{"start":{"line":174,"column":8},"end":{"line":174,"column":16}},"69":{"start":{"line":175,"column":8},"end":{"line":175,"column":39}},"70":{"start":{"line":176,"column":8},"end":{"line":176,"column":56}},"71":{"start":{"line":179,"column":8},"end":{"line":179,"column":21}},"72":{"start":{"line":182,"column":8},"end":{"line":182,"column":19}},"73":{"start":{"line":185,"column":8},"end":{"line":185,"column":73}},"74":{"start":{"line":185,"column":27},"end":{"line":185,"column":71}},"75":{"start":{"line":188,"column":21},"end":{"line":188,"column":83}},"76":{"start":{"line":188,"column":34},"end":{"line":188,"column":82}},"77":{"start":{"line":189,"column":8},"end":{"line":189,"column":44}},"78":{"start":{"line":192,"column":8},"end":{"line":192,"column":73}},"79":{"start":{"line":195,"column":0},"end":{"line":195,"column":26}},"80":{"start":{"line":196,"column":18},"end":{"line":209,"column":1}},"81":{"start":{"line":210,"column":0},"end":{"line":210,"column":86}}},"fnMap":{"0":{"name":"(anonymous_0)","decl":{"start":{"line":2,"column":70},"end":{"line":2,"column":71}},"loc":{"start":{"line":2,"column":113},"end":{"line":7,"column":1}},"line":2},"1":{"name":"(anonymous_1)","decl":{"start":{"line":8,"column":70},"end":{"line":8,"column":71}},"loc":{"start":{"line":8,"column":106},"end":{"line":12,"column":1}},"line":8},"2":{"name":"(anonymous_2)","decl":{"start":{"line":13,"column":56},"end":{"line":13,"column":57}},"loc":{"start":{"line":13,"column":71},"end":{"line":15,"column":1}},"line":13},"3":{"name":"(anonymous_3)","decl":{"start":{"line":26,"column":4},"end":{"line":26,"column":5}},"loc":{"start":{"line":26,"column":18},"end":{"line":32,"column":5}},"line":26},"4":{"name":"(anonymous_4)","decl":{"start":{"line":33,"column":4},"end":{"line":33,"column":5}},"loc":{"start":{"line":33,"column":19},"end":{"line":39,"column":5}},"line":33},"5":{"name":"(anonymous_5)","decl":{"start":{"line":40,"column":4},"end":{"line":40,"column":5}},"loc":{"start":{"line":40,"column":20},"end":{"line":46,"column":5}},"line":40},"6":{"name":"(anonymous_6)","decl":{"start":{"line":47,"column":4},"end":{"line":47,"column":5}},"loc":{"start":{"line":47,"column":17},"end":{"line":53,"column":5}},"line":47},"7":{"name":"(anonymous_7)","decl":{"start":{"line":54,"column":4},"end":{"line":54,"column":5}},"loc":{"start":{"line":54,"column":15},"end":{"line":60,"column":5}},"line":54},"8":{"name":"(anonymous_8)","decl":{"start":{"line":64,"column":4},"end":{"line":64,"column":5}},"loc":{"start":{"line":64,"column":18},"end":{"line":66,"column":5}},"line":64},"9":{"name":"(anonymous_9)","decl":{"start":{"line":67,"column":4},"end":{"line":67,"column":5}},"loc":{"start":{"line":67,"column":19},"end":{"line":69,"column":5}},"line":67},"10":{"name":"(anonymous_10)","decl":{"start":{"line":70,"column":4},"end":{"line":70,"column":5}},"loc":{"start":{"line":70,"column":20},"end":{"line":73,"column":5}},"line":70},"11":{"name":"(anonymous_11)","decl":{"start":{"line":74,"column":4},"end":{"line":74,"column":5}},"loc":{"start":{"line":74,"column":17},"end":{"line":77,"column":5}},"line":74},"12":{"name":"(anonymous_12)","decl":{"start":{"line":75,"column":27},"end":{"line":75,"column":28}},"loc":{"start":{"line":75,"column":34},"end":{"line":75,"column":64}},"line":75},"13":{"name":"(anonymous_13)","decl":{"start":{"line":78,"column":4},"end":{"line":78,"column":5}},"loc":{"start":{"line":78,"column":15},"end":{"line":80,"column":5}},"line":78},"14":{"name":"(anonymous_14)","decl":{"start":{"line":83,"column":4},"end":{"line":83,"column":5}},"loc":{"start":{"line":83,"column":18},"end":{"line":85,"column":5}},"line":83},"15":{"name":"(anonymous_15)","decl":{"start":{"line":86,"column":4},"end":{"line":86,"column":5}},"loc":{"start":{"line":86,"column":19},"end":{"line":88,"column":5}},"line":86},"16":{"name":"(anonymous_16)","decl":{"start":{"line":89,"column":4},"end":{"line":89,"column":5}},"loc":{"start":{"line":89,"column":20},"end":{"line":91,"column":5}},"line":89},"17":{"name":"(anonymous_17)","decl":{"start":{"line":90,"column":21},"end":{"line":90,"column":22}},"loc":{"start":{"line":90,"column":29},"end":{"line":90,"column":43}},"line":90},"18":{"name":"(anonymous_18)","decl":{"start":{"line":92,"column":4},"end":{"line":92,"column":5}},"loc":{"start":{"line":92,"column":17},"end":{"line":95,"column":5}},"line":92},"19":{"name":"(anonymous_19)","decl":{"start":{"line":93,"column":27},"end":{"line":93,"column":28}},"loc":{"start":{"line":93,"column":34},"end":{"line":93,"column":48}},"line":93},"20":{"name":"(anonymous_20)","decl":{"start":{"line":96,"column":4},"end":{"line":96,"column":5}},"loc":{"start":{"line":96,"column":15},"end":{"line":98,"column":5}},"line":96},"21":{"name":"(anonymous_21)","decl":{"start":{"line":101,"column":4},"end":{"line":101,"column":5}},"loc":{"start":{"line":101,"column":18},"end":{"line":103,"column":5}},"line":101},"22":{"name":"(anonymous_22)","decl":{"start":{"line":104,"column":4},"end":{"line":104,"column":5}},"loc":{"start":{"line":104,"column":19},"end":{"line":106,"column":5}},"line":104},"23":{"name":"(anonymous_23)","decl":{"start":{"line":107,"column":4},"end":{"line":107,"column":5}},"loc":{"start":{"line":107,"column":20},"end":{"line":109,"column":5}},"line":107},"24":{"name":"(anonymous_24)","decl":{"start":{"line":108,"column":21},"end":{"line":108,"column":22}},"loc":{"start":{"line":108,"column":29},"end":{"line":108,"column":46}},"line":108},"25":{"name":"(anonymous_25)","decl":{"start":{"line":110,"column":4},"end":{"line":110,"column":5}},"loc":{"start":{"line":110,"column":17},"end":{"line":113,"column":5}},"line":110},"26":{"name":"(anonymous_26)","decl":{"start":{"line":111,"column":27},"end":{"line":111,"column":28}},"loc":{"start":{"line":111,"column":34},"end":{"line":111,"column":55}},"line":111},"27":{"name":"(anonymous_27)","decl":{"start":{"line":114,"column":4},"end":{"line":114,"column":5}},"loc":{"start":{"line":114,"column":15},"end":{"line":116,"column":5}},"line":114},"28":{"name":"(anonymous_28)","decl":{"start":{"line":119,"column":4},"end":{"line":119,"column":5}},"loc":{"start":{"line":119,"column":18},"end":{"line":121,"column":5}},"line":119},"29":{"name":"(anonymous_29)","decl":{"start":{"line":122,"column":4},"end":{"line":122,"column":5}},"loc":{"start":{"line":122,"column":19},"end":{"line":127,"column":5}},"line":122},"30":{"name":"(anonymous_30)","decl":{"start":{"line":128,"column":4},"end":{"line":128,"column":5}},"loc":{"start":{"line":128,"column":20},"end":{"line":133,"column":5}},"line":128},"31":{"name":"(anonymous_31)","decl":{"start":{"line":134,"column":4},"end":{"line":134,"column":5}},"loc":{"start":{"line":134,"column":17},"end":{"line":148,"column":5}},"line":134},"32":{"name":"(anonymous_32)","decl":{"start":{"line":136,"column":27},"end":{"line":136,"column":28}},"loc":{"start":{"line":136,"column":34},"end":{"line":136,"column":54}},"line":136},"33":{"name":"(anonymous_33)","decl":{"start":{"line":136,"column":63},"end":{"line":136,"column":64}},"loc":{"start":{"line":136,"column":73},"end":{"line":136,"column":78}},"line":136},"34":{"name":"(anonymous_34)","decl":{"start":{"line":146,"column":27},"end":{"line":146,"column":28}},"loc":{"start":{"line":146,"column":34},"end":{"line":146,"column":63}},"line":146},"35":{"name":"(anonymous_35)","decl":{"start":{"line":149,"column":4},"end":{"line":149,"column":5}},"loc":{"start":{"line":149,"column":15},"end":{"line":151,"column":5}},"line":149},"36":{"name":"(anonymous_36)","decl":{"start":{"line":154,"column":4},"end":{"line":154,"column":5}},"loc":{"start":{"line":154,"column":18},"end":{"line":156,"column":5}},"line":154},"37":{"name":"(anonymous_37)","decl":{"start":{"line":157,"column":4},"end":{"line":157,"column":5}},"loc":{"start":{"line":157,"column":19},"end":{"line":159,"column":5}},"line":157},"38":{"name":"(anonymous_38)","decl":{"start":{"line":160,"column":4},"end":{"line":160,"column":5}},"loc":{"start":{"line":160,"column":20},"end":{"line":163,"column":5}},"line":160},"39":{"name":"(anonymous_39)","decl":{"start":{"line":164,"column":4},"end":{"line":164,"column":5}},"loc":{"start":{"line":164,"column":17},"end":{"line":167,"column":5}},"line":164},"40":{"name":"(anonymous_40)","decl":{"start":{"line":165,"column":27},"end":{"line":165,"column":28}},"loc":{"start":{"line":165,"column":34},"end":{"line":165,"column":72}},"line":165},"41":{"name":"(anonymous_41)","decl":{"start":{"line":168,"column":4},"end":{"line":168,"column":5}},"loc":{"start":{"line":168,"column":15},"end":{"line":170,"column":5}},"line":168},"42":{"name":"(anonymous_42)","decl":{"start":{"line":173,"column":4},"end":{"line":173,"column":5}},"loc":{"start":{"line":173,"column":23},"end":{"line":177,"column":5}},"line":173},"43":{"name":"(anonymous_43)","decl":{"start":{"line":178,"column":4},"end":{"line":178,"column":5}},"loc":{"start":{"line":178,"column":18},"end":{"line":180,"column":5}},"line":178},"44":{"name":"(anonymous_44)","decl":{"start":{"line":181,"column":4},"end":{"line":181,"column":5}},"loc":{"start":{"line":181,"column":19},"end":{"line":183,"column":5}},"line":181},"45":{"name":"(anonymous_45)","decl":{"start":{"line":184,"column":4},"end":{"line":184,"column":5}},"loc":{"start":{"line":184,"column":20},"end":{"line":186,"column":5}},"line":184},"46":{"name":"(anonymous_46)","decl":{"start":{"line":185,"column":21},"end":{"line":185,"column":22}},"loc":{"start":{"line":185,"column":27},"end":{"line":185,"column":71}},"line":185},"47":{"name":"(anonymous_47)","decl":{"start":{"line":187,"column":4},"end":{"line":187,"column":5}},"loc":{"start":{"line":187,"column":17},"end":{"line":190,"column":5}},"line":187},"48":{"name":"(anonymous_48)","decl":{"start":{"line":188,"column":27},"end":{"line":188,"column":28}},"loc":{"start":{"line":188,"column":34},"end":{"line":188,"column":82}},"line":188},"49":{"name":"(anonymous_49)","decl":{"start":{"line":191,"column":4},"end":{"line":191,"column":5}},"loc":{"start":{"line":191,"column":15},"end":{"line":193,"column":5}},"line":191}},"branchMap":{"0":{"loc":{"start":{"line":2,"column":29},"end":{"line":7,"column":1}},"type":"binary-expr","locations":[{"start":{"line":2,"column":30},"end":{"line":2,"column":34}},{"start":{"line":2,"column":38},"end":{"line":2,"column":65}},{"start":{"line":2,"column":70},"end":{"line":7,"column":1}}],"line":2},"1":{"loc":{"start":{"line":3,"column":4},"end":{"line":3,"column":76}},"type":"if","locations":[{"start":{"line":3,"column":4},"end":{"line":3,"column":76}},{"start":{},"end":{}}],"line":3},"2":{"loc":{"start":{"line":4,"column":4},"end":{"line":4,"column":97}},"type":"if","locations":[{"start":{"line":4,"column":4},"end":{"line":4,"column":97}},{"start":{},"end":{}}],"line":4},"3":{"loc":{"start":{"line":4,"column":8},"end":{"line":4,"column":26}},"type":"binary-expr","locations":[{"start":{"line":4,"column":8},"end":{"line":4,"column":20}},{"start":{"line":4,"column":24},"end":{"line":4,"column":26}}],"line":4},"4":{"loc":{"start":{"line":5,"column":4},"end":{"line":5,"column":182}},"type":"if","locations":[{"start":{"line":5,"column":4},"end":{"line":5,"column":182}},{"start":{},"end":{}}],"line":5},"5":{"loc":{"start":{"line":5,"column":8},"end":{"line":5,"column":85}},"type":"cond-expr","locations":[{"start":{"line":5,"column":38},"end":{"line":5,"column":62}},{"start":{"line":5,"column":65},"end":{"line":5,"column":85}}],"line":5},"6":{"loc":{"start":{"line":5,"column":38},"end":{"line":5,"column":62}},"type":"binary-expr","locations":[{"start":{"line":5,"column":38},"end":{"line":5,"column":56}},{"start":{"line":5,"column":60},"end":{"line":5,"column":62}}],"line":5},"7":{"loc":{"start":{"line":6,"column":12},"end":{"line":6,"column":101}},"type":"cond-expr","locations":[{"start":{"line":6,"column":27},"end":{"line":6,"column":50}},{"start":{"line":6,"column":53},"end":{"line":6,"column":101}}],"line":6},"8":{"loc":{"start":{"line":6,"column":53},"end":{"line":6,"column":101}},"type":"cond-expr","locations":[{"start":{"line":6,"column":57},"end":{"line":6,"column":72}},{"start":{"line":6,"column":75},"end":{"line":6,"column":101}}],"line":6},"9":{"loc":{"start":{"line":8,"column":29},"end":{"line":12,"column":1}},"type":"binary-expr","locations":[{"start":{"line":8,"column":30},"end":{"line":8,"column":34}},{"start":{"line":8,"column":38},"end":{"line":8,"column":65}},{"start":{"line":8,"column":70},"end":{"line":12,"column":1}}],"line":8},"10":{"loc":{"start":{"line":9,"column":4},"end":{"line":9,"column":97}},"type":"if","locations":[{"start":{"line":9,"column":4},"end":{"line":9,"column":97}},{"start":{},"end":{}}],"line":9},"11":{"loc":{"start":{"line":9,"column":8},"end":{"line":9,"column":26}},"type":"binary-expr","locations":[{"start":{"line":9,"column":8},"end":{"line":9,"column":20}},{"start":{"line":9,"column":24},"end":{"line":9,"column":26}}],"line":9},"12":{"loc":{"start":{"line":10,"column":4},"end":{"line":10,"column":183}},"type":"if","locations":[{"start":{"line":10,"column":4},"end":{"line":10,"column":183}},{"start":{},"end":{}}],"line":10},"13":{"loc":{"start":{"line":10,"column":8},"end":{"line":10,"column":85}},"type":"cond-expr","locations":[{"start":{"line":10,"column":38},"end":{"line":10,"column":62}},{"start":{"line":10,"column":65},"end":{"line":10,"column":85}}],"line":10},"14":{"loc":{"start":{"line":10,"column":38},"end":{"line":10,"column":62}},"type":"binary-expr","locations":[{"start":{"line":10,"column":38},"end":{"line":10,"column":56}},{"start":{"line":10,"column":60},"end":{"line":10,"column":62}}],"line":10},"15":{"loc":{"start":{"line":11,"column":11},"end":{"line":11,"column":97}},"type":"cond-expr","locations":[{"start":{"line":11,"column":26},"end":{"line":11,"column":27}},{"start":{"line":11,"column":30},"end":{"line":11,"column":97}}],"line":11},"16":{"loc":{"start":{"line":11,"column":30},"end":{"line":11,"column":97}},"type":"cond-expr","locations":[{"start":{"line":11,"column":45},"end":{"line":11,"column":61}},{"start":{"line":11,"column":64},"end":{"line":11,"column":97}}],"line":11},"17":{"loc":{"start":{"line":11,"column":64},"end":{"line":11,"column":97}},"type":"cond-expr","locations":[{"start":{"line":11,"column":68},"end":{"line":11,"column":75}},{"start":{"line":11,"column":78},"end":{"line":11,"column":97}}],"line":11},"18":{"loc":{"start":{"line":13,"column":22},"end":{"line":15,"column":1}},"type":"binary-expr","locations":[{"start":{"line":13,"column":23},"end":{"line":13,"column":27}},{"start":{"line":13,"column":31},"end":{"line":13,"column":51}},{"start":{"line":13,"column":56},"end":{"line":15,"column":1}}],"line":13},"19":{"loc":{"start":{"line":14,"column":11},"end":{"line":14,"column":61}},"type":"cond-expr","locations":[{"start":{"line":14,"column":37},"end":{"line":14,"column":40}},{"start":{"line":14,"column":43},"end":{"line":14,"column":61}}],"line":14},"20":{"loc":{"start":{"line":14,"column":12},"end":{"line":14,"column":33}},"type":"binary-expr","locations":[{"start":{"line":14,"column":12},"end":{"line":14,"column":15}},{"start":{"line":14,"column":19},"end":{"line":14,"column":33}}],"line":14},"21":{"loc":{"start":{"line":90,"column":29},"end":{"line":90,"column":43}},"type":"cond-expr","locations":[{"start":{"line":90,"column":38},"end":{"line":90,"column":39}},{"start":{"line":90,"column":42},"end":{"line":90,"column":43}}],"line":90},"22":{"loc":{"start":{"line":108,"column":29},"end":{"line":108,"column":46}},"type":"cond-expr","locations":[{"start":{"line":108,"column":38},"end":{"line":108,"column":39}},{"start":{"line":108,"column":42},"end":{"line":108,"column":46}}],"line":108},"23":{"loc":{"start":{"line":137,"column":8},"end":{"line":145,"column":9}},"type":"if","locations":[{"start":{"line":137,"column":8},"end":{"line":145,"column":9}},{"start":{},"end":{}}],"line":137},"24":{"loc":{"start":{"line":173,"column":16},"end":{"line":173,"column":21}},"type":"default-arg","locations":[{"start":{"line":173,"column":20},"end":{"line":173,"column":21}}],"line":173}},"s":{"0":7,"1":10,"2":0,"3":10,"4":0,"5":10,"6":0,"7":10,"8":7,"9":103,"10":0,"11":103,"12":0,"13":103,"14":7,"15":7,"16":7,"17":7,"18":7,"19":1,"20":1,"21":1,"22":1,"23":1,"24":7,"25":3,"26":3,"27":2,"28":3,"29":13,"30":3,"31":3,"32":2,"33":2,"34":2,"35":10,"36":2,"37":10,"38":2,"39":2,"40":2,"41":2,"42":2,"43":10,"44":2,"45":10,"46":2,"47":2,"48":2,"49":2,"50":2,"51":2,"52":2,"53":10,"54":8,"55":2,"56":0,"57":2,"58":10,"59":2,"60":2,"61":2,"62":2,"63":2,"64":2,"65":10,"66":2,"67":2,"68":10,"69":10,"70":10,"71":5,"72":5,"73":7,"74":20,"75":29,"76":74,"77":29,"78":9,"79":7,"80":7,"81":7},"f":{"0":10,"1":103,"2":7,"3":1,"4":1,"5":1,"6":1,"7":1,"8":3,"9":3,"10":2,"11":3,"12":13,"13":3,"14":2,"15":2,"16":2,"17":10,"18":2,"19":10,"20":2,"21":2,"22":2,"23":2,"24":10,"25":2,"26":10,"27":2,"28":2,"29":2,"30":2,"31":2,"32":10,"33":8,"34":10,"35":2,"36":2,"37":2,"38":2,"39":2,"40":10,"41":2,"42":10,"43":5,"44":5,"45":7,"46":20,"47":29,"48":74,"49":9},"b":{"0":[7,7,7],"1":[0,10],"2":[0,10],"3":[10,0],"4":[0,10],"5":[0,10],"6":[0,0],"7":[0,10],"8":[0,10],"9":[7,7,7],"10":[0,103],"11":[103,0],"12":[0,103],"13":[0,103],"14":[0,0],"15":[0,103],"16":[0,103],"17":[0,103],"18":[7,7,7],"19":[7,0],"20":[7,7],"21":[10,0],"22":[8,2],"23":[0,2],"24":[7]},"inputSourceMap":null,"_coverageSchema":"1a1c01bbd47fc00a2c39e90264f33305004495a9","hash":"5a6337bf5d768470b86a99d8ccedc4034d8aa61e"}
,"C:\\Users\\Pratyush\\Desktop\\playground\\mnist\\nn\\narray\\index.js": {"path":"C:\\Users\\Pratyush\\Desktop\\playground\\mnist\\nn\\narray\\index.js","statementMap":{"0":{"start":{"line":2,"column":29},"end":{"line":7,"column":1}},"1":{"start":{"line":3,"column":4},"end":{"line":3,"column":76}},"2":{"start":{"line":3,"column":22},"end":{"line":3,"column":76}},"3":{"start":{"line":4,"column":4},"end":{"line":4,"column":97}},"4":{"start":{"line":4,"column":28},"end":{"line":4,"column":97}},"5":{"start":{"line":5,"column":4},"end":{"line":5,"column":182}},"6":{"start":{"line":5,"column":87},"end":{"line":5,"column":182}},"7":{"start":{"line":6,"column":4},"end":{"line":6,"column":110}},"8":{"start":{"line":8,"column":29},"end":{"line":12,"column":1}},"9":{"start":{"line":9,"column":4},"end":{"line":9,"column":97}},"10":{"start":{"line":9,"column":28},"end":{"line":9,"column":97}},"11":{"start":{"line":10,"column":4},"end":{"line":10,"column":183}},"12":{"start":{"line":10,"column":87},"end":{"line":10,"column":183}},"13":{"start":{"line":11,"column":4},"end":{"line":11,"column":98}},"14":{"start":{"line":14,"column":0},"end":{"line":14,"column":62}},"15":{"start":{"line":15,"column":0},"end":{"line":15,"column":24}},"16":{"start":{"line":16,"column":0},"end":{"line":16,"column":37}},"17":{"start":{"line":23,"column":8},"end":{"line":23,"column":36}},"18":{"start":{"line":24,"column":8},"end":{"line":24,"column":34}},"19":{"start":{"line":25,"column":8},"end":{"line":25,"column":51}},"20":{"start":{"line":26,"column":8},"end":{"line":26,"column":44}},"21":{"start":{"line":27,"column":8},"end":{"line":27,"column":53}},"22":{"start":{"line":28,"column":8},"end":{"line":28,"column":42}},"23":{"start":{"line":29,"column":8},"end":{"line":61,"column":9}},"24":{"start":{"line":30,"column":12},"end":{"line":30,"column":64}},"25":{"start":{"line":31,"column":12},"end":{"line":31,"column":119}},"26":{"start":{"line":32,"column":12},"end":{"line":32,"column":204}},"27":{"start":{"line":33,"column":12},"end":{"line":33,"column":221}},"28":{"start":{"line":34,"column":12},"end":{"line":34,"column":125}},"29":{"start":{"line":36,"column":12},"end":{"line":36,"column":189}},"30":{"start":{"line":37,"column":12},"end":{"line":44,"column":13}},"31":{"start":{"line":38,"column":16},"end":{"line":43,"column":13}},"32":{"start":{"line":46,"column":13},"end":{"line":61,"column":9}},"33":{"start":{"line":47,"column":12},"end":{"line":47,"column":74}},"34":{"start":{"line":48,"column":12},"end":{"line":48,"column":80}},"35":{"start":{"line":49,"column":12},"end":{"line":49,"column":84}},"36":{"start":{"line":50,"column":12},"end":{"line":50,"column":70}},"37":{"start":{"line":53,"column":12},"end":{"line":60,"column":9}},"38":{"start":{"line":68,"column":24},"end":{"line":68,"column":25}},"39":{"start":{"line":69,"column":8},"end":{"line":71,"column":9}},"40":{"start":{"line":69,"column":21},"end":{"line":69,"column":22}},"41":{"start":{"line":70,"column":12},"end":{"line":70,"column":34}},"42":{"start":{"line":72,"column":8},"end":{"line":72,"column":25}},"43":{"start":{"line":75,"column":8},"end":{"line":75,"column":72}},"44":{"start":{"line":78,"column":8},"end":{"line":78,"column":74}},"45":{"start":{"line":81,"column":8},"end":{"line":83,"column":9}},"46":{"start":{"line":82,"column":12},"end":{"line":82,"column":117}},"47":{"start":{"line":84,"column":8},"end":{"line":84,"column":65}},"48":{"start":{"line":87,"column":8},"end":{"line":87,"column":63}},"49":{"start":{"line":90,"column":8},"end":{"line":101,"column":9}},"50":{"start":{"line":91,"column":12},"end":{"line":94,"column":57}},"51":{"start":{"line":96,"column":13},"end":{"line":101,"column":9}},"52":{"start":{"line":97,"column":12},"end":{"line":100,"column":70}},"53":{"start":{"line":102,"column":8},"end":{"line":102,"column":79}},"54":{"start":{"line":108,"column":8},"end":{"line":108,"column":62}},"55":{"start":{"line":111,"column":16},"end":{"line":111,"column":91}},"56":{"start":{"line":111,"column":80},"end":{"line":111,"column":90}},"57":{"start":{"line":112,"column":8},"end":{"line":112,"column":17}},"58":{"start":{"line":115,"column":16},"end":{"line":115,"column":88}},"59":{"start":{"line":115,"column":77},"end":{"line":115,"column":87}},"60":{"start":{"line":116,"column":8},"end":{"line":116,"column":52}},"61":{"start":{"line":119,"column":8},"end":{"line":119,"column":85}},"62":{"start":{"line":119,"column":73},"end":{"line":119,"column":83}},"63":{"start":{"line":122,"column":23},"end":{"line":122,"column":24}},"64":{"start":{"line":122,"column":36},"end":{"line":122,"column":85}},"65":{"start":{"line":123,"column":8},"end":{"line":128,"column":9}},"66":{"start":{"line":123,"column":21},"end":{"line":123,"column":22}},"67":{"start":{"line":124,"column":12},"end":{"line":127,"column":13}},"68":{"start":{"line":125,"column":16},"end":{"line":125,"column":29}},"69":{"start":{"line":126,"column":16},"end":{"line":126,"column":76}},"70":{"start":{"line":129,"column":8},"end":{"line":129,"column":53}},"71":{"start":{"line":132,"column":8},"end":{"line":137,"column":9}},"72":{"start":{"line":133,"column":12},"end":{"line":136,"column":70}},"73":{"start":{"line":138,"column":8},"end":{"line":140,"column":9}},"74":{"start":{"line":139,"column":12},"end":{"line":139,"column":62}},"75":{"start":{"line":139,"column":53},"end":{"line":139,"column":58}},"76":{"start":{"line":141,"column":20},"end":{"line":141,"column":38}},"77":{"start":{"line":141,"column":51},"end":{"line":141,"column":67}},"78":{"start":{"line":141,"column":84},"end":{"line":141,"column":106}},"79":{"start":{"line":142,"column":20},"end":{"line":142,"column":22}},"80":{"start":{"line":142,"column":31},"end":{"line":142,"column":32}},"81":{"start":{"line":142,"column":38},"end":{"line":142,"column":39}},"82":{"start":{"line":142,"column":45},"end":{"line":142,"column":46}},"83":{"start":{"line":143,"column":8},"end":{"line":165,"column":9}},"84":{"start":{"line":143,"column":21},"end":{"line":143,"column":22}},"85":{"start":{"line":144,"column":12},"end":{"line":144,"column":70}},"86":{"start":{"line":145,"column":12},"end":{"line":145,"column":21}},"87":{"start":{"line":146,"column":12},"end":{"line":164,"column":13}},"88":{"start":{"line":147,"column":16},"end":{"line":147,"column":33}},"89":{"start":{"line":148,"column":16},"end":{"line":148,"column":25}},"90":{"start":{"line":149,"column":16},"end":{"line":162,"column":17}},"91":{"start":{"line":150,"column":20},"end":{"line":150,"column":24}},"92":{"start":{"line":152,"column":21},"end":{"line":162,"column":17}},"93":{"start":{"line":153,"column":20},"end":{"line":158,"column":21}},"94":{"start":{"line":154,"column":24},"end":{"line":154,"column":45}},"95":{"start":{"line":157,"column":24},"end":{"line":157,"column":28}},"96":{"start":{"line":161,"column":20},"end":{"line":161,"column":34}},"97":{"start":{"line":163,"column":16},"end":{"line":163,"column":22}},"98":{"start":{"line":167,"column":8},"end":{"line":172,"column":9}},"99":{"start":{"line":168,"column":12},"end":{"line":168,"column":85}},"100":{"start":{"line":171,"column":12},"end":{"line":171,"column":47}},"101":{"start":{"line":173,"column":8},"end":{"line":173,"column":54}},"102":{"start":{"line":176,"column":8},"end":{"line":181,"column":9}},"103":{"start":{"line":177,"column":12},"end":{"line":180,"column":70}},"104":{"start":{"line":182,"column":8},"end":{"line":206,"column":9}},"105":{"start":{"line":183,"column":24},"end":{"line":183,"column":26}},"106":{"start":{"line":183,"column":32},"end":{"line":183,"column":33}},"107":{"start":{"line":183,"column":39},"end":{"line":183,"column":40}},"108":{"start":{"line":184,"column":12},"end":{"line":184,"column":73}},"109":{"start":{"line":185,"column":12},"end":{"line":195,"column":13}},"110":{"start":{"line":185,"column":25},"end":{"line":185,"column":26}},"111":{"start":{"line":186,"column":16},"end":{"line":191,"column":17}},"112":{"start":{"line":187,"column":20},"end":{"line":187,"column":82}},"113":{"start":{"line":190,"column":20},"end":{"line":190,"column":34}},"114":{"start":{"line":192,"column":16},"end":{"line":194,"column":17}},"115":{"start":{"line":193,"column":20},"end":{"line":193,"column":24}},"116":{"start":{"line":196,"column":12},"end":{"line":196,"column":71}},"117":{"start":{"line":198,"column":13},"end":{"line":206,"column":9}},"118":{"start":{"line":199,"column":26},"end":{"line":199,"column":87}},"119":{"start":{"line":200,"column":24},"end":{"line":200,"column":26}},"120":{"start":{"line":201,"column":12},"end":{"line":201,"column":73}},"121":{"start":{"line":202,"column":12},"end":{"line":204,"column":13}},"122":{"start":{"line":202,"column":25},"end":{"line":202,"column":26}},"123":{"start":{"line":203,"column":16},"end":{"line":203,"column":97}},"124":{"start":{"line":205,"column":12},"end":{"line":205,"column":37}},"125":{"start":{"line":209,"column":20},"end":{"line":209,"column":22}},"126":{"start":{"line":210,"column":8},"end":{"line":239,"column":9}},"127":{"start":{"line":211,"column":23},"end":{"line":211,"column":24}},"128":{"start":{"line":212,"column":12},"end":{"line":212,"column":46}},"129":{"start":{"line":212,"column":36},"end":{"line":212,"column":44}},"130":{"start":{"line":214,"column":13},"end":{"line":239,"column":9}},"131":{"start":{"line":215,"column":23},"end":{"line":215,"column":37}},"132":{"start":{"line":216,"column":12},"end":{"line":216,"column":46}},"133":{"start":{"line":216,"column":36},"end":{"line":216,"column":44}},"134":{"start":{"line":218,"column":13},"end":{"line":239,"column":9}},"135":{"start":{"line":219,"column":23},"end":{"line":219,"column":72}},"136":{"start":{"line":220,"column":12},"end":{"line":220,"column":43}},"137":{"start":{"line":220,"column":33},"end":{"line":220,"column":41}},"138":{"start":{"line":221,"column":12},"end":{"line":221,"column":45}},"139":{"start":{"line":224,"column":12},"end":{"line":230,"column":13}},"140":{"start":{"line":225,"column":16},"end":{"line":229,"column":11}},"141":{"start":{"line":231,"column":12},"end":{"line":236,"column":13}},"142":{"start":{"line":232,"column":16},"end":{"line":235,"column":44}},"143":{"start":{"line":237,"column":12},"end":{"line":237,"column":28}},"144":{"start":{"line":238,"column":12},"end":{"line":238,"column":49}},"145":{"start":{"line":238,"column":39},"end":{"line":238,"column":47}},"146":{"start":{"line":240,"column":8},"end":{"line":240,"column":83}},"147":{"start":{"line":241,"column":8},"end":{"line":241,"column":21}},"148":{"start":{"line":244,"column":20},"end":{"line":244,"column":22}},"149":{"start":{"line":245,"column":8},"end":{"line":273,"column":9}},"150":{"start":{"line":246,"column":23},"end":{"line":246,"column":24}},"151":{"start":{"line":247,"column":12},"end":{"line":247,"column":46}},"152":{"start":{"line":247,"column":36},"end":{"line":247,"column":44}},"153":{"start":{"line":249,"column":13},"end":{"line":273,"column":9}},"154":{"start":{"line":250,"column":23},"end":{"line":250,"column":37}},"155":{"start":{"line":251,"column":12},"end":{"line":251,"column":46}},"156":{"start":{"line":251,"column":36},"end":{"line":251,"column":44}},"157":{"start":{"line":253,"column":13},"end":{"line":273,"column":9}},"158":{"start":{"line":254,"column":23},"end":{"line":254,"column":72}},"159":{"start":{"line":255,"column":12},"end":{"line":255,"column":43}},"160":{"start":{"line":255,"column":33},"end":{"line":255,"column":41}},"161":{"start":{"line":256,"column":12},"end":{"line":256,"column":45}},"162":{"start":{"line":259,"column":12},"end":{"line":264,"column":13}},"163":{"start":{"line":260,"column":16},"end":{"line":263,"column":56}},"164":{"start":{"line":265,"column":12},"end":{"line":270,"column":13}},"165":{"start":{"line":266,"column":16},"end":{"line":269,"column":44}},"166":{"start":{"line":271,"column":12},"end":{"line":271,"column":28}},"167":{"start":{"line":272,"column":12},"end":{"line":272,"column":49}},"168":{"start":{"line":272,"column":39},"end":{"line":272,"column":47}},"169":{"start":{"line":274,"column":8},"end":{"line":274,"column":83}},"170":{"start":{"line":275,"column":8},"end":{"line":275,"column":21}},"171":{"start":{"line":278,"column":20},"end":{"line":278,"column":22}},"172":{"start":{"line":279,"column":8},"end":{"line":306,"column":9}},"173":{"start":{"line":280,"column":12},"end":{"line":280,"column":42}},"174":{"start":{"line":280,"column":35},"end":{"line":280,"column":40}},"175":{"start":{"line":282,"column":13},"end":{"line":306,"column":9}},"176":{"start":{"line":283,"column":23},"end":{"line":283,"column":37}},"177":{"start":{"line":284,"column":12},"end":{"line":284,"column":46}},"178":{"start":{"line":284,"column":36},"end":{"line":284,"column":44}},"179":{"start":{"line":286,"column":13},"end":{"line":306,"column":9}},"180":{"start":{"line":287,"column":23},"end":{"line":287,"column":72}},"181":{"start":{"line":288,"column":12},"end":{"line":288,"column":43}},"182":{"start":{"line":288,"column":33},"end":{"line":288,"column":41}},"183":{"start":{"line":289,"column":12},"end":{"line":289,"column":45}},"184":{"start":{"line":292,"column":12},"end":{"line":297,"column":13}},"185":{"start":{"line":293,"column":16},"end":{"line":296,"column":54}},"186":{"start":{"line":298,"column":12},"end":{"line":303,"column":13}},"187":{"start":{"line":299,"column":16},"end":{"line":302,"column":44}},"188":{"start":{"line":304,"column":12},"end":{"line":304,"column":28}},"189":{"start":{"line":305,"column":12},"end":{"line":305,"column":49}},"190":{"start":{"line":305,"column":39},"end":{"line":305,"column":47}},"191":{"start":{"line":307,"column":8},"end":{"line":307,"column":34}},"192":{"start":{"line":308,"column":8},"end":{"line":308,"column":83}},"193":{"start":{"line":309,"column":8},"end":{"line":309,"column":21}},"194":{"start":{"line":312,"column":20},"end":{"line":312,"column":22}},"195":{"start":{"line":313,"column":8},"end":{"line":347,"column":9}},"196":{"start":{"line":314,"column":12},"end":{"line":314,"column":21}},"197":{"start":{"line":315,"column":12},"end":{"line":315,"column":46}},"198":{"start":{"line":315,"column":36},"end":{"line":315,"column":44}},"199":{"start":{"line":317,"column":13},"end":{"line":347,"column":9}},"200":{"start":{"line":318,"column":12},"end":{"line":318,"column":34}},"201":{"start":{"line":319,"column":12},"end":{"line":319,"column":46}},"202":{"start":{"line":319,"column":36},"end":{"line":319,"column":44}},"203":{"start":{"line":321,"column":13},"end":{"line":347,"column":9}},"204":{"start":{"line":322,"column":12},"end":{"line":322,"column":69}},"205":{"start":{"line":323,"column":12},"end":{"line":323,"column":43}},"206":{"start":{"line":323,"column":33},"end":{"line":323,"column":41}},"207":{"start":{"line":324,"column":12},"end":{"line":324,"column":45}},"208":{"start":{"line":327,"column":12},"end":{"line":332,"column":13}},"209":{"start":{"line":328,"column":16},"end":{"line":331,"column":56}},"210":{"start":{"line":333,"column":12},"end":{"line":338,"column":13}},"211":{"start":{"line":334,"column":16},"end":{"line":337,"column":155}},"212":{"start":{"line":339,"column":12},"end":{"line":344,"column":13}},"213":{"start":{"line":340,"column":16},"end":{"line":343,"column":44}},"214":{"start":{"line":345,"column":12},"end":{"line":345,"column":28}},"215":{"start":{"line":346,"column":12},"end":{"line":346,"column":49}},"216":{"start":{"line":346,"column":39},"end":{"line":346,"column":47}},"217":{"start":{"line":348,"column":8},"end":{"line":348,"column":34}},"218":{"start":{"line":349,"column":8},"end":{"line":349,"column":83}},"219":{"start":{"line":350,"column":8},"end":{"line":350,"column":21}},"220":{"start":{"line":353,"column":20},"end":{"line":353,"column":22}},"221":{"start":{"line":354,"column":8},"end":{"line":381,"column":9}},"222":{"start":{"line":355,"column":12},"end":{"line":355,"column":52}},"223":{"start":{"line":355,"column":36},"end":{"line":355,"column":50}},"224":{"start":{"line":357,"column":13},"end":{"line":381,"column":9}},"225":{"start":{"line":358,"column":23},"end":{"line":358,"column":37}},"226":{"start":{"line":359,"column":12},"end":{"line":359,"column":55}},"227":{"start":{"line":359,"col
[...]
,"end":{"line":86,"column":53}},"51":{"start":{"line":87,"column":16},"end":{"line":87,"column":38}},"52":{"start":{"line":92,"column":30},"end":{"line":92,"column":76}},"53":{"start":{"line":93,"column":12},"end":{"line":93,"column":56}},"54":{"start":{"line":94,"column":30},"end":{"line":94,"column":73}},"55":{"start":{"line":95,"column":12},"end":{"line":95,"column":70}},"56":{"start":{"line":96,"column":12},"end":{"line":99,"column":14}},"57":{"start":{"line":100,"column":12},"end":{"line":100,"column":49}},"58":{"start":{"line":102,"column":8},"end":{"line":102,"column":30}},"59":{"start":{"line":106,"column":18},"end":{"line":106,"column":27}},"60":{"start":{"line":108,"column":8},"end":{"line":108,"column":30}},"61":{"start":{"line":109,"column":23},"end":{"line":109,"column":51}},"62":{"start":{"line":110,"column":26},"end":{"line":110,"column":49}},"63":{"start":{"line":112,"column":8},"end":{"line":115,"column":9}},"64":{"start":{"line":113,"column":12},"end":{"line":113,"column":38}},"65":{"start":{"line":114,"column":12},"end":{"line":114,"column":55}},"66":{"start":{"line":116,"column":8},"end":{"line":116,"column":25}},"67":{"start":{"line":119,"column":26},"end":{"line":119,"column":49}},"68":{"start":{"line":120,"column":8},"end":{"line":125,"column":9}},"69":{"start":{"line":121,"column":12},"end":{"line":124,"column":15}},"70":{"start":{"line":128,"column":0},"end":{"line":128,"column":32}}},"fnMap":{"0":{"name":"(anonymous_0)","decl":{"start":{"line":2,"column":56},"end":{"line":2,"column":57}},"loc":{"start":{"line":2,"column":71},"end":{"line":4,"column":1}},"line":2},"1":{"name":"(anonymous_1)","decl":{"start":{"line":15,"column":18},"end":{"line":15,"column":19}},"loc":{"start":{"line":15,"column":24},"end":{"line":35,"column":5}},"line":15},"2":{"name":"(anonymous_2)","decl":{"start":{"line":36,"column":18},"end":{"line":36,"column":19}},"loc":{"start":{"line":36,"column":32},"end":{"line":40,"column":5}},"line":36},"3":{"name":"(anonymous_3)","decl":{"start":{"line":41,"column":18},"end":{"line":41,"column":19}},"loc":{"start":{"line":41,"column":38},"end":{"line":51,"column":5}},"line":41},"4":{"name":"(anonymous_4)","decl":{"start":{"line":52,"column":11},"end":{"line":52,"column":12}},"loc":{"start":{"line":52,"column":17},"end":{"line":62,"column":5}},"line":52},"5":{"name":"(anonymous_5)","decl":{"start":{"line":56,"column":21},"end":{"line":56,"column":22}},"loc":{"start":{"line":56,"column":28},"end":{"line":60,"column":9}},"line":56},"6":{"name":"(anonymous_6)","decl":{"start":{"line":63,"column":12},"end":{"line":63,"column":13}},"loc":{"start":{"line":63,"column":32},"end":{"line":69,"column":5}},"line":63},"7":{"name":"(anonymous_7)","decl":{"start":{"line":70,"column":10},"end":{"line":70,"column":11}},"loc":{"start":{"line":70,"column":29},"end":{"line":103,"column":5}},"line":70},"8":{"name":"(anonymous_8)","decl":{"start":{"line":104,"column":10},"end":{"line":104,"column":11}},"loc":{"start":{"line":104,"column":20},"end":{"line":117,"column":5}},"line":104},"9":{"name":"(anonymous_9)","decl":{"start":{"line":118,"column":11},"end":{"line":118,"column":12}},"loc":{"start":{"line":118,"column":17},"end":{"line":126,"column":5}},"line":118}},"branchMap":{"0":{"loc":{"start":{"line":2,"column":22},"end":{"line":4,"column":1}},"type":"binary-expr","locations":[{"start":{"line":2,"column":23},"end":{"line":2,"column":27}},{"start":{"line":2,"column":31},"end":{"line":2,"column":51}},{"start":{"line":2,"column":56},"end":{"line":4,"column":1}}],"line":2},"1":{"loc":{"start":{"line":3,"column":11},"end":{"line":3,"column":61}},"type":"cond-expr","locations":[{"start":{"line":3,"column":37},"end":{"line":3,"column":40}},{"start":{"line":3,"column":43},"end":{"line":3,"column":61}}],"line":3},"2":{"loc":{"start":{"line":3,"column":12},"end":{"line":3,"column":33}},"type":"binary-expr","locations":[{"start":{"line":3,"column":12},"end":{"line":3,"column":15}},{"start":{"line":3,"column":19},"end":{"line":3,"column":33}}],"line":3},"3":{"loc":{"start":{"line":19,"column":8},"end":{"line":33,"column":9}},"type":"if","locations":[{"start":{"line":19,"column":8},"end":{"line":33,"column":9}},{"start":{"line":23,"column":13},"end":{"line":33,"column":9}}],"line":19},"4":{"loc":{"start":{"line":25,"column":12},"end":{"line":32,"column":13}},"type":"if","locations":[{"start":{"line":25,"column":12},"end":{"line":32,"column":13}},{"start":{"line":29,"column":17},"end":{"line":32,"column":13}}],"line":25},"5":{"loc":{"start":{"line":42,"column":8},"end":{"line":44,"column":9}},"type":"if","locations":[{"start":{"line":42,"column":8},"end":{"line":44,"column":9}},{"start":{},"end":{}}],"line":42},"6":{"loc":{"start":{"line":47,"column":8},"end":{"line":49,"column":9}},"type":"if","locations":[{"start":{"line":47,"column":8},"end":{"line":49,"column":9}},{"start":{},"end":{}}],"line":47},"7":{"loc":{"start":{"line":57,"column":12},"end":{"line":59,"column":13}},"type":"if","locations":[{"start":{"line":57,"column":12},"end":{"line":59,"column":13}},{"start":{},"end":{}}],"line":57},"8":{"loc":{"start":{"line":75,"column":8},"end":{"line":101,"column":9}},"type":"if","locations":[{"start":{"line":75,"column":8},"end":{"line":101,"column":9}},{"start":{"line":90,"column":13},"end":{"line":101,"column":9}}],"line":75},"9":{"loc":{"start":{"line":79,"column":12},"end":{"line":88,"column":13}},"type":"if","locations":[{"start":{"line":79,"column":12},"end":{"line":88,"column":13}},{"start":{"line":83,"column":17},"end":{"line":88,"column":13}}],"line":79},"10":{"loc":{"start":{"line":112,"column":8},"end":{"line":115,"column":9}},"type":"if","locations":[{"start":{"line":112,"column":8},"end":{"line":115,"column":9}},{"start":{},"end":{}}],"line":112},"11":{"loc":{"start":{"line":120,"column":8},"end":{"line":125,"column":9}},"type":"if","locations":[{"start":{"line":120,"column":8},"end":{"line":125,"column":9}},{"start":{},"end":{}}],"line":120}},"s":{"0":9,"1":27,"2":9,"3":9,"4":9,"5":9,"6":9,"7":9,"8":9,"9":9,"10":9,"11":3,"12":3,"13":3,"14":1,"15":1,"16":2,"17":1,"18":1,"19":3,"20":1,"21":1,"22":6,"23":0,"24":6,"25":6,"26":6,"27":3,"28":3,"29":1,"30":1,"31":1,"32":2,"33":1,"34":1,"35":2,"36":2,"37":2,"38":2,"39":2,"40":3,"41":3,"42":3,"43":3,"44":2,"45":2,"46":1,"47":1,"48":1,"49":1,"50":1,"51":1,"52":1,"53":1,"54":1,"55":1,"56":1,"57":1,"58":1,"59":2,"60":2,"61":2,"62":2,"63":2,"64":1,"65":1,"66":1,"67":2,"68":2,"69":1,"70":9},"f":{"0":27,"1":3,"2":1,"3":6,"4":1,"5":2,"6":2,"7":3,"8":2,"9":2},"b":{"0":[9,9,9],"1":[0,27],"2":[27,27],"3":[1,2],"4":[1,1],"5":[0,6],"6":[3,3],"7":[1,1],"8":[2,1],"9":[1,1],"10":[1,1],"11":[1,1]},"inputSourceMap":null,"_coverageSchema":"1a1c01bbd47fc00a2c39e90264f33305004495a9","hash":"4a1ecfa676c88b80e00173ba9ed809ff8cee3008"}
,"C:\\Users\\Pratyush\\Desktop\\playground\\mnist\\nn\\utils\\index.js": {"path":"C:\\Users\\Pratyush\\Desktop\\playground\\mnist\\nn\\utils\\index.js","statementMap":{"0":{"start":{"line":2,"column":0},"end":{"line":2,"column":62}},"1":{"start":{"line":3,"column":18},"end":{"line":3,"column":39}},"2":{"start":{"line":4,"column":14},"end":{"line":136,"column":1}},"3":{"start":{"line":10,"column":8},"end":{"line":46,"column":9}},"4":{"start":{"line":11,"column":12},"end":{"line":11,"column":26}},"5":{"start":{"line":12,"column":12},"end":{"line":14,"column":13}},"6":{"start":{"line":12,"column":25},"end":{"line":12,"column":26}},"7":{"start":{"line":13,"column":16},"end":{"line":13,"column":32}},"8":{"start":{"line":15,"column":12},"end":{"line":15,"column":27}},"9":{"start":{"line":16,"column":12},"end":{"line":21,"column":13}},"10":{"start":{"line":17,"column":16},"end":{"line":17,"column":60}},"11":{"start":{"line":18,"column":16},"end":{"line":18,"column":39}},"12":{"start":{"line":19,"column":16},"end":{"line":19,"column":46}},"13":{"start":{"line":20,"column":16},"end":{"line":20,"column":35}},"14":{"start":{"line":22,"column":12},"end":{"line":22,"column":65}},"15":{"start":{"line":24,"column":13},"end":{"line":46,"column":9}},"16":{"start":{"line":25,"column":12},"end":{"line":25,"column":26}},"17":{"start":{"line":26,"column":12},"end":{"line":28,"column":13}},"18":{"start":{"line":26,"column":25},"end":{"line":26,"column":26}},"19":{"start":{"line":27,"column":16},"end":{"line":27,"column":32}},"20":{"start":{"line":29,"column":12},"end":{"line":29,"column":20}},"21":{"start":{"line":30,"column":12},"end":{"line":35,"column":13}},"22":{"start":{"line":31,"column":16},"end":{"line":31,"column":60}},"23":{"start":{"line":32,"column":16},"end":{"line":32,"column":39}},"24":{"start":{"line":33,"column":16},"end":{"line":33,"column":46}},"25":{"start":{"line":34,"column":16},"end":{"line":34,"column":35}},"26":{"start":{"line":38,"column":12},"end":{"line":38,"column":36}},"27":{"start":{"line":39,"column":12},"end":{"line":39,"column":27}},"28":{"start":{"line":40,"column":12},"end":{"line":45,"column":13}},"29":{"start":{"line":41,"column":16},"end":{"line":41,"column":60}},"30":{"start":{"line":42,"column":16},"end":{"line":42,"column":39}},"31":{"start":{"line":43,"column":16},"end":{"line":43,"column":46}},"32":{"start":{"line":44,"column":16},"end":{"line":44,"column":35}},"33":{"start":{"line":47,"column":8},"end":{"line":47,"column":24}},"34":{"start":{"line":50,"column":21},"end":{"line":50,"column":23}},"35":{"start":{"line":51,"column":8},"end":{"line":58,"column":9}},"36":{"start":{"line":51,"column":21},"end":{"line":51,"column":22}},"37":{"start":{"line":52,"column":12},"end":{"line":57,"column":13}},"38":{"start":{"line":53,"column":16},"end":{"line":53,"column":31}},"39":{"start":{"line":56,"column":16},"end":{"line":56,"column":31}},"40":{"start":{"line":59,"column":8},"end":{"line":59,"column":22}},"41":{"start":{"line":62,"column":8},"end":{"line":64,"column":9}},"42":{"start":{"line":63,"column":12},"end":{"line":63,"column":70}},"43":{"start":{"line":65,"column":22},"end":{"line":65,"column":24}},"44":{"start":{"line":65,"column":36},"end":{"line":65,"column":72}},"45":{"start":{"line":65,"column":91},"end":{"line":65,"column":93}},"46":{"start":{"line":66,"column":8},"end":{"line":78,"column":9}},"47":{"start":{"line":67,"column":12},"end":{"line":69,"column":13}},"48":{"start":{"line":68,"column":16},"end":{"line":68,"column":71}},"49":{"start":{"line":70,"column":12},"end":{"line":76,"column":13}},"50":{"start":{"line":71,"column":16},"end":{"line":71,"column":33}},"51":{"start":{"line":72,"column":16},"end":{"line":74,"column":17}},"52":{"start":{"line":72,"column":29},"end":{"line":72,"column":42}},"53":{"start":{"line":73,"column":20},"end":{"line":73,"column":40}},"54":{"start":{"line":75,"column":16},"end":{"line":75,"column":70}},"55":{"start":{"line":77,"column":12},"end":{"line":77,"column":31}},"56":{"start":{"line":79,"column":8},"end":{"line":93,"column":9}},"57":{"start":{"line":80,"column":12},"end":{"line":82,"column":13}},"58":{"start":{"line":81,"column":16},"end":{"line":81,"column":71}},"59":{"start":{"line":83,"column":12},"end":{"line":91,"column":13}},"60":{"start":{"line":84,"column":16},"end":{"line":84,"column":33}},"61":{"start":{"line":85,"column":16},"end":{"line":89,"column":17}},"62":{"start":{"line":85,"column":29},"end":{"line":85,"column":42}},"63":{"start":{"line":86,"column":20},"end":{"line":88,"column":21}},"64":{"start":{"line":87,"column":24},"end":{"line":87,"column":44}},"65":{"start":{"line":90,"column":16},"end":{"line":90,"column":70}},"66":{"start":{"line":92,"column":12},"end":{"line":92,"column":31}},"67":{"start":{"line":94,"column":8},"end":{"line":94,"column":23}},"68":{"start":{"line":97,"column":8},"end":{"line":99,"column":9}},"69":{"start":{"line":98,"column":12},"end":{"line":98,"column":72}},"70":{"start":{"line":100,"column":8},"end":{"line":105,"column":9}},"71":{"start":{"line":101,"column":12},"end":{"line":101,"column":38}},"72":{"start":{"line":103,"column":13},"end":{"line":105,"column":9}},"73":{"start":{"line":104,"column":12},"end":{"line":104,"column":108}},"74":{"start":{"line":106,"column":24},"end":{"line":106,"column":66}},"75":{"start":{"line":108,"column":31},"end":{"line":108,"column":33}},"76":{"start":{"line":108,"column":53},"end":{"line":108,"column":55}},"77":{"start":{"line":109,"column":8},"end":{"line":129,"column":9}},"78":{"start":{"line":110,"column":24},"end":{"line":110,"column":47}},"79":{"start":{"line":111,"column":12},"end":{"line":118,"column":13}},"80":{"start":{"line":111,"column":25},"end":{"line":111,"column":26}},"81":{"start":{"line":112,"column":16},"end":{"line":117,"column":17}},"82":{"start":{"line":113,"column":20},"end":{"line":113,"column":52}},"83":{"start":{"line":116,"column":20},"end":{"line":116,"column":51}},"84":{"start":{"line":121,"column":12},"end":{"line":128,"column":13}},"85":{"start":{"line":121,"column":25},"end":{"line":121,"column":26}},"86":{"start":{"line":122,"column":16},"end":{"line":127,"column":17}},"87":{"start":{"line":123,"column":20},"end":{"line":123,"column":45}},"88":{"start":{"line":126,"column":20},"end":{"line":126,"column":44}},"89":{"start":{"line":130,"column":8},"end":{"line":130,"column":65}},"90":{"start":{"line":131,"column":8},"end":{"line":131,"column":63}},"91":{"start":{"line":132,"column":8},"end":{"line":132,"column":65}},"92":{"start":{"line":133,"column":8},"end":{"line":133,"column":63}},"93":{"start":{"line":134,"column":8},"end":{"line":134,"column":46}},"94":{"start":{"line":137,"column":0},"end":{"line":137,"column":24}}},"fnMap":{"0":{"name":"(anonymous_0)","decl":{"start":{"line":8,"column":13},"end":{"line":8,"column":14}},"loc":{"start":{"line":8,"column":22},"end":{"line":48,"column":5}},"line":8},"1":{"name":"(anonymous_1)","decl":{"start":{"line":49,"column":18},"end":{"line":49,"column":19}},"loc":{"start":{"line":49,"column":34},"end":{"line":60,"column":5}},"line":49},"2":{"name":"(anonymous_2)","decl":{"start":{"line":61,"column":17},"end":{"line":61,"column":18}},"loc":{"start":{"line":61,"column":39},"end":{"line":95,"column":5}},"line":61},"3":{"name":"(anonymous_3)","decl":{"start":{"line":96,"column":20},"end":{"line":96,"column":21}},"loc":{"start":{"line":96,"column":61},"end":{"line":135,"column":5}},"line":96}},"branchMap":{"0":{"loc":{"start":{"line":10,"column":8},"end":{"line":46,"column":9}},"type":"if","locations":[{"start":{"line":10,"column":8},"end":{"line":46,"column":9}},{"start":{"line":24,"column":13},"end":{"line":46,"column":9}}],"line":10},"1":{"loc":{"start":{"line":10,"column":12},"end":{"line":10,"column":85}},"type":"binary-expr","locations":[{"start":{"line":10,"column":12},"end":{"line":10,"column":44}},{"start":{"line":10,"column":48},"end":{"line":10,"column":85}}],"line":10},"2":{"loc":{"start":{"line":24,"column":13},"end":{"line":46,"column":9}},"type":"if","locations":[{"start":{"line":24,"column":13},"end":{"line":46,"column":9}},{"start":{"line":37,"column":13},"end":{"line":46,"column":9}}],"line":24},"3":{"loc":{"start":{"line":52,"column":12},"end":{"line":57,"column":13}},"type":"if","locations":[{"start":{"line":52,"column":12},"end":{"line":57,"column":13}},{"start":{"line":55,"column":17},"end":{"line":57,"column":13}}],"line":52},"4":{"loc":{"start":{"line":62,"column":8},"end":{"line":64,"column":9}},"type":"if","locations":[{"start":{"line":62,"column":8},"end":{"line":64,"column":9}},{"start":{},"end":{}}],"line":62},"5":{"loc":{"start":{"line":67,"column":12},"end":{"line":69,"column":13}},"type":"if","locations":[{"start":{"line":67,"column":12},"end":{"line":69,"column":13}},{"start":{},"end":{}}],"line":67},"6":{"loc":{"start":{"line":70,"column":12},"end":{"line":76,"column":13}},"type":"if","locations":[{"start":{"line":70,"column":12},"end":{"line":76,"column":13}},{"start":{},"end":{}}],"line":70},"7":{"loc":{"start":{"line":70,"column":16},"end":{"line":70,"column":93}},"type":"binary-expr","locations":[{"start":{"line":70,"column":16},"end":{"line":70,"column":50}},{"start":{"line":70,"column":54},"end":{"line":70,"column":93}}],"line":70},"8":{"loc":{"start":{"line":79,"column":8},"end":{"line":93,"column":9}},"type":"if","locations":[{"start":{"line":79,"column":8},"end":{"line":93,"column":9}},{"start":{},"end":{}}],"line":79},"9":{"loc":{"start":{"line":80,"column":12},"end":{"line":82,"column":13}},"type":"if","locations":[{"start":{"line":80,"column":12},"end":{"line":82,"column":13}},{"start":{},"end":{}}],"line":80},"10":{"loc":{"start":{"line":83,"column":12},"end":{"line":91,"column":13}},"type":"if","locations":[{"start":{"line":83,"column":12},"end":{"line":91,"column":13}},{"start":{},"end":{}}],"line":83},"11":{"loc":{"start":{"line":83,"column":16},"end":{"line":83,"column":93}},"type":"binary-expr","locations":[{"start":{"line":83,"column":16},"end":{"line":83,"column":50}},{"start":{"line":83,"column":54},"end":{"line":83,"column":93}}],"line":83},"12":{"loc":{"start":{"line":86,"column":20},"end":{"line":88,"column":21}},"type":"if","locations":[{"start":{"line":86,"column":20},"end":{"line":88,"column":21}},{"start":{},"end":{}}],"line":86},"13":{"loc":{"start":{"line":96,"column":39},"end":{"line":96,"column":54}},"type":"default-arg","locations":[{"start":{"line":96,"column":49},"end":{"line":96,"column":54}}],"line":96},"14":{"loc":{"start":{"line":97,"column":8},"end":{"line":99,"column":9}},"type":"if","locations":[{"start":{"line":97,"column":8},"end":{"line":99,"column":9}},{"start":{},"end":{}}],"line":97},"15":{"loc":{"start":{"line":100,"column":8},"end":{"line":105,"column":9}},"type":"if","locations":[{"start":{"line":100,"column":8},"end":{"line":105,"column":9}},{"start":{"line":103,"column":13},"end":{"line":105,"column":9}}],"line":100},"16":{"loc":{"start":{"line":100,"column":12},"end":{"line":100,"column":43}},"type":"binary-expr","locations":[{"start":{"line":100,"column":12},"end":{"line":100,"column":24}},{"start":{"line":100,"column":28},"end":{"line":100,"column":43}}],"line":100},"17":{"loc":{"start":{"line":103,"column":13},"end":{"line":105,"column":9}},"type":"if","locations":[{"start":{"line":103,"column":13},"end":{"line":105,"column":9}},{"start":{},"end":{}}],"line":103},"18":{"loc":{"start":{"line":109,"column":8},"end":{"line":129,"column":9}},"type":"if","locations":[{"start":{"line":109,"column":8},"end":{"line":129,"column":9}},{"start":{"line":120,"column":13},"end":{"line":129,"column":9}}],"line":109},"19":{"loc":{"start":{"line":112,"column":16},"end":{"line":117,"column":17}},"type":"if","locations":[{"start":{"line":112,"column":16},"end":{"line":117,"column":17}},{"start":{"line":115,"column":21},"end":{"line":117,"column":17}}],"line":112},"20":{"loc":{"start":{"line":122,"column":16},"end":{"line":127,"column":17}},"type":"if","locations":[{"start":{"line":122,"column":16},"end":{"line":127,"column":17}},{"start":{"line":125,"column":21},"end":{"line":127,"column":17}}],"line":122}},"s":{"0":7,"1":7,"2":7,"3":11,"4":2,"5":2,"6":2,"7":6,"8":2,"9":2,"10":6,"11":6,"12":6,"13":6,"14":2,"15":9,"16":8,"17":8,"18":8,"19":25,"20":8,"21":8,"22":25,"23":25,"24":25,"25":25,"26":1,"27":1,"28":1,"29":5,"30":5,"31":5,"32":5,"33":11,"34":4,"35":4,"36":4,"37":40,"38":3,"39":37,"40":4,"41":6,"42":2,"43":4,"44":4,"45":4,"46":4,"47":8,"48":4,"49":8,"50":4,"51":4,"52":4,"53":8,"54":4,"55":8,"56":4,"57":1,"58":1,"59":1,"60":0,"61":0,"62":0,"63":0,"64":0,"65":0,"66":1,"67":4,"68":5,"69":1,"70":4,"71":1,"72":3,"73":1,"74":3,"75":3,"76":3,"77":3,"78":2,"79":2,"80":2,"81":10,"82":8,"83":2,"84":1,"85":1,"86":5,"87":4,"88":1,"89":3,"90":3,"91":3,"92":3,"93":3,"94":7},"f":{"0":11,"1":4,"2":6,"3":5},"b":{"0":[2,9],"1":[11,9],"2":[8,1],"3":[3,37],"4":[2,4],"5":[4,4],"6":[4,4],"7":[8,6],"8":[1,3],"9":[1,0],"10":[0,1],"11":[1,1],"12":[0,0],"13":[1],"14":[1,4],"15":[1,3],"16":[4,2],"17":[1,2],"18":[2,1],"19":[8,2],"20":[4,1]},"inputSourceMap":null,"_coverageSchema":"1a1c01bbd47fc00a2c39e90264f33305004495a9","hash":"b678c134c20186615871b839ece44c7aa1812b08"}
}
