TN:
SF:dataset\index.js
FN:2,(anonymous_0)
FN:3,adopt
FN:3,(anonymous_2)
FN:4,(anonymous_3)
FN:5,fulfilled
FN:6,rejected
FN:7,step
FN:11,(anonymous_7)
FN:17,(anonymous_8)
FN:22,(anonymous_9)
FN:25,(anonymous_10)
FN:26,verb
FN:26,(anonymous_12)
FN:26,(anonymous_13)
FN:27,settle
FN:27,(anonymous_15)
FN:29,(anonymous_16)
FN:41,(anonymous_17)
FN:47,(anonymous_18)
FN:50,(anonymous_19)
FN:54,(anonymous_20)
FN:63,(anonymous_21)
FN:66,(anonymous_22)
FN:73,(anonymous_23)
FN:78,(anonymous_24)
FN:85,parseLine
FN:88,(anonymous_26)
FN:130,(anonymous_27)
FN:175,(anonymous_28)
FN:181,(anonymous_29)
FN:184,(anonymous_30)
FN:187,(anonymous_31)
FN:196,(anonymous_32)
FN:199,(anonymous_33)
FNF:34
FNH:31
FNDA:6,(anonymous_0)
FNDA:9,adopt
FNDA:0,(anonymous_2)
FNDA:6,(anonymous_3)
FNDA:9,fulfilled
FNDA:0,rejected
FNDA:13,step
FNDA:116,(anonymous_7)
FNDA:811,(anonymous_8)
FNDA:1,(anonymous_9)
FNDA:0,(anonymous_10)
FNDA:3,verb
FNDA:5,(anonymous_12)
FNDA:5,(anonymous_13)
FNDA:5,settle
FNDA:5,(anonymous_15)
FNDA:36,(anonymous_16)
FNDA:30,(anonymous_17)
FNDA:209,(anonymous_18)
FNDA:224,(anonymous_19)
FNDA:5,(anonymous_20)
FNDA:200,(anonymous_21)
FNDA:28,(anonymous_22)
FNDA:6,(anonymous_23)
FNDA:6,(anonymous_24)
FNDA:9,parseLine
FNDA:27,(anonymous_26)
FNDA:8,(anonymous_27)
FNDA:28,(anonymous_28)
FNDA:110,(anonymous_29)
FNDA:112,(anonymous_30)
FNDA:1,(anonymous_31)
FNDA:163,(anonymous_32)
FNDA:42,(anonymous_33)
DA:2,9
DA:3,9
DA:4,6
DA:5,9
DA:6,0
DA:7,13
DA:8,6
DA:11,9
DA:12,116
DA:13,116
DA:14,116
DA:15,116
DA:17,9
DA:18,811
DA:19,811
DA:20,811
DA:22,9
DA:23,1
DA:24,1
DA:25,1
DA:26,5
DA:27,5
DA:29,9
DA:30,36
DA:33,9
DA:34,9
DA:35,9
DA:36,9
DA:37,9
DA:38,9
DA:39,9
DA:42,30
DA:43,30
DA:44,30
DA:45,30
DA:48,209
DA:51,224
DA:52,224
DA:55,5
DA:56,5
DA:57,17
DA:61,5
DA:64,200
DA:67,28
DA:68,28
DA:69,88
DA:71,28
DA:78,6
DA:79,6
DA:80,1
DA:83,5
DA:84,5
DA:86,9
DA:87,9
DA:88,9
DA:89,27
DA:90,27
DA:91,24
DA:92,3
DA:94,9
DA:97,0
DA:102,5
DA:103,5
DA:104,3
DA:107,2
DA:109,5
DA:111,3
DA:112,3
DA:113,0
DA:114,0
DA:118,3
DA:119,3
DA:120,3
DA:121,2
DA:122,2
DA:123,0
DA:125,2
DA:127,2
DA:128,2
DA:130,8
DA:135,1
DA:139,5
DA:141,3
DA:145,1
DA:148,1
DA:149,1
DA:150,1
DA:151,4
DA:152,4
DA:153,4
DA:154,4
DA:155,1
DA:157,3
DA:160,0
DA:162,1
DA:163,1
DA:165,1
DA:168,3
DA:172,9
DA:173,9
DA:176,28
DA:177,28
DA:178,28
DA:179,28
DA:182,110
DA:185,112
DA:188,1
DA:189,1
DA:190,3
DA:194,1
DA:197,163
DA:200,42
DA:201,42
DA:202,102
DA:204,42
DA:207,9
DA:208,9
DA:209,9
LF:118
LH:112
BRDA:2,0,0,9
BRDA:2,0,1,9
BRDA:2,0,2,9
BRDA:3,1,0,9
BRDA:3,1,1,0
BRDA:4,2,0,6
BRDA:4,2,1,6
BRDA:7,3,0,4
BRDA:7,3,1,9
BRDA:8,4,0,6
BRDA:8,4,1,6
BRDA:11,5,0,9
BRDA:11,5,1,9
BRDA:11,5,2,9
BRDA:12,6,0,0
BRDA:12,6,1,116
BRDA:13,7,0,0
BRDA:13,7,1,116
BRDA:13,8,0,116
BRDA:13,8,1,0
BRDA:14,9,0,0
BRDA:14,9,1,116
BRDA:14,10,0,0
BRDA:14,10,1,116
BRDA:14,11,0,0
BRDA:14,11,1,0
BRDA:15,12,0,0
BRDA:15,12,1,116
BRDA:15,13,0,0
BRDA:15,13,1,116
BRDA:17,14,0,9
BRDA:17,14,1,9
BRDA:17,14,2,9
BRDA:18,15,0,0
BRDA:18,15,1,811
BRDA:18,16,0,811
BRDA:18,16,1,0
BRDA:19,17,0,0
BRDA:19,17,1,811
BRDA:19,18,0,0
BRDA:19,18,1,811
BRDA:19,19,0,0
BRDA:19,19,1,0
BRDA:20,20,0,0
BRDA:20,20,1,811
BRDA:20,21,0,0
BRDA:20,21,1,811
BRDA:20,22,0,0
BRDA:20,22,1,811
BRDA:22,23,0,9
BRDA:22,23,1,9
BRDA:22,23,2,9
BRDA:23,24,0,0
BRDA:23,24,1,1
BRDA:25,25,0,0
BRDA:25,25,1,1
BRDA:25,26,0,0
BRDA:25,26,1,1
BRDA:26,27,0,3
BRDA:26,27,1,1
BRDA:29,28,0,9
BRDA:29,28,1,9
BRDA:29,28,2,9
BRDA:30,29,0,17
BRDA:30,29,1,19
BRDA:30,30,0,36
BRDA:30,30,1,36
BRDA:73,31,0,4
BRDA:79,32,0,1
BRDA:79,32,1,5
BRDA:90,33,0,24
BRDA:90,33,1,3
BRDA:109,34,0,3
BRDA:109,34,1,2
BRDA:112,35,0,0
BRDA:112,35,1,3
BRDA:120,36,0,2
BRDA:120,36,1,1
BRDA:122,37,0,0
BRDA:122,37,1,2
BRDA:139,38,0,3
BRDA:139,38,1,2
BRDA:154,39,0,1
BRDA:154,39,1,3
BRDA:163,40,0,0
BRDA:163,40,1,1
BRDA:163,41,0,1
BRDA:163,41,1,0
BRDA:163,41,2,0
BRDA:165,42,0,0
BRDA:165,42,1,1
BRF:91
BRH:63
end_of_record
TN:
SF:errors\index.js
FN:2,(anonymous_0)
FN:8,(anonymous_1)
FN:17,(anonymous_2)
FN:32,(anonymous_3)
FN:48,(anonymous_4)
FN:55,(anonymous_5)
FN:80,mean
FN:83,sum
FN:84,(anonymous_8)
FN:86,square
FN:89,MAE
FN:92,MSE
FN:95,RMSE
FN:98,RSS
FN:101,error
FNF:15
FNH:15
FNDA:38,(anonymous_0)
FNDA:74,(anonymous_1)
FNDA:19,(anonymous_2)
FNDA:20,(anonymous_3)
FNDA:20,(anonymous_4)
FNDA:54,(anonymous_5)
FNDA:18,mean
FNDA:24,sum
FNDA:37,(anonymous_8)
FNDA:41,square
FNDA:1,MAE
FNDA:14,MSE
FNDA:1,RMSE
FNDA:2,RSS
FNDA:1,error
DA:2,8
DA:3,38
DA:4,38
DA:5,38
DA:6,38
DA:8,8
DA:9,74
DA:10,74
DA:11,74
DA:14,8
DA:15,8
DA:18,19
DA:19,19
DA:20,19
DA:21,19
DA:22,19
DA:23,0
DA:29,19
DA:30,19
DA:37,20
DA:38,19
DA:39,0
DA:41,19
DA:42,19
DA:53,20
DA:55,20
DA:56,54
DA:57,54
DA:58,50
DA:60,54
DA:61,54
DA:64,20
DA:65,20
DA:66,19
DA:67,1
DA:69,18
DA:71,19
DA:78,8
DA:79,8
DA:81,18
DA:84,37
DA:87,41
DA:90,1
DA:93,14
DA:96,1
DA:99,2
DA:102,1
DA:104,8
LF:48
LH:46
BRDA:2,0,0,8
BRDA:2,0,1,8
BRDA:2,0,2,8
BRDA:3,1,0,0
BRDA:3,1,1,38
BRDA:4,2,0,0
BRDA:4,2,1,38
BRDA:4,3,0,38
BRDA:4,3,1,0
BRDA:5,4,0,0
BRDA:5,4,1,38
BRDA:5,5,0,0
BRDA:5,5,1,38
BRDA:5,6,0,0
BRDA:5,6,1,0
BRDA:6,7,0,0
BRDA:6,7,1,38
BRDA:6,8,0,0
BRDA:6,8,1,38
BRDA:8,9,0,8
BRDA:8,9,1,8
BRDA:8,9,2,8
BRDA:9,10,0,0
BRDA:9,10,1,74
BRDA:9,11,0,74
BRDA:9,11,1,0
BRDA:10,12,0,0
BRDA:10,12,1,74
BRDA:10,13,0,0
BRDA:10,13,1,74
BRDA:10,14,0,0
BRDA:10,14,1,0
BRDA:11,15,0,0
BRDA:11,15,1,74
BRDA:11,16,0,0
BRDA:11,16,1,74
BRDA:11,17,0,0
BRDA:11,17,1,74
BRDA:22,18,0,0
BRDA:22,18,1,19
BRDA:38,19,0,0
BRDA:38,19,1,19
BRDA:48,20,0,1
BRDA:57,21,0,50
BRDA:57,21,1,4
BRDA:60,22,0,54
BRDA:60,22,1,0
BRDA:65,23,0,19
BRDA:65,23,1,1
BRDA:66,24,0,1
BRDA:66,24,1,18
BRF:51
BRH:30
end_of_record
TN:
SF:functions\index.js
FN:2,(anonymous_0)
FN:8,(anonymous_1)
FN:13,(anonymous_2)
FN:26,(anonymous_3)
FN:33,(anonymous_4)
FN:40,(anonymous_5)
FN:47,(anonymous_6)
FN:54,(anonymous_7)
FN:64,(anonymous_8)
FN:67,(anonymous_9)
FN:70,(anonymous_10)
FN:74,(anonymous_11)
FN:75,(anonymous_12)
FN:78,(anonymous_13)
FN:83,(anonymous_14)
FN:86,(anonymous_15)
FN:89,(anonymous_16)
FN:90,(anonymous_17)
FN:92,(anonymous_18)
FN:93,(anonymous_19)
FN:96,(anonymous_20)
FN:101,(anonymous_21)
FN:104,(anonymous_22)
FN:107,(anonymous_23)
FN:108,(anonymous_24)
FN:110,(anonymous_25)
FN:111,(anonymous_26)
FN:114,(anonymous_27)
FN:119,(anonymous_28)
FN:122,(anonymous_29)
FN:128,(anonymous_30)
FN:134,(anonymous_31)
FN:136,(anonymous_32)
FN:136,(anonymous_33)
FN:146,(anonymous_34)
FN:149,(anonymous_35)
FN:154,(anonymous_36)
FN:157,(anonymous_37)
FN:160,(anonymous_38)
FN:164,(anonymous_39)
FN:165,(anonymous_40)
FN:168,(anonymous_41)
FN:173,(anonymous_42)
FN:178,(anonymous_43)
FN:181,(anonymous_44)
FN:184,(anonymous_45)
FN:185,(anonymous_46)
FN:187,(anonymous_47)
FN:188,(anonymous_48)
FN:191,(anonymous_49)
FNF:50
FNH:50
FNDA:10,(anonymous_0)
FNDA:103,(anonymous_1)
FNDA:7,(anonymous_2)
FNDA:1,(anonymous_3)
FNDA:1,(anonymous_4)
FNDA:1,(anonymous_5)
FNDA:1,(anonymous_6)
FNDA:1,(anonymous_7)
FNDA:3,(anonymous_8)
FNDA:3,(anonymous_9)
FNDA:2,(anonymous_10)
FNDA:3,(anonymous_11)
FNDA:13,(anonymous_12)
FNDA:3,(anonymous_13)
FNDA:2,(anonymous_14)
FNDA:2,(anonymous_15)
FNDA:2,(anonymous_16)
FNDA:10,(anonymous_17)
FNDA:2,(anonymous_18)
FNDA:10,(anonymous_19)
FNDA:2,(anonymous_20)
FNDA:2,(anonymous_21)
FNDA:2,(anonymous_22)
FNDA:2,(anonymous_23)
FNDA:10,(anonymous_24)
FNDA:2,(anonymous_25)
FNDA:10,(anonymous_26)
FNDA:2,(anonymous_27)
FNDA:2,(anonymous_28)
FNDA:2,(anonymous_29)
FNDA:2,(anonymous_30)
FNDA:2,(anonymous_31)
FNDA:10,(anonymous_32)
FNDA:8,(anonymous_33)
FNDA:10,(anonymous_34)
FNDA:2,(anonymous_35)
FNDA:2,(anonymous_36)
FNDA:2,(anonymous_37)
FNDA:2,(anonymous_38)
FNDA:2,(anonymous_39)
FNDA:10,(anonymous_40)
FNDA:2,(anonymous_41)
FNDA:10,(anonymous_42)
FNDA:5,(anonymous_43)
FNDA:5,(anonymous_44)
FNDA:7,(anonymous_45)
FNDA:20,(anonymous_46)
FNDA:29,(anonymous_47)
FNDA:74,(anonymous_48)
FNDA:9,(anonymous_49)
DA:2,7
DA:3,10
DA:4,10
DA:5,10
DA:6,10
DA:8,7
DA:9,103
DA:10,103
DA:11,103
DA:13,7
DA:14,7
DA:17,7
DA:18,7
DA:19,7
DA:27,1
DA:34,1
DA:41,1
DA:48,1
DA:55,1
DA:62,7
DA:65,3
DA:68,3
DA:72,2
DA:75,13
DA:76,3
DA:79,3
DA:84,2
DA:87,2
DA:90,10
DA:93,10
DA:94,2
DA:97,2
DA:102,2
DA:105,2
DA:108,10
DA:111,10
DA:112,2
DA:115,2
DA:120,2
DA:123,2
DA:132,2
DA:135,2
DA:136,10
DA:137,2
DA:138,0
DA:146,10
DA:147,2
DA:150,2
DA:155,2
DA:158,2
DA:162,2
DA:165,10
DA:166,2
DA:169,2
DA:174,10
DA:175,10
DA:176,10
DA:179,5
DA:182,5
DA:185,20
DA:188,74
DA:189,29
DA:192,9
DA:195,7
DA:196,7
DA:210,7
LF:66
LH:65
BRDA:2,0,0,7
BRDA:2,0,1,7
BRDA:2,0,2,7
BRDA:3,1,0,0
BRDA:3,1,1,10
BRDA:4,2,0,0
BRDA:4,2,1,10
BRDA:4,3,0,10
BRDA:4,3,1,0
BRDA:5,4,0,0
BRDA:5,4,1,10
BRDA:5,5,0,0
BRDA:5,5,1,10
BRDA:5,6,0,0
BRDA:5,6,1,0
BRDA:6,7,0,0
BRDA:6,7,1,10
BRDA:6,8,0,0
BRDA:6,8,1,10
BRDA:8,9,0,7
BRDA:8,9,1,7
BRDA:8,9,2,7
BRDA:9,10,0,0
BRDA:9,10,1,103
BRDA:9,11,0,103
BRDA:9,11,1,0
BRDA:10,12,0,0
BRDA:10,12,1,103
BRDA:10,13,0,0
BRDA:10,13,1,103
BRDA:10,14,0,0
BRDA:10,14,1,0
BRDA:11,15,0,0
BRDA:11,15,1,103
BRDA:11,16,0,0
BRDA:11,16,1,103
BRDA:11,17,0,0
BRDA:11,17,1,103
BRDA:13,18,0,7
BRDA:13,18,1,7
BRDA:13,18,2,7
BRDA:14,19,0,7
BRDA:14,19,1,0
BRDA:14,20,0,7
BRDA:14,20,1,7
BRDA:90,21,0,10
BRDA:90,21,1,0
BRDA:108,22,0,8
BRDA:108,22,1,2
BRDA:137,23,0,0
BRDA:137,23,1,2
BRDA:173,24,0,7
BRF:52
BRH:31
end_of_record
TN:
SF:narray\index.js
FN:2,(anonymous_0)
FN:8,(anonymous_1)
FN:18,(anonymous_2)
FN:63,(anonymous_3)
FN:74,(anonymous_4)
FN:77,(anonymous_5)
FN:80,(anonymous_6)
FN:86,(anonymous_7)
FN:89,(anonymous_8)
FN:104,(anonymous_9)
FN:110,(anonymous_10)
FN:111,(anonymous_11)
FN:114,(anonymous_12)
FN:115,(anonymous_13)
FN:118,(anonymous_14)
FN:119,(anonymous_15)
FN:121,(anonymous_16)
FN:131,(anonymous_17)
FN:139,(anonymous_18)
FN:175,(anonymous_19)
FN:208,(anonymous_20)
FN:212,(anonymous_21)
FN:216,(anonymous_22)
FN:220,(anonymous_23)
FN:238,(anonymous_24)
FN:243,(anonymous_25)
FN:247,(anonymous_26)
FN:251,(anonymous_27)
FN:255,(anonymous_28)
FN:272,(anonymous_29)
FN:277,(anonymous_30)
FN:280,(anonymous_31)
FN:284,(anonymous_32)
FN:288,(anonymous_33)
FN:305,(anonymous_34)
FN:311,(anonymous_35)
FN:315,(anonymous_36)
FN:319,(anonymous_37)
FN:323,(anonymous_38)
FN:346,(anonymous_39)
FN:352,(anonymous_40)
FN:355,(anonymous_41)
FN:359,(anonymous_42)
FN:363,(anonymous_43)
FN:380,(anonymous_44)
FN:386,(anonymous_45)
FN:433,(anonymous_46)
FN:433,(anonymous_47)
FN:473,(anonymous_48)
FN:484,(anonymous_49)
FN:490,(anonymous_50)
FN:491,(anonymous_51)
FN:496,(anonymous_52)
FN:512,(anonymous_53)
FN:518,(anonymous_54)
FN:538,(anonymous_55)
FN:541,(anonymous_56)
FN:549,(anonymous_57)
FN:565,(anonymous_58)
FN:568,(anonymous_59)
FN:580,(anonymous_60)
FN:602,(anonymous_61)
FN:611,(anonymous_62)
FN:616,_NArray_computeShape
FN:630,_NArray_computeStrides
FN:642,(anonymous_65)
FN:646,_NArray_get
FN:655,(anonymous_67)
FN:677,_NArray_flatten
FN:688,(anonymous_69)
FNF:70
FNH:61
FNDA:6418,(anonymous_0)
FNDA:19951,(anonymous_1)
FNDA:822,(anonymous_2)
FNDA:1587,(anonymous_3)
FNDA:2057,(anonymous_4)
FNDA:3527,(anonymous_5)
FNDA:2154,(anonymous_6)
FNDA:744,(anonymous_7)
FNDA:515,(anonymous_8)
FNDA:495,(anonymous_9)
FNDA:9,(anonymous_10)
FNDA:65,(anonymous_11)
FNDA:197,(anonymous_12)
FNDA:770,(anonymous_13)
FNDA:1,(anonymous_14)
FNDA:10,(anonymous_15)
FNDA:4,(anonymous_16)
FNDA:12,(anonymous_17)
FNDA:39,(anonymous_18)
FNDA:5,(anonymous_19)
FNDA:44,(anonymous_20)
FNDA:16,(anonymous_21)
FNDA:0,(anonymous_22)
FNDA:0,(anonymous_23)
FNDA:113,(anonymous_24)
FNDA:31,(anonymous_25)
FNDA:30,(anonymous_26)
FNDA:50,(anonymous_27)
FNDA:0,(anonymous_28)
FNDA:72,(anonymous_29)
FNDA:7,(anonymous_30)
FNDA:10,(anonymous_31)
FNDA:0,(anonymous_32)
FNDA:0,(anonymous_33)
FNDA:28,(anonymous_34)
FNDA:36,(anonymous_35)
FNDA:96,(anonymous_36)
FNDA:0,(anonymous_37)
FNDA:0,(anonymous_38)
FNDA:44,(anonymous_39)
FNDA:9,(anonymous_40)
FNDA:26,(anonymous_41)
FNDA:0,(anonymous_42)
FNDA:0,(anonymous_43)
FNDA:22,(anonymous_44)
FNDA:43,(anonymous_45)
FNDA:76,(anonymous_46)
FNDA:76,(anonymous_47)
FNDA:13,(anonymous_48)
FNDA:504,(anonymous_49)
FNDA:945,(anonymous_50)
FNDA:945,(anonymous_51)
FNDA:40,(anonymous_52)
FNDA:10,(anonymous_53)
FNDA:100,(anonymous_54)
FNDA:96,(anonymous_55)
FNDA:1,(anonymous_56)
FNDA:6,(anonymous_57)
FNDA:1,(anonymous_58)
FNDA:33,(anonymous_59)
FNDA:6,(anonymous_60)
FNDA:374,(anonymous_61)
FNDA:2,(anonymous_62)
FNDA:1047,_NArray_computeShape
FNDA:1012,_NArray_computeStrides
FNDA:31,(anonymous_65)
FNDA:853,_NArray_get
FNDA:1326,(anonymous_67)
FNDA:610,_NArray_flatten
FNDA:100,(anonymous_69)
DA:2,33
DA:3,6418
DA:4,6418
DA:5,6418
DA:6,6418
DA:8,33
DA:9,19951
DA:10,19951
DA:11,19951
DA:14,33
DA:15,33
DA:16,33
DA:23,822
DA:24,822
DA:25,822
DA:26,822
DA:27,822
DA:28,822
DA:29,822
DA:30,510
DA:31,510
DA:32,510
DA:33,510
DA:34,510
DA:36,510
DA:37,510
DA:38,1
DA:46,312
DA:47,312
DA:48,312
DA:49,312
DA:50,312
DA:53,0
DA:68,1587
DA:69,1587
DA:70,2552
DA:72,1587
DA:75,2057
DA:78,3527
DA:81,2154
DA:82,591
DA:84,2154
DA:87,744
DA:90,515
DA:91,0
DA:96,515
DA:97,0
DA:102,515
DA:108,495
DA:111,65
DA:112,9
DA:115,770
DA:116,197
DA:119,10
DA:122,4
DA:123,4
DA:124,36
DA:125,15
DA:126,15
DA:129,4
DA:132,12
DA:133,0
DA:138,12
DA:139,39
DA:141,7
DA:142,7
DA:143,7
DA:144,120
DA:145,120
DA:146,120
DA:147,45
DA:148,45
DA:149,45
DA:150,10
DA:152,35
DA:153,16
DA:154,6
DA:157,10
DA:161,19
DA:163,45
DA:167,7
DA:168,4
DA:171,3
DA:173,7
DA:176,5
DA:177,1
DA:182,4
DA:183,3
DA:184,3
DA:185,3
DA:186,111
DA:187,15
DA:190,96
DA:192,111
DA:193,18
DA:196,3
DA:198,1
DA:199,1
DA:200,1
DA:201,1
DA:202,1
DA:203,1
DA:205,1
DA:209,44
DA:210,44
DA:211,3
DA:212,16
DA:214,41
DA:215,0
DA:216,0
DA:218,41
DA:219,0
DA:220,0
DA:221,0
DA:224,41
DA:225,0
DA:231,41
DA:232,1
DA:237,40
DA:238,113
DA:240,43
DA:241,43
DA:244,31
DA:245,31
DA:246,5
DA:247,30
DA:249,26
DA:250,2
DA:251,50
DA:253,24
DA:254,0
DA:255,0
DA:256,0
DA:259,24
DA:260,0
DA:265,24
DA:266,1
DA:271,23
DA:272,72
DA:274,30
DA:275,30
DA:278,7
DA:279,7
DA:280,10
DA:282,6
DA:283,0
DA:284,0
DA:286,6
DA:287,0
DA:288,0
DA:289,0
DA:292,6
DA:293,0
DA:298,6
DA:299,1
DA:304,5
DA:305,28
DA:307,5
DA:308,5
DA:309,5
DA:312,36
DA:313,36
DA:314,27
DA:315,96
DA:317,9
DA:318,0
DA:319,0
DA:321,9
DA:322,0
DA:323,0
DA:324,0
DA:327,9
DA:328,0
DA:333,9
DA:334,1
DA:339,8
DA:340,1
DA:345,7
DA:346,44
DA:348,34
DA:349,34
DA:350,34
DA:353,9
DA:354,9
DA:355,26
DA:357,4
DA:358,0
DA:359,0
DA:361,4
DA:362,0
DA:363,0
DA:364,0
DA:367,4
DA:368,0
DA:373,4
DA:374,1
DA:379,3
DA:380,22
DA:382,8
DA:383,8
DA:384,8
DA:387,43
DA:388,0
DA:393,43
DA:394,3
DA:396,40
DA:397,1
DA:398,0
DA:403,1
DA:405,39
DA:406,39
DA:407,0
DA:412,39
DA:413,36
DA:414,1
DA:420,38
DA:421,3
DA:422,1
DA:428,37
DA:433,76
DA:434,37
DA:436,5
DA:437,5
DA:438,5
DA:440,37
DA:441,0
DA:442,0
DA:444,37
DA:445,37
DA:446,414
DA:447,414
DA:448,414
DA:449,414
DA:450,68
DA:451,56
DA:454,12
DA:457,414
DA:458,56
DA:459,56
DA:460,56
DA:461,56
DA:463,414
DA:464,187
DA:465,187
DA:466,187
DA:467,187
DA:468,187
DA:471,37
DA:479,13
DA:480,13
DA:481,13
DA:482,13
DA:490,945
DA:491,945
DA:492,504
DA:493,504
DA:494,17
DA:495,17
DA:496,40
DA:498,487
DA:499,1
DA:501,503
DA:502,1
DA:507,502
DA:508,502
DA:509,502
DA:510,502
DA:516,10
DA:527,100
DA:528,100
DA:529,96
DA:530,410
DA:534,4
DA:536,99
DA:539,96
DA:547,1
DA:550,6
DA:551,1
DA:552,1
DA:553,3
DA:555,1
DA:556,1
DA:557,1
DA:558,1
DA:559,3
DA:561,1
DA:563,5
DA:566,1
DA:573,33
DA:574,33
DA:575,33
DA:576,470
DA:578,33
DA:587,6
DA:588,4
DA:589,4
DA:591,6
DA:592,0
DA:593,0
DA:594,0
DA:596,6
DA:597,6
DA:598,63
DA:600,6
DA:606,374
DA:607,374
DA:608,374
DA:609,374
DA:612,2
DA:615,33
DA:616,33
DA:621,1047
DA:622,1047
DA:623,537
DA:624,537
DA:625,537
DA:628,510
DA:635,1012
DA:636,1012
DA:637,1478
DA:638,1012
DA:641,466
DA:642,466
DA:645,1012
DA:652,853
DA:653,852
DA:654,695
DA:655,695
DA:656,1326
DA:658,695
DA:661,157
DA:662,157
DA:663,124
DA:665,157
DA:666,439
DA:668,157
DA:672,1
DA:682,610
DA:684,610
DA:685,569
DA:688,41
DA:689,100
DA:690,0
DA:693,100
DA:695,100
DA:697,41
DA:700,33
LF:347
LH:306
BRDA:2,0,0,33
BRDA:2,0,1,33
BRDA:2,0,2,33
BRDA:3,1,0,0
BRDA:3,1,1,6418
BRDA:4,2,0,0
BRDA:4,2,1,6418
BRDA:4,3,0,6418
BRDA:4,3,1,0
BRDA:5,4,0,0
BRDA:5,4,1,6418
BRDA:5,5,0,0
BRDA:5,5,1,6418
BRDA:5,6,0,0
BRDA:5,6,1,0
BRDA:6,7,0,0
BRDA:6,7,1,6418
BRDA:6,8,0,0
BRDA:6,8,1,6418
BRDA:8,9,0,33
BRDA:8,9,1,33
BRDA:8,9,2,33
BRDA:9,10,0,0
BRDA:9,10,1,19951
BRDA:9,11,0,19951
BRDA:9,11,1,0
BRDA:10,12,0,0
BRDA:10,12,1,19951
BRDA:10,13,0,0
BRDA:10,13,1,19951
BRDA:10,14,0,0
BRDA:10,14,1,0
BRDA:11,15,0,3522
BRDA:11,15,1,16429
BRDA:11,16,0,0
BRDA:11,16,1,16429
BRDA:11,17,0,0
BRDA:11,17,1,16429
BRDA:29,18,0,510
BRDA:29,18,1,312
BRDA:37,19,0,1
BRDA:37,19,1,509
BRDA:46,20,0,312
BRDA:46,20,1,0
BRDA:81,21,0,591
BRDA:81,21,1,1563
BRDA:90,22,0,0
BRDA:90,22,1,515
BRDA:96,23,0,0
BRDA:96,23,1,515
BRDA:124,24,0,15
BRDA:124,24,1,21
BRDA:131,25,0,5
BRDA:132,26,0,0
BRDA:132,26,1,12
BRDA:132,27,0,12
BRDA:132,27,1,12
BRDA:138,28,0,5
BRDA:138,28,1,7
BRDA:146,29,0,45
BRDA:146,29,1,75
BRDA:149,30,0,10
BRDA:149,30,1,35
BRDA:152,31,0,16
BRDA:152,31,1,19
BRDA:152,32,0,35
BRDA:152,32,1,35
BRDA:153,33,0,6
BRDA:153,33,1,10
BRDA:167,34,0,4
BRDA:167,34,1,3
BRDA:176,35,0,1
BRDA:176,35,1,4
BRDA:182,36,0,3
BRDA:182,36,1,1
BRDA:186,37,0,15
BRDA:186,37,1,96
BRDA:192,38,0,18
BRDA:192,38,1,93
BRDA:198,39,0,1
BRDA:198,39,1,0
BRDA:199,40,0,0
BRDA:199,40,1,1
BRDA:210,41,0,3
BRDA:210,41,1,41
BRDA:214,42,0,0
BRDA:214,42,1,41
BRDA:218,43,0,0
BRDA:218,43,1,41
BRDA:224,44,0,0
BRDA:224,44,1,41
BRDA:231,45,0,1
BRDA:231,45,1,40
BRDA:245,46,0,5
BRDA:245,46,1,26
BRDA:249,47,0,2
BRDA:249,47,1,24
BRDA:253,48,0,0
BRDA:253,48,1,24
BRDA:259,49,0,0
BRDA:259,49,1,24
BRDA:265,50,0,1
BRDA:265,50,1,23
BRDA:279,51,0,1
BRDA:279,51,1,6
BRDA:282,52,0,0
BRDA:282,52,1,6
BRDA:286,53,0,0
BRDA:286,53,1,6
BRDA:292,54,0,0
BRDA:292,54,1,6
BRDA:298,55,0,1
BRDA:298,55,1,5
BRDA:313,56,0,27
BRDA:313,56,1,9
BRDA:317,57,0,0
BRDA:317,57,1,9
BRDA:317,58,0,9
BRDA:317,58,1,9
BRDA:321,59,0,0
BRDA:321,59,1,9
BRDA:327,60,0,0
BRDA:327,60,1,9
BRDA:333,61,0,1
BRDA:333,61,1,8
BRDA:339,62,0,1
BRDA:339,62,1,7
BRDA:354,63,0,5
BRDA:354,63,1,4
BRDA:357,64,0,0
BRDA:357,64,1,4
BRDA:361,65,0,0
BRDA:361,65,1,4
BRDA:367,66,0,0
BRDA:367,66,1,4
BRDA:373,67,0,1
BRDA:373,67,1,3
BRDA:387,68,0,0
BRDA:387,68,1,43
BRDA:393,69,0,3
BRDA:393,69,1,40
BRDA:393,70,0,43
BRDA:393,70,1,4
BRDA:396,71,0,1
BRDA:396,71,1,39
BRDA:396,72,0,40
BRDA:396,72,1,40
BRDA:397,73,0,0
BRDA:397,73,1,1
BRDA:406,74,0,0
BRDA:406,74,1,39
BRDA:412,75,0,36
BRDA:412,75,1,3
BRDA:413,76,0,1
BRDA:413,76,1,35
BRDA:420,77,0,3
BRDA:420,77,1,35
BRDA:420,78,0,38
BRDA:420,78,1,35
BRDA:421,79,0,1
BRDA:421,79,1,2
BRDA:434,80,0,5
BRDA:434,80,1,32
BRDA:434,81,0,37
BRDA:434,81,1,0
BRDA:434,81,2,37
BRDA:434,81,3,5
BRDA:440,82,0,0
BRDA:440,82,1,37
BRDA:440,83,0,37
BRDA:440,83,1,37
BRDA:449,84,0,68
BRDA:449,84,1,346
BRDA:449,85,0,414
BRDA:449,85,1,156
BRDA:450,86,0,56
BRDA:450,86,1,12
BRDA:457,87,0,56
BRDA:457,87,1,358
BRDA:463,88,0,187
BRDA:463,88,1,227
BRDA:493,89,0,17
BRDA:493,89,1,487
BRDA:496,90,0,17
BRDA:496,90,1,23
BRDA:498,91,0,1
BRDA:498,91,1,486
BRDA:501,92,0,1
BRDA:501,92,1,502
BRDA:528,93,0,96
BRDA:528,93,1,4
BRDA:550,94,0,1
BRDA:550,94,1,5
BRDA:580,95,0,1
BRDA:580,96,0,4
BRDA:580,97,0,5
BRDA:587,98,0,4
BRDA:587,98,1,2
BRDA:591,99,0,0
BRDA:591,99,1,6
BRDA:602,100,0,374
BRDA:602,101,0,374
BRDA:622,102,0,537
BRDA:622,102,1,510
BRDA:637,103,0,1012
BRDA:637,103,1,466
BRDA:652,104,0,852
BRDA:652,104,1,1
BRDA:653,105,0,695
BRDA:653,105,1,157
BRDA:662,106,0,124
BRDA:662,106,1,33
BRDA:677,107,0,0
BRDA:684,108,0,569
BRDA:684,108,1,41
BRDA:689,109,0,0
BRDA:689,109,1,100
BRF:217
BRH:172
end_of_record
TN:
SF:nn\index.js
FN:2,(anonymous_0)
FN:6,(anonymous_1)
FN:9,(anonymous_2)
FN:13,(anonymous_3)
FN:15,(anonymous_4)
FN:18,(anonymous_5)
FN:25,(anonymous_6)
FN:31,(anonymous_7)
FN:36,(anonymous_8)
FN:51,(anonymous_9)
FN:66,(anonymous_10)
FN:69,(anonymous_11)
FN:72,(anonymous_12)
FN:99,(anonymous_13)
FN:110,(anonymous_14)
FN:120,(anonymous_15)
FN:167,(anonymous_16)
FN:169,(anonymous_17)
FN:175,(anonymous_18)
FN:180,(anonymous_19)
FN:195,(anonymous_20)
FN:200,(anonymous_21)
FN:208,(anonymous_22)
FN:222,(anonymous_23)
FN:268,(anonymous_24)
FN:288,(anonymous_25)
FN:291,(anonymous_26)
FN:294,(anonymous_27)
FN:321,(anonymous_28)
FN:348,(anonymous_29)
FN:386,(anonymous_30)
FN:389,(anonymous_31)
FN:398,(anonymous_32)
FN:401,(anonymous_33)
FN:406,_Layer_generateWeights
FNF:35
FNH:30
FNDA:0,(anonymous_0)
FNDA:0,(anonymous_1)
FNDA:0,(anonymous_2)
FNDA:0,(anonymous_3)
FNDA:0,(anonymous_4)
FNDA:5,(anonymous_5)
FNDA:91,(anonymous_6)
FNDA:244,(anonymous_7)
FNDA:20,(anonymous_8)
FNDA:2,(anonymous_9)
FNDA:2,(anonymous_10)
FNDA:3,(anonymous_11)
FNDA:4,(anonymous_12)
FNDA:5,(anonymous_13)
FNDA:9,(anonymous_14)
FNDA:4,(anonymous_15)
FNDA:1,(anonymous_16)
FNDA:2,(anonymous_17)
FNDA:2,(anonymous_18)
FNDA:4,(anonymous_19)
FNDA:14,(anonymous_20)
FNDA:2,(anonymous_21)
FNDA:4,(anonymous_22)
FNDA:3,(anonymous_23)
FNDA:18,(anonymous_24)
FNDA:41,(anonymous_25)
FNDA:40,(anonymous_26)
FNDA:19,(anonymous_27)
FNDA:19,(anonymous_28)
FNDA:31,(anonymous_29)
FNDA:22,(anonymous_30)
FNDA:12,(anonymous_31)
FNDA:4,(anonymous_32)
FNDA:23,(anonymous_33)
FNDA:36,_Layer_generateWeights
DA:2,5
DA:3,0
DA:4,0
DA:5,0
DA:6,0
DA:8,0
DA:10,0
DA:11,0
DA:13,5
DA:14,0
DA:16,0
DA:18,5
DA:19,5
DA:20,0
DA:21,0
DA:22,0
DA:23,0
DA:25,5
DA:26,91
DA:27,91
DA:28,91
DA:29,91
DA:31,5
DA:32,244
DA:33,244
DA:34,244
DA:36,5
DA:37,20
DA:40,5
DA:41,5
DA:42,5
DA:43,5
DA:44,5
DA:45,5
DA:46,5
DA:47,5
DA:48,5
DA:49,5
DA:52,2
DA:53,2
DA:54,2
DA:55,2
DA:64,2
DA:67,2
DA:70,3
DA:79,4
DA:80,3
DA:81,3
DA:82,2
DA:83,2
DA:84,1
DA:90,2
DA:93,1
DA:100,5
DA:101,0
DA:103,5
DA:104,0
DA:110,5
DA:111,9
DA:112,5
DA:115,4
DA:118,4
DA:121,4
DA:122,4
DA:123,4
DA:125,4
DA:126,4
DA:127,4
DA:128,4
DA:129,4
DA:130,3
DA:132,4
DA:133,3
DA:135,4
DA:136,1
DA:138,4
DA:139,1
DA:141,4
DA:142,0
DA:144,4
DA:145,1
DA:147,3
DA:148,0
DA:150,3
DA:151,3
DA:152,3
DA:158,3
DA:159,3
DA:160,3
DA:161,2
DA:164,3
DA:165,3
DA:168,1
DA:169,1
DA:170,2
DA:172,1
DA:173,1
DA:176,2
DA:178,2
DA:179,2
DA:180,2
DA:181,4
DA:182,2
DA:183,2
DA:186,2
DA:187,2
DA:189,4
DA:190,4
DA:192,2
DA:193,1
DA:194,1
DA:195,14
DA:198,2
DA:201,2
DA:202,2
DA:208,2
DA:209,4
DA:210,4
DA:211,4
DA:212,4
DA:214,2
DA:215,1
DA:220,1
DA:223,3
DA:224,3
DA:225,2
DA:226,4
DA:232,4
DA:233,4
DA:234,4
DA:235,4
DA:237,4
DA:238,4
DA:239,1
DA:241,3
DA:242,2
DA:246,2
DA:247,2
DA:250,2
DA:251,2
DA:254,1
DA:259,2
DA:265,5
DA:266,5
DA:269,18
DA:270,18
DA:271,18
DA:272,18
DA:273,18
DA:274,18
DA:275,18
DA:282,18
DA:283,18
DA:284,18
DA:285,18
DA:286,18
DA:289,41
DA:292,40
DA:295,19
DA:296,0
DA:301,19
DA:302,1
DA:307,18
DA:308,0
DA:313,18
DA:314,1
DA:319,17
DA:322,19
DA:323,0
DA:328,19
DA:329,1
DA:334,18
DA:335,0
DA:340,18
DA:341,1
DA:346,17
DA:349,31
DA:350,3
DA:352,28
DA:353,0
DA:357,31
DA:358,2
DA:363,29
DA:364,28
DA:365,28
DA:366,28
DA:369,0
DA:374,28
DA:375,0
DA:383,28
DA:384,28
DA:387,22
DA:390,12
DA:391,0
DA:396,12
DA:399,4
DA:402,23
DA:405,5
DA:406,5
DA:407,36
DA:408,36
DA:409,374
DA:411,36
DA:413,5
LF:204
LH:179
BRDA:2,0,0,5
BRDA:2,0,1,5
BRDA:2,0,2,5
BRDA:2,1,0,5
BRDA:2,1,1,0
BRDA:3,2,0,0
BRDA:3,2,1,0
BRDA:5,3,0,0
BRDA:5,3,1,0
BRDA:5,4,0,0
BRDA:5,4,1,0
BRDA:5,5,0,0
BRDA:5,5,1,0
BRDA:5,6,0,0
BRDA:5,6,1,0
BRDA:10,7,0,0
BRDA:10,7,1,0
BRDA:13,8,0,5
BRDA:13,8,1,5
BRDA:13,8,2,5
BRDA:13,9,0,5
BRDA:13,9,1,0
BRDA:18,10,0,5
BRDA:18,10,1,5
BRDA:18,10,2,5
BRDA:19,11,0,5
BRDA:19,11,1,0
BRDA:19,12,0,5
BRDA:19,12,1,5
BRDA:21,13,0,0
BRDA:21,13,1,0
BRDA:21,14,0,0
BRDA:21,14,1,0
BRDA:21,15,0,0
BRDA:21,15,1,0
BRDA:25,16,0,5
BRDA:25,16,1,5
BRDA:25,16,2,5
BRDA:26,17,0,0
BRDA:26,17,1,91
BRDA:27,18,0,0
BRDA:27,18,1,91
BRDA:27,19,0,91
BRDA:27,19,1,0
BRDA:28,20,0,0
BRDA:28,20,1,91
BRDA:28,21,0,0
BRDA:28,21,1,91
BRDA:28,22,0,0
BRDA:28,22,1,0
BRDA:29,23,0,0
BRDA:29,23,1,91
BRDA:29,24,0,0
BRDA:29,24,1,91
BRDA:31,25,0,5
BRDA:31,25,1,5
BRDA:31,25,2,5
BRDA:32,26,0,0
BRDA:32,26,1,244
BRDA:32,27,0,244
BRDA:32,27,1,0
BRDA:33,28,0,0
BRDA:33,28,1,244
BRDA:33,29,0,0
BRDA:33,29,1,244
BRDA:33,30,0,0
BRDA:33,30,1,0
BRDA:34,31,0,36
BRDA:34,31,1,208
BRDA:34,32,0,0
BRDA:34,32,1,208
BRDA:34,33,0,0
BRDA:34,33,1,208
BRDA:36,34,0,5
BRDA:36,34,1,5
BRDA:36,34,2,5
BRDA:37,35,0,10
BRDA:37,35,1,10
BRDA:37,36,0,20
BRDA:37,36,1,20
BRDA:79,37,0,3
BRDA:79,37,1,1
BRDA:81,38,0,2
BRDA:81,38,1,1
BRDA:82,39,0,0
BRDA:82,39,1,2
BRDA:82,40,0,2
BRDA:82,40,1,2
BRDA:83,41,0,1
BRDA:83,41,1,1
BRDA:100,42,0,0
BRDA:100,42,1,5
BRDA:100,43,0,5
BRDA:100,43,1,0
BRDA:103,44,0,0
BRDA:103,44,1,5
BRDA:111,45,0,5
BRDA:111,45,1,4
BRDA:120,46,0,1
BRDA:120,47,0,1
BRDA:120,48,0,1
BRDA:120,49,0,0
BRDA:129,50,0,3
BRDA:129,50,1,1
BRDA:132,51,0,3
BRDA:132,51,1,1
BRDA:135,52,0,1
BRDA:135,52,1,3
BRDA:135,53,0,4
BRDA:135,53,1,3
BRDA:138,54,0,1
BRDA:138,54,1,3
BRDA:138,55,0,4
BRDA:138,55,1,3
BRDA:141,56,0,0
BRDA:141,56,1,4
BRDA:144,57,0,1
BRDA:144,57,1,3
BRDA:147,58,0,0
BRDA:147,58,1,3
BRDA:160,59,0,2
BRDA:160,59,1,1
BRDA:181,60,0,2
BRDA:181,60,1,2
BRDA:192,61,0,1
BRDA:192,61,1,1
BRDA:195,62,0,1
BRDA:195,62,1,13
BRDA:200,63,0,0
BRDA:200,64,0,1
BRDA:214,65,0,1
BRDA:214,65,1,1
BRDA:214,66,0,2
BRDA:214,66,1,2
BRDA:238,67,0,1
BRDA:238,67,1,3
BRDA:241,68,0,2
BRDA:241,68,1,1
BRDA:295,69,0,0
BRDA:295,69,1,19
BRDA:301,70,0,1
BRDA:301,70,1,18
BRDA:307,71,0,0
BRDA:307,71,1,18
BRDA:313,72,0,1
BRDA:313,72,1,17
BRDA:322,73,0,0
BRDA:322,73,1,19
BRDA:328,74,0,1
BRDA:328,74,1,18
BRDA:334,75,0,0
BRDA:334,75,1,18
BRDA:340,76,0,1
BRDA:340,76,1,17
BRDA:349,77,0,3
BRDA:349,77,1,28
BRDA:349,78,0,31
BRDA:349,78,1,3
BRDA:352,79,0,0
BRDA:352,79,1,28
BRDA:353,80,0,0
BRDA:353,80,1,0
BRDA:357,81,0,2
BRDA:357,81,1,29
BRDA:365,82,0,28
BRDA:365,82,1,0
BRDA:374,83,0,0
BRDA:374,83,1,28
BRDA:390,84,0,0
BRDA:390,84,1,12
BRF:170
BRH:114
end_of_record
TN:
SF:optimizers\index.js
FN:2,(anonymous_0)
FN:11,(anonymous_1)
FN:14,(anonymous_2)
FN:17,(anonymous_3)
FN:23,(anonymous_4)
FN:33,(anonymous_5)
FN:43,(anonymous_6)
FN:61,(anonymous_7)
FN:64,(anonymous_8)
FN:109,(anonymous_9)
FN:121,(anonymous_10)
FN:142,(anonymous_11)
FN:175,(anonymous_12)
FN:184,(anonymous_13)
FN:206,(anonymous_14)
FNF:15
FNH:15
FNDA:12,(anonymous_0)
FNDA:19,(anonymous_1)
FNDA:6,(anonymous_2)
FNDA:1,(anonymous_3)
FNDA:1,(anonymous_4)
FNDA:18,(anonymous_5)
FNDA:4,(anonymous_6)
FNDA:5,(anonymous_7)
FNDA:5,(anonymous_8)
FNDA:5,(anonymous_9)
FNDA:15,(anonymous_10)
FNDA:8,(anonymous_11)
FNDA:10,(anonymous_12)
FNDA:1,(anonymous_13)
FNDA:2,(anonymous_14)
DA:2,6
DA:3,12
DA:5,6
DA:6,6
DA:7,6
DA:8,6
DA:9,6
DA:12,19
DA:15,6
DA:18,1
DA:24,1
DA:31,6
DA:34,18
DA:35,18
DA:36,18
DA:37,18
DA:38,18
DA:39,10
DA:41,8
DA:44,4
DA:45,4
DA:46,4
DA:48,4
DA:51,4
DA:54,4
DA:57,4
DA:59,4
DA:62,5
DA:63,5
DA:64,5
DA:65,5
DA:66,5
DA:69,0
DA:71,5
DA:73,5
DA:74,5
DA:75,5
DA:76,5
DA:77,5
DA:78,5
DA:79,5
DA:83,5
DA:84,0
DA:85,0
DA:86,0
DA:87,0
DA:88,0
DA:91,0
DA:93,0
DA:95,5
DA:96,0
DA:98,5
DA:99,5
DA:101,5
DA:102,5
DA:110,5
DA:116,5
DA:117,5
DA:118,5
DA:122,15
DA:140,6
DA:143,8
DA:144,2
DA:150,6
DA:151,6
DA:152,6
DA:153,0
DA:155,6
DA:156,3
DA:158,6
DA:159,3
DA:160,3
DA:161,9
DA:164,6
DA:165,3
DA:167,6
DA:168,3
DA:169,3
DA:170,9
DA:173,6
DA:176,10
DA:182,6
DA:185,1
DA:186,1
DA:187,1
DA:189,1
DA:192,1
DA:197,1
DA:200,1
DA:204,1
DA:207,2
DA:216,6
LF:92
LH:82
BRDA:2,0,0,6
BRDA:2,0,1,6
BRDA:2,0,2,6
BRDA:3,1,0,12
BRDA:3,1,1,0
BRDA:3,2,0,12
BRDA:3,2,1,12
BRDA:33,3,0,8
BRDA:38,4,0,10
BRDA:38,4,1,8
BRDA:38,5,0,18
BRDA:38,5,1,13
BRDA:46,6,0,4
BRDA:46,6,1,0
BRDA:65,7,0,5
BRDA:65,7,1,0
BRDA:76,8,0,5
BRDA:76,8,1,0
BRDA:76,9,0,5
BRDA:76,9,1,5
BRDA:87,10,0,0
BRDA:87,10,1,0
BRDA:95,11,0,0
BRDA:95,11,1,5
BRDA:98,12,0,5
BRDA:98,12,1,0
BRDA:143,13,0,2
BRDA:143,13,1,6
BRDA:152,14,0,0
BRDA:152,14,1,6
BRDA:155,15,0,3
BRDA:155,15,1,3
BRDA:155,16,0,6
BRDA:155,16,1,3
BRDA:158,17,0,3
BRDA:158,17,1,3
BRDA:164,18,0,3
BRDA:164,18,1,3
BRDA:164,19,0,6
BRDA:164,19,1,3
BRDA:167,20,0,3
BRDA:167,20,1,3
BRDA:187,21,0,1
BRDA:187,21,1,0
BRF:44
BRH:34
end_of_record
TN:
SF:utils\cache.js
FN:2,(anonymous_0)
FN:15,(anonymous_1)
FN:36,(anonymous_2)
FN:41,(anonymous_3)
FN:52,(anonymous_4)
FN:56,(anonymous_5)
FN:63,(anonymous_6)
FN:70,(anonymous_7)
FN:104,(anonymous_8)
FN:118,(anonymous_9)
FNF:10
FNH:10
FNDA:27,(anonymous_0)
FNDA:3,(anonymous_1)
FNDA:1,(anonymous_2)
FNDA:6,(anonymous_3)
FNDA:1,(anonymous_4)
FNDA:2,(anonymous_5)
FNDA:2,(anonymous_6)
FNDA:3,(anonymous_7)
FNDA:2,(anonymous_8)
FNDA:2,(anonymous_9)
DA:2,9
DA:3,27
DA:5,9
DA:6,9
DA:7,9
DA:8,9
DA:9,9
DA:10,9
DA:11,9
DA:12,9
DA:13,9
DA:16,3
DA:17,3
DA:19,3
DA:20,1
DA:21,1
DA:25,2
DA:27,1
DA:31,1
DA:34,3
DA:38,1
DA:39,1
DA:42,6
DA:43,0
DA:45,6
DA:46,6
DA:47,6
DA:48,3
DA:50,3
DA:54,1
DA:55,1
DA:56,1
DA:57,2
DA:58,1
DA:61,1
DA:64,2
DA:65,2
DA:66,2
DA:67,2
DA:68,2
DA:72,3
DA:73,3
DA:74,3
DA:75,3
DA:77,2
DA:79,2
DA:80,1
DA:81,1
DA:84,1
DA:85,1
DA:86,1
DA:87,1
DA:92,1
DA:93,1
DA:94,1
DA:95,1
DA:96,1
DA:100,1
DA:102,1
DA:106,2
DA:108,2
DA:109,2
DA:110,2
DA:112,2
DA:113,1
DA:114,1
DA:116,1
DA:119,2
DA:120,2
DA:121,1
DA:128,9
LF:71
LH:70
BRDA:2,0,0,9
BRDA:2,0,1,9
BRDA:2,0,2,9
BRDA:3,1,0,0
BRDA:3,1,1,27
BRDA:3,2,0,27
BRDA:3,2,1,27
BRDA:19,3,0,1
BRDA:19,3,1,2
BRDA:25,4,0,1
BRDA:25,4,1,1
BRDA:42,5,0,0
BRDA:42,5,1,6
BRDA:47,6,0,3
BRDA:47,6,1,3
BRDA:57,7,0,1
BRDA:57,7,1,1
BRDA:75,8,0,2
BRDA:75,8,1,1
BRDA:79,9,0,1
BRDA:79,9,1,1
BRDA:112,10,0,1
BRDA:112,10,1,1
BRDA:120,11,0,1
BRDA:120,11,1,1
BRF:25
BRH:23
end_of_record
TN:
SF:utils\index.js
FN:8,(anonymous_0)
FN:49,(anonymous_1)
FN:61,(anonymous_2)
FN:96,(anonymous_3)
FNF:4
FNH:4
FNDA:11,(anonymous_0)
FNDA:4,(anonymous_1)
FNDA:6,(anonymous_2)
FNDA:5,(anonymous_3)
DA:2,7
DA:3,7
DA:4,7
DA:10,11
DA:11,2
DA:12,2
DA:13,6
DA:15,2
DA:16,2
DA:17,6
DA:18,6
DA:19,6
DA:20,6
DA:22,2
DA:24,9
DA:25,8
DA:26,8
DA:27,25
DA:29,8
DA:30,8
DA:31,25
DA:32,25
DA:33,25
DA:34,25
DA:38,1
DA:39,1
DA:40,1
DA:41,5
DA:42,5
DA:43,5
DA:44,5
DA:47,11
DA:50,4
DA:51,4
DA:52,40
DA:53,3
DA:56,37
DA:59,4
DA:62,6
DA:63,2
DA:65,4
DA:66,4
DA:67,8
DA:68,4
DA:70,8
DA:71,4
DA:72,4
DA:73,8
DA:75,4
DA:77,8
DA:79,4
DA:80,1
DA:81,1
DA:83,1
DA:84,0
DA:85,0
DA:86,0
DA:87,0
DA:90,0
DA:92,1
DA:94,4
DA:97,5
DA:98,1
DA:100,4
DA:101,1
DA:103,3
DA:104,1
DA:106,3
DA:108,3
DA:109,3
DA:110,2
DA:111,2
DA:112,10
DA:113,8
DA:116,2
DA:121,1
DA:122,5
DA:123,4
DA:126,1
DA:130,3
DA:131,3
DA:132,3
DA:133,3
DA:134,3
DA:137,7
LF:85
LH:80
BRDA:10,0,0,2
BRDA:10,0,1,9
BRDA:10,1,0,11
BRDA:10,1,1,9
BRDA:24,2,0,8
BRDA:24,2,1,1
BRDA:52,3,0,3
BRDA:52,3,1,37
BRDA:62,4,0,2
BRDA:62,4,1,4
BRDA:67,5,0,4
BRDA:67,5,1,4
BRDA:70,6,0,4
BRDA:70,6,1,4
BRDA:70,7,0,8
BRDA:70,7,1,6
BRDA:79,8,0,1
BRDA:79,8,1,3
BRDA:80,9,0,1
BRDA:80,9,1,0
BRDA:83,10,0,0
BRDA:83,10,1,1
BRDA:83,11,0,1
BRDA:83,11,1,1
BRDA:86,12,0,0
BRDA:86,12,1,0
BRDA:96,13,0,1
BRDA:97,14,0,1
BRDA:97,14,1,4
BRDA:100,15,0,1
BRDA:100,15,1,3
BRDA:100,16,0,4
BRDA:100,16,1,2
BRDA:103,17,0,1
BRDA:103,17,1,2
BRDA:109,18,0,2
BRDA:109,18,1,1
BRDA:112,19,0,8
BRDA:112,19,1,2
BRDA:122,20,0,4
BRDA:122,20,1,1
BRF:41
BRH:37
end_of_record
