TN:
SF:dataset\index.js
FN:2,(anonymous_0)
FN:3,adopt
FN:3,(anonymous_2)
FN:4,(anonymous_3)
FN:5,fulfilled
FN:6,rejected
FN:7,step
FN:11,(anonymous_7)
FN:17,(anonymous_8)
FN:22,(anonymous_9)
FN:25,(anonymous_10)
FN:26,verb
FN:26,(anonymous_12)
FN:26,(anonymous_13)
FN:27,settle
FN:27,(anonymous_15)
FN:29,(anonymous_16)
FN:41,(anonymous_17)
FN:47,(anonymous_18)
FN:50,(anonymous_19)
FN:54,(anonymous_20)
FN:63,(anonymous_21)
FN:66,(anonymous_22)
FN:73,(anonymous_23)
FN:78,(anonymous_24)
FN:85,parseLine
FN:126,(anonymous_26)
FN:171,(anonymous_27)
FN:177,(anonymous_28)
FN:180,(anonymous_29)
FN:183,(anonymous_30)
FN:192,(anonymous_31)
FN:195,(anonymous_32)
FNF:33
FNH:30
FNDA:6,(anonymous_0)
FNDA:9,adopt
FNDA:0,(anonymous_2)
FNDA:6,(anonymous_3)
FNDA:9,fulfilled
FNDA:0,rejected
FNDA:13,step
FNDA:76,(anonymous_7)
FNDA:630,(anonymous_8)
FNDA:1,(anonymous_9)
FNDA:0,(anonymous_10)
FNDA:3,verb
FNDA:5,(anonymous_12)
FNDA:5,(anonymous_13)
FNDA:5,settle
FNDA:5,(anonymous_15)
FNDA:12,(anonymous_16)
FNDA:16,(anonymous_17)
FNDA:159,(anonymous_18)
FNDA:174,(anonymous_19)
FNDA:5,(anonymous_20)
FNDA:153,(anonymous_21)
FNDA:16,(anonymous_22)
FNDA:6,(anonymous_23)
FNDA:6,(anonymous_24)
FNDA:9,parseLine
FNDA:8,(anonymous_26)
FNDA:22,(anonymous_27)
FNDA:86,(anonymous_28)
FNDA:88,(anonymous_29)
FNDA:1,(anonymous_30)
FNDA:127,(anonymous_31)
FNDA:30,(anonymous_32)
DA:2,3
DA:3,9
DA:4,6
DA:5,9
DA:6,0
DA:7,13
DA:8,6
DA:11,3
DA:12,76
DA:13,76
DA:14,76
DA:15,76
DA:17,3
DA:18,630
DA:19,630
DA:20,630
DA:22,3
DA:23,1
DA:24,1
DA:25,1
DA:26,5
DA:27,5
DA:29,3
DA:30,12
DA:33,3
DA:34,3
DA:35,3
DA:36,3
DA:37,3
DA:38,3
DA:39,3
DA:42,16
DA:43,16
DA:44,16
DA:45,16
DA:48,159
DA:51,174
DA:52,174
DA:55,5
DA:56,5
DA:57,17
DA:61,5
DA:64,153
DA:67,16
DA:68,16
DA:69,64
DA:71,16
DA:78,6
DA:79,6
DA:80,1
DA:83,5
DA:84,5
DA:86,9
DA:87,9
DA:88,9
DA:89,9
DA:90,9
DA:93,0
DA:98,5
DA:99,5
DA:100,3
DA:103,2
DA:105,5
DA:107,3
DA:108,3
DA:109,0
DA:110,0
DA:114,3
DA:115,3
DA:116,3
DA:117,2
DA:118,2
DA:119,0
DA:121,2
DA:123,2
DA:124,2
DA:126,8
DA:131,1
DA:135,5
DA:137,3
DA:141,1
DA:144,1
DA:145,1
DA:146,1
DA:147,4
DA:148,4
DA:149,4
DA:150,4
DA:151,1
DA:153,3
DA:156,0
DA:158,1
DA:159,1
DA:161,1
DA:164,3
DA:168,3
DA:169,3
DA:172,22
DA:173,22
DA:174,22
DA:175,22
DA:178,86
DA:181,88
DA:184,1
DA:185,1
DA:186,3
DA:190,1
DA:193,127
DA:196,30
DA:197,30
DA:198,78
DA:200,30
DA:203,3
DA:204,3
DA:205,3
LF:115
LH:109
BRDA:2,0,0,3
BRDA:2,0,1,3
BRDA:2,0,2,3
BRDA:3,1,0,9
BRDA:3,1,1,0
BRDA:4,2,0,6
BRDA:4,2,1,6
BRDA:7,3,0,4
BRDA:7,3,1,9
BRDA:8,4,0,6
BRDA:8,4,1,6
BRDA:11,5,0,3
BRDA:11,5,1,3
BRDA:11,5,2,3
BRDA:12,6,0,0
BRDA:12,6,1,76
BRDA:13,7,0,0
BRDA:13,7,1,76
BRDA:13,8,0,76
BRDA:13,8,1,0
BRDA:14,9,0,0
BRDA:14,9,1,76
BRDA:14,10,0,0
BRDA:14,10,1,76
BRDA:14,11,0,0
BRDA:14,11,1,0
BRDA:15,12,0,0
BRDA:15,12,1,76
BRDA:15,13,0,0
BRDA:15,13,1,76
BRDA:17,14,0,3
BRDA:17,14,1,3
BRDA:17,14,2,3
BRDA:18,15,0,0
BRDA:18,15,1,630
BRDA:18,16,0,630
BRDA:18,16,1,0
BRDA:19,17,0,0
BRDA:19,17,1,630
BRDA:19,18,0,0
BRDA:19,18,1,630
BRDA:19,19,0,0
BRDA:19,19,1,0
BRDA:20,20,0,0
BRDA:20,20,1,630
BRDA:20,21,0,0
BRDA:20,21,1,630
BRDA:20,22,0,0
BRDA:20,22,1,630
BRDA:22,23,0,3
BRDA:22,23,1,3
BRDA:22,23,2,3
BRDA:23,24,0,0
BRDA:23,24,1,1
BRDA:25,25,0,0
BRDA:25,25,1,1
BRDA:25,26,0,0
BRDA:25,26,1,1
BRDA:26,27,0,3
BRDA:26,27,1,1
BRDA:29,28,0,3
BRDA:29,28,1,3
BRDA:29,28,2,3
BRDA:30,29,0,5
BRDA:30,29,1,7
BRDA:30,30,0,12
BRDA:30,30,1,12
BRDA:73,31,0,4
BRDA:79,32,0,1
BRDA:79,32,1,5
BRDA:105,33,0,3
BRDA:105,33,1,2
BRDA:108,34,0,0
BRDA:108,34,1,3
BRDA:116,35,0,2
BRDA:116,35,1,1
BRDA:118,36,0,0
BRDA:118,36,1,2
BRDA:135,37,0,3
BRDA:135,37,1,2
BRDA:150,38,0,1
BRDA:150,38,1,3
BRDA:159,39,0,0
BRDA:159,39,1,1
BRDA:159,40,0,1
BRDA:159,40,1,0
BRDA:159,40,2,0
BRDA:161,41,0,0
BRDA:161,41,1,1
BRF:89
BRH:61
end_of_record
TN:
SF:errors\index.js
FN:2,(anonymous_0)
FN:8,(anonymous_1)
FN:17,(anonymous_2)
FN:32,(anonymous_3)
FN:48,(anonymous_4)
FN:55,(anonymous_5)
FN:80,mean
FN:83,sum
FN:84,(anonymous_8)
FN:86,square
FN:89,MAE
FN:92,MSE
FN:95,RMSE
FN:98,RSS
FN:101,error
FNF:15
FNH:15
FNDA:12,(anonymous_0)
FNDA:35,(anonymous_1)
FNDA:6,(anonymous_2)
FNDA:7,(anonymous_3)
FNDA:7,(anonymous_4)
FNDA:28,(anonymous_5)
FNDA:3,mean
FNDA:8,sum
FNDA:24,(anonymous_8)
FNDA:15,square
FNDA:1,MAE
FNDA:2,MSE
FNDA:1,RMSE
FNDA:1,RSS
FNDA:1,error
DA:2,3
DA:3,12
DA:4,12
DA:5,12
DA:6,12
DA:8,3
DA:9,35
DA:10,35
DA:11,35
DA:14,3
DA:15,3
DA:18,6
DA:19,6
DA:20,6
DA:21,6
DA:22,6
DA:23,0
DA:29,6
DA:30,6
DA:37,7
DA:38,6
DA:39,0
DA:41,6
DA:42,6
DA:53,7
DA:55,7
DA:56,28
DA:57,28
DA:58,24
DA:60,28
DA:61,28
DA:64,7
DA:65,7
DA:66,6
DA:67,1
DA:69,5
DA:71,6
DA:78,3
DA:79,3
DA:81,3
DA:84,24
DA:87,15
DA:90,1
DA:93,2
DA:96,1
DA:99,1
DA:102,1
DA:104,3
LF:48
LH:46
BRDA:2,0,0,3
BRDA:2,0,1,3
BRDA:2,0,2,3
BRDA:3,1,0,0
BRDA:3,1,1,12
BRDA:4,2,0,0
BRDA:4,2,1,12
BRDA:4,3,0,12
BRDA:4,3,1,0
BRDA:5,4,0,0
BRDA:5,4,1,12
BRDA:5,5,0,0
BRDA:5,5,1,12
BRDA:5,6,0,0
BRDA:5,6,1,0
BRDA:6,7,0,0
BRDA:6,7,1,12
BRDA:6,8,0,0
BRDA:6,8,1,12
BRDA:8,9,0,3
BRDA:8,9,1,3
BRDA:8,9,2,3
BRDA:9,10,0,0
BRDA:9,10,1,35
BRDA:9,11,0,35
BRDA:9,11,1,0
BRDA:10,12,0,0
BRDA:10,12,1,35
BRDA:10,13,0,0
BRDA:10,13,1,35
BRDA:10,14,0,0
BRDA:10,14,1,0
BRDA:11,15,0,0
BRDA:11,15,1,35
BRDA:11,16,0,0
BRDA:11,16,1,35
BRDA:11,17,0,0
BRDA:11,17,1,35
BRDA:22,18,0,0
BRDA:22,18,1,6
BRDA:38,19,0,0
BRDA:38,19,1,6
BRDA:48,20,0,1
BRDA:57,21,0,24
BRDA:57,21,1,4
BRDA:60,22,0,28
BRDA:60,22,1,0
BRDA:65,23,0,6
BRDA:65,23,1,1
BRDA:66,24,0,1
BRDA:66,24,1,5
BRF:51
BRH:30
end_of_record
TN:
SF:functions\index.js
FN:2,(anonymous_0)
FN:8,(anonymous_1)
FN:13,(anonymous_2)
FN:26,(anonymous_3)
FN:33,(anonymous_4)
FN:40,(anonymous_5)
FN:47,(anonymous_6)
FN:54,(anonymous_7)
FN:64,(anonymous_8)
FN:67,(anonymous_9)
FN:70,(anonymous_10)
FN:74,(anonymous_11)
FN:75,(anonymous_12)
FN:78,(anonymous_13)
FN:83,(anonymous_14)
FN:86,(anonymous_15)
FN:89,(anonymous_16)
FN:90,(anonymous_17)
FN:92,(anonymous_18)
FN:93,(anonymous_19)
FN:96,(anonymous_20)
FN:101,(anonymous_21)
FN:104,(anonymous_22)
FN:107,(anonymous_23)
FN:108,(anonymous_24)
FN:110,(anonymous_25)
FN:111,(anonymous_26)
FN:114,(anonymous_27)
FN:119,(anonymous_28)
FN:122,(anonymous_29)
FN:128,(anonymous_30)
FN:134,(anonymous_31)
FN:136,(anonymous_32)
FN:136,(anonymous_33)
FN:146,(anonymous_34)
FN:149,(anonymous_35)
FN:154,(anonymous_36)
FN:157,(anonymous_37)
FN:160,(anonymous_38)
FN:164,(anonymous_39)
FN:165,(anonymous_40)
FN:168,(anonymous_41)
FN:173,(anonymous_42)
FN:178,(anonymous_43)
FN:181,(anonymous_44)
FN:184,(anonymous_45)
FN:185,(anonymous_46)
FN:187,(anonymous_47)
FN:188,(anonymous_48)
FN:191,(anonymous_49)
FNF:50
FNH:50
FNDA:3,(anonymous_0)
FNDA:22,(anonymous_1)
FNDA:2,(anonymous_2)
FNDA:1,(anonymous_3)
FNDA:1,(anonymous_4)
FNDA:1,(anonymous_5)
FNDA:1,(anonymous_6)
FNDA:1,(anonymous_7)
FNDA:2,(anonymous_8)
FNDA:2,(anonymous_9)
FNDA:2,(anonymous_10)
FNDA:2,(anonymous_11)
FNDA:10,(anonymous_12)
FNDA:2,(anonymous_13)
FNDA:2,(anonymous_14)
FNDA:2,(anonymous_15)
FNDA:2,(anonymous_16)
FNDA:10,(anonymous_17)
FNDA:2,(anonymous_18)
FNDA:10,(anonymous_19)
FNDA:2,(anonymous_20)
FNDA:2,(anonymous_21)
FNDA:2,(anonymous_22)
FNDA:2,(anonymous_23)
FNDA:10,(anonymous_24)
FNDA:2,(anonymous_25)
FNDA:10,(anonymous_26)
FNDA:2,(anonymous_27)
FNDA:2,(anonymous_28)
FNDA:2,(anonymous_29)
FNDA:2,(anonymous_30)
FNDA:2,(anonymous_31)
FNDA:10,(anonymous_32)
FNDA:8,(anonymous_33)
FNDA:10,(anonymous_34)
FNDA:2,(anonymous_35)
FNDA:2,(anonymous_36)
FNDA:2,(anonymous_37)
FNDA:2,(anonymous_38)
FNDA:2,(anonymous_39)
FNDA:10,(anonymous_40)
FNDA:2,(anonymous_41)
FNDA:3,(anonymous_42)
FNDA:2,(anonymous_43)
FNDA:2,(anonymous_44)
FNDA:2,(anonymous_45)
FNDA:10,(anonymous_46)
FNDA:2,(anonymous_47)
FNDA:10,(anonymous_48)
FNDA:2,(anonymous_49)
DA:2,2
DA:3,3
DA:4,3
DA:5,3
DA:6,3
DA:8,2
DA:9,22
DA:10,22
DA:11,22
DA:13,2
DA:14,2
DA:17,2
DA:18,2
DA:19,2
DA:27,1
DA:34,1
DA:41,1
DA:48,1
DA:55,1
DA:62,2
DA:65,2
DA:68,2
DA:72,2
DA:75,10
DA:76,2
DA:79,2
DA:84,2
DA:87,2
DA:90,10
DA:93,10
DA:94,2
DA:97,2
DA:102,2
DA:105,2
DA:108,10
DA:111,10
DA:112,2
DA:115,2
DA:120,2
DA:123,2
DA:132,2
DA:135,2
DA:136,10
DA:137,2
DA:138,0
DA:146,10
DA:147,2
DA:150,2
DA:155,2
DA:158,2
DA:162,2
DA:165,10
DA:166,2
DA:169,2
DA:174,3
DA:175,3
DA:176,3
DA:179,2
DA:182,2
DA:185,10
DA:188,10
DA:189,2
DA:192,2
DA:195,2
DA:196,2
DA:210,2
LF:66
LH:65
BRDA:2,0,0,2
BRDA:2,0,1,2
BRDA:2,0,2,2
BRDA:3,1,0,0
BRDA:3,1,1,3
BRDA:4,2,0,0
BRDA:4,2,1,3
BRDA:4,3,0,3
BRDA:4,3,1,0
BRDA:5,4,0,0
BRDA:5,4,1,3
BRDA:5,5,0,0
BRDA:5,5,1,3
BRDA:5,6,0,0
BRDA:5,6,1,0
BRDA:6,7,0,0
BRDA:6,7,1,3
BRDA:6,8,0,0
BRDA:6,8,1,3
BRDA:8,9,0,2
BRDA:8,9,1,2
BRDA:8,9,2,2
BRDA:9,10,0,0
BRDA:9,10,1,22
BRDA:9,11,0,22
BRDA:9,11,1,0
BRDA:10,12,0,0
BRDA:10,12,1,22
BRDA:10,13,0,0
BRDA:10,13,1,22
BRDA:10,14,0,0
BRDA:10,14,1,0
BRDA:11,15,0,0
BRDA:11,15,1,22
BRDA:11,16,0,0
BRDA:11,16,1,22
BRDA:11,17,0,0
BRDA:11,17,1,22
BRDA:13,18,0,2
BRDA:13,18,1,2
BRDA:13,18,2,2
BRDA:14,19,0,2
BRDA:14,19,1,0
BRDA:14,20,0,2
BRDA:14,20,1,2
BRDA:90,21,0,10
BRDA:90,21,1,0
BRDA:108,22,0,8
BRDA:108,22,1,2
BRDA:137,23,0,0
BRDA:137,23,1,2
BRDA:173,24,0,2
BRF:52
BRH:31
end_of_record
TN:
SF:narray\index.js
FN:2,(anonymous_0)
FN:8,(anonymous_1)
FN:18,(anonymous_2)
FN:63,(anonymous_3)
FN:74,(anonymous_4)
FN:77,(anonymous_5)
FN:80,(anonymous_6)
FN:86,(anonymous_7)
FN:89,(anonymous_8)
FN:104,(anonymous_9)
FN:110,(anonymous_10)
FN:111,(anonymous_11)
FN:114,(anonymous_12)
FN:115,(anonymous_13)
FN:118,(anonymous_14)
FN:119,(anonymous_15)
FN:121,(anonymous_16)
FN:131,(anonymous_17)
FN:139,(anonymous_18)
FN:175,(anonymous_19)
FN:208,(anonymous_20)
FN:212,(anonymous_21)
FN:216,(anonymous_22)
FN:220,(anonymous_23)
FN:238,(anonymous_24)
FN:243,(anonymous_25)
FN:247,(anonymous_26)
FN:251,(anonymous_27)
FN:255,(anonymous_28)
FN:272,(anonymous_29)
FN:277,(anonymous_30)
FN:280,(anonymous_31)
FN:284,(anonymous_32)
FN:288,(anonymous_33)
FN:305,(anonymous_34)
FN:311,(anonymous_35)
FN:315,(anonymous_36)
FN:319,(anonymous_37)
FN:323,(anonymous_38)
FN:346,(anonymous_39)
FN:352,(anonymous_40)
FN:355,(anonymous_41)
FN:359,(anonymous_42)
FN:363,(anonymous_43)
FN:380,(anonymous_44)
FN:386,(anonymous_45)
FN:433,(anonymous_46)
FN:433,(anonymous_47)
FN:473,(anonymous_48)
FN:484,(anonymous_49)
FN:490,(anonymous_50)
FN:491,(anonymous_51)
FN:496,(anonymous_52)
FN:512,(anonymous_53)
FN:518,(anonymous_54)
FN:538,(anonymous_55)
FN:541,(anonymous_56)
FN:549,(anonymous_57)
FN:565,(anonymous_58)
FN:568,(anonymous_59)
FN:580,(anonymous_60)
FN:602,(anonymous_61)
FN:611,(anonymous_62)
FN:616,_NArray_computeShape
FN:630,_NArray_computeStrides
FN:642,(anonymous_65)
FN:646,_NArray_get
FN:655,(anonymous_67)
FN:677,_NArray_flatten
FN:688,(anonymous_69)
FNF:70
FNH:60
FNDA:2802,(anonymous_0)
FNDA:12257,(anonymous_1)
FNDA:420,(anonymous_2)
FNDA:508,(anonymous_3)
FNDA:1260,(anonymous_4)
FNDA:3346,(anonymous_5)
FNDA:1111,(anonymous_6)
FNDA:318,(anonymous_7)
FNDA:143,(anonymous_8)
FNDA:248,(anonymous_9)
FNDA:9,(anonymous_10)
FNDA:65,(anonymous_11)
FNDA:62,(anonymous_12)
FNDA:404,(anonymous_13)
FNDA:1,(anonymous_14)
FNDA:10,(anonymous_15)
FNDA:4,(anonymous_16)
FNDA:12,(anonymous_17)
FNDA:39,(anonymous_18)
FNDA:5,(anonymous_19)
FNDA:4,(anonymous_20)
FNDA:10,(anonymous_21)
FNDA:0,(anonymous_22)
FNDA:0,(anonymous_23)
FNDA:16,(anonymous_24)
FNDA:11,(anonymous_25)
FNDA:30,(anonymous_26)
FNDA:50,(anonymous_27)
FNDA:0,(anonymous_28)
FNDA:22,(anonymous_29)
FNDA:5,(anonymous_30)
FNDA:10,(anonymous_31)
FNDA:0,(anonymous_32)
FNDA:0,(anonymous_33)
FNDA:22,(anonymous_34)
FNDA:13,(anonymous_35)
FNDA:30,(anonymous_36)
FNDA:0,(anonymous_37)
FNDA:0,(anonymous_38)
FNDA:44,(anonymous_39)
FNDA:7,(anonymous_40)
FNDA:20,(anonymous_41)
FNDA:0,(anonymous_42)
FNDA:0,(anonymous_43)
FNDA:22,(anonymous_44)
FNDA:9,(anonymous_45)
FNDA:10,(anonymous_46)
FNDA:10,(anonymous_47)
FNDA:8,(anonymous_48)
FNDA:137,(anonymous_49)
FNDA:209,(anonymous_50)
FNDA:209,(anonymous_51)
FNDA:28,(anonymous_52)
FNDA:5,(anonymous_53)
FNDA:96,(anonymous_54)
FNDA:92,(anonymous_55)
FNDA:1,(anonymous_56)
FNDA:2,(anonymous_57)
FNDA:1,(anonymous_58)
FNDA:3,(anonymous_59)
FNDA:6,(anonymous_60)
FNDA:0,(anonymous_61)
FNDA:2,(anonymous_62)
FNDA:480,_NArray_computeShape
FNDA:363,_NArray_computeStrides
FNDA:29,(anonymous_65)
FNDA:838,_NArray_get
FNDA:1304,(anonymous_67)
FNDA:325,_NArray_flatten
FNDA:97,(anonymous_69)
DA:2,27
DA:3,2802
DA:4,2802
DA:5,2802
DA:6,2802
DA:8,27
DA:9,12257
DA:10,12257
DA:11,12257
DA:14,27
DA:15,27
DA:16,27
DA:23,420
DA:24,420
DA:25,420
DA:26,420
DA:27,420
DA:28,420
DA:29,420
DA:30,228
DA:31,228
DA:32,228
DA:33,228
DA:34,228
DA:36,228
DA:37,228
DA:38,1
DA:46,192
DA:47,192
DA:48,192
DA:49,192
DA:50,192
DA:53,0
DA:68,508
DA:69,508
DA:70,673
DA:72,508
DA:75,1260
DA:78,3346
DA:81,1111
DA:82,253
DA:84,1111
DA:87,318
DA:90,143
DA:91,0
DA:96,143
DA:97,0
DA:102,143
DA:108,248
DA:111,65
DA:112,9
DA:115,404
DA:116,62
DA:119,10
DA:122,4
DA:123,4
DA:124,36
DA:125,15
DA:126,15
DA:129,4
DA:132,12
DA:133,0
DA:138,12
DA:139,39
DA:141,7
DA:142,7
DA:143,7
DA:144,120
DA:145,120
DA:146,120
DA:147,45
DA:148,45
DA:149,45
DA:150,10
DA:152,35
DA:153,16
DA:154,6
DA:157,10
DA:161,19
DA:163,45
DA:167,7
DA:168,4
DA:171,3
DA:173,7
DA:176,5
DA:177,1
DA:182,4
DA:183,3
DA:184,3
DA:185,3
DA:186,111
DA:187,15
DA:190,96
DA:192,111
DA:193,18
DA:196,3
DA:198,1
DA:199,1
DA:200,1
DA:201,1
DA:202,1
DA:203,1
DA:205,1
DA:209,4
DA:210,4
DA:211,1
DA:212,10
DA:214,3
DA:215,0
DA:216,0
DA:218,3
DA:219,0
DA:220,0
DA:221,0
DA:224,3
DA:225,0
DA:231,3
DA:232,1
DA:237,2
DA:238,16
DA:240,3
DA:241,3
DA:244,11
DA:245,11
DA:246,5
DA:247,30
DA:249,6
DA:250,2
DA:251,50
DA:253,4
DA:254,0
DA:255,0
DA:256,0
DA:259,4
DA:260,0
DA:265,4
DA:266,1
DA:271,3
DA:272,22
DA:274,10
DA:275,10
DA:278,5
DA:279,5
DA:280,10
DA:282,4
DA:283,0
DA:284,0
DA:286,4
DA:287,0
DA:288,0
DA:289,0
DA:292,4
DA:293,0
DA:298,4
DA:299,1
DA:304,3
DA:305,22
DA:307,3
DA:308,3
DA:309,3
DA:312,13
DA:313,13
DA:314,5
DA:315,30
DA:317,8
DA:318,0
DA:319,0
DA:321,8
DA:322,0
DA:323,0
DA:324,0
DA:327,8
DA:328,0
DA:333,8
DA:334,1
DA:339,7
DA:340,0
DA:345,7
DA:346,44
DA:348,12
DA:349,12
DA:350,12
DA:353,7
DA:354,7
DA:355,20
DA:357,4
DA:358,0
DA:359,0
DA:361,4
DA:362,0
DA:363,0
DA:364,0
DA:367,4
DA:368,0
DA:373,4
DA:374,1
DA:379,3
DA:380,22
DA:382,6
DA:383,6
DA:384,6
DA:387,9
DA:388,0
DA:393,9
DA:394,3
DA:396,6
DA:397,0
DA:398,0
DA:403,0
DA:405,6
DA:406,6
DA:407,0
DA:412,6
DA:413,3
DA:414,1
DA:420,5
DA:421,3
DA:422,1
DA:428,4
DA:433,10
DA:434,4
DA:436,0
DA:437,0
DA:438,0
DA:440,4
DA:441,0
DA:442,0
DA:444,4
DA:445,4
DA:446,240
DA:447,240
DA:448,240
DA:449,240
DA:450,30
DA:451,18
DA:454,12
DA:457,240
DA:458,18
DA:459,18
DA:460,18
DA:461,18
DA:463,240
DA:464,100
DA:465,100
DA:466,100
DA:467,100
DA:468,100
DA:471,4
DA:479,8
DA:480,8
DA:481,8
DA:482,8
DA:490,209
DA:491,209
DA:492,137
DA:493,137
DA:494,11
DA:495,11
DA:496,28
DA:498,126
DA:499,1
DA:501,136
DA:502,1
DA:507,135
DA:508,135
DA:509,135
DA:510,135
DA:516,5
DA:527,96
DA:528,96
DA:529,92
DA:530,406
DA:534,4
DA:536,95
DA:539,92
DA:547,1
DA:550,2
DA:551,1
DA:552,1
DA:553,3
DA:555,1
DA:556,1
DA:557,1
DA:558,1
DA:559,3
DA:561,1
DA:563,1
DA:566,1
DA:573,3
DA:574,3
DA:575,3
DA:576,160
DA:578,3
DA:587,6
DA:588,4
DA:589,4
DA:591,6
DA:592,0
DA:593,0
DA:594,0
DA:596,6
DA:597,6
DA:598,63
DA:600,6
DA:606,0
DA:607,0
DA:608,0
DA:609,0
DA:612,2
DA:615,27
DA:616,27
DA:621,480
DA:622,480
DA:623,252
DA:624,252
DA:625,252
DA:628,228
DA:635,363
DA:636,363
DA:637,457
DA:638,363
DA:641,94
DA:642,94
DA:645,363
DA:652,838
DA:653,837
DA:654,684
DA:655,684
DA:656,1304
DA:658,684
DA:661,153
DA:662,153
DA:663,120
DA:665,153
DA:666,428
DA:668,153
DA:672,1
DA:682,325
DA:684,325
DA:685,287
DA:688,38
DA:689,97
DA:690,0
DA:693,97
DA:695,97
DA:697,38
DA:700,27
LF:347
LH:296
BRDA:2,0,0,27
BRDA:2,0,1,27
BRDA:2,0,2,27
BRDA:3,1,0,0
BRDA:3,1,1,2802
BRDA:4,2,0,0
BRDA:4,2,1,2802
BRDA:4,3,0,2802
BRDA:4,3,1,0
BRDA:5,4,0,0
BRDA:5,4,1,2802
BRDA:5,5,0,0
BRDA:5,5,1,2802
BRDA:5,6,0,0
BRDA:5,6,1,0
BRDA:6,7,0,0
BRDA:6,7,1,2802
BRDA:6,8,0,0
BRDA:6,8,1,2802
BRDA:8,9,0,27
BRDA:8,9,1,27
BRDA:8,9,2,27
BRDA:9,10,0,0
BRDA:9,10,1,12257
BRDA:9,11,0,12257
BRDA:9,11,1,0
BRDA:10,12,0,0
BRDA:10,12,1,12257
BRDA:10,13,0,0
BRDA:10,13,1,12257
BRDA:10,14,0,0
BRDA:10,14,1,0
BRDA:11,15,0,2006
BRDA:11,15,1,10251
BRDA:11,16,0,0
BRDA:11,16,1,10251
BRDA:11,17,0,0
BRDA:11,17,1,10251
BRDA:29,18,0,228
BRDA:29,18,1,192
BRDA:37,19,0,1
BRDA:37,19,1,227
BRDA:46,20,0,192
BRDA:46,20,1,0
BRDA:81,21,0,253
BRDA:81,21,1,858
BRDA:90,22,0,0
BRDA:90,22,1,143
BRDA:96,23,0,0
BRDA:96,23,1,143
BRDA:124,24,0,15
BRDA:124,24,1,21
BRDA:131,25,0,5
BRDA:132,26,0,0
BRDA:132,26,1,12
BRDA:132,27,0,12
BRDA:132,27,1,12
BRDA:138,28,0,5
BRDA:138,28,1,7
BRDA:146,29,0,45
BRDA:146,29,1,75
BRDA:149,30,0,10
BRDA:149,30,1,35
BRDA:152,31,0,16
BRDA:152,31,1,19
BRDA:152,32,0,35
BRDA:152,32,1,35
BRDA:153,33,0,6
BRDA:153,33,1,10
BRDA:167,34,0,4
BRDA:167,34,1,3
BRDA:176,35,0,1
BRDA:176,35,1,4
BRDA:182,36,0,3
BRDA:182,36,1,1
BRDA:186,37,0,15
BRDA:186,37,1,96
BRDA:192,38,0,18
BRDA:192,38,1,93
BRDA:198,39,0,1
BRDA:198,39,1,0
BRDA:199,40,0,0
BRDA:199,40,1,1
BRDA:210,41,0,1
BRDA:210,41,1,3
BRDA:214,42,0,0
BRDA:214,42,1,3
BRDA:218,43,0,0
BRDA:218,43,1,3
BRDA:224,44,0,0
BRDA:224,44,1,3
BRDA:231,45,0,1
BRDA:231,45,1,2
BRDA:245,46,0,5
BRDA:245,46,1,6
BRDA:249,47,0,2
BRDA:249,47,1,4
BRDA:253,48,0,0
BRDA:253,48,1,4
BRDA:259,49,0,0
BRDA:259,49,1,4
BRDA:265,50,0,1
BRDA:265,50,1,3
BRDA:279,51,0,1
BRDA:279,51,1,4
BRDA:282,52,0,0
BRDA:282,52,1,4
BRDA:286,53,0,0
BRDA:286,53,1,4
BRDA:292,54,0,0
BRDA:292,54,1,4
BRDA:298,55,0,1
BRDA:298,55,1,3
BRDA:313,56,0,5
BRDA:313,56,1,8
BRDA:317,57,0,0
BRDA:317,57,1,8
BRDA:317,58,0,8
BRDA:317,58,1,8
BRDA:321,59,0,0
BRDA:321,59,1,8
BRDA:327,60,0,0
BRDA:327,60,1,8
BRDA:333,61,0,1
BRDA:333,61,1,7
BRDA:339,62,0,0
BRDA:339,62,1,7
BRDA:354,63,0,3
BRDA:354,63,1,4
BRDA:357,64,0,0
BRDA:357,64,1,4
BRDA:361,65,0,0
BRDA:361,65,1,4
BRDA:367,66,0,0
BRDA:367,66,1,4
BRDA:373,67,0,1
BRDA:373,67,1,3
BRDA:387,68,0,0
BRDA:387,68,1,9
BRDA:393,69,0,3
BRDA:393,69,1,6
BRDA:393,70,0,9
BRDA:393,70,1,3
BRDA:396,71,0,0
BRDA:396,71,1,6
BRDA:396,72,0,6
BRDA:396,72,1,6
BRDA:397,73,0,0
BRDA:397,73,1,0
BRDA:406,74,0,0
BRDA:406,74,1,6
BRDA:412,75,0,3
BRDA:412,75,1,3
BRDA:413,76,0,1
BRDA:413,76,1,2
BRDA:420,77,0,3
BRDA:420,77,1,2
BRDA:420,78,0,5
BRDA:420,78,1,2
BRDA:421,79,0,1
BRDA:421,79,1,2
BRDA:434,80,0,0
BRDA:434,80,1,4
BRDA:434,81,0,4
BRDA:434,81,1,0
BRDA:434,81,2,4
BRDA:434,81,3,0
BRDA:440,82,0,0
BRDA:440,82,1,4
BRDA:440,83,0,4
BRDA:440,83,1,4
BRDA:449,84,0,30
BRDA:449,84,1,210
BRDA:449,85,0,240
BRDA:449,85,1,80
BRDA:450,86,0,18
BRDA:450,86,1,12
BRDA:457,87,0,18
BRDA:457,87,1,222
BRDA:463,88,0,100
BRDA:463,88,1,140
BRDA:493,89,0,11
BRDA:493,89,1,126
BRDA:496,90,0,11
BRDA:496,90,1,17
BRDA:498,91,0,1
BRDA:498,91,1,125
BRDA:501,92,0,1
BRDA:501,92,1,135
BRDA:528,93,0,92
BRDA:528,93,1,4
BRDA:550,94,0,1
BRDA:550,94,1,1
BRDA:580,95,0,1
BRDA:580,96,0,4
BRDA:580,97,0,5
BRDA:587,98,0,4
BRDA:587,98,1,2
BRDA:591,99,0,0
BRDA:591,99,1,6
BRDA:602,100,0,0
BRDA:602,101,0,0
BRDA:622,102,0,252
BRDA:622,102,1,228
BRDA:637,103,0,363
BRDA:637,103,1,94
BRDA:652,104,0,837
BRDA:652,104,1,1
BRDA:653,105,0,684
BRDA:653,105,1,153
BRDA:662,106,0,120
BRDA:662,106,1,33
BRDA:677,107,0,0
BRDA:684,108,0,287
BRDA:684,108,1,38
BRDA:689,109,0,0
BRDA:689,109,1,97
BRF:217
BRH:165
end_of_record
TN:
SF:utils\cache.js
FN:2,(anonymous_0)
FN:15,(anonymous_1)
FN:36,(anonymous_2)
FN:41,(anonymous_3)
FN:52,(anonymous_4)
FN:56,(anonymous_5)
FN:63,(anonymous_6)
FN:70,(anonymous_7)
FN:104,(anonymous_8)
FN:118,(anonymous_9)
FNF:10
FNH:10
FNDA:9,(anonymous_0)
FNDA:3,(anonymous_1)
FNDA:1,(anonymous_2)
FNDA:6,(anonymous_3)
FNDA:1,(anonymous_4)
FNDA:2,(anonymous_5)
FNDA:2,(anonymous_6)
FNDA:3,(anonymous_7)
FNDA:2,(anonymous_8)
FNDA:2,(anonymous_9)
DA:2,3
DA:3,9
DA:5,3
DA:6,3
DA:7,3
DA:8,3
DA:9,3
DA:10,3
DA:11,3
DA:12,3
DA:13,3
DA:16,3
DA:17,3
DA:19,3
DA:20,1
DA:21,1
DA:25,2
DA:27,1
DA:31,1
DA:34,3
DA:38,1
DA:39,1
DA:42,6
DA:43,0
DA:45,6
DA:46,6
DA:47,6
DA:48,3
DA:50,3
DA:54,1
DA:55,1
DA:56,1
DA:57,2
DA:58,1
DA:61,1
DA:64,2
DA:65,2
DA:66,2
DA:67,2
DA:68,2
DA:72,3
DA:73,3
DA:74,3
DA:75,3
DA:77,2
DA:79,2
DA:80,1
DA:81,1
DA:84,1
DA:85,1
DA:86,1
DA:87,1
DA:92,1
DA:93,1
DA:94,1
DA:95,1
DA:96,1
DA:100,1
DA:102,1
DA:106,2
DA:108,2
DA:109,2
DA:110,2
DA:112,2
DA:113,1
DA:114,1
DA:116,1
DA:119,2
DA:120,2
DA:121,1
DA:128,3
LF:71
LH:70
BRDA:2,0,0,3
BRDA:2,0,1,3
BRDA:2,0,2,3
BRDA:3,1,0,0
BRDA:3,1,1,9
BRDA:3,2,0,9
BRDA:3,2,1,9
BRDA:19,3,0,1
BRDA:19,3,1,2
BRDA:25,4,0,1
BRDA:25,4,1,1
BRDA:42,5,0,0
BRDA:42,5,1,6
BRDA:47,6,0,3
BRDA:47,6,1,3
BRDA:57,7,0,1
BRDA:57,7,1,1
BRDA:75,8,0,2
BRDA:75,8,1,1
BRDA:79,9,0,1
BRDA:79,9,1,1
BRDA:112,10,0,1
BRDA:112,10,1,1
BRDA:120,11,0,1
BRDA:120,11,1,1
BRF:25
BRH:23
end_of_record
TN:
SF:utils\index.js
FN:8,(anonymous_0)
FN:49,(anonymous_1)
FN:61,(anonymous_2)
FN:96,(anonymous_3)
FNF:4
FNH:4
FNDA:5,(anonymous_0)
FNDA:4,(anonymous_1)
FNDA:6,(anonymous_2)
FNDA:5,(anonymous_3)
DA:2,1
DA:3,1
DA:4,1
DA:10,5
DA:11,2
DA:12,2
DA:13,6
DA:15,2
DA:16,2
DA:17,6
DA:18,6
DA:19,6
DA:20,6
DA:22,2
DA:24,3
DA:25,2
DA:26,2
DA:27,10
DA:29,2
DA:30,2
DA:31,10
DA:32,10
DA:33,10
DA:34,10
DA:38,1
DA:39,1
DA:40,1
DA:41,5
DA:42,5
DA:43,5
DA:44,5
DA:47,5
DA:50,4
DA:51,4
DA:52,40
DA:53,3
DA:56,37
DA:59,4
DA:62,6
DA:63,2
DA:65,4
DA:66,4
DA:67,8
DA:68,4
DA:70,8
DA:71,4
DA:72,4
DA:73,8
DA:75,4
DA:77,8
DA:79,4
DA:80,1
DA:81,1
DA:83,1
DA:84,0
DA:85,0
DA:86,0
DA:87,0
DA:90,0
DA:92,1
DA:94,4
DA:97,5
DA:98,1
DA:100,4
DA:101,1
DA:103,3
DA:104,1
DA:106,3
DA:108,3
DA:109,3
DA:110,2
DA:111,2
DA:112,10
DA:113,8
DA:116,2
DA:121,1
DA:122,5
DA:123,4
DA:126,1
DA:130,3
DA:131,3
DA:132,3
DA:133,3
DA:134,3
DA:137,1
LF:85
LH:80
BRDA:10,0,0,2
BRDA:10,0,1,3
BRDA:10,1,0,5
BRDA:10,1,1,3
BRDA:24,2,0,2
BRDA:24,2,1,1
BRDA:52,3,0,3
BRDA:52,3,1,37
BRDA:62,4,0,2
BRDA:62,4,1,4
BRDA:67,5,0,4
BRDA:67,5,1,4
BRDA:70,6,0,4
BRDA:70,6,1,4
BRDA:70,7,0,8
BRDA:70,7,1,6
BRDA:79,8,0,1
BRDA:79,8,1,3
BRDA:80,9,0,1
BRDA:80,9,1,0
BRDA:83,10,0,0
BRDA:83,10,1,1
BRDA:83,11,0,1
BRDA:83,11,1,1
BRDA:86,12,0,0
BRDA:86,12,1,0
BRDA:96,13,0,1
BRDA:97,14,0,1
BRDA:97,14,1,4
BRDA:100,15,0,1
BRDA:100,15,1,3
BRDA:100,16,0,4
BRDA:100,16,1,2
BRDA:103,17,0,1
BRDA:103,17,1,2
BRDA:109,18,0,2
BRDA:109,18,1,1
BRDA:112,19,0,8
BRDA:112,19,1,2
BRDA:122,20,0,4
BRDA:122,20,1,1
BRF:41
BRH:37
end_of_record
